{"C:\\Users\\amanj\\OneDrive\\Documents\\project\\rakthayatra\\frontend\\src\\App.tsx": {"path":"C:\\Users\\amanj\\OneDrive\\Documents\\project\\rakthayatra\\frontend\\src\\App.tsx","statementMap":{"0":{"start":{"line":1,"column":0},"end":{"line":1,"column":39}},"1":{"start":{"line":2,"column":0},"end":{"line":2,"column":74}},"2":{"start":{"line":3,"column":0},"end":{"line":3,"column":46}},"3":{"start":{"line":4,"column":0},"end":{"line":4,"column":56}},"4":{"start":{"line":5,"column":0},"end":{"line":5,"column":61}},"5":{"start":{"line":6,"column":0},"end":{"line":6,"column":69}},"6":{"start":{"line":7,"column":0},"end":{"line":7,"column":45}},"7":{"start":{"line":9,"column":16},"end":{"line":9,"column":53}},"8":{"start":{"line":9,"column":26},"end":{"line":9,"column":52}},"9":{"start":{"line":10,"column":17},"end":{"line":10,"column":55}},"10":{"start":{"line":10,"column":27},"end":{"line":10,"column":54}},"11":{"start":{"line":11,"column":21},"end":{"line":11,"column":63}},"12":{"start":{"line":11,"column":31},"end":{"line":11,"column":62}},"13":{"start":{"line":12,"column":14},"end":{"line":12,"column":49}},"14":{"start":{"line":12,"column":24},"end":{"line":12,"column":48}},"15":{"start":{"line":13,"column":17},"end":{"line":13,"column":55}},"16":{"start":{"line":13,"column":27},"end":{"line":13,"column":54}},"17":{"start":{"line":14,"column":18},"end":{"line":14,"column":57}},"18":{"start":{"line":14,"column":28},"end":{"line":14,"column":56}},"19":{"start":{"line":15,"column":23},"end":{"line":15,"column":67}},"20":{"start":{"line":15,"column":33},"end":{"line":15,"column":66}},"21":{"start":{"line":16,"column":22},"end":{"line":16,"column":65}},"22":{"start":{"line":16,"column":32},"end":{"line":16,"column":64}},"23":{"start":{"line":17,"column":23},"end":{"line":17,"column":73}},"24":{"start":{"line":17,"column":33},"end":{"line":17,"column":72}},"25":{"start":{"line":18,"column":23},"end":{"line":18,"column":73}},"26":{"start":{"line":18,"column":33},"end":{"line":18,"column":72}},"27":{"start":{"line":19,"column":25},"end":{"line":19,"column":79}},"28":{"start":{"line":19,"column":35},"end":{"line":19,"column":78}},"29":{"start":{"line":20,"column":26},"end":{"line":20,"column":82}},"30":{"start":{"line":20,"column":36},"end":{"line":20,"column":81}},"31":{"start":{"line":21,"column":27},"end":{"line":21,"column":85}},"32":{"start":{"line":21,"column":37},"end":{"line":21,"column":84}},"33":{"start":{"line":22,"column":16},"end":{"line":22,"column":53}},"34":{"start":{"line":22,"column":26},"end":{"line":22,"column":52}},"35":{"start":{"line":23,"column":18},"end":{"line":23,"column":57}},"36":{"start":{"line":23,"column":28},"end":{"line":23,"column":56}},"37":{"start":{"line":24,"column":22},"end":{"line":24,"column":65}},"38":{"start":{"line":24,"column":32},"end":{"line":24,"column":64}},"39":{"start":{"line":25,"column":18},"end":{"line":25,"column":57}},"40":{"start":{"line":25,"column":28},"end":{"line":25,"column":56}},"41":{"start":{"line":26,"column":27},"end":{"line":26,"column":75}},"42":{"start":{"line":26,"column":37},"end":{"line":26,"column":74}},"43":{"start":{"line":27,"column":22},"end":{"line":27,"column":65}},"44":{"start":{"line":27,"column":32},"end":{"line":27,"column":64}},"45":{"start":{"line":28,"column":24},"end":{"line":28,"column":75}},"46":{"start":{"line":28,"column":34},"end":{"line":28,"column":74}},"47":{"start":{"line":29,"column":21},"end":{"line":29,"column":63}},"48":{"start":{"line":29,"column":31},"end":{"line":29,"column":62}},"49":{"start":{"line":30,"column":22},"end":{"line":30,"column":65}},"50":{"start":{"line":30,"column":32},"end":{"line":30,"column":64}},"51":{"start":{"line":33,"column":2},"end":{"line":161,"column":4}},"52":{"start":{"line":164,"column":0},"end":{"line":164,"column":19}}},"fnMap":{"0":{"name":"(anonymous_0)","decl":{"start":{"line":9,"column":21},"end":{"line":9,"column":24}},"loc":{"start":{"line":9,"column":26},"end":{"line":9,"column":52}}},"1":{"name":"(anonymous_1)","decl":{"start":{"line":9,"column":26},"end":{"line":9,"column":34}},"loc":{"start":{"line":9,"column":26},"end":{"line":9,"column":52}}},"2":{"name":"(anonymous_2)","decl":{"start":{"line":10,"column":22},"end":{"line":10,"column":25}},"loc":{"start":{"line":10,"column":27},"end":{"line":10,"column":54}}},"3":{"name":"(anonymous_3)","decl":{"start":{"line":10,"column":27},"end":{"line":10,"column":35}},"loc":{"start":{"line":10,"column":27},"end":{"line":10,"column":54}}},"4":{"name":"(anonymous_4)","decl":{"start":{"line":11,"column":26},"end":{"line":11,"column":29}},"loc":{"start":{"line":11,"column":31},"end":{"line":11,"column":62}}},"5":{"name":"(anonymous_5)","decl":{"start":{"line":11,"column":31},"end":{"line":11,"column":39}},"loc":{"start":{"line":11,"column":31},"end":{"line":11,"column":62}}},"6":{"name":"(anonymous_6)","decl":{"start":{"line":12,"column":19},"end":{"line":12,"column":22}},"loc":{"start":{"line":12,"column":24},"end":{"line":12,"column":48}}},"7":{"name":"(anonymous_7)","decl":{"start":{"line":12,"column":24},"end":{"line":12,"column":32}},"loc":{"start":{"line":12,"column":24},"end":{"line":12,"column":48}}},"8":{"name":"(anonymous_8)","decl":{"start":{"line":13,"column":22},"end":{"line":13,"column":25}},"loc":{"start":{"line":13,"column":27},"end":{"line":13,"column":54}}},"9":{"name":"(anonymous_9)","decl":{"start":{"line":13,"column":27},"end":{"line":13,"column":35}},"loc":{"start":{"line":13,"column":27},"end":{"line":13,"column":54}}},"10":{"name":"(anonymous_10)","decl":{"start":{"line":14,"column":23},"end":{"line":14,"column":26}},"loc":{"start":{"line":14,"column":28},"end":{"line":14,"column":56}}},"11":{"name":"(anonymous_11)","decl":{"start":{"line":14,"column":28},"end":{"line":14,"column":36}},"loc":{"start":{"line":14,"column":28},"end":{"line":14,"column":56}}},"12":{"name":"(anonymous_12)","decl":{"start":{"line":15,"column":28},"end":{"line":15,"column":31}},"loc":{"start":{"line":15,"column":33},"end":{"line":15,"column":66}}},"13":{"name":"(anonymous_13)","decl":{"start":{"line":15,"column":33},"end":{"line":15,"column":41}},"loc":{"start":{"line":15,"column":33},"end":{"line":15,"column":66}}},"14":{"name":"(anonymous_14)","decl":{"start":{"line":16,"column":27},"end":{"line":16,"column":30}},"loc":{"start":{"line":16,"column":32},"end":{"line":16,"column":64}}},"15":{"name":"(anonymous_15)","decl":{"start":{"line":16,"column":32},"end":{"line":16,"column":40}},"loc":{"start":{"line":16,"column":32},"end":{"line":16,"column":64}}},"16":{"name":"(anonymous_16)","decl":{"start":{"line":17,"column":28},"end":{"line":17,"column":31}},"loc":{"start":{"line":17,"column":33},"end":{"line":17,"column":72}}},"17":{"name":"(anonymous_17)","decl":{"start":{"line":17,"column":33},"end":{"line":17,"column":41}},"loc":{"start":{"line":17,"column":33},"end":{"line":17,"column":72}}},"18":{"name":"(anonymous_18)","decl":{"start":{"line":18,"column":28},"end":{"line":18,"column":31}},"loc":{"start":{"line":18,"column":33},"end":{"line":18,"column":72}}},"19":{"name":"(anonymous_19)","decl":{"start":{"line":18,"column":33},"end":{"line":18,"column":41}},"loc":{"start":{"line":18,"column":33},"end":{"line":18,"column":72}}},"20":{"name":"(anonymous_20)","decl":{"start":{"line":19,"column":30},"end":{"line":19,"column":33}},"loc":{"start":{"line":19,"column":35},"end":{"line":19,"column":78}}},"21":{"name":"(anonymous_21)","decl":{"start":{"line":19,"column":35},"end":{"line":19,"column":43}},"loc":{"start":{"line":19,"column":35},"end":{"line":19,"column":78}}},"22":{"name":"(anonymous_22)","decl":{"start":{"line":20,"column":31},"end":{"line":20,"column":34}},"loc":{"start":{"line":20,"column":36},"end":{"line":20,"column":81}}},"23":{"name":"(anonymous_23)","decl":{"start":{"line":20,"column":36},"end":{"line":20,"column":44}},"loc":{"start":{"line":20,"column":36},"end":{"line":20,"column":81}}},"24":{"name":"(anonymous_24)","decl":{"start":{"line":21,"column":32},"end":{"line":21,"column":35}},"loc":{"start":{"line":21,"column":37},"end":{"line":21,"column":84}}},"25":{"name":"(anonymous_25)","decl":{"start":{"line":21,"column":37},"end":{"line":21,"column":45}},"loc":{"start":{"line":21,"column":37},"end":{"line":21,"column":84}}},"26":{"name":"(anonymous_26)","decl":{"start":{"line":22,"column":21},"end":{"line":22,"column":24}},"loc":{"start":{"line":22,"column":26},"end":{"line":22,"column":52}}},"27":{"name":"(anonymous_27)","decl":{"start":{"line":22,"column":26},"end":{"line":22,"column":34}},"loc":{"start":{"line":22,"column":26},"end":{"line":22,"column":52}}},"28":{"name":"(anonymous_28)","decl":{"start":{"line":23,"column":23},"end":{"line":23,"column":26}},"loc":{"start":{"line":23,"column":28},"end":{"line":23,"column":56}}},"29":{"name":"(anonymous_29)","decl":{"start":{"line":23,"column":28},"end":{"line":23,"column":36}},"loc":{"start":{"line":23,"column":28},"end":{"line":23,"column":56}}},"30":{"name":"(anonymous_30)","decl":{"start":{"line":24,"column":27},"end":{"line":24,"column":30}},"loc":{"start":{"line":24,"column":32},"end":{"line":24,"column":64}}},"31":{"name":"(anonymous_31)","decl":{"start":{"line":24,"column":32},"end":{"line":24,"column":40}},"loc":{"start":{"line":24,"column":32},"end":{"line":24,"column":64}}},"32":{"name":"(anonymous_32)","decl":{"start":{"line":25,"column":23},"end":{"line":25,"column":26}},"loc":{"start":{"line":25,"column":28},"end":{"line":25,"column":56}}},"33":{"name":"(anonymous_33)","decl":{"start":{"line":25,"column":28},"end":{"line":25,"column":36}},"loc":{"start":{"line":25,"column":28},"end":{"line":25,"column":56}}},"34":{"name":"(anonymous_34)","decl":{"start":{"line":26,"column":32},"end":{"line":26,"column":35}},"loc":{"start":{"line":26,"column":37},"end":{"line":26,"column":74}}},"35":{"name":"(anonymous_35)","decl":{"start":{"line":26,"column":37},"end":{"line":26,"column":45}},"loc":{"start":{"line":26,"column":37},"end":{"line":26,"column":74}}},"36":{"name":"(anonymous_36)","decl":{"start":{"line":27,"column":27},"end":{"line":27,"column":30}},"loc":{"start":{"line":27,"column":32},"end":{"line":27,"column":64}}},"37":{"name":"(anonymous_37)","decl":{"start":{"line":27,"column":32},"end":{"line":27,"column":40}},"loc":{"start":{"line":27,"column":32},"end":{"line":27,"column":64}}},"38":{"name":"(anonymous_38)","decl":{"start":{"line":28,"column":29},"end":{"line":28,"column":32}},"loc":{"start":{"line":28,"column":34},"end":{"line":28,"column":74}}},"39":{"name":"(anonymous_39)","decl":{"start":{"line":28,"column":34},"end":{"line":28,"column":42}},"loc":{"start":{"line":28,"column":34},"end":{"line":28,"column":74}}},"40":{"name":"(anonymous_40)","decl":{"start":{"line":29,"column":26},"end":{"line":29,"column":29}},"loc":{"start":{"line":29,"column":31},"end":{"line":29,"column":62}}},"41":{"name":"(anonymous_41)","decl":{"start":{"line":29,"column":31},"end":{"line":29,"column":39}},"loc":{"start":{"line":29,"column":31},"end":{"line":29,"column":62}}},"42":{"name":"(anonymous_42)","decl":{"start":{"line":30,"column":27},"end":{"line":30,"column":30}},"loc":{"start":{"line":30,"column":32},"end":{"line":30,"column":64}}},"43":{"name":"(anonymous_43)","decl":{"start":{"line":30,"column":32},"end":{"line":30,"column":40}},"loc":{"start":{"line":30,"column":32},"end":{"line":30,"column":64}}},"44":{"name":"App","decl":{"start":{"line":32,"column":9},"end":{"line":32,"column":12}},"loc":{"start":{"line":32,"column":12},"end":{"line":162,"column":1}}}},"branchMap":{},"s":{"0":1,"1":1,"2":1,"3":1,"4":1,"5":1,"6":1,"7":1,"8":0,"9":1,"10":0,"11":1,"12":0,"13":1,"14":0,"15":1,"16":0,"17":1,"18":0,"19":1,"20":0,"21":1,"22":0,"23":1,"24":0,"25":1,"26":0,"27":1,"28":0,"29":1,"30":0,"31":1,"32":0,"33":1,"34":0,"35":1,"36":0,"37":1,"38":0,"39":1,"40":0,"41":1,"42":0,"43":1,"44":0,"45":1,"46":0,"47":1,"48":0,"49":1,"50":0,"51":1,"52":1},"f":{"0":0,"1":0,"2":0,"3":0,"4":0,"5":0,"6":0,"7":0,"8":0,"9":0,"10":0,"11":0,"12":0,"13":0,"14":0,"15":0,"16":0,"17":0,"18":0,"19":0,"20":0,"21":0,"22":0,"23":0,"24":0,"25":0,"26":0,"27":0,"28":0,"29":0,"30":0,"31":0,"32":0,"33":0,"34":0,"35":0,"36":0,"37":0,"38":0,"39":0,"40":0,"41":0,"42":0,"43":0,"44":1},"b":{}}
,"C:\\Users\\amanj\\OneDrive\\Documents\\project\\rakthayatra\\frontend\\src\\components\\ErrorBoundary.tsx": {"path":"C:\\Users\\amanj\\OneDrive\\Documents\\project\\rakthayatra\\frontend\\src\\components\\ErrorBoundary.tsx","statementMap":{"0":{"start":{"line":1,"column":0},"end":{"line":1,"column":56}},"1":{"start":{"line":13,"column":9},"end":{"line":16,"column":null}},"2":{"start":{"line":19,"column":4},"end":{"line":19,"column":37}},"3":{"start":{"line":23,"column":4},"end":{"line":23,"column":76}},"4":{"start":{"line":27,"column":4},"end":{"line":71,"column":5}},"5":{"start":{"line":28,"column":6},"end":{"line":70,"column":8}},"6":{"start":{"line":56,"column":31},"end":{"line":56,"column":55}},"7":{"start":{"line":62,"column":32},"end":{"line":62,"column":58}},"8":{"start":{"line":73,"column":4},"end":{"line":73,"column":31}},"9":{"start":{"line":12,"column":0},"end":{"line":12,"column":13}},"10":{"start":{"line":76,"column":0},"end":{"line":76,"column":29}}},"fnMap":{"0":{"name":"(anonymous_0)","decl":{"start":{"line":12,"column":0},"end":{"line":12,"column":13}},"loc":{"start":{"line":12,"column":0},"end":{"line":75,"column":1}}},"1":{"name":"(anonymous_1)","decl":{"start":{"line":18,"column":9},"end":{"line":18,"column":15}},"loc":{"start":{"line":18,"column":53},"end":{"line":20,"column":3}}},"2":{"name":"(anonymous_2)","decl":{"start":{"line":22,"column":9},"end":{"line":22,"column":26}},"loc":{"start":{"line":22,"column":61},"end":{"line":24,"column":3}}},"3":{"name":"(anonymous_3)","decl":{"start":{"line":26,"column":9},"end":{"line":26,"column":15}},"loc":{"start":{"line":26,"column":15},"end":{"line":74,"column":3}}},"4":{"name":"(anonymous_4)","decl":{"start":{"line":56,"column":25},"end":{"line":56,"column":28}},"loc":{"start":{"line":56,"column":31},"end":{"line":56,"column":55}}},"5":{"name":"(anonymous_5)","decl":{"start":{"line":62,"column":25},"end":{"line":62,"column":28}},"loc":{"start":{"line":62,"column":32},"end":{"line":62,"column":58}}}},"branchMap":{"0":{"loc":{"start":{"line":27,"column":4},"end":{"line":71,"column":5}},"type":"if","locations":[{"start":{"line":27,"column":4},"end":{"line":71,"column":5}}]},"1":{"loc":{"start":{"line":48,"column":13},"end":{"line":51,"column":null}},"type":"binary-expr","locations":[{"start":{"line":48,"column":13},"end":{"line":48,"column":29}},{"start":{"line":49,"column":14},"end":{"line":50,"column":null}}]}},"s":{"0":1,"1":0,"2":0,"3":0,"4":0,"5":0,"6":0,"7":0,"8":0,"9":1,"10":1},"f":{"0":0,"1":0,"2":0,"3":0,"4":0,"5":0},"b":{"0":[0],"1":[0,0]}}
,"C:\\Users\\amanj\\OneDrive\\Documents\\project\\rakthayatra\\frontend\\src\\components\\Loader.tsx": {"path":"C:\\Users\\amanj\\OneDrive\\Documents\\project\\rakthayatra\\frontend\\src\\components\\Loader.tsx","statementMap":{"0":{"start":{"line":1,"column":0},"end":{"line":1,"column":26}},"1":{"start":{"line":9,"column":45},"end":{"line":31,"column":1}},"2":{"start":{"line":14,"column":22},"end":{"line":18,"column":4}},"3":{"start":{"line":20,"column":2},"end":{"line":30,"column":4}},"4":{"start":{"line":9,"column":13},"end":{"line":9,"column":45}},"5":{"start":{"line":33,"column":38},"end":{"line":41,"column":null}},"6":{"start":{"line":34,"column":2},"end":{"line":40,"column":null}},"7":{"start":{"line":33,"column":13},"end":{"line":33,"column":38}},"8":{"start":{"line":44,"column":39},"end":{"line":59,"column":null}},"9":{"start":{"line":45,"column":2},"end":{"line":58,"column":null}},"10":{"start":{"line":52,"column":8},"end":{"line":52,"column":21}},"11":{"start":{"line":44,"column":13},"end":{"line":44,"column":39}}},"fnMap":{"0":{"name":"(anonymous_0)","decl":{"start":{"line":9,"column":45},"end":{"line":9,"column":46}},"loc":{"start":{"line":13,"column":5},"end":{"line":31,"column":1}}},"1":{"name":"(anonymous_1)","decl":{"start":{"line":33,"column":38},"end":{"line":33,"column":41}},"loc":{"start":{"line":34,"column":2},"end":{"line":40,"column":null}}},"2":{"name":"(anonymous_2)","decl":{"start":{"line":44,"column":39},"end":{"line":44,"column":42}},"loc":{"start":{"line":45,"column":2},"end":{"line":58,"column":null}}},"3":{"name":"(anonymous_3)","decl":{"start":{"line":51,"column":27},"end":{"line":51,"column":28}},"loc":{"start":{"line":52,"column":8},"end":{"line":52,"column":21}}}},"branchMap":{"0":{"loc":{"start":{"line":10,"column":2},"end":{"line":10,"column":13}},"type":"default-arg","locations":[{"start":{"line":10,"column":9},"end":{"line":10,"column":13}}]},"1":{"loc":{"start":{"line":11,"column":2},"end":{"line":11,"column":25}},"type":"default-arg","locations":[{"start":{"line":11,"column":10},"end":{"line":11,"column":25}}]},"2":{"loc":{"start":{"line":12,"column":2},"end":{"line":12,"column":16}},"type":"default-arg","locations":[{"start":{"line":12,"column":14},"end":{"line":12,"column":16}}]}},"s":{"0":2,"1":2,"2":0,"3":0,"4":2,"5":2,"6":0,"7":2,"8":2,"9":0,"10":0,"11":2},"f":{"0":0,"1":0,"2":0,"3":0},"b":{"0":[0],"1":[0],"2":[0]}}
,"C:\\Users\\amanj\\OneDrive\\Documents\\project\\rakthayatra\\frontend\\src\\components\\ProtectedRoute.tsx": {"path":"C:\\Users\\amanj\\OneDrive\\Documents\\project\\rakthayatra\\frontend\\src\\components\\ProtectedRoute.tsx","statementMap":{"0":{"start":{"line":1,"column":0},"end":{"line":1,"column":26}},"1":{"start":{"line":2,"column":0},"end":{"line":2,"column":52}},"2":{"start":{"line":3,"column":0},"end":{"line":3,"column":43}},"3":{"start":{"line":4,"column":0},"end":{"line":4,"column":34}},"4":{"start":{"line":10,"column":61},"end":{"line":26,"column":1}},"5":{"start":{"line":11,"column":41},"end":{"line":11,"column":50}},"6":{"start":{"line":13,"column":2},"end":{"line":19,"column":3}},"7":{"start":{"line":14,"column":4},"end":{"line":18,"column":6}},"8":{"start":{"line":21,"column":2},"end":{"line":23,"column":3}},"9":{"start":{"line":22,"column":4},"end":{"line":22,"column":44}},"10":{"start":{"line":25,"column":2},"end":{"line":25,"column":49}},"11":{"start":{"line":10,"column":13},"end":{"line":10,"column":61}}},"fnMap":{"0":{"name":"(anonymous_0)","decl":{"start":{"line":10,"column":61},"end":{"line":10,"column":62}},"loc":{"start":{"line":10,"column":78},"end":{"line":26,"column":1}}}},"branchMap":{"0":{"loc":{"start":{"line":13,"column":2},"end":{"line":19,"column":3}},"type":"if","locations":[{"start":{"line":13,"column":2},"end":{"line":19,"column":3}}]},"1":{"loc":{"start":{"line":21,"column":2},"end":{"line":23,"column":3}},"type":"if","locations":[{"start":{"line":21,"column":2},"end":{"line":23,"column":3}}]},"2":{"loc":{"start":{"line":25,"column":9},"end":{"line":25,"column":48}},"type":"cond-expr","locations":[{"start":{"line":25,"column":20},"end":{"line":25,"column":35}},{"start":{"line":25,"column":38},"end":{"line":25,"column":48}}]}},"s":{"0":1,"1":1,"2":1,"3":1,"4":1,"5":0,"6":0,"7":0,"8":0,"9":0,"10":0,"11":1},"f":{"0":0},"b":{"0":[0],"1":[0],"2":[0,0]}}
,"C:\\Users\\amanj\\OneDrive\\Documents\\project\\rakthayatra\\frontend\\src\\components\\RoleProtectedRoute.tsx": {"path":"C:\\Users\\amanj\\OneDrive\\Documents\\project\\rakthayatra\\frontend\\src\\components\\RoleProtectedRoute.tsx","statementMap":{"0":{"start":{"line":1,"column":0},"end":{"line":1,"column":26}},"1":{"start":{"line":2,"column":0},"end":{"line":2,"column":52}},"2":{"start":{"line":3,"column":0},"end":{"line":3,"column":43}},"3":{"start":{"line":5,"column":0},"end":{"line":5,"column":34}},"4":{"start":{"line":12,"column":69},"end":{"line":31,"column":1}},"5":{"start":{"line":16,"column":47},"end":{"line":16,"column":56}},"6":{"start":{"line":18,"column":2},"end":{"line":24,"column":3}},"7":{"start":{"line":19,"column":4},"end":{"line":23,"column":6}},"8":{"start":{"line":26,"column":2},"end":{"line":28,"column":3}},"9":{"start":{"line":27,"column":4},"end":{"line":27,"column":52}},"10":{"start":{"line":30,"column":2},"end":{"line":30,"column":49}},"11":{"start":{"line":12,"column":13},"end":{"line":12,"column":69}}},"fnMap":{"0":{"name":"(anonymous_0)","decl":{"start":{"line":12,"column":69},"end":{"line":12,"column":70}},"loc":{"start":{"line":15,"column":5},"end":{"line":31,"column":1}}}},"branchMap":{"0":{"loc":{"start":{"line":18,"column":2},"end":{"line":24,"column":3}},"type":"if","locations":[{"start":{"line":18,"column":2},"end":{"line":24,"column":3}}]},"1":{"loc":{"start":{"line":26,"column":2},"end":{"line":28,"column":3}},"type":"if","locations":[{"start":{"line":26,"column":2},"end":{"line":28,"column":3}}]},"2":{"loc":{"start":{"line":26,"column":6},"end":{"line":26,"column":68}},"type":"binary-expr","locations":[{"start":{"line":26,"column":6},"end":{"line":26,"column":22}},{"start":{"line":26,"column":26},"end":{"line":26,"column":31}},{"start":{"line":26,"column":35},"end":{"line":26,"column":68}}]},"3":{"loc":{"start":{"line":30,"column":9},"end":{"line":30,"column":48}},"type":"cond-expr","locations":[{"start":{"line":30,"column":20},"end":{"line":30,"column":35}},{"start":{"line":30,"column":38},"end":{"line":30,"column":48}}]}},"s":{"0":1,"1":1,"2":1,"3":1,"4":1,"5":0,"6":0,"7":0,"8":0,"9":0,"10":0,"11":1},"f":{"0":0},"b":{"0":[0],"1":[0],"2":[0,0,0],"3":[0,0]}}
,"C:\\Users\\amanj\\OneDrive\\Documents\\project\\rakthayatra\\frontend\\src\\components\\ui\\Alert.tsx": {"path":"C:\\Users\\amanj\\OneDrive\\Documents\\project\\rakthayatra\\frontend\\src\\components\\ui\\Alert.tsx","statementMap":{"0":{"start":{"line":1,"column":0},"end":{"line":1,"column":26}},"1":{"start":{"line":2,"column":0},"end":{"line":2,"column":77}},"2":{"start":{"line":9,"column":43},"end":{"line":36,"column":1}},"3":{"start":{"line":10,"column":16},"end":{"line":15,"column":4}},"4":{"start":{"line":17,"column":19},"end":{"line":22,"column":4}},"5":{"start":{"line":24,"column":2},"end":{"line":35,"column":4}},"6":{"start":{"line":9,"column":13},"end":{"line":9,"column":43}},"7":{"start":{"line":37,"column":0},"end":{"line":37,"column":21}}},"fnMap":{"0":{"name":"(anonymous_0)","decl":{"start":{"line":9,"column":43},"end":{"line":9,"column":44}},"loc":{"start":{"line":9,"column":111},"end":{"line":36,"column":1}}}},"branchMap":{"0":{"loc":{"start":{"line":9,"column":56},"end":{"line":9,"column":72}},"type":"default-arg","locations":[{"start":{"line":9,"column":66},"end":{"line":9,"column":72}}]},"1":{"loc":{"start":{"line":9,"column":81},"end":{"line":9,"column":95}},"type":"default-arg","locations":[{"start":{"line":9,"column":93},"end":{"line":9,"column":95}}]},"2":{"loc":{"start":{"line":31,"column":9},"end":{"line":31,"column":70}},"type":"binary-expr","locations":[{"start":{"line":31,"column":9},"end":{"line":31,"column":14}},{"start":{"line":31,"column":18},"end":{"line":31,"column":70}}]}},"s":{"0":1,"1":1,"2":1,"3":0,"4":0,"5":0,"6":1,"7":1},"f":{"0":0},"b":{"0":[0],"1":[0],"2":[0,0]}}
,"C:\\Users\\amanj\\OneDrive\\Documents\\project\\rakthayatra\\frontend\\src\\components\\ui\\Badge.tsx": {"path":"C:\\Users\\amanj\\OneDrive\\Documents\\project\\rakthayatra\\frontend\\src\\components\\ui\\Badge.tsx","statementMap":{"0":{"start":{"line":1,"column":0},"end":{"line":1,"column":26}},"1":{"start":{"line":7,"column":43},"end":{"line":23,"column":1}},"2":{"start":{"line":8,"column":21},"end":{"line":8,"column":129}},"3":{"start":{"line":10,"column":19},"end":{"line":16,"column":4}},"4":{"start":{"line":18,"column":2},"end":{"line":22,"column":4}},"5":{"start":{"line":7,"column":13},"end":{"line":7,"column":43}},"6":{"start":{"line":24,"column":0},"end":{"line":24,"column":21}}},"fnMap":{"0":{"name":"(anonymous_0)","decl":{"start":{"line":7,"column":43},"end":{"line":7,"column":44}},"loc":{"start":{"line":7,"column":107},"end":{"line":23,"column":1}}}},"branchMap":{"0":{"loc":{"start":{"line":7,"column":56},"end":{"line":7,"column":75}},"type":"default-arg","locations":[{"start":{"line":7,"column":66},"end":{"line":7,"column":75}}]},"1":{"loc":{"start":{"line":7,"column":77},"end":{"line":7,"column":91}},"type":"default-arg","locations":[{"start":{"line":7,"column":89},"end":{"line":7,"column":91}}]}},"s":{"0":1,"1":1,"2":0,"3":0,"4":0,"5":1,"6":1},"f":{"0":0},"b":{"0":[0],"1":[0]}}
,"C:\\Users\\amanj\\OneDrive\\Documents\\project\\rakthayatra\\frontend\\src\\components\\ui\\Button.tsx": {"path":"C:\\Users\\amanj\\OneDrive\\Documents\\project\\rakthayatra\\frontend\\src\\components\\ui\\Button.tsx","statementMap":{"0":{"start":{"line":1,"column":0},"end":{"line":1,"column":26}},"1":{"start":{"line":2,"column":0},"end":{"line":2,"column":35}},"2":{"start":{"line":12,"column":45},"end":{"line":53,"column":1}},"3":{"start":{"line":23,"column":21},"end":{"line":23,"column":194}},"4":{"start":{"line":25,"column":19},"end":{"line":31,"column":4}},"5":{"start":{"line":33,"column":16},"end":{"line":37,"column":4}},"6":{"start":{"line":39,"column":2},"end":{"line":52,"column":4}},"7":{"start":{"line":12,"column":13},"end":{"line":12,"column":45}},"8":{"start":{"line":54,"column":0},"end":{"line":54,"column":22}}},"fnMap":{"0":{"name":"(anonymous_0)","decl":{"start":{"line":12,"column":45},"end":{"line":12,"column":46}},"loc":{"start":{"line":22,"column":5},"end":{"line":53,"column":1}}}},"branchMap":{"0":{"loc":{"start":{"line":14,"column":2},"end":{"line":14,"column":21}},"type":"default-arg","locations":[{"start":{"line":14,"column":12},"end":{"line":14,"column":21}}]},"1":{"loc":{"start":{"line":15,"column":2},"end":{"line":15,"column":13}},"type":"default-arg","locations":[{"start":{"line":15,"column":9},"end":{"line":15,"column":13}}]},"2":{"loc":{"start":{"line":16,"column":2},"end":{"line":16,"column":19}},"type":"default-arg","locations":[{"start":{"line":16,"column":14},"end":{"line":16,"column":19}}]},"3":{"loc":{"start":{"line":19,"column":2},"end":{"line":19,"column":16}},"type":"default-arg","locations":[{"start":{"line":19,"column":14},"end":{"line":19,"column":16}}]},"4":{"loc":{"start":{"line":41,"column":16},"end":{"line":41,"column":37}},"type":"binary-expr","locations":[{"start":{"line":41,"column":16},"end":{"line":41,"column":24}},{"start":{"line":41,"column":28},"end":{"line":41,"column":37}}]},"5":{"loc":{"start":{"line":45,"column":7},"end":{"line":46,"column":null}},"type":"binary-expr","locations":[{"start":{"line":45,"column":7},"end":{"line":45,"column":16}},{"start":{"line":46,"column":8},"end":{"line":46,"column":66}}]},"6":{"loc":{"start":{"line":48,"column":7},"end":{"line":48,"column":85}},"type":"binary-expr","locations":[{"start":{"line":48,"column":7},"end":{"line":48,"column":17}},{"start":{"line":48,"column":21},"end":{"line":48,"column":29}},{"start":{"line":48,"column":33},"end":{"line":48,"column":85}}]},"7":{"loc":{"start":{"line":50,"column":7},"end":{"line":50,"column":87}},"type":"binary-expr","locations":[{"start":{"line":50,"column":7},"end":{"line":50,"column":17}},{"start":{"line":50,"column":21},"end":{"line":50,"column":30}},{"start":{"line":50,"column":34},"end":{"line":50,"column":87}}]}},"s":{"0":1,"1":1,"2":1,"3":0,"4":0,"5":0,"6":0,"7":1,"8":1},"f":{"0":0},"b":{"0":[0],"1":[0],"2":[0],"3":[0],"4":[0,0],"5":[0,0],"6":[0,0,0],"7":[0,0,0]}}
,"C:\\Users\\amanj\\OneDrive\\Documents\\project\\rakthayatra\\frontend\\src\\components\\ui\\Card.tsx": {"path":"C:\\Users\\amanj\\OneDrive\\Documents\\project\\rakthayatra\\frontend\\src\\components\\ui\\Card.tsx","statementMap":{"0":{"start":{"line":1,"column":0},"end":{"line":1,"column":26}},"1":{"start":{"line":3,"column":68},"end":{"line":12,"column":1}},"2":{"start":{"line":4,"column":2},"end":{"line":11,"column":4}},"3":{"start":{"line":3,"column":13},"end":{"line":3,"column":68}},"4":{"start":{"line":14,"column":74},"end":{"line":20,"column":1}},"5":{"start":{"line":15,"column":2},"end":{"line":19,"column":4}},"6":{"start":{"line":14,"column":13},"end":{"line":14,"column":74}},"7":{"start":{"line":22,"column":77},"end":{"line":28,"column":1}},"8":{"start":{"line":23,"column":2},"end":{"line":27,"column":4}},"9":{"start":{"line":22,"column":13},"end":{"line":22,"column":77}},"10":{"start":{"line":30,"column":85},"end":{"line":36,"column":1}},"11":{"start":{"line":31,"column":2},"end":{"line":35,"column":4}},"12":{"start":{"line":30,"column":13},"end":{"line":30,"column":85}},"13":{"start":{"line":38,"column":75},"end":{"line":44,"column":1}},"14":{"start":{"line":39,"column":2},"end":{"line":43,"column":4}},"15":{"start":{"line":38,"column":13},"end":{"line":38,"column":75}},"16":{"start":{"line":46,"column":74},"end":{"line":52,"column":1}},"17":{"start":{"line":47,"column":2},"end":{"line":51,"column":4}},"18":{"start":{"line":46,"column":13},"end":{"line":46,"column":74}}},"fnMap":{"0":{"name":"(anonymous_0)","decl":{"start":{"line":3,"column":68},"end":{"line":3,"column":69}},"loc":{"start":{"line":3,"column":111},"end":{"line":12,"column":1}}},"1":{"name":"(anonymous_1)","decl":{"start":{"line":14,"column":74},"end":{"line":14,"column":75}},"loc":{"start":{"line":14,"column":117},"end":{"line":20,"column":1}}},"2":{"name":"(anonymous_2)","decl":{"start":{"line":22,"column":77},"end":{"line":22,"column":78}},"loc":{"start":{"line":22,"column":120},"end":{"line":28,"column":1}}},"3":{"name":"(anonymous_3)","decl":{"start":{"line":30,"column":85},"end":{"line":30,"column":86}},"loc":{"start":{"line":30,"column":128},"end":{"line":36,"column":1}}},"4":{"name":"(anonymous_4)","decl":{"start":{"line":38,"column":75},"end":{"line":38,"column":76}},"loc":{"start":{"line":38,"column":118},"end":{"line":44,"column":1}}},"5":{"name":"(anonymous_5)","decl":{"start":{"line":46,"column":74},"end":{"line":46,"column":75}},"loc":{"start":{"line":46,"column":117},"end":{"line":52,"column":1}}}},"branchMap":{"0":{"loc":{"start":{"line":3,"column":81},"end":{"line":3,"column":95}},"type":"default-arg","locations":[{"start":{"line":3,"column":93},"end":{"line":3,"column":95}}]},"1":{"loc":{"start":{"line":14,"column":87},"end":{"line":14,"column":101}},"type":"default-arg","locations":[{"start":{"line":14,"column":99},"end":{"line":14,"column":101}}]},"2":{"loc":{"start":{"line":22,"column":90},"end":{"line":22,"column":104}},"type":"default-arg","locations":[{"start":{"line":22,"column":102},"end":{"line":22,"column":104}}]},"3":{"loc":{"start":{"line":30,"column":98},"end":{"line":30,"column":112}},"type":"default-arg","locations":[{"start":{"line":30,"column":110},"end":{"line":30,"column":112}}]},"4":{"loc":{"start":{"line":38,"column":88},"end":{"line":38,"column":102}},"type":"default-arg","locations":[{"start":{"line":38,"column":100},"end":{"line":38,"column":102}}]},"5":{"loc":{"start":{"line":46,"column":87},"end":{"line":46,"column":101}},"type":"default-arg","locations":[{"start":{"line":46,"column":99},"end":{"line":46,"column":101}}]}},"s":{"0":1,"1":1,"2":0,"3":1,"4":1,"5":0,"6":1,"7":1,"8":0,"9":1,"10":1,"11":0,"12":1,"13":1,"14":0,"15":1,"16":1,"17":0,"18":1},"f":{"0":0,"1":0,"2":0,"3":0,"4":0,"5":0},"b":{"0":[0],"1":[0],"2":[0],"3":[0],"4":[0],"5":[0]}}
,"C:\\Users\\amanj\\OneDrive\\Documents\\project\\rakthayatra\\frontend\\src\\components\\ui\\Input.tsx": {"path":"C:\\Users\\amanj\\OneDrive\\Documents\\project\\rakthayatra\\frontend\\src\\components\\ui\\Input.tsx","statementMap":{"0":{"start":{"line":1,"column":0},"end":{"line":1,"column":42}},"1":{"start":{"line":11,"column":13},"end":{"line":54,"column":2}},"2":{"start":{"line":13,"column":4},"end":{"line":52,"column":6}},"3":{"start":{"line":56,"column":0},"end":{"line":56,"column":28}},"4":{"start":{"line":57,"column":0},"end":{"line":57,"column":21}}},"fnMap":{"0":{"name":"(anonymous_0)","decl":{"start":{"line":12,"column":2},"end":{"line":12,"column":3}},"loc":{"start":{"line":12,"column":87},"end":{"line":53,"column":3}}}},"branchMap":{"0":{"loc":{"start":{"line":12,"column":52},"end":{"line":12,"column":66}},"type":"default-arg","locations":[{"start":{"line":12,"column":64},"end":{"line":12,"column":66}}]},"1":{"loc":{"start":{"line":15,"column":9},"end":{"line":18,"column":null}},"type":"binary-expr","locations":[{"start":{"line":15,"column":9},"end":{"line":15,"column":14}},{"start":{"line":16,"column":10},"end":{"line":17,"column":null}}]},"2":{"loc":{"start":{"line":21,"column":11},"end":{"line":24,"column":null}},"type":"binary-expr","locations":[{"start":{"line":21,"column":11},"end":{"line":21,"column":19}},{"start":{"line":22,"column":12},"end":{"line":23,"column":null}}]},"3":{"loc":{"start":{"line":29,"column":30},"end":{"line":29,"column":71}},"type":"cond-expr","locations":[{"start":{"line":29,"column":38},"end":{"line":29,"column":59}},{"start":{"line":29,"column":62},"end":{"line":29,"column":71}}]},"4":{"loc":{"start":{"line":31,"column":16},"end":{"line":31,"column":43}},"type":"cond-expr","locations":[{"start":{"line":31,"column":27},"end":{"line":31,"column":34}},{"start":{"line":31,"column":37},"end":{"line":31,"column":43}}]},"5":{"loc":{"start":{"line":32,"column":16},"end":{"line":32,"column":44}},"type":"cond-expr","locations":[{"start":{"line":32,"column":28},"end":{"line":32,"column":35}},{"start":{"line":32,"column":38},"end":{"line":32,"column":44}}]},"6":{"loc":{"start":{"line":33,"column":16},"end":{"line":33,"column":162}},"type":"cond-expr","locations":[{"start":{"line":33,"column":24},"end":{"line":33,"column":65}},{"start":{"line":33,"column":68},"end":{"line":33,"column":162}}]},"7":{"loc":{"start":{"line":39,"column":11},"end":{"line":42,"column":null}},"type":"binary-expr","locations":[{"start":{"line":39,"column":11},"end":{"line":39,"column":20}},{"start":{"line":40,"column":12},"end":{"line":41,"column":null}}]},"8":{"loc":{"start":{"line":45,"column":9},"end":{"line":46,"column":null}},"type":"binary-expr","locations":[{"start":{"line":45,"column":9},"end":{"line":45,"column":14}},{"start":{"line":46,"column":10},"end":{"line":46,"column":98}}]},"9":{"loc":{"start":{"line":48,"column":9},"end":{"line":49,"column":null}},"type":"binary-expr","locations":[{"start":{"line":48,"column":9},"end":{"line":48,"column":15}},{"start":{"line":48,"column":19},"end":{"line":48,"column":29}},{"start":{"line":49,"column":10},"end":{"line":49,"column":84}}]}},"s":{"0":1,"1":1,"2":0,"3":1,"4":1},"f":{"0":0},"b":{"0":[0],"1":[0,0],"2":[0,0],"3":[0,0],"4":[0,0],"5":[0,0],"6":[0,0],"7":[0,0],"8":[0,0],"9":[0,0,0]}}
,"C:\\Users\\amanj\\OneDrive\\Documents\\project\\rakthayatra\\frontend\\src\\components\\ui\\Table.tsx": {"path":"C:\\Users\\amanj\\OneDrive\\Documents\\project\\rakthayatra\\frontend\\src\\components\\ui\\Table.tsx","statementMap":{"0":{"start":{"line":1,"column":0},"end":{"line":1,"column":26}},"1":{"start":{"line":3,"column":71},"end":{"line":11,"column":1}},"2":{"start":{"line":4,"column":2},"end":{"line":10,"column":4}},"3":{"start":{"line":3,"column":13},"end":{"line":3,"column":71}},"4":{"start":{"line":13,"column":82},"end":{"line":19,"column":1}},"5":{"start":{"line":14,"column":2},"end":{"line":18,"column":4}},"6":{"start":{"line":13,"column":13},"end":{"line":13,"column":82}},"7":{"start":{"line":21,"column":82},"end":{"line":27,"column":1}},"8":{"start":{"line":22,"column":2},"end":{"line":26,"column":4}},"9":{"start":{"line":21,"column":13},"end":{"line":21,"column":82}},"10":{"start":{"line":29,"column":77},"end":{"line":35,"column":1}},"11":{"start":{"line":30,"column":2},"end":{"line":34,"column":4}},"12":{"start":{"line":29,"column":13},"end":{"line":29,"column":77}},"13":{"start":{"line":37,"column":81},"end":{"line":43,"column":1}},"14":{"start":{"line":38,"column":2},"end":{"line":42,"column":4}},"15":{"start":{"line":37,"column":13},"end":{"line":37,"column":81}},"16":{"start":{"line":45,"column":87},"end":{"line":51,"column":1}},"17":{"start":{"line":46,"column":2},"end":{"line":50,"column":4}},"18":{"start":{"line":45,"column":13},"end":{"line":45,"column":87}}},"fnMap":{"0":{"name":"(anonymous_0)","decl":{"start":{"line":3,"column":71},"end":{"line":3,"column":72}},"loc":{"start":{"line":3,"column":114},"end":{"line":11,"column":1}}},"1":{"name":"(anonymous_1)","decl":{"start":{"line":13,"column":82},"end":{"line":13,"column":83}},"loc":{"start":{"line":13,"column":125},"end":{"line":19,"column":1}}},"2":{"name":"(anonymous_2)","decl":{"start":{"line":21,"column":82},"end":{"line":21,"column":83}},"loc":{"start":{"line":21,"column":125},"end":{"line":27,"column":1}}},"3":{"name":"(anonymous_3)","decl":{"start":{"line":29,"column":77},"end":{"line":29,"column":78}},"loc":{"start":{"line":29,"column":120},"end":{"line":35,"column":1}}},"4":{"name":"(anonymous_4)","decl":{"start":{"line":37,"column":81},"end":{"line":37,"column":82}},"loc":{"start":{"line":37,"column":124},"end":{"line":43,"column":1}}},"5":{"name":"(anonymous_5)","decl":{"start":{"line":45,"column":87},"end":{"line":45,"column":88}},"loc":{"start":{"line":45,"column":130},"end":{"line":51,"column":1}}}},"branchMap":{"0":{"loc":{"start":{"line":3,"column":84},"end":{"line":3,"column":98}},"type":"default-arg","locations":[{"start":{"line":3,"column":96},"end":{"line":3,"column":98}}]},"1":{"loc":{"start":{"line":13,"column":95},"end":{"line":13,"column":109}},"type":"default-arg","locations":[{"start":{"line":13,"column":107},"end":{"line":13,"column":109}}]},"2":{"loc":{"start":{"line":21,"column":95},"end":{"line":21,"column":109}},"type":"default-arg","locations":[{"start":{"line":21,"column":107},"end":{"line":21,"column":109}}]},"3":{"loc":{"start":{"line":29,"column":90},"end":{"line":29,"column":104}},"type":"default-arg","locations":[{"start":{"line":29,"column":102},"end":{"line":29,"column":104}}]},"4":{"loc":{"start":{"line":37,"column":94},"end":{"line":37,"column":108}},"type":"default-arg","locations":[{"start":{"line":37,"column":106},"end":{"line":37,"column":108}}]},"5":{"loc":{"start":{"line":45,"column":100},"end":{"line":45,"column":114}},"type":"default-arg","locations":[{"start":{"line":45,"column":112},"end":{"line":45,"column":114}}]}},"s":{"0":1,"1":1,"2":0,"3":1,"4":1,"5":0,"6":1,"7":1,"8":0,"9":1,"10":1,"11":0,"12":1,"13":1,"14":0,"15":1,"16":1,"17":0,"18":1},"f":{"0":0,"1":0,"2":0,"3":0,"4":0,"5":0},"b":{"0":[0],"1":[0],"2":[0],"3":[0],"4":[0],"5":[0]}}
,"C:\\Users\\amanj\\OneDrive\\Documents\\project\\rakthayatra\\frontend\\src\\constants\\index.ts": {"path":"C:\\Users\\amanj\\OneDrive\\Documents\\project\\rakthayatra\\frontend\\src\\constants\\index.ts","statementMap":{"0":{"start":{"line":3,"column":13},"end":{"line":3,"column":50}},"1":{"start":{"line":4,"column":13},"end":{"line":4,"column":52}},"2":{"start":{"line":5,"column":13},"end":{"line":5,"column":34}},"3":{"start":{"line":7,"column":22},"end":{"line":7,"column":49}},"4":{"start":{"line":8,"column":0},"end":{"line":18,"column":1}},"5":{"start":{"line":9,"column":20},"end":{"line":9,"column":58}},"6":{"start":{"line":10,"column":14},"end":{"line":10,"column":25}},"7":{"start":{"line":11,"column":2},"end":{"line":13,"column":3}},"8":{"start":{"line":12,"column":4},"end":{"line":12,"column":39}},"9":{"start":{"line":15,"column":2},"end":{"line":17,"column":3}},"10":{"start":{"line":16,"column":4},"end":{"line":16,"column":47}},"11":{"start":{"line":20,"column":13},"end":{"line":20,"column":44}},"12":{"start":{"line":22,"column":13},"end":{"line":28,"column":2}}},"fnMap":{},"branchMap":{"0":{"loc":{"start":{"line":11,"column":2},"end":{"line":13,"column":3}},"type":"if","locations":[{"start":{"line":11,"column":2},"end":{"line":13,"column":3}}]},"1":{"loc":{"start":{"line":11,"column":6},"end":{"line":11,"column":29}},"type":"binary-expr","locations":[{"start":{"line":11,"column":6},"end":{"line":11,"column":9}},{"start":{"line":11,"column":13},"end":{"line":11,"column":29}}]},"2":{"loc":{"start":{"line":15,"column":2},"end":{"line":17,"column":3}},"type":"if","locations":[{"start":{"line":15,"column":2},"end":{"line":17,"column":3}}]},"3":{"loc":{"start":{"line":15,"column":6},"end":{"line":15,"column":79}},"type":"binary-expr","locations":[{"start":{"line":15,"column":6},"end":{"line":15,"column":36}},{"start":{"line":15,"column":40},"end":{"line":15,"column":51}},{"start":{"line":15,"column":55},"end":{"line":15,"column":79}}]}},"s":{"0":4,"1":4,"2":4,"3":4,"4":4,"5":4,"6":0,"7":0,"8":0,"9":4,"10":0,"11":4,"12":4},"f":{},"b":{"0":[0],"1":[0,0],"2":[0],"3":[4,4,4]}}
,"C:\\Users\\amanj\\OneDrive\\Documents\\project\\rakthayatra\\frontend\\src\\contexts\\AuthContext.tsx": {"path":"C:\\Users\\amanj\\OneDrive\\Documents\\project\\rakthayatra\\frontend\\src\\contexts\\AuthContext.tsx","statementMap":{"0":{"start":{"line":1,"column":0},"end":{"line":1,"column":77}},"1":{"start":{"line":3,"column":0},"end":{"line":3,"column":44}},"2":{"start":{"line":4,"column":0},"end":{"line":4,"column":58}},"3":{"start":{"line":18,"column":13},"end":{"line":18,"column":81}},"4":{"start":{"line":20,"column":63},"end":{"line":161,"column":1}},"5":{"start":{"line":21,"column":26},"end":{"line":21,"column":53}},"6":{"start":{"line":22,"column":28},"end":{"line":22,"column":57}},"7":{"start":{"line":23,"column":36},"end":{"line":23,"column":59}},"8":{"start":{"line":25,"column":22},"end":{"line":37,"column":3}},"9":{"start":{"line":26,"column":4},"end":{"line":36,"column":5}},"10":{"start":{"line":27,"column":23},"end":{"line":27,"column":54}},"11":{"start":{"line":28,"column":6},"end":{"line":32,"column":7}},"12":{"start":{"line":29,"column":25},"end":{"line":29,"column":48}},"13":{"start":{"line":30,"column":8},"end":{"line":30,"column":26}},"14":{"start":{"line":31,"column":8},"end":{"line":31,"column":65}},"15":{"start":{"line":35,"column":6},"end":{"line":35,"column":26}},"16":{"start":{"line":39,"column":28},"end":{"line":44,"column":3}},"17":{"start":{"line":40,"column":4},"end":{"line":40,"column":18}},"18":{"start":{"line":41,"column":4},"end":{"line":41,"column":19}},"19":{"start":{"line":42,"column":4},"end":{"line":42,"column":46}},"20":{"start":{"line":43,"column":4},"end":{"line":43,"column":38}},"21":{"start":{"line":47,"column":2},"end":{"line":76,"column":9}},"22":{"start":{"line":48,"column":27},"end":{"line":63,"column":5}},"23":{"start":{"line":49,"column":26},"end":{"line":49,"column":64}},"24":{"start":{"line":50,"column":25},"end":{"line":50,"column":55}},"25":{"start":{"line":52,"column":6},"end":{"line":62,"column":7}},"26":{"start":{"line":53,"column":8},"end":{"line":53,"column":30}},"27":{"start":{"line":54,"column":8},"end":{"line":54,"column":40}},"28":{"start":{"line":57,"column":8},"end":{"line":59,"column":11}},"29":{"start":{"line":58,"column":10},"end":{"line":58,"column":30}},"30":{"start":{"line":61,"column":8},"end":{"line":61,"column":28}},"31":{"start":{"line":65,"column":4},"end":{"line":65,"column":21}},"32":{"start":{"line":68,"column":30},"end":{"line":70,"column":5}},"33":{"start":{"line":69,"column":6},"end":{"line":69,"column":26}},"34":{"start":{"line":72,"column":4},"end":{"line":72,"column":62}},"35":{"start":{"line":73,"column":4},"end":{"line":75,"column":6}},"36":{"start":{"line":74,"column":6},"end":{"line":74,"column":67}},"37":{"start":{"line":78,"column":16},"end":{"line":98,"column":3}},"38":{"start":{"line":79,"column":4},"end":{"line":79,"column":23}},"39":{"start":{"line":80,"column":4},"end":{"line":97,"column":5}},"40":{"start":{"line":81,"column":23},"end":{"line":81,"column":79}},"41":{"start":{"line":82,"column":23},"end":{"line":82,"column":41}},"42":{"start":{"line":85,"column":6},"end":{"line":85,"column":67}},"43":{"start":{"line":86,"column":6},"end":{"line":86,"column":68}},"44":{"start":{"line":88,"column":6},"end":{"line":88,"column":37}},"45":{"start":{"line":89,"column":6},"end":{"line":89,"column":29}},"46":{"start":{"line":91,"column":6},"end":{"line":91,"column":27}},"47":{"start":{"line":93,"column":6},"end":{"line":93,"column":26}},"48":{"start":{"line":94,"column":6},"end":{"line":94,"column":16}},"49":{"start":{"line":96,"column":6},"end":{"line":96,"column":26}},"50":{"start":{"line":100,"column":19},"end":{"line":108,"column":3}},"51":{"start":{"line":101,"column":4},"end":{"line":101,"column":23}},"52":{"start":{"line":102,"column":4},"end":{"line":107,"column":5}},"53":{"start":{"line":103,"column":23},"end":{"line":103,"column":67}},"54":{"start":{"line":104,"column":6},"end":{"line":104,"column":27}},"55":{"start":{"line":106,"column":6},"end":{"line":106,"column":26}},"56":{"start":{"line":110,"column":20},"end":{"line":129,"column":3}},"57":{"start":{"line":111,"column":4},"end":{"line":111,"column":23}},"58":{"start":{"line":112,"column":4},"end":{"line":128,"column":5}},"59":{"start":{"line":113,"column":23},"end":{"line":113,"column":80}},"60":{"start":{"line":115,"column":6},"end":{"line":124,"column":7}},"61":{"start":{"line":116,"column":25},"end":{"line":116,"column":43}},"62":{"start":{"line":118,"column":8},"end":{"line":123,"column":9}},"63":{"start":{"line":119,"column":10},"end":{"line":119,"column":71}},"64":{"start":{"line":120,"column":10},"end":{"line":120,"column":72}},"65":{"start":{"line":121,"column":10},"end":{"line":121,"column":41}},"66":{"start":{"line":122,"column":10},"end":{"line":122,"column":33}},"67":{"start":{"line":125,"column":6},"end":{"line":125,"column":27}},"68":{"start":{"line":127,"column":6},"end":{"line":127,"column":26}},"69":{"start":{"line":131,"column":17},"end":{"line":142,"column":3}},"70":{"start":{"line":132,"column":4},"end":{"line":132,"column":23}},"71":{"start":{"line":133,"column":4},"end":{"line":141,"column":5}},"72":{"start":{"line":135,"column":6},"end":{"line":135,"column":43}},"73":{"start":{"line":139,"column":6},"end":{"line":139,"column":26}},"74":{"start":{"line":140,"column":6},"end":{"line":140,"column":26}},"75":{"start":{"line":144,"column":2},"end":{"line":160,"column":4}},"76":{"start":{"line":20,"column":13},"end":{"line":20,"column":63}}},"fnMap":{"0":{"name":"(anonymous_0)","decl":{"start":{"line":20,"column":63},"end":{"line":20,"column":64}},"loc":{"start":{"line":20,"column":80},"end":{"line":161,"column":1}}},"1":{"name":"(anonymous_1)","decl":{"start":{"line":25,"column":22},"end":{"line":25,"column":27}},"loc":{"start":{"line":25,"column":33},"end":{"line":37,"column":3}}},"2":{"name":"(anonymous_2)","decl":{"start":{"line":39,"column":28},"end":{"line":39,"column":31}},"loc":{"start":{"line":39,"column":33},"end":{"line":44,"column":3}}},"3":{"name":"(anonymous_3)","decl":{"start":{"line":47,"column":12},"end":{"line":47,"column":15}},"loc":{"start":{"line":47,"column":17},"end":{"line":76,"column":3}}},"4":{"name":"(anonymous_4)","decl":{"start":{"line":48,"column":27},"end":{"line":48,"column":32}},"loc":{"start":{"line":48,"column":38},"end":{"line":63,"column":5}}},"5":{"name":"(anonymous_5)","decl":{"start":{"line":57,"column":30},"end":{"line":57,"column":33}},"loc":{"start":{"line":57,"column":35},"end":{"line":59,"column":9}}},"6":{"name":"(anonymous_6)","decl":{"start":{"line":68,"column":30},"end":{"line":68,"column":33}},"loc":{"start":{"line":68,"column":35},"end":{"line":70,"column":5}}},"7":{"name":"(anonymous_7)","decl":{"start":{"line":73,"column":11},"end":{"line":73,"column":14}},"loc":{"start":{"line":73,"column":16},"end":{"line":75,"column":5}}},"8":{"name":"(anonymous_8)","decl":{"start":{"line":78,"column":16},"end":{"line":78,"column":21}},"loc":{"start":{"line":78,"column":81},"end":{"line":98,"column":3}}},"9":{"name":"(anonymous_9)","decl":{"start":{"line":100,"column":19},"end":{"line":100,"column":24}},"loc":{"start":{"line":100,"column":53},"end":{"line":108,"column":3}}},"10":{"name":"(anonymous_10)","decl":{"start":{"line":110,"column":20},"end":{"line":110,"column":25}},"loc":{"start":{"line":110,"column":72},"end":{"line":129,"column":3}}},"11":{"name":"(anonymous_11)","decl":{"start":{"line":131,"column":17},"end":{"line":131,"column":22}},"loc":{"start":{"line":131,"column":43},"end":{"line":142,"column":3}}}},"branchMap":{"0":{"loc":{"start":{"line":28,"column":6},"end":{"line":32,"column":7}},"type":"if","locations":[{"start":{"line":28,"column":6},"end":{"line":32,"column":7}}]},"1":{"loc":{"start":{"line":28,"column":10},"end":{"line":28,"column":61}},"type":"binary-expr","locations":[{"start":{"line":28,"column":10},"end":{"line":28,"column":32}},{"start":{"line":28,"column":36},"end":{"line":28,"column":61}}]},"2":{"loc":{"start":{"line":52,"column":6},"end":{"line":62,"column":7}},"type":"if","locations":[{"start":{"line":52,"column":6},"end":{"line":62,"column":7}},{"start":{"line":60,"column":13},"end":{"line":62,"column":7}}]},"3":{"loc":{"start":{"line":52,"column":10},"end":{"line":52,"column":35}},"type":"binary-expr","locations":[{"start":{"line":52,"column":10},"end":{"line":52,"column":21}},{"start":{"line":52,"column":25},"end":{"line":52,"column":35}}]},"4":{"loc":{"start":{"line":115,"column":6},"end":{"line":124,"column":7}},"type":"if","locations":[{"start":{"line":115,"column":6},"end":{"line":124,"column":7}}]},"5":{"loc":{"start":{"line":115,"column":10},"end":{"line":115,"column":55}},"type":"binary-expr","locations":[{"start":{"line":115,"column":10},"end":{"line":115,"column":32}},{"start":{"line":115,"column":36},"end":{"line":115,"column":55}}]},"6":{"loc":{"start":{"line":118,"column":8},"end":{"line":123,"column":9}},"type":"if","locations":[{"start":{"line":118,"column":8},"end":{"line":123,"column":9}}]},"7":{"loc":{"start":{"line":118,"column":12},"end":{"line":118,"column":49}},"type":"binary-expr","locations":[{"start":{"line":118,"column":12},"end":{"line":118,"column":32}},{"start":{"line":118,"column":36},"end":{"line":118,"column":49}}]}},"s":{"0":1,"1":1,"2":1,"3":1,"4":1,"5":0,"6":0,"7":0,"8":0,"9":0,"10":0,"11":0,"12":0,"13":0,"14":0,"15":0,"16":0,"17":0,"18":0,"19":0,"20":0,"21":0,"22":0,"23":0,"24":0,"25":0,"26":0,"27":0,"28":0,"29":0,"30":0,"31":0,"32":0,"33":0,"34":0,"35":0,"36":0,"37":0,"38":0,"39":0,"40":0,"41":0,"42":0,"43":0,"44":0,"45":0,"46":0,"47":0,"48":0,"49":0,"50":0,"51":0,"52":0,"53":0,"54":0,"55":0,"56":0,"57":0,"58":0,"59":0,"60":0,"61":0,"62":0,"63":0,"64":0,"65":0,"66":0,"67":0,"68":0,"69":0,"70":0,"71":0,"72":0,"73":0,"74":0,"75":0,"76":1},"f":{"0":0,"1":0,"2":0,"3":0,"4":0,"5":0,"6":0,"7":0,"8":0,"9":0,"10":0,"11":0},"b":{"0":[0],"1":[0,0],"2":[0,0],"3":[0,0],"4":[0],"5":[0,0],"6":[0],"7":[0,0]}}
,"C:\\Users\\amanj\\OneDrive\\Documents\\project\\rakthayatra\\frontend\\src\\contexts\\ThemeContext.tsx": {"path":"C:\\Users\\amanj\\OneDrive\\Documents\\project\\rakthayatra\\frontend\\src\\contexts\\ThemeContext.tsx","statementMap":{"0":{"start":{"line":1,"column":0},"end":{"line":1,"column":78}},"1":{"start":{"line":10,"column":21},"end":{"line":10,"column":75}},"2":{"start":{"line":12,"column":70},"end":{"line":41,"column":1}},"3":{"start":{"line":13,"column":28},"end":{"line":18,"column":4}},"4":{"start":{"line":14,"column":18},"end":{"line":14,"column":50}},"5":{"start":{"line":15,"column":4},"end":{"line":15,"column":60}},"6":{"start":{"line":15,"column":47},"end":{"line":15,"column":60}},"7":{"start":{"line":17,"column":4},"end":{"line":17,"column":18}},"8":{"start":{"line":20,"column":2},"end":{"line":30,"column":14}},"9":{"start":{"line":21,"column":4},"end":{"line":21,"column":44}},"10":{"start":{"line":22,"column":17},"end":{"line":22,"column":48}},"11":{"start":{"line":23,"column":4},"end":{"line":29,"column":5}},"12":{"start":{"line":24,"column":6},"end":{"line":24,"column":33}},"13":{"start":{"line":25,"column":6},"end":{"line":25,"column":38}},"14":{"start":{"line":27,"column":6},"end":{"line":27,"column":36}},"15":{"start":{"line":28,"column":6},"end":{"line":28,"column":39}},"16":{"start":{"line":32,"column":22},"end":{"line":34,"column":3}},"17":{"start":{"line":33,"column":4},"end":{"line":33,"column":62}},"18":{"start":{"line":33,"column":24},"end":{"line":33,"column":59}},"19":{"start":{"line":36,"column":2},"end":{"line":40,"column":4}},"20":{"start":{"line":12,"column":13},"end":{"line":12,"column":70}},"21":{"start":{"line":43,"column":24},"end":{"line":49,"column":1}},"22":{"start":{"line":44,"column":18},"end":{"line":44,"column":42}},"23":{"start":{"line":45,"column":2},"end":{"line":47,"column":3}},"24":{"start":{"line":46,"column":4},"end":{"line":46,"column":68}},"25":{"start":{"line":48,"column":2},"end":{"line":48,"column":17}},"26":{"start":{"line":43,"column":13},"end":{"line":43,"column":24}},"27":{"start":{"line":50,"column":0},"end":{"line":50,"column":29}}},"fnMap":{"0":{"name":"(anonymous_0)","decl":{"start":{"line":12,"column":70},"end":{"line":12,"column":71}},"loc":{"start":{"line":12,"column":87},"end":{"line":41,"column":1}}},"1":{"name":"(anonymous_1)","decl":{"start":{"line":13,"column":44},"end":{"line":13,"column":47}},"loc":{"start":{"line":13,"column":49},"end":{"line":18,"column":3}}},"2":{"name":"(anonymous_2)","decl":{"start":{"line":20,"column":12},"end":{"line":20,"column":15}},"loc":{"start":{"line":20,"column":17},"end":{"line":30,"column":3}}},"3":{"name":"(anonymous_3)","decl":{"start":{"line":32,"column":22},"end":{"line":32,"column":25}},"loc":{"start":{"line":32,"column":27},"end":{"line":34,"column":3}}},"4":{"name":"(anonymous_4)","decl":{"start":{"line":33,"column":13},"end":{"line":33,"column":14}},"loc":{"start":{"line":33,"column":24},"end":{"line":33,"column":59}}},"5":{"name":"(anonymous_5)","decl":{"start":{"line":43,"column":24},"end":{"line":43,"column":27}},"loc":{"start":{"line":43,"column":29},"end":{"line":49,"column":1}}}},"branchMap":{"0":{"loc":{"start":{"line":15,"column":4},"end":{"line":15,"column":60}},"type":"if","locations":[{"start":{"line":15,"column":4},"end":{"line":15,"column":60}}]},"1":{"loc":{"start":{"line":15,"column":8},"end":{"line":15,"column":45}},"type":"binary-expr","locations":[{"start":{"line":15,"column":8},"end":{"line":15,"column":25}},{"start":{"line":15,"column":29},"end":{"line":15,"column":45}}]},"2":{"loc":{"start":{"line":23,"column":4},"end":{"line":29,"column":5}},"type":"if","locations":[{"start":{"line":23,"column":4},"end":{"line":29,"column":5}},{"start":{"line":26,"column":11},"end":{"line":29,"column":5}}]},"3":{"loc":{"start":{"line":33,"column":24},"end":{"line":33,"column":59}},"type":"cond-expr","locations":[{"start":{"line":33,"column":43},"end":{"line":33,"column":49}},{"start":{"line":33,"column":52},"end":{"line":33,"column":59}}]},"4":{"loc":{"start":{"line":45,"column":2},"end":{"line":47,"column":3}},"type":"if","locations":[{"start":{"line":45,"column":2},"end":{"line":47,"column":3}}]}},"s":{"0":1,"1":1,"2":1,"3":0,"4":0,"5":0,"6":0,"7":0,"8":0,"9":0,"10":0,"11":0,"12":0,"13":0,"14":0,"15":0,"16":0,"17":0,"18":0,"19":0,"20":1,"21":1,"22":0,"23":0,"24":0,"25":0,"26":1,"27":1},"f":{"0":0,"1":0,"2":0,"3":0,"4":0,"5":0},"b":{"0":[0],"1":[0,0],"2":[0,0],"3":[0,0],"4":[0]}}
,"C:\\Users\\amanj\\OneDrive\\Documents\\project\\rakthayatra\\frontend\\src\\hooks\\useAdminManagement.ts": {"path":"C:\\Users\\amanj\\OneDrive\\Documents\\project\\rakthayatra\\frontend\\src\\hooks\\useAdminManagement.ts","statementMap":{"0":{"start":{"line":1,"column":0},"end":{"line":1,"column":78}},"1":{"start":{"line":2,"column":0},"end":{"line":2,"column":44}},"2":{"start":{"line":3,"column":0},"end":{"line":3,"column":36}},"3":{"start":{"line":14,"column":34},"end":{"line":66,"column":1}},"4":{"start":{"line":15,"column":22},"end":{"line":15,"column":38}},"5":{"start":{"line":17,"column":21},"end":{"line":32,"column":4}},"6":{"start":{"line":20,"column":6},"end":{"line":30,"column":7}},"7":{"start":{"line":21,"column":20},"end":{"line":21,"column":69}},"8":{"start":{"line":21,"column":64},"end":{"line":21,"column":68}},"9":{"start":{"line":22,"column":8},"end":{"line":27,"column":35}},"10":{"start":{"line":29,"column":8},"end":{"line":29,"column":42}},"11":{"start":{"line":34,"column":34},"end":{"line":47,"column":4}},"12":{"start":{"line":37,"column":18},"end":{"line":37,"column":120}},"13":{"start":{"line":37,"column":91},"end":{"line":37,"column":118}},"14":{"start":{"line":38,"column":6},"end":{"line":38,"column":22}},"15":{"start":{"line":41,"column":6},"end":{"line":41,"column":66}},"16":{"start":{"line":42,"column":6},"end":{"line":42,"column":65}},"17":{"start":{"line":45,"column":6},"end":{"line":45,"column":68}},"18":{"start":{"line":49,"column":29},"end":{"line":58,"column":4}},"19":{"start":{"line":51,"column":18},"end":{"line":51,"column":108}},"20":{"start":{"line":51,"column":79},"end":{"line":51,"column":106}},"21":{"start":{"line":52,"column":6},"end":{"line":52,"column":22}},"22":{"start":{"line":55,"column":6},"end":{"line":55,"column":66}},"23":{"start":{"line":56,"column":6},"end":{"line":56,"column":54}},"24":{"start":{"line":60,"column":2},"end":{"line":65,"column":4}},"25":{"start":{"line":14,"column":13},"end":{"line":14,"column":34}}},"fnMap":{"0":{"name":"(anonymous_0)","decl":{"start":{"line":14,"column":34},"end":{"line":14,"column":37}},"loc":{"start":{"line":14,"column":39},"end":{"line":66,"column":1}}},"1":{"name":"(anonymous_1)","decl":{"start":{"line":19,"column":13},"end":{"line":19,"column":18}},"loc":{"start":{"line":19,"column":24},"end":{"line":31,"column":5}}},"2":{"name":"(anonymous_2)","decl":{"start":{"line":21,"column":58},"end":{"line":21,"column":61}},"loc":{"start":{"line":21,"column":64},"end":{"line":21,"column":68}}},"3":{"name":"(anonymous_3)","decl":{"start":{"line":35,"column":16},"end":{"line":35,"column":21}},"loc":{"start":{"line":35,"column":45},"end":{"line":39,"column":5}}},"4":{"name":"(anonymous_4)","decl":{"start":{"line":37,"column":84},"end":{"line":37,"column":87}},"loc":{"start":{"line":37,"column":91},"end":{"line":37,"column":118}}},"5":{"name":"(anonymous_5)","decl":{"start":{"line":40,"column":15},"end":{"line":40,"column":18}},"loc":{"start":{"line":40,"column":20},"end":{"line":43,"column":5}}},"6":{"name":"(anonymous_6)","decl":{"start":{"line":44,"column":13},"end":{"line":44,"column":16}},"loc":{"start":{"line":44,"column":18},"end":{"line":46,"column":5}}},"7":{"name":"(anonymous_7)","decl":{"start":{"line":50,"column":16},"end":{"line":50,"column":21}},"loc":{"start":{"line":50,"column":41},"end":{"line":53,"column":5}}},"8":{"name":"(anonymous_8)","decl":{"start":{"line":51,"column":72},"end":{"line":51,"column":75}},"loc":{"start":{"line":51,"column":79},"end":{"line":51,"column":106}}},"9":{"name":"(anonymous_9)","decl":{"start":{"line":54,"column":15},"end":{"line":54,"column":18}},"loc":{"start":{"line":54,"column":20},"end":{"line":57,"column":5}}}},"branchMap":{"0":{"loc":{"start":{"line":22,"column":16},"end":{"line":27,"column":34}},"type":"cond-expr","locations":[{"start":{"line":22,"column":34},"end":{"line":22,"column":49}},{"start":{"line":22,"column":52},"end":{"line":27,"column":34}}]},"1":{"loc":{"start":{"line":61,"column":11},"end":{"line":61,"column":32}},"type":"binary-expr","locations":[{"start":{"line":61,"column":11},"end":{"line":61,"column":26}},{"start":{"line":61,"column":30},"end":{"line":61,"column":32}}]}},"s":{"0":1,"1":1,"2":1,"3":1,"4":1,"5":1,"6":0,"7":0,"8":0,"9":0,"10":0,"11":1,"12":0,"13":0,"14":0,"15":0,"16":0,"17":0,"18":1,"19":0,"20":0,"21":0,"22":0,"23":0,"24":1,"25":1},"f":{"0":1,"1":0,"2":0,"3":0,"4":0,"5":0,"6":0,"7":0,"8":0,"9":0},"b":{"0":[0,0],"1":[1,0]}}
,"C:\\Users\\amanj\\OneDrive\\Documents\\project\\rakthayatra\\frontend\\src\\hooks\\useAuth.ts": {"path":"C:\\Users\\amanj\\OneDrive\\Documents\\project\\rakthayatra\\frontend\\src\\hooks\\useAuth.ts","statementMap":{"0":{"start":{"line":1,"column":0},"end":{"line":1,"column":35}},"1":{"start":{"line":2,"column":0},"end":{"line":2,"column":54}},"2":{"start":{"line":4,"column":23},"end":{"line":10,"column":1}},"3":{"start":{"line":5,"column":18},"end":{"line":5,"column":41}},"4":{"start":{"line":6,"column":2},"end":{"line":8,"column":3}},"5":{"start":{"line":7,"column":4},"end":{"line":7,"column":67}},"6":{"start":{"line":9,"column":2},"end":{"line":9,"column":17}},"7":{"start":{"line":4,"column":13},"end":{"line":4,"column":23}}},"fnMap":{"0":{"name":"(anonymous_0)","decl":{"start":{"line":4,"column":23},"end":{"line":4,"column":26}},"loc":{"start":{"line":4,"column":28},"end":{"line":10,"column":1}}}},"branchMap":{"0":{"loc":{"start":{"line":6,"column":2},"end":{"line":8,"column":3}},"type":"if","locations":[{"start":{"line":6,"column":2},"end":{"line":8,"column":3}}]}},"s":{"0":1,"1":1,"2":1,"3":0,"4":0,"5":0,"6":0,"7":1},"f":{"0":0},"b":{"0":[0]}}
,"C:\\Users\\amanj\\OneDrive\\Documents\\project\\rakthayatra\\frontend\\src\\hooks\\useBloodRequests.ts": {"path":"C:\\Users\\amanj\\OneDrive\\Documents\\project\\rakthayatra\\frontend\\src\\hooks\\useBloodRequests.ts","statementMap":{"0":{"start":{"line":1,"column":0},"end":{"line":1,"column":78}},"1":{"start":{"line":2,"column":0},"end":{"line":2,"column":44}},"2":{"start":{"line":3,"column":0},"end":{"line":3,"column":36}},"3":{"start":{"line":21,"column":32},"end":{"line":149,"column":1}},"4":{"start":{"line":22,"column":22},"end":{"line":22,"column":38}},"5":{"start":{"line":24,"column":16},"end":{"line":68,"column":4}},"6":{"start":{"line":27,"column":6},"end":{"line":66,"column":7}},"7":{"start":{"line":28,"column":20},"end":{"line":28,"column":70}},"8":{"start":{"line":28,"column":65},"end":{"line":28,"column":69}},"9":{"start":{"line":29,"column":21},"end":{"line":58,"column":32}},"10":{"start":{"line":60,"column":8},"end":{"line":62,"column":9}},"11":{"start":{"line":61,"column":10},"end":{"line":61,"column":71}},"12":{"start":{"line":61,"column":39},"end":{"line":61,"column":69}},"13":{"start":{"line":63,"column":8},"end":{"line":63,"column":21}},"14":{"start":{"line":65,"column":8},"end":{"line":65,"column":40}},"15":{"start":{"line":70,"column":32},"end":{"line":82,"column":4}},"16":{"start":{"line":72,"column":18},"end":{"line":72,"column":57}},"17":{"start":{"line":73,"column":6},"end":{"line":73,"column":22}},"18":{"start":{"line":76,"column":6},"end":{"line":76,"column":69}},"19":{"start":{"line":77,"column":6},"end":{"line":77,"column":56}},"20":{"start":{"line":80,"column":6},"end":{"line":80,"column":74}},"21":{"start":{"line":84,"column":33},"end":{"line":96,"column":4}},"22":{"start":{"line":86,"column":18},"end":{"line":86,"column":65}},"23":{"start":{"line":87,"column":6},"end":{"line":87,"column":22}},"24":{"start":{"line":90,"column":6},"end":{"line":90,"column":69}},"25":{"start":{"line":91,"column":6},"end":{"line":91,"column":59}},"26":{"start":{"line":94,"column":6},"end":{"line":94,"column":64}},"27":{"start":{"line":98,"column":32},"end":{"line":110,"column":4}},"28":{"start":{"line":100,"column":18},"end":{"line":100,"column":64}},"29":{"start":{"line":101,"column":6},"end":{"line":101,"column":22}},"30":{"start":{"line":104,"column":6},"end":{"line":104,"column":69}},"31":{"start":{"line":105,"column":6},"end":{"line":105,"column":59}},"32":{"start":{"line":108,"column":6},"end":{"line":108,"column":64}},"33":{"start":{"line":112,"column":33},"end":{"line":124,"column":4}},"34":{"start":{"line":114,"column":18},"end":{"line":114,"column":65}},"35":{"start":{"line":115,"column":6},"end":{"line":115,"column":22}},"36":{"start":{"line":118,"column":6},"end":{"line":118,"column":69}},"37":{"start":{"line":119,"column":6},"end":{"line":119,"column":80}},"38":{"start":{"line":122,"column":6},"end":{"line":122,"column":92}},"39":{"start":{"line":126,"column":32},"end":{"line":138,"column":4}},"40":{"start":{"line":128,"column":18},"end":{"line":128,"column":64}},"41":{"start":{"line":129,"column":6},"end":{"line":129,"column":22}},"42":{"start":{"line":132,"column":6},"end":{"line":132,"column":69}},"43":{"start":{"line":133,"column":6},"end":{"line":133,"column":60}},"44":{"start":{"line":136,"column":6},"end":{"line":136,"column":65}},"45":{"start":{"line":140,"column":2},"end":{"line":148,"column":4}},"46":{"start":{"line":21,"column":13},"end":{"line":21,"column":32}}},"fnMap":{"0":{"name":"(anonymous_0)","decl":{"start":{"line":21,"column":32},"end":{"line":21,"column":33}},"loc":{"start":{"line":21,"column":66},"end":{"line":149,"column":1}}},"1":{"name":"(anonymous_1)","decl":{"start":{"line":26,"column":13},"end":{"line":26,"column":18}},"loc":{"start":{"line":26,"column":24},"end":{"line":67,"column":5}}},"2":{"name":"(anonymous_2)","decl":{"start":{"line":28,"column":59},"end":{"line":28,"column":62}},"loc":{"start":{"line":28,"column":65},"end":{"line":28,"column":69}}},"3":{"name":"(anonymous_3)","decl":{"start":{"line":61,"column":31},"end":{"line":61,"column":35}},"loc":{"start":{"line":61,"column":39},"end":{"line":61,"column":69}}},"4":{"name":"(anonymous_4)","decl":{"start":{"line":71,"column":16},"end":{"line":71,"column":21}},"loc":{"start":{"line":71,"column":124},"end":{"line":74,"column":5}}},"5":{"name":"(anonymous_5)","decl":{"start":{"line":75,"column":15},"end":{"line":75,"column":18}},"loc":{"start":{"line":75,"column":20},"end":{"line":78,"column":5}}},"6":{"name":"(anonymous_6)","decl":{"start":{"line":79,"column":13},"end":{"line":79,"column":16}},"loc":{"start":{"line":79,"column":18},"end":{"line":81,"column":5}}},"7":{"name":"(anonymous_7)","decl":{"start":{"line":85,"column":16},"end":{"line":85,"column":21}},"loc":{"start":{"line":85,"column":37},"end":{"line":88,"column":5}}},"8":{"name":"(anonymous_8)","decl":{"start":{"line":89,"column":15},"end":{"line":89,"column":18}},"loc":{"start":{"line":89,"column":20},"end":{"line":92,"column":5}}},"9":{"name":"(anonymous_9)","decl":{"start":{"line":93,"column":13},"end":{"line":93,"column":16}},"loc":{"start":{"line":93,"column":18},"end":{"line":95,"column":5}}},"10":{"name":"(anonymous_10)","decl":{"start":{"line":99,"column":16},"end":{"line":99,"column":21}},"loc":{"start":{"line":99,"column":37},"end":{"line":102,"column":5}}},"11":{"name":"(anonymous_11)","decl":{"start":{"line":103,"column":15},"end":{"line":103,"column":18}},"loc":{"start":{"line":103,"column":20},"end":{"line":106,"column":5}}},"12":{"name":"(anonymous_12)","decl":{"start":{"line":107,"column":13},"end":{"line":107,"column":16}},"loc":{"start":{"line":107,"column":18},"end":{"line":109,"column":5}}},"13":{"name":"(anonymous_13)","decl":{"start":{"line":113,"column":16},"end":{"line":113,"column":21}},"loc":{"start":{"line":113,"column":37},"end":{"line":116,"column":5}}},"14":{"name":"(anonymous_14)","decl":{"start":{"line":117,"column":15},"end":{"line":117,"column":18}},"loc":{"start":{"line":117,"column":20},"end":{"line":120,"column":5}}},"15":{"name":"(anonymous_15)","decl":{"start":{"line":121,"column":13},"end":{"line":121,"column":16}},"loc":{"start":{"line":121,"column":18},"end":{"line":123,"column":5}}},"16":{"name":"(anonymous_16)","decl":{"start":{"line":127,"column":16},"end":{"line":127,"column":21}},"loc":{"start":{"line":127,"column":37},"end":{"line":130,"column":5}}},"17":{"name":"(anonymous_17)","decl":{"start":{"line":131,"column":15},"end":{"line":131,"column":18}},"loc":{"start":{"line":131,"column":20},"end":{"line":134,"column":5}}},"18":{"name":"(anonymous_18)","decl":{"start":{"line":135,"column":13},"end":{"line":135,"column":16}},"loc":{"start":{"line":135,"column":18},"end":{"line":137,"column":5}}}},"branchMap":{"0":{"loc":{"start":{"line":29,"column":21},"end":{"line":58,"column":32}},"type":"binary-expr","locations":[{"start":{"line":29,"column":21},"end":{"line":29,"column":36}},{"start":{"line":29,"column":40},"end":{"line":58,"column":32}}]},"1":{"loc":{"start":{"line":60,"column":8},"end":{"line":62,"column":9}},"type":"if","locations":[{"start":{"line":60,"column":8},"end":{"line":62,"column":9}}]}},"s":{"0":1,"1":1,"2":1,"3":1,"4":1,"5":1,"6":0,"7":0,"8":0,"9":0,"10":0,"11":0,"12":0,"13":0,"14":0,"15":1,"16":0,"17":0,"18":0,"19":0,"20":0,"21":1,"22":0,"23":0,"24":0,"25":0,"26":0,"27":1,"28":0,"29":0,"30":0,"31":0,"32":0,"33":1,"34":0,"35":0,"36":0,"37":0,"38":0,"39":1,"40":0,"41":0,"42":0,"43":0,"44":0,"45":1,"46":1},"f":{"0":1,"1":0,"2":0,"3":0,"4":0,"5":0,"6":0,"7":0,"8":0,"9":0,"10":0,"11":0,"12":0,"13":0,"14":0,"15":0,"16":0,"17":0,"18":0},"b":{"0":[0,0],"1":[0]}}
,"C:\\Users\\amanj\\OneDrive\\Documents\\project\\rakthayatra\\frontend\\src\\hooks\\useCamps.ts": {"path":"C:\\Users\\amanj\\OneDrive\\Documents\\project\\rakthayatra\\frontend\\src\\hooks\\useCamps.ts","statementMap":{"0":{"start":{"line":1,"column":0},"end":{"line":1,"column":78}},"1":{"start":{"line":2,"column":0},"end":{"line":2,"column":44}},"2":{"start":{"line":3,"column":0},"end":{"line":3,"column":36}},"3":{"start":{"line":19,"column":24},"end":{"line":128,"column":1}},"4":{"start":{"line":20,"column":22},"end":{"line":20,"column":38}},"5":{"start":{"line":22,"column":16},"end":{"line":59,"column":4}},"6":{"start":{"line":25,"column":6},"end":{"line":57,"column":7}},"7":{"start":{"line":26,"column":20},"end":{"line":26,"column":67}},"8":{"start":{"line":26,"column":62},"end":{"line":26,"column":66}},"9":{"start":{"line":27,"column":8},"end":{"line":54,"column":33}},"10":{"start":{"line":56,"column":8},"end":{"line":56,"column":40}},"11":{"start":{"line":61,"column":29},"end":{"line":73,"column":4}},"12":{"start":{"line":63,"column":18},"end":{"line":63,"column":54}},"13":{"start":{"line":64,"column":6},"end":{"line":64,"column":22}},"14":{"start":{"line":67,"column":6},"end":{"line":67,"column":61}},"15":{"start":{"line":68,"column":6},"end":{"line":68,"column":61}},"16":{"start":{"line":71,"column":6},"end":{"line":71,"column":66}},"17":{"start":{"line":75,"column":32},"end":{"line":86,"column":4}},"18":{"start":{"line":77,"column":18},"end":{"line":77,"column":73}},"19":{"start":{"line":78,"column":6},"end":{"line":78,"column":22}},"20":{"start":{"line":81,"column":6},"end":{"line":81,"column":62}},"21":{"start":{"line":84,"column":6},"end":{"line":84,"column":76}},"22":{"start":{"line":88,"column":36},"end":{"line":103,"column":4}},"23":{"start":{"line":90,"column":18},"end":{"line":94,"column":8}},"24":{"start":{"line":95,"column":6},"end":{"line":95,"column":22}},"25":{"start":{"line":98,"column":6},"end":{"line":98,"column":75}},"26":{"start":{"line":101,"column":6},"end":{"line":101,"column":74}},"27":{"start":{"line":105,"column":36},"end":{"line":118,"column":4}},"28":{"start":{"line":107,"column":18},"end":{"line":109,"column":8}},"29":{"start":{"line":110,"column":6},"end":{"line":110,"column":22}},"30":{"start":{"line":113,"column":6},"end":{"line":113,"column":66}},"31":{"start":{"line":116,"column":6},"end":{"line":116,"column":70}},"32":{"start":{"line":120,"column":2},"end":{"line":127,"column":4}},"33":{"start":{"line":19,"column":13},"end":{"line":19,"column":24}}},"fnMap":{"0":{"name":"(anonymous_0)","decl":{"start":{"line":19,"column":24},"end":{"line":19,"column":27}},"loc":{"start":{"line":19,"column":29},"end":{"line":128,"column":1}}},"1":{"name":"(anonymous_1)","decl":{"start":{"line":24,"column":13},"end":{"line":24,"column":18}},"loc":{"start":{"line":24,"column":24},"end":{"line":58,"column":5}}},"2":{"name":"(anonymous_2)","decl":{"start":{"line":26,"column":56},"end":{"line":26,"column":59}},"loc":{"start":{"line":26,"column":62},"end":{"line":26,"column":66}}},"3":{"name":"(anonymous_3)","decl":{"start":{"line":62,"column":16},"end":{"line":62,"column":21}},"loc":{"start":{"line":62,"column":161},"end":{"line":65,"column":5}}},"4":{"name":"(anonymous_4)","decl":{"start":{"line":66,"column":15},"end":{"line":66,"column":18}},"loc":{"start":{"line":66,"column":20},"end":{"line":69,"column":5}}},"5":{"name":"(anonymous_5)","decl":{"start":{"line":70,"column":13},"end":{"line":70,"column":16}},"loc":{"start":{"line":70,"column":18},"end":{"line":72,"column":5}}},"6":{"name":"(anonymous_6)","decl":{"start":{"line":76,"column":16},"end":{"line":76,"column":21}},"loc":{"start":{"line":76,"column":41},"end":{"line":79,"column":5}}},"7":{"name":"(anonymous_7)","decl":{"start":{"line":80,"column":15},"end":{"line":80,"column":18}},"loc":{"start":{"line":80,"column":20},"end":{"line":82,"column":5}}},"8":{"name":"(anonymous_8)","decl":{"start":{"line":83,"column":13},"end":{"line":83,"column":16}},"loc":{"start":{"line":83,"column":18},"end":{"line":85,"column":5}}},"9":{"name":"(anonymous_9)","decl":{"start":{"line":89,"column":16},"end":{"line":89,"column":21}},"loc":{"start":{"line":89,"column":95},"end":{"line":96,"column":5}}},"10":{"name":"(anonymous_10)","decl":{"start":{"line":97,"column":15},"end":{"line":97,"column":18}},"loc":{"start":{"line":97,"column":20},"end":{"line":99,"column":5}}},"11":{"name":"(anonymous_11)","decl":{"start":{"line":100,"column":13},"end":{"line":100,"column":16}},"loc":{"start":{"line":100,"column":18},"end":{"line":102,"column":5}}},"12":{"name":"(anonymous_12)","decl":{"start":{"line":106,"column":16},"end":{"line":106,"column":21}},"loc":{"start":{"line":106,"column":71},"end":{"line":111,"column":5}}},"13":{"name":"(anonymous_13)","decl":{"start":{"line":112,"column":15},"end":{"line":112,"column":18}},"loc":{"start":{"line":112,"column":20},"end":{"line":114,"column":5}}},"14":{"name":"(anonymous_14)","decl":{"start":{"line":115,"column":13},"end":{"line":115,"column":16}},"loc":{"start":{"line":115,"column":18},"end":{"line":117,"column":5}}}},"branchMap":{"0":{"loc":{"start":{"line":27,"column":16},"end":{"line":54,"column":32}},"type":"binary-expr","locations":[{"start":{"line":27,"column":16},"end":{"line":27,"column":31}},{"start":{"line":27,"column":35},"end":{"line":54,"column":32}}]}},"s":{"0":1,"1":1,"2":1,"3":1,"4":1,"5":1,"6":0,"7":0,"8":0,"9":0,"10":0,"11":1,"12":0,"13":0,"14":0,"15":0,"16":0,"17":1,"18":0,"19":0,"20":0,"21":0,"22":1,"23":0,"24":0,"25":0,"26":0,"27":1,"28":0,"29":0,"30":0,"31":0,"32":1,"33":1},"f":{"0":1,"1":0,"2":0,"3":0,"4":0,"5":0,"6":0,"7":0,"8":0,"9":0,"10":0,"11":0,"12":0,"13":0,"14":0},"b":{"0":[0,0]}}
,"C:\\Users\\amanj\\OneDrive\\Documents\\project\\rakthayatra\\frontend\\src\\hooks\\useDashboardData.ts": {"path":"C:\\Users\\amanj\\OneDrive\\Documents\\project\\rakthayatra\\frontend\\src\\hooks\\useDashboardData.ts","statementMap":{"0":{"start":{"line":1,"column":0},"end":{"line":1,"column":49}},"1":{"start":{"line":2,"column":0},"end":{"line":2,"column":44}},"2":{"start":{"line":27,"column":37},"end":{"line":65,"column":1}},"3":{"start":{"line":28,"column":2},"end":{"line":64,"column":5}},"4":{"start":{"line":31,"column":6},"end":{"line":53,"column":7}},"5":{"start":{"line":32,"column":30},"end":{"line":35,"column":10}},"6":{"start":{"line":33,"column":48},"end":{"line":33,"column":52}},"7":{"start":{"line":34,"column":46},"end":{"line":34,"column":50}},"8":{"start":{"line":38,"column":8},"end":{"line":50,"column":10}},"9":{"start":{"line":52,"column":8},"end":{"line":52,"column":47}},"10":{"start":{"line":27,"column":13},"end":{"line":27,"column":37}},"11":{"start":{"line":68,"column":37},"end":{"line":97,"column":1}},"12":{"start":{"line":69,"column":2},"end":{"line":96,"column":5}},"13":{"start":{"line":72,"column":6},"end":{"line":94,"column":7}},"14":{"start":{"line":73,"column":25},"end":{"line":75,"column":16}},"15":{"start":{"line":74,"column":80},"end":{"line":74,"column":84}},"16":{"start":{"line":77,"column":22},"end":{"line":77,"column":139}},"17":{"start":{"line":79,"column":8},"end":{"line":91,"column":10}},"18":{"start":{"line":93,"column":8},"end":{"line":93,"column":47}},"19":{"start":{"line":68,"column":13},"end":{"line":68,"column":37}},"20":{"start":{"line":100,"column":39},"end":{"line":126,"column":1}},"21":{"start":{"line":101,"column":2},"end":{"line":125,"column":5}},"22":{"start":{"line":104,"column":6},"end":{"line":123,"column":7}},"23":{"start":{"line":105,"column":28},"end":{"line":105,"column":78}},"24":{"start":{"line":105,"column":73},"end":{"line":105,"column":77}},"25":{"start":{"line":106,"column":21},"end":{"line":106,"column":50}},"26":{"start":{"line":108,"column":8},"end":{"line":120,"column":10}},"27":{"start":{"line":110,"column":74},"end":{"line":110,"column":123}},"28":{"start":{"line":111,"column":80},"end":{"line":111,"column":104}},"29":{"start":{"line":122,"column":8},"end":{"line":122,"column":47}},"30":{"start":{"line":100,"column":13},"end":{"line":100,"column":39}},"31":{"start":{"line":129,"column":40},"end":{"line":155,"column":1}},"32":{"start":{"line":130,"column":2},"end":{"line":154,"column":5}},"33":{"start":{"line":133,"column":6},"end":{"line":152,"column":7}},"34":{"start":{"line":134,"column":28},"end":{"line":134,"column":78}},"35":{"start":{"line":134,"column":73},"end":{"line":134,"column":77}},"36":{"start":{"line":135,"column":21},"end":{"line":135,"column":50}},"37":{"start":{"line":137,"column":8},"end":{"line":149,"column":10}},"38":{"start":{"line":140,"column":73},"end":{"line":140,"column":95}},"39":{"start":{"line":151,"column":8},"end":{"line":151,"column":47}},"40":{"start":{"line":129,"column":13},"end":{"line":129,"column":40}},"41":{"start":{"line":158,"column":41},"end":{"line":186,"column":1}},"42":{"start":{"line":159,"column":2},"end":{"line":185,"column":5}},"43":{"start":{"line":162,"column":6},"end":{"line":183,"column":7}},"44":{"start":{"line":163,"column":29},"end":{"line":163,"column":80}},"45":{"start":{"line":163,"column":75},"end":{"line":163,"column":79}},"46":{"start":{"line":164,"column":22},"end":{"line":164,"column":52}},"47":{"start":{"line":166,"column":27},"end":{"line":166,"column":95}},"48":{"start":{"line":166,"column":68},"end":{"line":166,"column":91}},"49":{"start":{"line":168,"column":8},"end":{"line":180,"column":10}},"50":{"start":{"line":171,"column":79},"end":{"line":171,"column":102}},"51":{"start":{"line":182,"column":8},"end":{"line":182,"column":47}},"52":{"start":{"line":158,"column":13},"end":{"line":158,"column":41}}},"fnMap":{"0":{"name":"(anonymous_0)","decl":{"start":{"line":27,"column":37},"end":{"line":27,"column":40}},"loc":{"start":{"line":27,"column":42},"end":{"line":65,"column":1}}},"1":{"name":"(anonymous_1)","decl":{"start":{"line":30,"column":13},"end":{"line":30,"column":18}},"loc":{"start":{"line":30,"column":24},"end":{"line":54,"column":5}}},"2":{"name":"(anonymous_2)","decl":{"start":{"line":33,"column":42},"end":{"line":33,"column":45}},"loc":{"start":{"line":33,"column":48},"end":{"line":33,"column":52}}},"3":{"name":"(anonymous_3)","decl":{"start":{"line":34,"column":40},"end":{"line":34,"column":43}},"loc":{"start":{"line":34,"column":46},"end":{"line":34,"column":50}}},"4":{"name":"(anonymous_4)","decl":{"start":{"line":68,"column":37},"end":{"line":68,"column":38}},"loc":{"start":{"line":68,"column":57},"end":{"line":97,"column":1}}},"5":{"name":"(anonymous_5)","decl":{"start":{"line":71,"column":13},"end":{"line":71,"column":18}},"loc":{"start":{"line":71,"column":24},"end":{"line":95,"column":5}}},"6":{"name":"(anonymous_6)","decl":{"start":{"line":74,"column":74},"end":{"line":74,"column":77}},"loc":{"start":{"line":74,"column":80},"end":{"line":74,"column":84}}},"7":{"name":"(anonymous_7)","decl":{"start":{"line":100,"column":39},"end":{"line":100,"column":42}},"loc":{"start":{"line":100,"column":44},"end":{"line":126,"column":1}}},"8":{"name":"(anonymous_8)","decl":{"start":{"line":103,"column":13},"end":{"line":103,"column":18}},"loc":{"start":{"line":103,"column":24},"end":{"line":124,"column":5}}},"9":{"name":"(anonymous_9)","decl":{"start":{"line":105,"column":67},"end":{"line":105,"column":70}},"loc":{"start":{"line":105,"column":73},"end":{"line":105,"column":77}}},"10":{"name":"(anonymous_10)","decl":{"start":{"line":110,"column":62},"end":{"line":110,"column":63}},"loc":{"start":{"line":110,"column":74},"end":{"line":110,"column":123}}},"11":{"name":"(anonymous_11)","decl":{"start":{"line":111,"column":68},"end":{"line":111,"column":69}},"loc":{"start":{"line":111,"column":80},"end":{"line":111,"column":104}}},"12":{"name":"(anonymous_12)","decl":{"start":{"line":129,"column":40},"end":{"line":129,"column":43}},"loc":{"start":{"line":129,"column":45},"end":{"line":155,"column":1}}},"13":{"name":"(anonymous_13)","decl":{"s
[...]
ine":208,"column":47}},"36":{"start":{"line":209,"column":26},"end":{"line":209,"column":47}},"37":{"start":{"line":225,"column":35},"end":{"line":225,"column":55}},"38":{"start":{"line":241,"column":51},"end":{"line":241,"column":55}},"39":{"start":{"line":20,"column":13},"end":{"line":20,"column":41}},"40":{"start":{"line":262,"column":0},"end":{"line":262,"column":31}}},"fnMap":{"0":{"name":"(anonymous_0)","decl":{"start":{"line":20,"column":41},"end":{"line":20,"column":44}},"loc":{"start":{"line":20,"column":46},"end":{"line":261,"column":1}}},"1":{"name":"(anonymous_1)","decl":{"start":{"line":32,"column":23},"end":{"line":32,"column":28}},"loc":{"start":{"line":32,"column":34},"end":{"line":35,"column":3}}},"2":{"name":"(anonymous_2)","decl":{"start":{"line":38,"column":19},"end":{"line":38,"column":20}},"loc":{"start":{"line":38,"column":37},"end":{"line":38,"column":63}}},"3":{"name":"(anonymous_3)","decl":{"start":{"line":41,"column":22},"end":{"line":41,"column":25}},"loc":{"start":{"line":41,"column":27},"end":{"line":73,"column":3}}},"4":{"name":"(anonymous_4)","decl":{"start":{"line":82,"column":19},"end":{"line":82,"column":22}},"loc":{"start":{"line":82,"column":25},"end":{"line":82,"column":48}}},"5":{"name":"(anonymous_5)","decl":{"start":{"line":108,"column":21},"end":{"line":108,"column":24}},"loc":{"start":{"line":108,"column":27},"end":{"line":108,"column":50}}},"6":{"name":"(anonymous_6)","decl":{"start":{"line":117,"column":24},"end":{"line":117,"column":25}},"loc":{"start":{"line":118,"column":12},"end":{"line":119,"column":null}}},"7":{"name":"(anonymous_7)","decl":{"start":{"line":121,"column":23},"end":{"line":121,"column":26}},"loc":{"start":{"line":121,"column":29},"end":{"line":121,"column":52}}},"8":{"name":"(anonymous_8)","decl":{"start":{"line":161,"column":23},"end":{"line":161,"column":26}},"loc":{"start":{"line":161,"column":29},"end":{"line":161,"column":51}}},"9":{"name":"(anonymous_9)","decl":{"start":{"line":167,"column":23},"end":{"line":167,"column":26}},"loc":{"start":{"line":167,"column":29},"end":{"line":167,"column":57}}},"10":{"name":"(anonymous_10)","decl":{"start":{"line":182,"column":25},"end":{"line":182,"column":28}},"loc":{"start":{"line":182,"column":31},"end":{"line":182,"column":57}}},"11":{"name":"(anonymous_11)","decl":{"start":{"line":196,"column":33},"end":{"line":196,"column":36}},"loc":{"start":{"line":196,"column":39},"end":{"line":196,"column":54}}},"12":{"name":"(anonymous_12)","decl":{"start":{"line":204,"column":38},"end":{"line":204,"column":39}},"loc":{"start":{"line":205,"column":22},"end":{"line":206,"column":null}}},"13":{"name":"(anonymous_13)","decl":{"start":{"line":207,"column":33},"end":{"line":207,"column":36}},"loc":{"start":{"line":207,"column":38},"end":{"line":210,"column":25}}},"14":{"name":"(anonymous_14)","decl":{"start":{"line":225,"column":29},"end":{"line":225,"column":32}},"loc":{"start":{"line":225,"column":35},"end":{"line":225,"column":55}}},"15":{"name":"(anonymous_15)","decl":{"start":{"line":241,"column":46},"end":{"line":241,"column":47}},"loc":{"start":{"line":241,"column":51},"end":{"line":241,"column":55}}}},"branchMap":{"0":{"loc":{"start":{"line":29,"column":16},"end":{"line":29,"column":34}},"type":"default-arg","locations":[{"start":{"line":29,"column":32},"end":{"line":29,"column":34}}]},"1":{"loc":{"start":{"line":43,"column":49},"end":{"line":43,"column":70}},"type":"binary-expr","locations":[{"start":{"line":43,"column":49},"end":{"line":43,"column":59}},{"start":{"line":43,"column":63},"end":{"line":43,"column":70}}]},"2":{"loc":{"start":{"line":72,"column":32},"end":{"line":72,"column":70}},"type":"binary-expr","locations":[{"start":{"line":72,"column":32},"end":{"line":72,"column":64}},{"start":{"line":72,"column":68},"end":{"line":72,"column":70}}]},"3":{"loc":{"start":{"line":72,"column":42},"end":{"line":72,"column":63}},"type":"binary-expr","locations":[{"start":{"line":72,"column":42},"end":{"line":72,"column":52}},{"start":{"line":72,"column":56},"end":{"line":72,"column":63}}]},"4":{"loc":{"start":{"line":80,"column":7},"end":{"line":84,"column":null}},"type":"binary-expr","locations":[{"start":{"line":80,"column":7},"end":{"line":80,"column":20}},{"start":{"line":81,"column":8},"end":{"line":83,"column":null}}]},"5":{"loc":{"start":{"line":90,"column":12},"end":{"line":90,"column":79}},"type":"cond-expr","locations":[{"start":{"line":90,"column":28},"end":{"line":90,"column":43}},{"start":{"line":90,"column":46},"end":{"line":90,"column":79}}]},"6":{"loc":{"start":{"line":91,"column":12},"end":{"line":91,"column":41}},"type":"cond-expr","locations":[{"start":{"line":91,"column":26},"end":{"line":91,"column":32}},{"start":{"line":91,"column":35},"end":{"line":91,"column":41}}]},"7":{"loc":{"start":{"line":92,"column":12},"end":{"line":92,"column":49}},"type":"cond-expr","locations":[{"start":{"line":92,"column":28},"end":{"line":92,"column":44}},{"start":{"line":92,"column":47},"end":{"line":92,"column":49}}]},"8":{"loc":{"start":{"line":101,"column":13},"end":{"line":104,"column":null}},"type":"binary-expr","locations":[{"start":{"line":101,"column":13},"end":{"line":101,"column":25}},{"start":{"line":102,"column":14},"end":{"line":103,"column":null}}]},"9":{"loc":{"start":{"line":124,"column":18},"end":{"line":126,"column":null}},"type":"cond-expr","locations":[{"start":{"line":125,"column":22},"end":{"line":125,"column":78}},{"start":{"line":126,"column":22},"end":{"line":126,"column":null}}]},"10":{"loc":{"start":{"line":129,"column":21},"end":{"line":129,"column":49}},"type":"cond-expr","locations":[{"start":{"line":129,"column":35},"end":{"line":129,"column":44}},{"start":{"line":129,"column":47},"end":{"line":129,"column":49}}]},"11":{"loc":{"start":{"line":133,"column":20},"end":{"line":133,"column":103}},"type":"cond-expr","locations":[{"start":{"line":133,"column":42},"end":{"line":133,"column":57}},{"start":{"line":133,"column":60},"end":{"line":133,"column":103}}]},"12":{"loc":{"start":{"line":136,"column":15},"end":{"line":136,"column":55}},"type":"binary-expr","locations":[{"start":{"line":136,"column":15},"end":{"line":136,"column":27}},{"start":{"line":136,"column":31},"end":{"line":136,"column":55}}]},"13":{"loc":{"start":{"line":146,"column":19},"end":{"line":146,"column":48}},"type":"cond-expr","locations":[{"start":{"line":146,"column":33},"end":{"line":146,"column":43}},{"start":{"line":146,"column":46},"end":{"line":146,"column":48}}]},"14":{"loc":{"start":{"line":149,"column":13},"end":{"line":149,"column":50}},"type":"binary-expr","locations":[{"start":{"line":149,"column":13},"end":{"line":149,"column":25}},{"start":{"line":149,"column":29},"end":{"line":149,"column":50}}]},"15":{"loc":{"start":{"line":155,"column":82},"end":{"line":155,"column":119}},"type":"cond-expr","locations":[{"start":{"line":155,"column":96},"end":{"line":155,"column":106}},{"start":{"line":155,"column":109},"end":{"line":155,"column":119}}]},"16":{"loc":{"start":{"line":186,"column":17},"end":{"line":187,"column":null}},"type":"binary-expr","locations":[{"start":{"line":186,"column":17},"end":{"line":186,"column":32}},{"start":{"line":187,"column":18},"end":{"line":187,"column":116}}]},"17":{"loc":{"start":{"line":190,"column":15},"end":{"line":230,"column":null}},"type":"binary-expr","locations":[{"start":{"line":190,"column":15},"end":{"line":190,"column":25}},{"start":{"line":191,"column":16},"end":{"line":229,"column":null}}]},"18":{"loc":{"start":{"line":194,"column":21},"end":{"line":200,"column":null}},"type":"binary-expr","locations":[{"start":{"line":194,"column":21},"end":{"line":194,"column":36}},{"start":{"line":195,"column":22},"end":{"line":197,"column":null}}]},"19":{"loc":{"start":{"line":212,"column":26},"end":{"line":212,"column":null}},"type":"cond-expr","locations":[{"start":{"line":212,"column":39},"end":{"line":212,"column":51}},{"start":{"line":212,"column":54},"end":{"line":212,"column":null}}]},"20":{"loc":{"start":{"line":219,"column":21},"end":{"line":220,"column":null}},"type":"binary-expr","locations":[{"start":{"line":219,"column":21},"end":{"line":219,"column":46}},{"start":{"line":220,"column":22},"end":{"line":220,"column":106}}]},"21":{"loc":{"start":{"line":241,"column":15},"end":{"line":241,"column":86}},"type":"binary-expr","locations":[{"start":{"line":241,"column":15},"end":{"line":241,"column":79}},{"start":{"line":241,"column":83},"end":{"line":241,"column":86}}]}},"s":{"0":1,"1":1,"2":1,"3":1,"4":1,"5":1,"6":1,"7":0,"8":0,"9":0,"10":0,"11":0,"12":0,"13":0,"14":0,"15":0,"16":0,"17":0,"18":0,"19":0,"20":0,"21":0,"22":0,"23":0,"24":0,"25":0,"26":0,"27":0,"28":0,"29":0,"30":0,"31":0,"32":0,"33":0,"34":0,"35":0,"36":0,"37":0,"38":0,"39":1,"40":1},"f":{"0":0,"1":0,"2":0,"3":0,"4":0,"5":0,"6":0,"7":0,"8":0,"9":0,"10":0,"11":0,"12":0,"13":0,"14":0,"15":0},"b":{"0":[0],"1":[0,0],"2":[0,0],"3":[0,0],"4":[0,0],"5":[0,0],"6":[0,0],"7":[0,0],"8":[0,0],"9":[0,0],"10":[0,0],"11":[0,0],"12":[0,0],"13":[0,0],"14":[0,0],"15":[0,0],"16":[0,0],"17":[0,0],"18":[0,0],"19":[0,0],"20":[0,0],"21":[0,0]}}
,"C:\\Users\\amanj\\OneDrive\\Documents\\project\\rakthayatra\\frontend\\src\\layouts\\RootLayout.tsx": {"path":"C:\\Users\\amanj\\OneDrive\\Documents\\project\\rakthayatra\\frontend\\src\\layouts\\RootLayout.tsx","statementMap":{"0":{"start":{"line":1,"column":0},"end":{"line":1,"column":26}},"1":{"start":{"line":2,"column":0},"end":{"line":2,"column":42}},"2":{"start":{"line":3,"column":0},"end":{"line":3,"column":73}},"3":{"start":{"line":4,"column":0},"end":{"line":4,"column":42}},"4":{"start":{"line":5,"column":0},"end":{"line":5,"column":55}},"5":{"start":{"line":6,"column":0},"end":{"line":6,"column":57}},"6":{"start":{"line":7,"column":0},"end":{"line":7,"column":60}},"7":{"start":{"line":9,"column":20},"end":{"line":17,"column":2}},"8":{"start":{"line":19,"column":36},"end":{"line":57,"column":1}},"9":{"start":{"line":20,"column":2},"end":{"line":56,"column":4}},"10":{"start":{"line":19,"column":13},"end":{"line":19,"column":36}},"11":{"start":{"line":58,"column":0},"end":{"line":58,"column":26}}},"fnMap":{"0":{"name":"(anonymous_0)","decl":{"start":{"line":19,"column":36},"end":{"line":19,"column":39}},"loc":{"start":{"line":19,"column":41},"end":{"line":57,"column":1}}}},"branchMap":{},"s":{"0":1,"1":1,"2":1,"3":1,"4":1,"5":1,"6":1,"7":1,"8":1,"9":0,"10":1,"11":1},"f":{"0":0},"b":{}}
,"C:\\Users\\amanj\\OneDrive\\Documents\\project\\rakthayatra\\frontend\\src\\services\\api.ts": {"path":"C:\\Users\\amanj\\OneDrive\\Documents\\project\\rakthayatra\\frontend\\src\\services\\api.ts","statementMap":{"0":{"start":{"line":1,"column":0},"end":{"line":1,"column":26}},"1":{"start":{"line":2,"column":0},"end":{"line":2,"column":72}},"2":{"start":{"line":4,"column":13},"end":{"line":10,"column":3}},"3":{"start":{"line":12,"column":19},"end":{"line":12,"column":24}},"4":{"start":{"line":13,"column":25},"end":{"line":13,"column":27}},"5":{"start":{"line":15,"column":21},"end":{"line":24,"column":1}},"6":{"start":{"line":16,"column":2},"end":{"line":22,"column":5}},"7":{"start":{"line":17,"column":4},"end":{"line":21,"column":5}},"8":{"start":{"line":18,"column":6},"end":{"line":18,"column":25}},"9":{"start":{"line":20,"column":6},"end":{"line":20,"column":26}},"10":{"start":{"line":23,"column":2},"end":{"line":23,"column":19}},"11":{"start":{"line":26,"column":0},"end":{"line":37,"column":2}},"12":{"start":{"line":28,"column":18},"end":{"line":28,"column":56}},"13":{"start":{"line":29,"column":4},"end":{"line":31,"column":5}},"14":{"start":{"line":30,"column":6},"end":{"line":30,"column":55}},"15":{"start":{"line":32,"column":4},"end":{"line":32,"column":18}},"16":{"start":{"line":35,"column":4},"end":{"line":35,"column":33}},"17":{"start":{"line":39,"column":0},"end":{"line":92,"column":2}},"18":{"start":{"line":40,"column":16},"end":{"line":40,"column":24}},"19":{"start":{"line":42,"column":28},"end":{"line":42,"column":40}},"20":{"start":{"line":45,"column":4},"end":{"line":47,"column":5}},"21":{"start":{"line":46,"column":6},"end":{"line":46,"column":35}},"22":{"start":{"line":49,"column":4},"end":{"line":88,"column":5}},"23":{"start":{"line":50,"column":6},"end":{"line":61,"column":7}},"24":{"start":{"line":51,"column":8},"end":{"line":60,"column":13}},"25":{"start":{"line":52,"column":10},"end":{"line":52,"column":48}},"26":{"start":{"line":55,"column":12},"end":{"line":55,"column":70}},"27":{"start":{"line":56,"column":12},"end":{"line":56,"column":46}},"28":{"start":{"line":59,"column":12},"end":{"line":59,"column":39}},"29":{"start":{"line":63,"column":6},"end":{"line":63,"column":36}},"30":{"start":{"line":64,"column":6},"end":{"line":64,"column":26}},"31":{"start":{"line":66,"column":6},"end":{"line":87,"column":7}},"32":{"start":{"line":67,"column":25},"end":{"line":67,"column":62}},"33":{"start":{"line":68,"column":32},"end":{"line":68,"column":50}},"34":{"start":{"line":69,"column":8},"end":{"line":69,"column":60}},"35":{"start":{"line":71,"column":8},"end":{"line":71,"column":82}},"36":{"start":{"line":72,"column":8},"end":{"line":72,"column":40}},"37":{"start":{"line":74,"column":8},"end":{"line":74,"column":72}},"38":{"start":{"line":75,"column":8},"end":{"line":75,"column":42}},"39":{"start":{"line":77,"column":8},"end":{"line":77,"column":41}},"40":{"start":{"line":80,"column":8},"end":{"line":80,"column":50}},"41":{"start":{"line":81,"column":8},"end":{"line":81,"column":42}},"42":{"start":{"line":82,"column":8},"end":{"line":82,"column":55}},"43":{"start":{"line":84,"column":8},"end":{"line":84,"column":44}},"44":{"start":{"line":86,"column":8},"end":{"line":86,"column":29}},"45":{"start":{"line":90,"column":4},"end":{"line":90,"column":33}}},"fnMap":{"0":{"name":"(anonymous_0)","decl":{"start":{"line":15,"column":21},"end":{"line":15,"column":22}},"loc":{"start":{"line":15,"column":65},"end":{"line":24,"column":1}}},"1":{"name":"(anonymous_1)","decl":{"start":{"line":16,"column":22},"end":{"line":16,"column":23}},"loc":{"start":{"line":16,"column":31},"end":{"line":22,"column":3}}},"2":{"name":"(anonymous_2)","decl":{"start":{"line":27,"column":2},"end":{"line":27,"column":3}},"loc":{"start":{"line":27,"column":13},"end":{"line":33,"column":3}}},"3":{"name":"(anonymous_3)","decl":{"start":{"line":34,"column":2},"end":{"line":34,"column":3}},"loc":{"start":{"line":34,"column":12},"end":{"line":36,"column":3}}},"4":{"name":"(anonymous_4)","decl":{"start":{"line":40,"column":2},"end":{"line":40,"column":3}},"loc":{"start":{"line":40,"column":16},"end":{"line":40,"column":24}}},"5":{"name":"(anonymous_5)","decl":{"start":{"line":41,"column":2},"end":{"line":41,"column":7}},"loc":{"start":{"line":41,"column":18},"end":{"line":91,"column":3}}},"6":{"name":"(anonymous_6)","decl":{"start":{"line":51,"column":27},"end":{"line":51,"column":28}},"loc":{"start":{"line":51,"column":47},"end":{"line":53,"column":9}}},"7":{"name":"(anonymous_7)","decl":{"start":{"line":54,"column":16},"end":{"line":54,"column":17}},"loc":{"start":{"line":54,"column":26},"end":{"line":57,"column":11}}},"8":{"name":"(anonymous_8)","decl":{"start":{"line":58,"column":17},"end":{"line":58,"column":18}},"loc":{"start":{"line":58,"column":25},"end":{"line":60,"column":11}}}},"branchMap":{"0":{"loc":{"start":{"line":15,"column":34},"end":{"line":15,"column":61}},"type":"default-arg","locations":[{"start":{"line":15,"column":57},"end":{"line":15,"column":61}}]},"1":{"loc":{"start":{"line":17,"column":4},"end":{"line":21,"column":5}},"type":"if","locations":[{"start":{"line":17,"column":4},"end":{"line":21,"column":5}},{"start":{"line":19,"column":11},"end":{"line":21,"column":5}}]},"2":{"loc":{"start":{"line":29,"column":4},"end":{"line":31,"column":5}},"type":"if","locations":[{"start":{"line":29,"column":4},"end":{"line":31,"column":5}}]},"3":{"loc":{"start":{"line":45,"column":4},"end":{"line":47,"column":5}},"type":"if","locations":[{"start":{"line":45,"column":4},"end":{"line":47,"column":5}}]},"4":{"loc":{"start":{"line":45,"column":8},"end":{"line":45,"column":80}},"type":"binary-expr","locations":[{"start":{"line":45,"column":8},"end":{"line":45,"column":54}},{"start":{"line":45,"column":58},"end":{"line":45,"column":80}}]},"5":{"loc":{"start":{"line":49,"column":4},"end":{"line":88,"column":5}},"type":"if","locations":[{"start":{"line":49,"column":4},"end":{"line":88,"column":5}}]},"6":{"loc":{"start":{"line":50,"column":6},"end":{"line":61,"column":7}},"type":"if","locations":[{"start":{"line":50,"column":6},"end":{"line":61,"column":7}}]}},"s":{"0":4,"1":4,"2":4,"3":4,"4":4,"5":4,"6":0,"7":0,"8":0,"9":0,"10":0,"11":4,"12":2,"13":0,"14":0,"15":0,"16":0,"17":4,"18":0,"19":2,"20":2,"21":0,"22":0,"23":0,"24":0,"25":0,"26":0,"27":0,"28":0,"29":0,"30":0,"31":0,"32":0,"33":0,"34":0,"35":0,"36":0,"37":0,"38":0,"39":0,"40":0,"41":0,"42":0,"43":0,"44":0,"45":0},"f":{"0":0,"1":0,"2":2,"3":0,"4":0,"5":2,"6":0,"7":0,"8":0},"b":{"0":[0],"1":[0,0],"2":[0],"3":[0],"4":[2,0],"5":[0],"6":[0]}}
,"C:\\Users\\amanj\\OneDrive\\Documents\\project\\rakthayatra\\frontend\\src\\utils\\validation.ts": {"path":"C:\\Users\\amanj\\OneDrive\\Documents\\project\\rakthayatra\\frontend\\src\\utils\\validation.ts","statementMap":{"0":{"start":{"line":1,"column":0},"end":{"line":1,"column":24}},"1":{"start":{"line":3,"column":13},"end":{"line":9,"column":82}},"2":{"start":{"line":11,"column":13},"end":{"line":14,"column":3}},"3":{"start":{"line":16,"column":13},"end":{"line":18,"column":3}},"4":{"start":{"line":20,"column":13},"end":{"line":28,"column":5}},"5":{"start":{"line":25,"column":20},"end":{"line":25,"column":58}},"6":{"start":{"line":30,"column":13},"end":{"line":32,"column":3}},"7":{"start":{"line":35,"column":13},"end":{"line":80,"column":4}},"8":{"start":{"line":59,"column":6},"end":{"line":61,"column":7}},"9":{"start":{"line":60,"column":8},"end":{"line":60,"column":77}},"10":{"start":{"line":62,"column":6},"end":{"line":62,"column":18}},"11":{"start":{"line":71,"column":6},"end":{"line":73,"column":7}},"12":{"start":{"line":72,"column":8},"end":{"line":72,"column":51}},"13":{"start":{"line":74,"column":6},"end":{"line":74,"column":18}}},"fnMap":{"0":{"name":"(anonymous_0)","decl":{"start":{"line":25,"column":10},"end":{"line":25,"column":11}},"loc":{"start":{"line":25,"column":20},"end":{"line":25,"column":58}}},"1":{"name":"(anonymous_1)","decl":{"start":{"line":58,"column":4},"end":{"line":58,"column":5}},"loc":{"start":{"line":58,"column":13},"end":{"line":63,"column":5}}},"2":{"name":"(anonymous_2)","decl":{"start":{"line":70,"column":4},"end":{"line":70,"column":5}},"loc":{"start":{"line":70,"column":13},"end":{"line":75,"column":5}}}},"branchMap":{"0":{"loc":{"start":{"line":59,"column":6},"end":{"line":61,"column":7}},"type":"if","locations":[{"start":{"line":59,"column":6},"end":{"line":61,"column":7}}]},"1":{"loc":{"start":{"line":60,"column":15},"end":{"line":60,"column":76}},"type":"binary-expr","locations":[{"start":{"line":60,"column":15},"end":{"line":60,"column":25}},{"start":{"line":60,"column":29},"end":{"line":60,"column":46}},{"start":{"line":60,"column":50},"end":{"line":60,"column":76}}]},"2":{"loc":{"start":{"line":71,"column":6},"end":{"line":73,"column":7}},"type":"if","locations":[{"start":{"line":71,"column":6},"end":{"line":73,"column":7}}]},"3":{"loc":{"start":{"line":71,"column":10},"end":{"line":71,"column":64}},"type":"binary-expr","locations":[{"start":{"line":71,"column":10},"end":{"line":71,"column":34}},{"start":{"line":71,"column":38},"end":{"line":71,"column":64}}]},"4":{"loc":{"start":{"line":72,"column":15},"end":{"line":72,"column":50}},"type":"binary-expr","locations":[{"start":{"line":72,"column":15},"end":{"line":72,"column":26}},{"start":{"line":72,"column":30},"end":{"line":72,"column":50}}]}},"s":{"0":2,"1":2,"2":2,"3":2,"4":2,"5":3,"6":2,"7":2,"8":4,"9":2,"10":2,"11":4,"12":2,"13":2},"f":{"0":3,"1":4,"2":4},"b":{"0":[2],"1":[2,2,2],"2":[2],"3":[4,2],"4":[2,2]}}
}
