TN:
SF:src\components\ui\Alert.tsx
FN:9,(anonymous_0)
FNF:1
FNH:1
FNDA:4,(anonymous_0)
DA:1,2
DA:2,2
DA:9,2
DA:10,4
DA:17,4
DA:24,4
DA:37,2
LF:7
LH:7
BRDA:9,0,0,0
BRDA:9,1,0,4
BRDA:31,2,0,4
BRDA:31,2,1,4
BRF:4
BRH:3
end_of_record
TN:
SF:src\components\ui\Avatar.tsx
FN:10,(anonymous_0)
FN:13,(anonymous_1)
FN:16,(anonymous_2)
FN:41,(anonymous_3)
FNF:4
FNH:3
FNDA:4,(anonymous_0)
FNDA:1,(anonymous_1)
FNDA:2,(anonymous_2)
FNDA:0,(anonymous_3)
DA:1,1
DA:10,1
DA:11,4
DA:13,4
DA:14,1
DA:16,2
DA:22,4
DA:28,4
DA:34,4
DA:41,0
DA:53,1
LF:11
LH:10
BRDA:10,0,0,1
BRDA:10,1,0,4
BRDA:37,2,0,3
BRDA:37,2,1,1
BRDA:37,3,0,4
BRDA:37,3,1,3
BRDA:45,4,0,0
BRDA:45,4,1,1
BRDA:46,5,0,1
BRDA:46,5,1,0
BRF:10
BRH:8
end_of_record
TN:
SF:src\components\ui\Badge.tsx
FN:7,(anonymous_0)
FNF:1
FNH:1
FNDA:4,(anonymous_0)
DA:1,2
DA:7,2
DA:8,4
DA:10,4
DA:18,4
DA:24,2
LF:6
LH:6
BRDA:7,0,0,0
BRDA:7,1,0,4
BRF:2
BRH:1
end_of_record
TN:
SF:src\components\ui\Breadcrumb.tsx
FN:15,(anonymous_0)
FN:24,(anonymous_1)
FNF:2
FNH:2
FNDA:1,(anonymous_0)
FNDA:2,(anonymous_1)
DA:1,1
DA:2,1
DA:3,1
DA:15,1
DA:16,1
DA:25,2
DA:43,1
LF:7
LH:7
BRDA:15,0,0,1
BRDA:27,1,0,1
BRDA:27,1,1,1
BRF:3
BRH:3
end_of_record
TN:
SF:src\components\ui\Button.tsx
FN:12,(anonymous_0)
FNF:1
FNH:1
FNDA:4,(anonymous_0)
DA:1,2
DA:2,2
DA:12,2
DA:23,4
DA:25,4
DA:33,4
DA:39,4
DA:54,2
LF:8
LH:8
BRDA:14,0,0,0
BRDA:15,1,0,0
BRDA:16,2,0,3
BRDA:19,3,0,4
BRDA:41,4,0,4
BRDA:41,4,1,4
BRDA:45,5,0,4
BRDA:45,5,1,1
BRDA:48,6,0,4
BRDA:48,6,1,3
BRDA:48,6,2,0
BRDA:50,7,0,4
BRDA:50,7,1,3
BRDA:50,7,2,0
BRF:14
BRH:10
end_of_record
TN:
SF:src\components\ui\Card.tsx
FN:3,(anonymous_0)
FN:14,(anonymous_1)
FN:22,(anonymous_2)
FN:30,(anonymous_3)
FN:38,(anonymous_4)
FN:46,(anonymous_5)
FNF:6
FNH:6
FNDA:1,(anonymous_0)
FNDA:1,(anonymous_1)
FNDA:1,(anonymous_2)
FNDA:1,(anonymous_3)
FNDA:1,(anonymous_4)
FNDA:1,(anonymous_5)
DA:1,2
DA:3,2
DA:4,1
DA:14,2
DA:15,1
DA:22,2
DA:23,1
DA:30,2
DA:31,1
DA:38,2
DA:39,1
DA:46,2
DA:47,1
LF:13
LH:13
BRDA:3,0,0,1
BRDA:14,1,0,1
BRDA:22,2,0,1
BRDA:30,3,0,1
BRDA:38,4,0,1
BRDA:46,5,0,1
BRF:6
BRH:6
end_of_record
TN:
SF:src\components\ui\Drawer.tsx
FN:14,(anonymous_0)
FN:22,(anonymous_1)
FN:23,(anonymous_2)
FN:32,(anonymous_3)
FNF:4
FNH:4
FNDA:1,(anonymous_0)
FNDA:1,(anonymous_1)
FNDA:1,(anonymous_2)
FNDA:1,(anonymous_3)
DA:1,1
DA:2,1
DA:3,1
DA:14,1
DA:22,1
DA:23,1
DA:24,1
DA:27,1
DA:28,1
DA:29,1
DA:32,1
DA:33,1
DA:34,1
DA:38,1
DA:40,1
DA:45,1
DA:88,1
LF:17
LH:17
BRDA:20,0,0,1
BRDA:24,1,0,1
BRDA:27,2,0,1
BRDA:38,3,0,0
BRDA:56,4,0,0
BRDA:56,4,1,1
BRDA:78,5,0,1
BRDA:78,5,1,0
BRF:8
BRH:5
end_of_record
TN:
SF:src\components\ui\EmptyState.tsx
FN:14,(anonymous_0)
FNF:1
FNH:1
FNDA:1,(anonymous_0)
DA:1,1
DA:2,1
DA:3,1
DA:14,1
DA:22,1
DA:42,1
LF:6
LH:6
BRDA:15,0,0,0
BRDA:16,1,0,0
BRDA:20,2,0,1
BRDA:26,3,0,1
BRDA:26,3,1,0
BRDA:34,4,0,1
BRDA:34,4,1,0
BRDA:34,4,2,0
BRF:8
BRH:3
end_of_record
TN:
SF:src\components\ui\Input.tsx
FN:12,(anonymous_0)
FNF:1
FNH:1
FNDA:1,(anonymous_0)
DA:1,2
DA:11,2
DA:13,1
DA:56,2
DA:57,2
LF:5
LH:5
BRDA:12,0,0,1
BRDA:15,1,0,1
BRDA:15,1,1,1
BRDA:21,2,0,1
BRDA:21,2,1,0
BRDA:29,3,0,1
BRDA:29,3,1,0
BRDA:31,4,0,0
BRDA:31,4,1,1
BRDA:32,5,0,0
BRDA:32,5,1,1
BRDA:33,6,0,1
BRDA:33,6,1,0
BRDA:39,7,0,1
BRDA:39,7,1,0
BRDA:45,8,0,1
BRDA:45,8,1,1
BRDA:48,9,0,1
BRDA:48,9,1,0
BRDA:48,9,2,0
BRF:20
BRH:12
end_of_record
TN:
SF:src\components\ui\Modal.tsx
FN:14,(anonymous_0)
FN:22,(anonymous_1)
FN:23,(anonymous_2)
FN:32,(anonymous_3)
FNF:4
FNH:3
FNDA:1,(anonymous_0)
FNDA:1,(anonymous_1)
FNDA:0,(anonymous_2)
FNDA:1,(anonymous_3)
DA:1,1
DA:2,1
DA:3,1
DA:14,1
DA:22,1
DA:23,1
DA:24,0
DA:27,1
DA:28,1
DA:29,1
DA:32,1
DA:33,1
DA:34,1
DA:38,1
DA:40,1
DA:47,1
DA:89,1
LF:17
LH:16
BRDA:20,0,0,1
BRDA:24,1,0,0
BRDA:27,2,0,1
BRDA:38,3,0,0
BRDA:79,4,0,1
BRDA:79,4,1,0
BRF:6
BRH:3
end_of_record
TN:
SF:src\components\ui\Pagination.tsx
FN:12,(anonymous_0)
FN:34,(anonymous_1)
FN:43,(anonymous_2)
FNF:3
FNH:3
FNDA:2,(anonymous_0)
FNDA:1,(anonymous_1)
FNDA:1,(anonymous_2)
DA:1,1
DA:2,1
DA:3,1
DA:12,1
DA:18,2
DA:20,1
DA:34,1
DA:43,1
DA:52,1
LF:9
LH:9
BRDA:16,0,0,2
BRDA:18,1,0,1
BRF:2
BRH:2
end_of_record
TN:
SF:src\components\ui\Table.tsx
FN:3,(anonymous_0)
FN:13,(anonymous_1)
FN:21,(anonymous_2)
FN:29,(anonymous_3)
FN:37,(anonymous_4)
FN:45,(anonymous_5)
FNF:6
FNH:6
FNDA:1,(anonymous_0)
FNDA:1,(anonymous_1)
FNDA:1,(anonymous_2)
FNDA:1,(anonymous_3)
FNDA:1,(anonymous_4)
FNDA:1,(anonymous_5)
DA:1,2
DA:3,2
DA:4,1
DA:13,2
DA:14,1
DA:21,2
DA:22,1
DA:29,2
DA:30,1
DA:37,2
DA:38,1
DA:45,2
DA:46,1
LF:13
LH:13
BRDA:3,0,0,1
BRDA:13,1,0,1
BRDA:21,2,0,1
BRDA:29,3,0,1
BRDA:37,4,0,1
BRDA:45,5,0,1
BRF:6
BRH:6
end_of_record
TN:
SF:src\contexts\AuthContext.tsx
FN:20,(anonymous_0)
FN:25,(anonymous_1)
FN:39,(anonymous_2)
FN:47,(anonymous_3)
FN:48,(anonymous_4)
FN:57,(anonymous_5)
FN:68,(anonymous_6)
FN:73,(anonymous_7)
FN:78,(anonymous_8)
FN:100,(anonymous_9)
FN:110,(anonymous_10)
FN:131,(anonymous_11)
FNF:12
FNH:10
FNDA:1,(anonymous_0)
FNDA:2,(anonymous_1)
FNDA:4,(anonymous_2)
FNDA:1,(anonymous_3)
FNDA:1,(anonymous_4)
FNDA:0,(anonymous_5)
FNDA:0,(anonymous_6)
FNDA:1,(anonymous_7)
FNDA:2,(anonymous_8)
FNDA:2,(anonymous_9)
FNDA:2,(anonymous_10)
FNDA:2,(anonymous_11)
DA:1,2
DA:3,2
DA:4,2
DA:18,2
DA:20,2
DA:21,1
DA:22,1
DA:23,1
DA:25,1
DA:26,2
DA:27,2
DA:28,1
DA:29,1
DA:30,1
DA:31,1
DA:35,1
DA:39,1
DA:40,4
DA:41,4
DA:42,4
DA:43,4
DA:47,1
DA:48,1
DA:49,1
DA:50,1
DA:52,1
DA:53,0
DA:54,0
DA:57,0
DA:58,0
DA:61,1
DA:65,1
DA:68,1
DA:69,0
DA:72,1
DA:73,1
DA:74,1
DA:78,1
DA:79,2
DA:80,2
DA:81,2
DA:82,1
DA:85,1
DA:86,1
DA:88,1
DA:89,1
DA:91,1
DA:93,1
DA:94,1
DA:96,2
DA:100,1
DA:101,2
DA:102,2
DA:103,2
DA:104,1
DA:106,2
DA:110,1
DA:111,2
DA:112,2
DA:113,2
DA:115,1
DA:116,1
DA:118,1
DA:119,0
DA:120,0
DA:121,0
DA:122,0
DA:125,1
DA:127,2
DA:131,1
DA:132,2
DA:133,2
DA:135,2
DA:139,2
DA:140,2
DA:144,1
LF:76
LH:67
BRDA:28,0,0,1
BRDA:28,1,0,1
BRDA:28,1,1,1
BRDA:52,2,0,0
BRDA:52,2,1,1
BRDA:52,3,0,1
BRDA:52,3,1,0
BRDA:115,4,0,1
BRDA:115,5,0,1
BRDA:115,5,1,1
BRDA:118,6,0,0
BRDA:118,7,0,1
BRDA:118,7,1,0
BRF:13
BRH:9
end_of_record
TN:
SF:src\contexts\ThemeContext.tsx
FN:12,(anonymous_0)
FN:13,(anonymous_1)
FN:20,(anonymous_2)
FN:32,(anonymous_3)
FN:33,(anonymous_4)
FN:43,(anonymous_5)
FNF:6
FNH:6
FNDA:1,(anonymous_0)
FNDA:1,(anonymous_1)
FNDA:1,(anonymous_2)
FNDA:1,(anonymous_3)
FNDA:2,(anonymous_4)
FNDA:1,(anonymous_5)
DA:1,2
DA:10,2
DA:12,2
DA:13,1
DA:14,1
DA:15,1
DA:17,0
DA:20,1
DA:21,1
DA:22,1
DA:23,1
DA:24,1
DA:25,1
DA:27,0
DA:28,0
DA:32,1
DA:33,2
DA:36,1
DA:43,2
DA:44,1
DA:45,1
DA:46,0
DA:48,1
DA:50,2
LF:24
LH:20
BRDA:15,0,0,1
BRDA:15,1,0,1
BRDA:15,1,1,1
BRDA:23,2,0,1
BRDA:23,2,1,0
BRDA:33,3,0,1
BRDA:33,3,1,1
BRDA:45,4,0,0
BRF:8
BRH:6
end_of_record
TN:
SF:src\hooks\useAdminManagement.ts
FN:14,(anonymous_0)
FN:19,(anonymous_1)
FN:21,(anonymous_2)
FN:35,(anonymous_3)
FN:37,(anonymous_4)
FN:40,(anonymous_5)
FN:44,(anonymous_6)
FN:50,(anonymous_7)
FN:51,(anonymous_8)
FN:54,(anonymous_9)
FNF:10
FNH:9
FNDA:3,(anonymous_0)
FNDA:2,(anonymous_1)
FNDA:1,(anonymous_2)
FNDA:2,(anonymous_3)
FNDA:1,(anonymous_4)
FNDA:2,(anonymous_5)
FNDA:0,(anonymous_6)
FNDA:2,(anonymous_7)
FNDA:1,(anonymous_8)
FNDA:2,(anonymous_9)
DA:1,2
DA:2,2
DA:3,2
DA:14,2
DA:15,3
DA:17,3
DA:20,2
DA:21,2
DA:22,2
DA:29,0
DA:34,3
DA:37,2
DA:38,2
DA:41,2
DA:42,2
DA:45,0
DA:49,3
DA:51,2
DA:52,2
DA:55,2
DA:56,2
DA:60,3
LF:22
LH:20
BRDA:22,0,0,1
BRDA:22,0,1,1
BRDA:61,1,0,3
BRDA:61,1,1,0
BRF:4
BRH:3
end_of_record
TN:
SF:src\hooks\useAuth.ts
FN:4,(anonymous_0)
FNF:1
FNH:1
FNDA:1,(anonymous_0)
DA:1,2
DA:2,2
DA:4,2
DA:5,1
DA:6,1
DA:7,0
DA:9,1
LF:7
LH:6
BRDA:6,0,0,0
BRF:1
BRH:0
end_of_record
TN:
SF:src\hooks\useBloodRequests.ts
FN:21,(anonymous_0)
FN:26,(anonymous_1)
FN:28,(anonymous_2)
FN:61,(anonymous_3)
FN:71,(anonymous_4)
FN:75,(anonymous_5)
FN:79,(anonymous_6)
FN:85,(anonymous_7)
FN:89,(anonymous_8)
FN:93,(anonymous_9)
FN:99,(anonymous_10)
FN:103,(anonymous_11)
FN:107,(anonymous_12)
FN:113,(anonymous_13)
FN:117,(anonymous_14)
FN:121,(anonymous_15)
FN:127,(anonymous_16)
FN:131,(anonymous_17)
FN:135,(anonymous_18)
FNF:19
FNH:15
FNDA:3,(anonymous_0)
FNDA:2,(anonymous_1)
FNDA:1,(anonymous_2)
FNDA:0,(anonymous_3)
FNDA:2,(anonymous_4)
FNDA:1,(anonymous_5)
FNDA:1,(anonymous_6)
FNDA:2,(anonymous_7)
FNDA:1,(anonymous_8)
FNDA:1,(anonymous_9)
FNDA:0,(anonymous_10)
FNDA:0,(anonymous_11)
FNDA:0,(anonymous_12)
FNDA:2,(anonymous_13)
FNDA:1,(anonymous_14)
FNDA:1,(anonymous_15)
FNDA:2,(anonymous_16)
FNDA:1,(anonymous_17)
FNDA:1,(anonymous_18)
DA:1,2
DA:2,2
DA:3,2
DA:21,2
DA:22,3
DA:24,3
DA:27,2
DA:28,2
DA:29,2
DA:60,2
DA:61,1
DA:63,1
DA:65,1
DA:70,3
DA:72,2
DA:73,1
DA:76,1
DA:77,1
DA:80,1
DA:84,3
DA:86,2
DA:87,1
DA:90,1
DA:91,1
DA:94,1
DA:98,3
DA:100,0
DA:101,0
DA:104,0
DA:105,0
DA:108,0
DA:112,3
DA:114,2
DA:115,1
DA:118,1
DA:119,1
DA:122,1
DA:126,3
DA:128,2
DA:129,1
DA:132,1
DA:133,1
DA:136,1
DA:140,3
LF:44
LH:39
BRDA:29,0,0,2
BRDA:29,0,1,1
BRDA:60,1,0,1
BRF:3
BRH:3
end_of_record
TN:
SF:src\hooks\useCamps.ts
FN:19,(anonymous_0)
FN:24,(anonymous_1)
FN:26,(anonymous_2)
FN:62,(anonymous_3)
FN:66,(anonymous_4)
FN:70,(anonymous_5)
FN:76,(anonymous_6)
FN:80,(anonymous_7)
FN:83,(anonymous_8)
FN:89,(anonymous_9)
FN:97,(anonymous_10)
FN:100,(anonymous_11)
FN:106,(anonymous_12)
FN:112,(anonymous_13)
FN:115,(anonymous_14)
FNF:15
FNH:15
FNDA:3,(anonymous_0)
FNDA:2,(anonymous_1)
FNDA:1,(anonymous_2)
FNDA:2,(anonymous_3)
FNDA:1,(anonymous_4)
FNDA:1,(anonymous_5)
FNDA:2,(anonymous_6)
FNDA:1,(anonymous_7)
FNDA:1,(anonymous_8)
FNDA:2,(anonymous_9)
FNDA:1,(anonymous_10)
FNDA:1,(anonymous_11)
FNDA:2,(anonymous_12)
FNDA:1,(anonymous_13)
FNDA:1,(anonymous_14)
DA:1,2
DA:2,2
DA:3,2
DA:19,2
DA:20,3
DA:22,3
DA:25,2
DA:26,2
DA:27,2
DA:56,0
DA:61,3
DA:63,2
DA:64,1
DA:67,1
DA:68,1
DA:71,1
DA:75,3
DA:77,2
DA:78,1
DA:81,1
DA:84,1
DA:88,3
DA:90,2
DA:95,1
DA:98,1
DA:101,1
DA:105,3
DA:107,2
DA:110,1
DA:113,1
DA:116,1
DA:120,3
LF:32
LH:31
BRDA:27,0,0,2
BRDA:27,0,1,1
BRF:2
BRH:2
end_of_record
TN:
SF:src\hooks\useDashboardData.ts
FN:27,(anonymous_0)
FN:30,(anonymous_1)
FN:33,(anonymous_2)
FN:34,(anonymous_3)
FN:68,(anonymous_4)
FN:71,(anonymous_5)
FN:74,(anonymous_6)
FN:100,(anonymous_7)
FN:103,(anonymous_8)
FN:105,(anonymous_9)
FN:110,(anonymous_10)
FN:111,(anonymous_11)
FN:129,(anonymous_12)
FN:132,(anonymous_13)
FN:134,(anonymous_14)
FN:140,(anonymous_15)
FN:158,(anonymous_16)
FN:161,(anonymous_17)
FN:163,(anonymous_18)
FN:166,(anonymous_19)
FN:171,(anonymous_20)
FNF:21
FNH:20
FNDA:3,(anonymous_0)
FNDA:3,(anonymous_1)
FNDA:2,(anonymous_2)
FNDA:2,(anonymous_3)
FNDA:2,(anonymous_4)
FNDA:2,(anonymous_5)
FNDA:0,(anonymous_6)
FNDA:2,(anonymous_7)
FNDA:2,(anonymous_8)
FNDA:1,(anonymous_9)
FNDA:2,(anonymous_10)
FNDA:2,(anonymous_11)
FNDA:2,(anonymous_12)
FNDA:2,(anonymous_13)
FNDA:1,(anonymous_14)
FNDA:2,(anonymous_15)
FNDA:2,(anonymous_16)
FNDA:2,(anonymous_17)
FNDA:1,(anonymous_18)
FNDA:2,(anonymous_19)
FNDA:2,(anonymous_20)
DA:1,2
DA:2,2
DA:27,2
DA:28,3
DA:31,3
DA:32,3
DA:33,2
DA:34,2
DA:38,3
DA:52,0
DA:68,2
DA:69,2
DA:72,2
DA:73,2
DA:74,0
DA:77,2
DA:79,2
DA:93,0
DA:100,2
DA:101,2
DA:104,2
DA:105,2
DA:106,2
DA:108,2
DA:110,2
DA:111,2
DA:122,0
DA:129,2
DA:130,2
DA:133,2
DA:134,2
DA:135,2
DA:137,2
DA:140,2
DA:151,0
DA:158,2
DA:159,2
DA:162,2
DA:163,2
DA:164,2
DA:166,2
DA:168,2
DA:171,2
DA:182,0
LF:44
LH:38
BRDA:41,0,0,3
BRDA:41,0,1,2
BRDA:73,1,0,0
BRDA:73,1,1,2
BRDA:77,2,0,2
BRDA:77,2,1,2
BRDA:81,3,0,2
BRDA:81,3,1,2
BRDA:82,4,0,2
BRDA:82,4,1,0
BRDA:82,5,0,2
BRDA:82,5,1,0
BRDA:82,6,0,2
BRDA:82,6,1,0
BRDA:83,7,0,2
BRDA:83,7,1,0
BRDA:106,8,0,2
BRDA:106,8,1,1
BRDA:110,9,0,2
BRDA:110,9,1,2
BRDA:110,10,0,2
BRDA:110,10,1,2
BRDA:111,11,0,2
BRDA:111,11,1,2
BRDA:135,12,0,2
BRDA:135,12,1,1
BRDA:139,13,0,2
BRDA:139,13,1,1
BRDA:140,14,0,2
BRDA:140,14,1,2
BRDA:164,15,0,2
BRDA:164,15,1,1
BRDA:166,16,0,2
BRDA:166,16,1,0
BRDA:170,17,0,2
BRDA:170,17,1,1
BRDA:171,18,0,2
BRDA:171,18,1,1
BRF:38
BRH:32
end_of_record
TN:
SF:src\hooks\useDonations.ts
FN:19,(anonymous_0)
FN:24,(anonymous_1)
FN:27,(anonymous_2)
FN:61,(anonymous_3)
FN:65,(anonymous_4)
FN:70,(anonymous_5)
FN:81,(anonymous_6)
FN:88,(anonymous_7)
FN:93,(anonymous_8)
FN:99,(anonymous_9)
FN:103,(anonymous_10)
FN:107,(anonymous_11)
FNF:12
FNH:12
FNDA:3,(anonymous_0)
FNDA:2,(anonymous_1)
FNDA:1,(anonymous_2)
FNDA:2,(anonymous_3)
FNDA:1,(anonymous_4)
FNDA:1,(anonymous_5)
FNDA:2,(anonymous_6)
FNDA:1,(anonymous_7)
FNDA:1,(anonymous_8)
FNDA:2,(anonymous_9)
FNDA:1,(anonymous_10)
FNDA:1,(anonymous_11)
DA:1,2
DA:2,2
DA:3,2
DA:19,2
DA:20,3
DA:22,3
DA:25,2
DA:26,2
DA:27,2
DA:28,2
DA:55,0
DA:60,3
DA:62,2
DA:63,1
DA:66,1
DA:67,1
DA:68,1
DA:71,1
DA:72,1
DA:73,0
DA:75,1
DA:80,3
DA:82,2
DA:86,1
DA:89,1
DA:90,1
DA:91,1
DA:94,1
DA:98,3
DA:100,2
DA:101,1
DA:104,1
DA:105,1
DA:108,1
DA:112,3
LF:35
LH:33
BRDA:26,0,0,0
BRDA:26,0,1,2
BRDA:28,1,0,2
BRDA:28,1,1,1
BRDA:31,2,0,1
BRDA:31,2,1,1
BRDA:42,3,0,1
BRDA:42,3,1,1
BRDA:71,4,0,1
BRDA:71,4,1,1
BRDA:72,5,0,0
BRDA:72,5,1,1
BRDA:72,6,0,1
BRDA:72,6,1,1
BRF:14
BRH:12
end_of_record
TN:
SF:src\hooks\useEligibility.ts
FN:11,(anonymous_0)
FN:16,(anonymous_1)
FN:19,(anonymous_2)
FN:33,(anonymous_3)
FN:44,(anonymous_4)
FN:55,(anonymous_5)
FNF:6
FNH:6
FNDA:3,(anonymous_0)
FNDA:2,(anonymous_1)
FNDA:1,(anonymous_2)
FNDA:2,(anonymous_3)
FNDA:1,(anonymous_4)
FNDA:1,(anonymous_5)
DA:1,2
DA:2,2
DA:3,2
DA:11,2
DA:12,3
DA:14,3
DA:17,2
DA:18,2
DA:19,2
DA:20,2
DA:26,0
DA:32,3
DA:41,2
DA:42,1
DA:45,1
DA:46,1
DA:48,1
DA:49,1
DA:50,0
DA:52,1
DA:57,1
DA:61,3
LF:22
LH:20
BRDA:18,0,0,0
BRDA:20,1,0,2
BRDA:20,1,1,1
BRDA:49,2,0,0
BRDA:49,2,1,1
BRF:5
BRH:3
end_of_record
TN:
SF:src\hooks\useInventory.ts
FN:17,(anonymous_0)
FN:22,(anonymous_1)
FN:24,(anonymous_2)
FN:37,(anonymous_3)
FN:41,(anonymous_4)
FN:45,(anonymous_5)
FN:52,(anonymous_6)
FN:56,(anonymous_7)
FN:60,(anonymous_8)
FNF:9
FNH:9
FNDA:3,(anonymous_0)
FNDA:2,(anonymous_1)
FNDA:1,(anonymous_2)
FNDA:2,(anonymous_3)
FNDA:1,(anonymous_4)
FNDA:1,(anonymous_5)
FNDA:2,(anonymous_6)
FNDA:1,(anonymous_7)
FNDA:1,(anonymous_8)
DA:1,2
DA:2,2
DA:3,2
DA:17,2
DA:18,3
DA:20,3
DA:23,2
DA:24,2
DA:25,2
DA:31,0
DA:36,3
DA:38,2
DA:39,1
DA:42,1
DA:43,1
DA:47,1
DA:51,3
DA:53,2
DA:54,1
DA:57,1
DA:58,1
DA:61,1
DA:65,3
LF:23
LH:22
BRDA:25,0,0,2
BRDA:25,0,1,1
BRF:2
BRH:2
end_of_record
TN:
SF:src\hooks\useMapsLocations.ts
FN:15,(anonymous_0)
FN:18,(anonymous_1)
FN:21,(anonymous_2)
FNF:3
FNH:2
FNDA:2,(anonymous_0)
FNDA:1,(anonymous_1)
FNDA:0,(anonymous_2)
DA:1,2
DA:2,2
DA:15,2
DA:16,2
DA:19,1
DA:21,1
DA:24,1
DA:32,0
LF:8
LH:7
BRF:0
BRH:0
end_of_record
TN:
SF:src\hooks\useNotifications.ts
FN:14,(anonymous_0)
FN:19,(anonymous_1)
FN:21,(anonymous_2)
FN:55,(anonymous_3)
FN:60,(anonymous_4)
FN:68,(anonymous_5)
FN:69,(anonymous_6)
FN:75,(anonymous_7)
FN:82,(anonymous_8)
FN:89,(anonymous_9)
FN:93,(anonymous_10)
FN:97,(anonymous_11)
FN:98,(anonymous_12)
FN:103,(anonymous_13)
FN:108,(anonymous_14)
FN:113,(anonymous_15)
FNF:16
FNH:16
FNDA:4,(anonymous_0)
FNDA:2,(anonymous_1)
FNDA:1,(anonymous_2)
FNDA:2,(anonymous_3)
FNDA:3,(anonymous_4)
FNDA:5,(anonymous_5)
FNDA:3,(anonymous_6)
FNDA:1,(anonymous_7)
FNDA:2,(anonymous_8)
FNDA:2,(anonymous_9)
FNDA:2,(anonymous_10)
FNDA:4,(anonymous_11)
FNDA:2,(anonymous_12)
FNDA:1,(anonymous_13)
FNDA:2,(anonymous_14)
FNDA:4,(anonymous_15)
DA:1,3
DA:2,3
DA:3,3
DA:14,3
DA:15,4
DA:17,4
DA:20,2
DA:21,2
DA:22,2
DA:49,0
DA:54,4
DA:56,2
DA:57,1
DA:62,3
DA:65,3
DA:68,3
DA:69,5
DA:73,3
DA:77,1
DA:78,1
DA:80,1
DA:84,2
DA:88,4
DA:90,2
DA:91,1
DA:94,2
DA:95,2
DA:97,2
DA:98,4
DA:101,2
DA:104,1
DA:105,1
DA:109,2
DA:113,4
DA:115,4
LF:35
LH:34
BRDA:22,0,0,2
BRDA:22,0,1,1
BRDA:69,1,0,3
BRDA:69,1,1,2
BRDA:69,2,0,3
BRDA:69,2,1,0
BRDA:77,3,0,1
BRDA:98,4,0,2
BRDA:98,4,1,2
BRDA:104,5,0,1
BRDA:113,6,0,4
BRDA:113,6,1,0
BRF:12
BRH:10
end_of_record
TN:
SF:src\utils\validation.ts
FN:25,(anonymous_0)
FN:58,(anonymous_1)
FN:70,(anonymous_2)
FNF:3
FNH:3
FNDA:3,(anonymous_0)
FNDA:4,(anonymous_1)
FNDA:4,(anonymous_2)
DA:1,1
DA:3,1
DA:11,1
DA:16,1
DA:20,1
DA:25,3
DA:30,1
DA:35,1
DA:59,4
DA:60,2
DA:62,2
DA:71,4
DA:72,2
DA:74,2
LF:14
LH:14
BRDA:59,0,0,2
BRDA:60,1,0,2
BRDA:60,1,1,2
BRDA:60,1,2,2
BRDA:71,2,0,2
BRDA:71,3,0,4
BRDA:71,3,1,2
BRDA:72,4,0,2
BRDA:72,4,1,2
BRF:9
BRH:9
end_of_record
