{"C:\\Users\\amanj\\OneDrive\\Documents\\project\\rakthayatra\\backend\\src\\errors\\app-error.ts": {"path":"C:\\Users\\amanj\\OneDrive\\Documents\\project\\rakthayatra\\backend\\src\\errors\\app-error.ts","statementMap":{"0":{"start":{"line":2,"column":0},"end":{"line":2,"column":57}},"1":{"start":{"line":10,"column":4},"end":{"line":10,"column":19}},"2":{"start":{"line":11,"column":4},"end":{"line":11,"column":33}},"3":{"start":{"line":12,"column":4},"end":{"line":12,"column":31}},"4":{"start":{"line":13,"column":4},"end":{"line":13,"column":35}},"5":{"start":{"line":14,"column":4},"end":{"line":14,"column":54}},"6":{"start":{"line":15,"column":4},"end":{"line":15,"column":52}},"7":{"start":{"line":4,"column":0},"end":{"line":4,"column":13}},"8":{"start":{"line":21,"column":4},"end":{"line":21,"column":68}},"9":{"start":{"line":19,"column":0},"end":{"line":19,"column":13}},"10":{"start":{"line":27,"column":4},"end":{"line":27,"column":70}},"11":{"start":{"line":25,"column":0},"end":{"line":25,"column":13}},"12":{"start":{"line":33,"column":4},"end":{"line":33,"column":64}},"13":{"start":{"line":31,"column":0},"end":{"line":31,"column":13}},"14":{"start":{"line":39,"column":4},"end":{"line":39,"column":64}},"15":{"start":{"line":37,"column":0},"end":{"line":37,"column":13}},"16":{"start":{"line":45,"column":4},"end":{"line":45,"column":62}},"17":{"start":{"line":43,"column":0},"end":{"line":43,"column":13}},"18":{"start":{"line":51,"column":4},"end":{"line":51,"column":73}},"19":{"start":{"line":49,"column":0},"end":{"line":49,"column":13}},"20":{"start":{"line":57,"column":4},"end":{"line":57,"column":88}},"21":{"start":{"line":55,"column":0},"end":{"line":55,"column":13}}},"fnMap":{"0":{"name":"(anonymous_0)","decl":{"start":{"line":9,"column":2},"end":{"line":9,"column":14}},"loc":{"start":{"line":9,"column":86},"end":{"line":16,"column":3}}},"1":{"name":"(anonymous_1)","decl":{"start":{"line":20,"column":2},"end":{"line":20,"column":14}},"loc":{"start":{"line":20,"column":61},"end":{"line":22,"column":3}}},"2":{"name":"(anonymous_2)","decl":{"start":{"line":26,"column":2},"end":{"line":26,"column":14}},"loc":{"start":{"line":26,"column":73},"end":{"line":28,"column":3}}},"3":{"name":"(anonymous_3)","decl":{"start":{"line":32,"column":2},"end":{"line":32,"column":14}},"loc":{"start":{"line":32,"column":63},"end":{"line":34,"column":3}}},"4":{"name":"(anonymous_4)","decl":{"start":{"line":38,"column":2},"end":{"line":38,"column":14}},"loc":{"start":{"line":38,"column":68},"end":{"line":40,"column":3}}},"5":{"name":"(anonymous_5)","decl":{"start":{"line":44,"column":2},"end":{"line":44,"column":14}},"loc":{"start":{"line":44,"column":67},"end":{"line":46,"column":3}}},"6":{"name":"(anonymous_6)","decl":{"start":{"line":50,"column":2},"end":{"line":50,"column":14}},"loc":{"start":{"line":50,"column":73},"end":{"line":52,"column":3}}},"7":{"name":"(anonymous_7)","decl":{"start":{"line":56,"column":2},"end":{"line":56,"column":14}},"loc":{"start":{"line":56,"column":85},"end":{"line":58,"column":3}}}},"branchMap":{"0":{"loc":{"start":{"line":13,"column":19},"end":{"line":13,"column":34}},"type":"binary-expr","locations":[{"start":{"line":13,"column":19},"end":{"line":13,"column":26}},{"start":{"line":13,"column":30},"end":{"line":13,"column":34}}]},"1":{"loc":{"start":{"line":20,"column":14},"end":{"line":20,"column":46}},"type":"default-arg","locations":[{"start":{"line":20,"column":32},"end":{"line":20,"column":46}}]},"2":{"loc":{"start":{"line":26,"column":14},"end":{"line":26,"column":58}},"type":"default-arg","locations":[{"start":{"line":26,"column":32},"end":{"line":26,"column":58}}]},"3":{"loc":{"start":{"line":32,"column":14},"end":{"line":32,"column":48}},"type":"default-arg","locations":[{"start":{"line":32,"column":32},"end":{"line":32,"column":48}}]},"4":{"loc":{"start":{"line":38,"column":14},"end":{"line":38,"column":53}},"type":"default-arg","locations":[{"start":{"line":38,"column":32},"end":{"line":38,"column":53}}]},"5":{"loc":{"start":{"line":44,"column":14},"end":{"line":44,"column":52}},"type":"default-arg","locations":[{"start":{"line":44,"column":32},"end":{"line":44,"column":52}}]},"6":{"loc":{"start":{"line":50,"column":14},"end":{"line":50,"column":58}},"type":"default-arg","locations":[{"start":{"line":50,"column":32},"end":{"line":50,"column":58}}]},"7":{"loc":{"start":{"line":56,"column":14},"end":{"line":56,"column":70}},"type":"default-arg","locations":[{"start":{"line":56,"column":32},"end":{"line":56,"column":70}}]}},"s":{"0":14,"1":25,"2":25,"3":25,"4":25,"5":25,"6":25,"7":14,"8":17,"9":14,"10":1,"11":14,"12":3,"13":14,"14":2,"15":14,"16":1,"17":14,"18":0,"19":14,"20":1,"21":14},"f":{"0":25,"1":17,"2":1,"3":3,"4":2,"5":1,"6":0,"7":1},"b":{"0":[25,25],"1":[0],"2":[1],"3":[1],"4":[1],"5":[0],"6":[0],"7":[1]}}
,"C:\\Users\\amanj\\OneDrive\\Documents\\project\\rakthayatra\\backend\\src\\middlewares\\auth.middleware.ts": {"path":"C:\\Users\\amanj\\OneDrive\\Documents\\project\\rakthayatra\\backend\\src\\middlewares\\auth.middleware.ts","statementMap":{"0":{"start":{"line":8,"column":0},"end":{"line":8,"column":16}},"1":{"start":{"line":37,"column":0},"end":{"line":37,"column":16}},"2":{"start":{"line":2,"column":0},"end":{"line":2,"column":66}},"3":{"start":{"line":9,"column":21},"end":{"line":9,"column":46}},"4":{"start":{"line":10,"column":2},"end":{"line":18,"column":3}},"5":{"start":{"line":11,"column":4},"end":{"line":17,"column":7}},"6":{"start":{"line":20,"column":16},"end":{"line":20,"column":40}},"7":{"start":{"line":21,"column":18},"end":{"line":21,"column":42}},"8":{"start":{"line":23,"column":2},"end":{"line":31,"column":3}},"9":{"start":{"line":24,"column":4},"end":{"line":30,"column":7}},"10":{"start":{"line":33,"column":2},"end":{"line":33,"column":21}},"11":{"start":{"line":34,"column":2},"end":{"line":34,"column":16}},"12":{"start":{"line":38,"column":2},"end":{"line":60,"column":4}},"13":{"start":{"line":39,"column":4},"end":{"line":47,"column":5}},"14":{"start":{"line":40,"column":6},"end":{"line":46,"column":9}},"15":{"start":{"line":49,"column":4},"end":{"line":57,"column":5}},"16":{"start":{"line":50,"column":6},"end":{"line":56,"column":9}},"17":{"start":{"line":59,"column":4},"end":{"line":59,"column":18}}},"fnMap":{"0":{"name":"authenticate","decl":{"start":{"line":8,"column":16},"end":{"line":8,"column":28}},"loc":{"start":{"line":8,"column":89},"end":{"line":35,"column":1}}},"1":{"name":"requireRoles","decl":{"start":{"line":37,"column":16},"end":{"line":37,"column":28}},"loc":{"start":{"line":37,"column":51},"end":{"line":61,"column":1}}},"2":{"name":"(anonymous_2)","decl":{"start":{"line":38,"column":9},"end":{"line":38,"column":10}},"loc":{"start":{"line":38,"column":74},"end":{"line":60,"column":3}}}},"branchMap":{"0":{"loc":{"start":{"line":10,"column":2},"end":{"line":18,"column":3}},"type":"if","locations":[{"start":{"line":10,"column":2},"end":{"line":18,"column":3}}]},"1":{"loc":{"start":{"line":10,"column":6},"end":{"line":10,"column":54}},"type":"binary-expr","locations":[{"start":{"line":10,"column":6},"end":{"line":10,"column":17}},{"start":{"line":10,"column":21},"end":{"line":10,"column":54}}]},"2":{"loc":{"start":{"line":23,"column":2},"end":{"line":31,"column":3}},"type":"if","locations":[{"start":{"line":23,"column":2},"end":{"line":31,"column":3}}]},"3":{"loc":{"start":{"line":39,"column":4},"end":{"line":47,"column":5}},"type":"if","locations":[{"start":{"line":39,"column":4},"end":{"line":47,"column":5}}]},"4":{"loc":{"start":{"line":49,"column":4},"end":{"line":57,"column":5}},"type":"if","locations":[{"start":{"line":49,"column":4},"end":{"line":57,"column":5}}]}},"s":{"0":7,"1":7,"2":7,"3":36,"4":36,"5":1,"6":35,"7":35,"8":35,"9":0,"10":35,"11":35,"12":126,"13":26,"14":0,"15":26,"16":1,"17":25},"f":{"0":36,"1":126,"2":26},"b":{"0":[1],"1":[36,35],"2":[0],"3":[0],"4":[1]}}
,"C:\\Users\\amanj\\OneDrive\\Documents\\project\\rakthayatra\\backend\\src\\services\\auth.service.ts": {"path":"C:\\Users\\amanj\\OneDrive\\Documents\\project\\rakthayatra\\backend\\src\\services\\auth.service.ts","statementMap":{"0":{"start":{"line":1,"column":0},"end":{"line":1,"column":82}},"1":{"start":{"line":2,"column":0},"end":{"line":2,"column":30}},"2":{"start":{"line":3,"column":0},"end":{"line":3,"column":88}},"3":{"start":{"line":4,"column":0},"end":{"line":4,"column":47}},"4":{"start":{"line":6,"column":15},"end":{"line":6,"column":33}},"5":{"start":{"line":17,"column":17},"end":{"line":19,"column":6}},"6":{"start":{"line":20,"column":4},"end":{"line":22,"column":5}},"7":{"start":{"line":21,"column":6},"end":{"line":21,"column":72}},"8":{"start":{"line":25,"column":25},"end":{"line":27,"column":6}},"9":{"start":{"line":28,"column":4},"end":{"line":30,"column":5}},"10":{"start":{"line":29,"column":6},"end":{"line":29,"column":54}},"11":{"start":{"line":33,"column":17},"end":{"line":33,"column":41}},"12":{"start":{"line":34,"column":25},"end":{"line":34,"column":61}},"13":{"start":{"line":37,"column":19},"end":{"line":115,"column":6}},"14":{"start":{"line":38,"column":19},"end":{"line":45,"column":8}},"15":{"start":{"line":47,"column":6},"end":{"line":98,"column":7}},"16":{"start":{"line":48,"column":8},"end":{"line":50,"column":9}},"17":{"start":{"line":49,"column":10},"end":{"line":49,"column":68}},"18":{"start":{"line":51,"column":8},"end":{"line":65,"column":11}},"19":{"start":{"line":66,"column":13},"end":{"line":98,"column":7}},"20":{"start":{"line":67,"column":8},"end":{"line":69,"column":9}},"21":{"start":{"line":68,"column":10},"end":{"line":68,"column":71}},"22":{"start":{"line":70,"column":8},"end":{"line":81,"column":11}},"23":{"start":{"line":82,"column":13},"end":{"line":98,"column":7}},"24":{"start":{"line":83,"column":8},"end":{"line":85,"column":9}},"25":{"start":{"line":84,"column":10},"end":{"line":84,"column":73}},"26":{"start":{"line":86,"column":8},"end":{"line":97,"column":11}},"27":{"start":{"line":101,"column":18},"end":{"line":101,"column":31}},"28":{"start":{"line":102,"column":6},"end":{"line":102,"column":55}},"29":{"start":{"line":105,"column":6},"end":{"line":112,"column":9}},"30":{"start":{"line":114,"column":6},"end":{"line":114,"column":27}},"31":{"start":{"line":117,"column":4},"end":{"line":117,"column":18}},"32":{"start":{"line":125,"column":17},"end":{"line":128,"column":6}},"33":{"start":{"line":130,"column":4},"end":{"line":132,"column":5}},"34":{"start":{"line":131,"column":6},"end":{"line":131,"column":52}},"35":{"start":{"line":134,"column":4},"end":{"line":136,"column":5}},"36":{"start":{"line":135,"column":6},"end":{"line":135,"column":82}},"37":{"start":{"line":138,"column":20},"end":{"line":138,"column":72}},"38":{"start":{"line":139,"column":4},"end":{"line":141,"column":5}},"39":{"start":{"line":140,"column":6},"end":{"line":140,"column":52}},"40":{"start":{"line":143,"column":24},"end":{"line":143,"column":86}},"41":{"start":{"line":144,"column":31},"end":{"line":144,"column":52}},"42":{"start":{"line":145,"column":22},"end":{"line":145,"column":68}},"43":{"start":{"line":147,"column":4},"end":{"line":164,"column":7}},"44":{"start":{"line":148,"column":6},"end":{"line":154,"column":9}},"45":{"start":{"line":156,"column":6},"end":{"line":163,"column":9}},"46":{"start":{"line":166,"column":4},"end":{"line":166,"column":67}},"47":{"start":{"line":170,"column":19},"end":{"line":172,"column":6}},"48":{"start":{"line":174,"column":4},"end":{"line":189,"column":5}},"49":{"start":{"line":175,"column":6},"end":{"line":188,"column":9}},"50":{"start":{"line":176,"column":8},"end":{"line":178,"column":11}},"51":{"start":{"line":180,"column":8},"end":{"line":187,"column":11}},"52":{"start":{"line":196,"column":19},"end":{"line":199,"column":6}},"53":{"start":{"line":201,"column":4},"end":{"line":206,"column":5}},"54":{"start":{"line":202,"column":6},"end":{"line":204,"column":7}},"55":{"start":{"line":203,"column":8},"end":{"line":203,"column":71}},"56":{"start":{"line":205,"column":6},"end":{"line":205,"column":66}},"57":{"start":{"line":209,"column":27},"end":{"line":209,"column":102}},"58":{"start":{"line":210,"column":34},"end":{"line":210,"column":55}},"59":{"start":{"line":211,"column":25},"end":{"line":211,"column":71}},"60":{"start":{"line":213,"column":4},"end":{"line":234,"column":7}},"61":{"start":{"line":214,"column":6},"end":{"line":216,"column":9}},"62":{"start":{"line":218,"column":6},"end":{"line":224,"column":9}},"63":{"start":{"line":226,"column":6},"end":{"line":233,"column":9}},"64":{"start":{"line":236,"column":4},"end":{"line":236,"column":80}},"65":{"start":{"line":240,"column":22},"end":{"line":240,"column":60}},"66":{"start":{"line":241,"column":4},"end":{"line":243,"column":5}},"67":{"start":{"line":242,"column":6},"end":{"line":242,"column":49}},"68":{"start":{"line":245,"column":4},"end":{"line":245,"column":46}},"69":{"start":{"line":247,"column":17},"end":{"line":249,"column":6}},"70":{"start":{"line":251,"column":4},"end":{"line":271,"column":5}},"71":{"start":{"line":253,"column":6},"end":{"line":261,"column":7}},"72":{"start":{"line":257,"column":8},"end":{"line":260,"column":11}},"73":{"start":{"line":263,"column":6},"end":{"line":270,"column":9}},"74":{"start":{"line":275,"column":17},"end":{"line":277,"column":6}},"75":{"start":{"line":278,"column":4},"end":{"line":280,"column":5}},"76":{"start":{"line":279,"column":6},"end":{"line":279,"column":41}},"77":{"start":{"line":282,"column":16},"end":{"line":282,"column":29}},"78":{"start":{"line":283,"column":4},"end":{"line":283,"column":53}},"79":{"start":{"line":284,"column":4},"end":{"line":284,"column":15}},"80":{"start":{"line":288,"column":17},"end":{"line":290,"column":6}},"81":{"start":{"line":291,"column":4},"end":{"line":293,"column":5}},"82":{"start":{"line":292,"column":6},"end":{"line":292,"column":41}},"83":{"start":{"line":295,"column":23},"end":{"line":295,"column":44}},"84":{"start":{"line":296,"column":4},"end":{"line":296,"column":65}},"85":{"start":{"line":297,"column":4},"end":{"line":297,"column":22}},"86":{"start":{"line":301,"column":19},"end":{"line":301,"column":64}},"87":{"start":{"line":302,"column":4},"end":{"line":304,"column":5}},"88":{"start":{"line":303,"column":6},"end":{"line":303,"column":66}},"89":{"start":{"line":306,"column":4},"end":{"line":306,"column":53}},"90":{"start":{"line":308,"column":17},"end":{"line":308,"column":41}},"91":{"start":{"line":309,"column":25},"end":{"line":309,"column":61}},"92":{"start":{"line":311,"column":4},"end":{"line":325,"column":7}},"93":{"start":{"line":312,"column":6},"end":{"line":315,"column":9}},"94":{"start":{"line":317,"column":6},"end":{"line":324,"column":9}},"95":{"start":{"line":8,"column":0},"end":{"line":8,"column":13}},"96":{"start":{"line":328,"column":13},"end":{"line":328,"column":45}}},"fnMap":{"0":{"name":"(anonymous_1)","decl":{"start":{"line":9,"column":2},"end":{"line":9,"column":7}},"loc":{"start":{"line":14,"column":22},"end":{"line":118,"column":3}}},"1":{"name":"(anonymous_2)","decl":{"start":{"line":37,"column":45},"end":{"line":37,"column":50}},"loc":{"start":{"line":37,"column":58},"end":{"line":115,"column":5}}},"2":{"name":"(anonymous_3)","decl":{"start":{"line":120,"column":2},"end":{"line":120,"column":7}},"loc":{"start":{"line":123,"column":22},"end":{"line":167,"column":3}}},"3":{"name":"(anonymous_4)","decl":{"start":{"line":147,"column":30},"end":{"line":147,"column":35}},"loc":{"start":{"line":147,"column":43},"end":{"line":164,"column":5}}},"4":{"name":"(anonymous_5)","decl":{"start":{"line":169,"column":2},"end":{"line":169,"column":7}},"loc":{"start":{"line":169,"column":54},"end":{"line":190,"column":3}}},"5":{"name":"(anonymous_6)","decl":{"start":{"line":175,"column":32},"end":{"line":175,"column":37}},"loc":{"start":{"line":175,"column":45},"end":{"line":188,"column":7}}},"6":{"name":"(anonymous_7)","decl":{"start":{"line":192,"column":2},"end":{"line":192,"column":7}},"loc":{"start":{"line":194,"column":22},"end":{"line":237,"column":3}}},"7":{"name":"(anonymous_8)","decl":{"start":{"line":213,"column":30},"end":{"line":213,"column":35}},"loc":{"start":{"line":213,"column":43},"end":{"line":234,"column":5}}},"8":{"name":"(anonymous_9)","decl":{"start":{"line":239,"column":2},"end":{"line":239,"column":7}},"loc":{"start":{"line":239,"column":64},"end":{"line":272,"column":3}}},"9":{"name":"(anonymous_10)","decl":{"start":{"line":274,"column":2},"end":{"line":274,"column":7}},"loc":{"start":{"line":274,"column":31},"end":{"line":285,"column":3}}},"10":{"name":"(anonymous_11)","decl":{"start":{"line":287,"column":2},"end":{"line":287,"column":7}},"loc":{"start":{"line":287,"column":36},"end":{"line":298,"column":3}}},"11":{"name":"(anonymous_12)","decl":{"start":{"line":300,"column":2},"end":{"line":300,"column":7}},"loc":{"start":{"line":300,"column":81},"end":{"line":326,"column":3}}},"12":{"name":"(anonymous_13)","decl":{"start":{"line":311,"column":30},"end":{"line":311,"column":35}},"loc":{"start":{"line":311,"column":43},"end":{"line":325,"column":5}}}},"branchMap":{"0":{"loc":{"start":{"line":20,"column":4},"end":{"line":22,"column":5}},"type":"if","locations":[{"start":{"line":20,"column":4},"end":{"line":22,"column":5}}]},"1":{"loc":{"start":{"line":28,"column":4},"end":{"line":30,"column":5}},"type":"if","locations":[{"start":{"line":28,"column":4},"end":{"line":30,"column":5}}]},"2":{"loc":{"start":{"line":43,"column":18},"end":{"line":43,"column":120}},"type":"cond-expr","locations":[{"start":{"line":43,"column":69},"end":{"line":43,"column":86}},{"start":{"line":43,"column":89},"end":{"line":43,"column":120}}]},"3":{"loc":{"start":{"line":43,"column":18},"end":{"line":43,"column":66}},"type":"binary-expr","locations":[{"start":{"line":43,"column":18},"end":{"line":43,"column":39}},{"start":{"line":43,"column":43},"end":{"line":43,"column":66}}]},"4":{"loc":{"start":{"line":47,"column":6},"end":{"line":98,"column":7}},"type":"if","locations":[{"start":{"line":47,"column":6},"end":{"line":98,"column":7}},{"start":{"line":66,"column":13},"end":{"line":98,"column":7}}]},"5":{"loc":{"start":{"line":48,"column":8},"end":{"line":50,"column":9}},"type":"if","locations":[{"start":{"line":48,"column":8},"end":{"line":50,"column":9}}]},"6":{"loc":{"start":{"line":48,"column":12},"end":{"line":48,"column":70}},"type":"binary-expr","locations":[{"start":{"line":48,"column":12},"end":{"line":48,"column":29}},{"start":{"line":48,"column":33},"end":{"line":48,"column":47}},{"start":{"line":48,"column":51},"end":{"line":48,"column":70}}]},"7":{"loc":{"start":{"line":55,"column":20},"end":{"line":55,"column":53}},"type":"binary-expr","locations":[{"start":{"line":55,"column":20},"end":{"line":55,"column":34}},{"start":{"line":55,"column":38},"end":{"line":55,"column":53}}]},"8":{"loc":{"start":{"line":59,"column":21},"end":{"line":59,"column":49}},"type":"binary-expr","locations":[{"start":{"line":59,"column":21},"end":{"line":59,"column":36}},{"start":{"line":59,"column":40},"end":{"line":59,"column":49}}]},"9":{"loc":{"start":{"line":60,"column":22},"end":{"line":60,"column":57}},"type":"binary-expr","locations":[{"start":{"line":60,"column":22},"end":{"line":60,"column":50}},{"start":{"line":60,"column":54},"end":{"line":60,"column":57}}]},"10":{"loc":{"start":{"line":61,"column":23},"end":{"line":61,"column":59}},"type":"binary-expr","locations":[{"start":{"line":61,"column":23},"end":{"line":61,"column":52}},{"start":{"line":61,"column":56},"end":{"line":61,"column":59}}]},"11":{"loc":{"start":{"line":63,"column":25},"end":{"line":63,"column":74}},"type":"cond-expr","locations":[{"start":{"line":63,"column":57},"end":{"line":63,"column":67}},{"start":{"line":63,"column":70},"end":{"line":63,"column":74}}]},"12":{"loc":{"start":{"line":66,"column":13},"end":{"line":98,"column":7}},"type":"if","locations":[{"start":{"line":66,"column":13},"end":{"line":98,"column":7}},{"start":{"line":82,"column":13},"end":{"line":98,"column":7}}]},"13":{"loc":{"start":{"line":67,"column":8},"end":{"line":69,"column":9}},"type":"if","locations":[{"start":{"line":67,"column":8},"end":{"line":69,"column":9}}]},"14":{"loc":{"start":{"line":67,"column":12},"end":{"line":67,"column":69}},"type":"binary-expr","locations":[{"start":{"line":67,"column":12},"end":{"line":67,"column":25}},{"start":{"line":67,"column":29},"end":{"line":67,"column":51}},{"start":{"line":67,"column":55},"end":{"line":67,"column":69}}]},"15":{"loc":{"start":{"line":76,"column":21},"end":{"line":76,"column":49}},"type":"binary-expr","locations":[{"start":{"line":76,"column":21},"end":{"line":76,"column":36}},{"start":{"line":76,"column":40},"end":{"line":76,"column":49}}]},"16":{"loc":{"start":{"line":77,"column":18},"end":{"line":77,"column":43}},"type":"binary-expr","locations":[{"start":{"line":77,"column":18},"end":{"line":77,"column":30}},{"start":{"line":77,"column":34},"end":{"line":77,"column":43}}]},"17":{"loc":{"start":{"line":78,"column":22},"end":{"line":78,"column":57}},"type":"binary-expr","locations":[{"start":{"line":78,"column":22},"end":{"line":78,"column":50}},{"start":{"line":78,"column":54},"end":{"line":78,"column":57}}]},"18":{"loc":{"start":{"line":79,"column":23},"end":{"line":79,"column":59}},"type":"binary-expr","locations":[{"start":{"line":79,"column":23},"end":{"line":79,"column":52}},{"start":{"line":79,"column":56},"end":{"line":79,"column":59}}]},"19":{"loc":{"start":{"line":82,"column":13},"end":{"line":98,"column":7}},"type":"if","locations":[{"start":{"line":82,"column":13},"end":{"line":98,"column":7}}]},"20":{"loc":{"start":{"line":83,"column":8},"end":{"line":85,"column":9}},"type":"if","locations":[{"start":{"line":83,"column":8},"end":{"line":85,"column":9}}]},"21":{"loc":{"start":{"line":83,"column":12},"end":{"line":83,"column":69}},"type":"binary-expr","locations":[{"start":{"line":83,"column":12},"end":{"line":83,"column":25}},{"start":{"line":83,"column":29},"end":{"line":83,"column":51}},{"start":{"line":83,"column":55},"end":{"line":83,"column":69}}]},"22":{"loc":{"start":{"line":92,"column":21},"end":{"line":92,"column":49}},"type":"binary-expr","locations":[{"start":{"line":92,"column":21},"end":{"line":92,"column":36}},{"start":{"line":92,"column":40},"end":{"line":92,"column":49}}]},"23":{"loc":{"start":{"line":93,"column":18},"end":{"line":93,"column":43}},"type":"binary-expr","locations":[{"start":{"line":93,"column":18},"end":{"line":93,"column":30}},{"start":{"line":93,"column":34},"end":{"line":93,"column":43}}]},"24":{"loc":{"start":{"line":94,"column":22},"end":{"line":94,"column":57}},"type":"binary-expr","locations":[{"start":{"line":94,"column":22},"end":{"line":94,"column":50}},{"start":{"line":94,"column":54},"end":{"line":94,"column":57}}]},"25":{"loc":{"start":{"line":95,"column":23},"end":{"line":95,"column":59}},"type":"binary-expr","locations":[{"start":{"line":95,"column":23},"end":{"line":95,"column":52}},{"start":{"line":95,"column":56},"end":{"line":95,"column":59}}]},"26":{"loc":{"start":{"line":110,"column":21},"end":{"line":110,"column":38}},"type":"binary-expr","locations":[{"start":{"line":110,"column":21},"end":{"line":110,"column":30}},{"start":{"line":110,"column":34},"end":{"line":110,"column":38}}]},"27":{"loc":{"start":{"line":130,"column":4},"end":{"line":132,"column":5}},"type":"if","locations":[{"start":{"line":130,"column":4},"end":{"line":132,"column":5}}]},"28":{"loc":{"start":{"line":130,"column":8},"end":{"line":130,"column":31}},"type":"binary-expr","locations":[{"start":{"line":130,"column":8},"end":{"line":130,"column":13}},{"start":{"line":130,"column":17},"end":{"line":130,"column":31}}]},"29":{"loc":{"start":{"line":134,"column":4},"end":{"line":136,"column":5}},"type":"if","locations":[{"start":{"line":134,"column":4},"end":{"line":136,"column":5}}]},"30":{"loc":{"start":{"line":139,"column":4},"end":{"line":141,"column":5}},"type":"if","locations":[{"start":{"line":139,"column":4},"end":{"line":141,"column":5}}]},"31":{"loc":{"start":{"line":161,"column":21},"end":{"line":161,"column":38}},"type":"binary-expr","locations":[{"start":{"line":161,"column":21},"end":{"line":161,"column":30}},{"start":{"line":161,"column":34},"end":{"line":161,"column":38}}]},"32":{"loc":{"start":{"line":174,"column":4},"end":{"line":189,"column":5}},"type":"if","locations":[{"start":{"line":174,"column":4},"end":{"line":189,"column":5}}]},"33":{"loc":{"start":{"line":185,"column":23},"end":{"line":185,"column":40}},"type":"binary-expr","locations":[{"start":{"line":185,"column":23},"end":{"line":185,"column":32}},{"start":{"line":185,"column":36},"end":{"line":185,"column":40}}]},"34":{"loc":{"start":{"line":201,"column":4},"end":{"line":206,"column":5}},"type":"if","locations":[{"start":{"line":201,"column":4},"end":{"line":206,"column":5}}]},"35":{"loc":{"start":{"line":201,"column":8},"end":{"line":201,"column":48}},"type":"binary-expr","locations":[{"start":{"line":201,"column":8},"end":{"line":201,"column":15}},{"start":{"line":201,"column":19},"end":{"line":201,"column":48}}]},"36":{"loc":{"start":{"line":202,"column":6},"end":{"line":204,"column":7}},"type":"if","locations":[{"start":{"line":202,"column":6},"end":{"line":204,"column":7}}]},"37":{"loc":{"start":{"line":231,"column":21},"end":{"line":231,"column":38}},"type":"binary-expr","locations":[{"start":{"line":231,"column":21},"end":{"line":231,"column":30}},{"start":{"line":231,"column":34},"end":{"line":231,"column":38}}]},"38":{"loc":{"start":{"line":241,"column":4},"end":{"line":243,"column":5}},"type":"if","locations":[{"start":{"line":241,"column":4},"end":{"line":243,"column":5}}]},"39":{"loc":{"start":{"line":241,"column":8},"end":{"line":241,"column":39}},"type":"binary-expr","locations":[{"start":{"line":241,"column":8},"end":{"line":241,"column":18}},{"start":{"line":241,"column":22},"end":{"line":241,"column":39}}]},"40":{"loc":{"start":{"line":251,"column":4},"end":{"line":271,"column":5}},"type":"if","locations":[{"start":{"line":251,"column":4},"end":{"line":271,"column":5}}]},"41":{"loc":{"start":{"line":253,"column":6},"end":{"line":261,"column":7}},"type":"if","locations":[{"start":{"line":253,"column":6},"end":{"line":261,"column":7}}]},"42":{"loc":{"start":{"line":268,"column":21},"end":{"line":268,"column":38}},"type":"binary-expr","locations":[{"start":{"line":268,"column":21},"end":{"line":268,"column":30}},{"start":{"line":268,"column":34},"end":{"line":268,"column":38}}]},"43":{"loc":{"start":{"line":278,"column":4},"end":{"line":280,"column":5}},"type":"if","locations":[{"start":{"line":278,"column":4},"end":{"line":280,"column":5}}]},"44":{"loc":{"start":{"line":291,"column":4},"end":{"line":293,"column":5}},"type":"if","locations":[{"start":{"line":291,"column":4},"end":{"line":293,"column":5}}]},"45":{"loc":{"start":{"line":302,"column":4},"end":{"line":304,"column":5}},"type":"if","locations":[{"start":{"line":302,"column":4},"end":{"line":304,"column":5}}]},"46":{"loc":{"start":{"line":322,"column":21},"end":{"line":322,"column":38}},"type":"binary-expr","locations":[{"start":{"line":322,"column":21},"end":{"line":322,"column":30}},{"start":{"line":322,"column":34},"end":{"line":322,"column":38}}]}},"s":{"0":8,"1":8,"2":8,"3":8,"4":8,"5":5,"6":5,"7":1,"8":4,"9":4,"10":1,"11":3,"12":3,"13":3,"14":3,"15":3,"16":1,"17":0,"18":1,"19":2,"20":1,"21":0,"22":1,"23":1,"24":1,"25":0,"26":1,"27":3,"28":3,"29":3,"30":3,"31":3,"32":3,"33":3,"34":2,"35":1,"36":0,"37":1,"38":1,"39":0,"40":1,"41":1,"42":1,"43":1,"44":1,"45":1,"46":1,"47":0,"48":0,"49":0,"50":0,"51":0,"52":1,"53":1,"54":0,"55":0,"56":0,"57":1,"58":1,"59":1,"60":1,"61":1,"62":1,"63":1,"64":1,"65":3,"66":3,"67":1,"68":2,"69":2,"70":2,"71":2,"72":2,"73":2,"74":2,"75":2,"76":1,"77":1,"78":1,"79":1,"80":2,"81":2,"82":1,"83":1,"84":1,"85":1,"86":2,"87":2,"88":1,"89":1,"90":1,"91":1,"92":1,"93":1,"94":1,"95":8,"96":8},"f":{"0":5,"1":3,"2":3,"3":1,"4":0,"5":0,"6":1,"7":1,"8":3,"9":2,"10":2,"11":2,"12":1},"b":{"0":[1],"1":[1],"2":[1,2],"3":[3,2],"4":[1,2],"5":[0],"6":[1,1,1],"7":[1,0],"8":[1,0],"9":[1,0],"10":[1,0],"11":[1,0],"12":[1,1],"13":[0],"14":[1,1,1],"15":[1,0],"16":[1,0],"17":[1,0],"18":[1,0],"19":[1],"20":[0],"21":[1,1,1],"22":[1,0],"23":[1,0],"24":[1,0],"25":[1,0],"26":[3,2],"27":[2],"28":[3,1],"29":[0],"30":[0],"31":[1,0],"32":[0],"33":[0,0],"34":[0],"35":[1,1],"36":[0],"37":[1,1],"38":[1],"39":[3,2],"40":[2],"41":[2],"42":[2,1],"43":[1],"44":[1],"45":[1],"46":[1,1]}}
,"C:\\Users\\amanj\\OneDrive\\Documents\\project\\rakthayatra\\backend\\src\\services\\blood-request.service.ts": {"path":"C:\\Users\\amanj\\OneDrive\\Documents\\project\\rakthayatra\\backend\\src\\services\\blood-request.service.ts","statementMap":{"0":{"start":{"line":1,"column":0},"end":{"line":1,"column":103}},"1":{"start":{"line":2,"column":0},"end":{"line":2,"column":82}},"2":{"start":{"line":3,"column":0},"end":{"line":3,"column":65}},"3":{"start":{"line":4,"column":0},"end":{"line":4,"column":74}},"4":{"start":{"line":5,"column":0},"end":{"line":5,"column":75}},"5":{"start":{"line":6,"column":0},"end":{"line":6,"column":69}},"6":{"start":{"line":7,"column":0},"end":{"line":7,"column":65}},"7":{"start":{"line":8,"column":0},"end":{"line":8,"column":45}},"8":{"start":{"line":9,"column":0},"end":{"line":9,"column":53}},"9":{"start":{"line":10,"column":0},"end":{"line":10,"column":38}},"10":{"start":{"line":12,"column":15},"end":{"line":12,"column":33}},"11":{"start":{"line":31,"column":4},"end":{"line":33,"column":5}},"12":{"start":{"line":32,"column":6},"end":{"line":32,"column":78}},"13":{"start":{"line":35,"column":4},"end":{"line":37,"column":5}},"14":{"start":{"line":36,"column":6},"end":{"line":36,"column":66}},"15":{"start":{"line":40,"column":22},"end":{"line":40,"column":32}},"16":{"start":{"line":41,"column":4},"end":{"line":45,"column":5}},"17":{"start":{"line":42,"column":6},"end":{"line":42,"column":49}},"18":{"start":{"line":44,"column":6},"end":{"line":44,"column":49}},"19":{"start":{"line":48,"column":35},"end":{"line":48,"column":37}},"20":{"start":{"line":50,"column":20},"end":{"line":131,"column":6}},"21":{"start":{"line":51,"column":26},"end":{"line":51,"column":63}},"22":{"start":{"line":52,"column":23},"end":{"line":52,"column":52}},"23":{"start":{"line":53,"column":27},"end":{"line":53,"column":60}},"24":{"start":{"line":56,"column":19},"end":{"line":56,"column":60}},"25":{"start":{"line":57,"column":6},"end":{"line":59,"column":7}},"26":{"start":{"line":58,"column":8},"end":{"line":58,"column":69}},"27":{"start":{"line":62,"column":21},"end":{"line":73,"column":8}},"28":{"start":{"line":76,"column":6},"end":{"line":85,"column":9}},"29":{"start":{"line":88,"column":6},"end":{"line":128,"column":7}},"30":{"start":{"line":89,"column":33},"end":{"line":89,"column":69}},"31":{"start":{"line":92,"column":24},"end":{"line":92,"column":34}},"32":{"start":{"line":93,"column":24},"end":{"line":93,"column":78}},"33":{"start":{"line":95,"column":23},"end":{"line":95,"column":46}},"34":{"start":{"line":96,"column":23},"end":{"line":96,"column":46}},"35":{"start":{"line":97,"column":23},"end":{"line":97,"column":57}},"36":{"start":{"line":98,"column":23},"end":{"line":98,"column":57}},"37":{"start":{"line":101,"column":27},"end":{"line":114,"column":10}},"38":{"start":{"line":117,"column":8},"end":{"line":127,"column":9}},"39":{"start":{"line":118,"column":27},"end":{"line":122,"column":null}},"40":{"start":{"line":124,"column":10},"end":{"line":126,"column":11}},"41":{"start":{"line":125,"column":12},"end":{"line":125,"column":50}},"42":{"start":{"line":130,"column":6},"end":{"line":130,"column":20}},"43":{"start":{"line":134,"column":4},"end":{"line":147,"column":5}},"44":{"start":{"line":135,"column":6},"end":{"line":146,"column":8}},"45":{"start":{"line":137,"column":10},"end":{"line":144,"column":105}},"46":{"start":{"line":144,"column":28},"end":{"line":144,"column":104}},"47":{"start":{"line":149,"column":4},"end":{"line":149,"column":19}},"48":{"start":{"line":161,"column":20},"end":{"line":263,"column":6}},"49":{"start":{"line":162,"column":26},"end":{"line":162,"column":63}},"50":{"start":{"line":163,"column":27},"end":{"line":163,"column":60}},"51":{"start":{"line":164,"column":28},"end":{"line":164,"column":62}},"52":{"start":{"line":166,"column":28},"end":{"line":166,"column":65}},"53":{"start":{"line":167,"column":6},"end":{"line":169,"column":7}},"54":{"start":{"line":168,"column":8},"end":{"line":168,"column":67}},"55":{"start":{"line":171,"column":28},"end":{"line":171,"column":48}},"56":{"start":{"line":174,"column":6},"end":{"line":243,"column":7}},"57":{"start":{"line":175,"column":8},"end":{"line":177,"column":9}},"58":{"start":{"line":176,"column":10},"end":{"line":176,"column":94}},"59":{"start":{"line":178,"column":13},"end":{"line":243,"column":7}},"60":{"start":{"line":179,"column":8},"end":{"line":181,"column":9}},"61":{"start":{"line":180,"column":10},"end":{"line":180,"column":94}},"62":{"start":{"line":184,"column":33},"end":{"line":184,"column":78}},"63":{"start":{"line":187,"column":8},"end":{"line":219,"column":9}},"64":{"start":{"line":188,"column":10},"end":{"line":190,"column":13}},"65":{"start":{"line":191,"column":10},"end":{"line":193,"column":11}},"66":{"start":{"line":192,"column":12},"end":{"line":192,"column":78}},"67":{"start":{"line":194,"column":10},"end":{"line":196,"column":11}},"68":{"start":{"line":195,"column":12},"end":{"line":195,"column":114}},"69":{"start":{"line":197,"column":10},"end":{"line":201,"column":11}},"70":{"start":{"line":198,"column":12},"end":{"line":200,"column":14}},"71":{"start":{"line":202,"column":10},"end":{"line":206,"column":11}},"72":{"start":{"line":203,"column":12},"end":{"line":205,"column":14}},"73":{"start":{"line":209,"column":10},"end":{"line":215,"column":13}},"74":{"start":{"line":216,"column":10},"end":{"line":218,"column":11}},"75":{"start":{"line":217,"column":12},"end":{"line":217,"column":115}},"76":{"start":{"line":222,"column":8},"end":{"line":238,"column":9}},"77":{"start":{"line":223,"column":10},"end":{"line":225,"column":13}},"78":{"start":{"line":227,"column":28},"end":{"line":227,"column":84}},"79":{"start":{"line":228,"column":10},"end":{"line":230,"column":13}},"80":{"start":{"line":231,"column":10},"end":{"line":237,"column":13}},"81":{"start":{"line":239,"column":13},"end":{"line":243,"column":7}},"82":{"start":{"line":240,"column":8},"end":{"line":242,"column":9}},"83":{"start":{"line":241,"column":10},"end":{"line":241,"column":100}},"84":{"start":{"line":246,"column":21},"end":{"line":248,"column":8}},"85":{"start":{"line":251,"column":6},"end":{"line":260,"column":9}},"86":{"start":{"line":262,"column":6},"end":{"line":262,"column":20}},"87":{"start":{"line":265,"column":4},"end":{"line":265,"column":19}},"88":{"start":{"line":272,"column":16},"end":{"line":272,"column":26}},"89":{"start":{"line":273,"column":24},"end":{"line":304,"column":6}},"90":{"start":{"line":274,"column":26},"end":{"line":274,"column":63}},"91":{"start":{"line":275,"column":27},"end":{"line":275,"column":60}},"92":{"start":{"line":278,"column":27},"end":{"line":283,"column":8}},"93":{"start":{"line":285,"column":42},"end":{"line":285,"column":44}},"94":{"start":{"line":286,"column":6},"end":{"line":301,"column":7}},"95":{"start":{"line":287,"column":24},"end":{"line":289,"column":10}},"96":{"start":{"line":290,"column":8},"end":{"line":290,"column":34}},"97":{"start":{"line":293,"column":8},"end":{"line":300,"column":11}},"98":{"start":{"line":303,"column":6},"end":{"line":303,"column":25}},"99":{"start":{"line":306,"column":4},"end":{"line":308,"column":5}},"100":{"start":{"line":307,"column":6},"end":{"line":307,"column":88}},"101":{"start":{"line":310,"column":4},"end":{"line":310,"column":23}},"102":{"start":{"line":322,"column":17},"end":{"line":322,"column":33}},"103":{"start":{"line":323,"column":18},"end":{"line":323,"column":36}},"104":{"start":{"line":325,"column":24},"end":{"line":325,"column":58}},"105":{"start":{"line":326,"column":29},"end":{"line":326,"column":31}},"106":{"start":{"line":327,"column":4},"end":{"line":329,"column":5}},"107":{"start":{"line":328,"column":6},"end":{"line":328,"column":49}},"108":{"start":{"line":330,"column":4},"end":{"line":332,"column":5}},"109":{"start":{"line":331,"column":6},"end":{"line":331,"column":41}},"110":{"start":{"line":334,"column":4},"end":{"line":340,"column":7}},"111":{"start":{"line":14,"column":0},"end":{"line":14,"column":13}},"112":{"start":{"line":344,"column":13},"end":{"line":344,"column":61}}},"fnMap":{"0":{"name":"(anonymous_1)","decl":{"start":{"line":18,"column":2},"end":{"line":18,"column":7}},"loc":{"start":{"line":29,"column":19},"end":{"line":150,"column":3}}},"1":{"name":"(anonymous_2)","decl":{"start":{"line":50,"column":46},"end":{"line":50,"column":51}},"loc":{"start":{"line":50,"column":59},"end":{"line":131,"column":5}}},"2":{"name":"(anonymous_3)","decl":{"start":{"line":136,"column":27},"end":{"line":136,"column":28}},"loc":{"start":{"line":137,"column":10},"end":{"line":144,"column":105}}},"3":{"name":"(anonymous_4)","decl":{"start":{"line":144,"column":19},"end":{"line":144,"column":20}},"loc":{"start":{"line":144,"column":28},"end":{"line":144,"column":104}}},"4":{"name":"(anonymous_5)","decl":{"start":{"line":155,"column":2},"end":{"line":155,"column":7}},"loc":{"start":{"line":159,"column":24},"end":{"line":266,"column":3}}},"5":{"name":"(anonymous_6)","decl":{"start":{"line":161,"column":46},"end":{"line":161,"column":51}},"loc":{"start":{"line":161,"column":59},"end":{"line":263,"column":5}}},"6":{"name":"(anonymous_7)","decl":{"start":{"line":271,"column":2},"end":{"line":271,"column":7}},"loc":{"start":{"line":271,"column":51},"end":{"line":311,"column":3}}},"7":{"name":"(anonymous_8)","decl":{"start":{"line":273,"column":50},"end":{"line":273,"column":55}},"loc":{"start":{"line":273,"column":63},"end":{"line":304,"column":5}}},"8":{"name":"(anonymous_9)","decl":{"start":{"line":316,"column":2},"end":{"line":316,"column":7}},"loc":{"start":{"line":321,"column":3},"end":{"line":341,"column":3}}}},"branchMap":{"0":{"loc":{"start":{"line":31,"column":4},"end":{"line":33,"column":5}},"type":"if","locations":[{"start":{"line":31,"column":4},"end":{"line":33,"column":5}}]},"1":{"loc":{"start":{"line":35,"column":4},"end":{"line":37,"column":5}},"type":"if","locations":[{"start":{"line":35,"column":4},"end":{"line":37,"column":5}}]},"2":{"loc":{"start":{"line":35,"column":8},"end":{"line":35,"column":98}},"type":"binary-expr","locations":[{"start":{"line":35,"column":8},"end":{"line":35,"column":27}},{"start":{"line":35,"column":31},"end":{"line":35,"column":49}},{"start":{"line":35,"column":53},"end":{"line":35,"column":74}},{"start":{"line":35,"column":78},"end":{"line":35,"column":98}}]},"3":{"loc":{"start":{"line":41,"column":4},"end":{"line":45,"column":5}},"type":"if","locations":[{"start":{"line":41,"column":4},"end":{"line":45,"column":5}},{"start":{"line":43,"column":11},"end":{"line":45,"column":5}}]},"4":{"loc":{"start":{"line":57,"column":6},"end":{"line":59,"column":7}},"type":"if","locations":[{"start":{"line":57,"column":6},"end":{"line":59,"column":7}}]},"5":{"loc":{"start":{"line":77,"column":14},"end":{"line":77,"column":62}},"type":"cond-expr","locations":[{"start":{"line":77,"column":23},"end":{"line":77,"column":50}},{"start":{"line":77,"column":53},"end":{"line":77,"column":62}}]},"6":{"loc":{"start":{"line":88,"column":6},"end":{"line":128,"column":7}},"type":"if","locations":[{"start":{"line":88,"column":6},"end":{"line":128,"column":7}}]},"7":{"loc":{"start":{"line":124,"column":10},"end":{"line":126,"column":11}},"type":"if","locations":[{"start":{"line":124,"column":10},"end":{"line":126,"column":11}}]},"8":{"loc":{"start":{"line":134,"column":4},"end":{"line":147,"column":5}},"type":"if","locations":[{"start":{"line":134,"column":4},"end":{"line":147,"column":5}}]},"9":{"loc":{"start":{"line":167,"column":6},"end":{"line":169,"column":7}},"type":"if","locations":[{"start":{"line":167,"column":6},"end":{"line":169,"column":7}}]},"10":{"loc":{"start":{"line":174,"column":6},"end":{"line":243,"column":7}},"type":"if","locations":[{"start":{"line":174,"column":6},"end":{"line":243,"column":7}},{"start":{"line":178,"column":13},"end":{"line":243,"column":7}}]},"11":{"loc":{"start":{"line":175,"column":8},"end":{"line":177,"column":9}},"type":"if","locations":[{"start":{"line":175,"column":8},"end":{"line":177,"column":9}}]},"12":{"loc":{"start":{"line":178,"column":13},"end":{"line":243,"column":7}},"type":"if","locations":[{"start":{"line":178,"column":13},"end":{"line":243,"column":7}},{"start":{"line":239,"column":13},"end":{"line":243,"column":7}}]},"13":{"loc":{"start":{"line":179,"column":8},"end":{"line":181,"column":9}},"type":"if","locations":[{"start":{"line":179,"column":8},"end":{"line":181,"column":9}}]},"14":{"loc":{"start":{"line":187,"column":8},"end":{"line":219,"column":9}},"type":"if","locations":[{"start":{"line":187,"column":8},"end":{"line":219,"column":9}},{"start":{"line":207,"column":15},"end":{"line":219,"column":9}}]},"15":{"loc":{"start":{"line":191,"column":10},"end":{"line":193,"column":11}},"type":"if","locations":[{"start":{"line":191,"column":10},"end":{"line":193,"column":11}}]},"16":{"loc":{"start":{"line":194,"column":10},"end":{"line":196,"column":11}},"type":"if","locations":[{"start":{"line":194,"column":10},"end":{"line":196,"column":11}}]},"17":{"loc":{"start":{"line":197,"column":10},"end":{"line":201,"column":11}},"type":"if","locations":[{"start":{"line":197,"column":10},"end":{"line":201,"column":11}}]},"18":{"loc":{"start":{"line":202,"column":10},"end":{"line":206,"column":11}},"type":"if","locations":[{"start":{"line":202,"column":10},"end":{"line":206,"column":11}}]},"19":{"loc":{"start":{"line":216,"column":10},"end":{"line":218,"column":11}},"type":"if","locations":[{"start":{"line":216,"column":10},"end":{"line":218,"column":11}}]},"20":{"loc":{"start":{"line":222,"column":8},"end":{"line":238,"column":9}},"type":"if","locations":[{"start":{"line":222,"column":8},"end":{"line":238,"column":9}},{"start":{"line":226,"column":15},"end":{"line":238,"column":9}}]},"21":{"loc":{"start":{"line":239,"column":13},"end":{"line":243,"column":7}},"type":"if","locations":[{"start":{"line":239,"column":13},"end":{"line":243,"column":7}}]},"22":{"loc":{"start":{"line":240,"column":8},"end":{"line":242,"column":9}},"type":"if","locations":[{"start":{"line":240,"column":8},"end":{"line":242,"column":9}}]},"23":{"loc":{"start":{"line":240,"column":12},"end":{"line":240,"column":71}},"type":"binary-expr","locations":[{"start":{"line":240,"column":12},"end":{"line":240,"column":39}},{"start":{"line":240,"column":43},"end":{"line":240,"column":71}}]},"24":{"loc":{"start":{"line":252,"column":14},"end":{"line":252,"column":62}},"type":"cond-expr","locations":[{"start":{"line":252,"column":23},"end":{"line":252,"column":50}},{"start":{"line":252,"column":53},"end":{"line":252,"column":62}}]},"25":{"loc":{"start":{"line":258,"column":34},"end":{"line":258,"column":58}},"type":"binary-expr","locations":[{"start":{"line":258,"column":34},"end":{"line":258,"column":45}},{"start":{"line":258,"column":49},"end":{"line":258,"column":58}}]},"26":{"loc":{"start":{"line":294,"column":16},"end":{"line":294,"column":64}},"type":"cond-expr","locations":[{"start":{"line":294,"column":25},"end":{"line":294,"column":52}},{"start":{"line":294,"column":55},"end":{"line":294,"column":64}}]},"27":{"loc":{"start":{"line":306,"column":4},"end":{"line":308,"column":5}},"type":"if","locations":[{"start":{"line":306,"column":4},"end":{"line":308,"column":5}}]},"28":{"loc":{"start":{"line":322,"column":17},"end":{"line":322,"column":33}},"type":"binary-expr","locations":[{"start":{"line":322,"column":17},"end":{"line":322,"column":28}},{"start":{"line":322,"column":32},"end":{"line":322,"column":33}}]},"29":{"loc":{"start":{"line":323,"column":18},"end":{"line":323,"column":36}},"type":"binary-expr","locations":[{"start":{"line":323,"column":18},"end":{"line":323,"column":30}},{"start":{"line":323,"column":34},"end":{"line":323,"column":36}}]},"30":{"loc":{"start":{"line":327,"column":4},"end":{"line":329,"column":5}},"type":"if","locations":[{"start":{"line":327,"column":4},"end":{"line":329,"column":5}}]},"31":{"loc":{"start":{"line":330,"column":4},"end":{"line":332,"column":5}},"type":"if","locations":[{"start":{"line":330,"column":4},"end":{"line":332,"column":5}}]}},"s":{"0":8,"1":8,"2":8,"3":8,"4":8,"5":8,"6":8,"7":8,"8":8,"9":8,"10":8,"11":5,"12":1,"13":4,"14":1,"15":3,"16":3,"17":2,"18":1,"19":3,"20":3,"21":3,"22":3,"23":3,"24":3,"25":3,"26":0,"27":3,"28":3,"29":3,"30":2,"31":2,"32":2,"33":2,"34":2,"35":2,"36":2,"37":2,"38":2,"39":1,"40":1,"41":1,"42":3,"43":3,"44":1,"45":1,"46":0,"47":3,"48":5,"49":5,"50":5,"51":5,"52":5,"53":5,"54":1,"55":4,"56":4,"57":1,"58":0,"59":3,"60":2,"61":0,"62":2,"63":2,"64":0,"65":0,"66":0,"67":0,"68":0,"69":0,"70":0,"71":0,"72":0,"73":2,"74":2,"75":1,"76":1,"77":0,"78":1,"79":1,"80":1,"81":1,"82":1,"83":0,"84":3,"85":3,"86":3,"87":3,"88":1,"89":1,"90":1,"91":1,"92":1,"93":1,"94":1,"95":1,"96":1,"97":1,"98":1,"99":1,"100":1,"101":1,"102":0,"103":0,"104":0,"105":0,"106":0,"107":0,"108":0,"109":0,"110":0,"111":8,"112":8},"f":{"0":5,"1":3,"2":1,"3":0,"4":5,"5":5,"6":1,"7":1,"8":0},"b":{"0":[1],"1":[1],"2":[4,3,3,3],"3":[2,1],"4":[0],"5":[3,0],"6":[2],"7":[1],"8":[1],"9":[1],"10":[1,3],"11":[0],"12":[2,1],"13":[0],"14":[0,2],"15":[0],"16":[0],"17":[0],"18":[0],"19":[1],"20":[0,1],"21":[1],"22":[0],"23":[1,0],"24":[3,0],"25":[3,3],"26":[1,0],"27":[1],"28":[0,0],"29":[0,0],"30":[0],"31":[0]}}
,"C:\\Users\\amanj\\OneDrive\\Documents\\project\\rakthayatra\\backend\\src\\services\\cache.service.ts": {"path":"C:\\Users\\amanj\\OneDrive\\Documents\\project\\rakthayatra\\backend\\src\\services\\cache.service.ts","statementMap":{"0":{"start":{"line":1,"column":0},"end":{"line":1,"column":47}},"1":{"start":{"line":5,"column":4},"end":{"line":5,"column":51}},"2":{"start":{"line":9,"column":4},"end":{"line":9,"column":33}},"3":{"start":{"line":13,"column":4},"end":{"line":13,"column":32}},"4":{"start":{"line":17,"column":13},"end":{"line":17,"column":47}}},"fnMap":{"0":{"name":"(anonymous_0)","decl":{"start":{"line":4,"column":2},"end":{"line":4,"column":7}},"loc":{"start":{"line":4,"column":58},"end":{"line":6,"column":3}}},"1":{"name":"(anonymous_1)","decl":{"start":{"line":8,"column":2},"end":{"line":8,"column":7}},"loc":{"start":{"line":8,"column":23},"end":{"line":10,"column":3}}},"2":{"name":"(anonymous_2)","decl":{"start":{"line":12,"column":2},"end":{"line":12,"column":7}},"loc":{"start":{"line":12,"column":26},"end":{"line":14,"column":3}}}},"branchMap":{},"s":{"0":9,"1":7,"2":3,"3":1,"4":9},"f":{"0":7,"1":3,"2":1},"b":{}}
,"C:\\Users\\amanj\\OneDrive\\Documents\\project\\rakthayatra\\backend\\src\\services\\donation-camp.service.ts": {"path":"C:\\Users\\amanj\\OneDrive\\Documents\\project\\rakthayatra\\backend\\src\\services\\donation-camp.service.ts","statementMap":{"0":{"start":{"line":1,"column":0},"end":{"line":1,"column":72}},"1":{"start":{"line":2,"column":0},"end":{"line":2,"column":82}},"2":{"start":{"line":3,"column":0},"end":{"line":3,"column":67}},"3":{"start":{"line":4,"column":0},"end":{"line":4,"column":73}},"4":{"start":{"line":5,"column":0},"end":{"line":5,"column":74}},"5":{"start":{"line":6,"column":0},"end":{"line":6,"column":47}},"6":{"start":{"line":7,"column":0},"end":{"line":7,"column":69}},"7":{"start":{"line":9,"column":15},"end":{"line":9,"column":33}},"8":{"start":{"line":10,"column":21},"end":{"line":10,"column":39}},"9":{"start":{"line":36,"column":4},"end":{"line":38,"column":5}},"10":{"start":{"line":37,"column":6},"end":{"line":37,"column":71}},"11":{"start":{"line":40,"column":17},"end":{"line":68,"column":6}},"12":{"start":{"line":41,"column":23},"end":{"line":41,"column":60}},"13":{"start":{"line":42,"column":27},"end":{"line":42,"column":60}},"14":{"start":{"line":44,"column":21},"end":{"line":54,"column":8}},"15":{"start":{"line":57,"column":6},"end":{"line":65,"column":9}},"16":{"start":{"line":67,"column":6},"end":{"line":67,"column":20}},"17":{"start":{"line":70,"column":4},"end":{"line":70,"column":16}},"18":{"start":{"line":91,"column":20},"end":{"line":121,"column":6}},"19":{"start":{"line":92,"column":23},"end":{"line":92,"column":60}},"20":{"start":{"line":93,"column":27},"end":{"line":93,"column":60}},"21":{"start":{"line":95,"column":19},"end":{"line":95,"column":50}},"22":{"start":{"line":96,"column":6},"end":{"line":98,"column":7}},"23":{"start":{"line":97,"column":8},"end":{"line":97,"column":67}},"24":{"start":{"line":100,"column":30},"end":{"line":100,"column":41}},"25":{"start":{"line":101,"column":6},"end":{"line":101,"column":74}},"26":{"start":{"line":101,"column":26},"end":{"line":101,"column":74}},"27":{"start":{"line":102,"column":6},"end":{"line":102,"column":68}},"28":{"start":{"line":102,"column":24},"end":{"line":102,"column":68}},"29":{"start":{"line":104,"column":6},"end":{"line":106,"column":7}},"30":{"start":{"line":105,"column":8},"end":{"line":105,"column":73}},"31":{"start":{"line":108,"column":21},"end":{"line":108,"column":62}},"32":{"start":{"line":111,"column":6},"end":{"line":118,"column":9}},"33":{"start":{"line":120,"column":6},"end":{"line":120,"column":20}},"34":{"start":{"line":123,"column":4},"end":{"line":123,"column":19}},"35":{"start":{"line":130,"column":20},"end":{"line":149,"column":6}},"36":{"start":{"line":131,"column":23},"end":{"line":131,"column":60}},"37":{"start":{"line":132,"column":27},"end":{"line":132,"column":60}},"38":{"start":{"line":134,"column":19},"end":{"line":134,"column":50}},"39":{"start":{"line":135,"column":6},"end":{"line":137,"column":7}},"40":{"start":{"line":136,"column":8},"end":{"line":136,"column":67}},"41":{"start":{"line":139,"column":21},"end":{"line":139,"column":50}},"42":{"start":{"line":142,"column":6},"end":{"line":146,"column":9}},"43":{"start":{"line":148,"column":6},"end":{"line":148,"column":20}},"44":{"start":{"line":151,"column":4},"end":{"line":151,"column":19}},"45":{"start":{"line":158,"column":21},"end":{"line":158,"column":55}},"46":{"start":{"line":159,"column":17},"end":{"line":159,"column":48}},"47":{"start":{"line":160,"column":4},"end":{"line":162,"column":5}},"48":{"start":{"line":161,"column":6},"end":{"line":161,"column":58}},"49":{"start":{"line":164,"column":16},"end":{"line":164,"column":43}},"50":{"start":{"line":165,"column":26},"end":{"line":165,"column":53}},"51":{"start":{"line":166,"column":23},"end":{"line":166,"column":56}},"52":{"start":{"line":169,"column":4},"end":{"line":171,"column":5}},"53":{"start":{"line":169,"column":36},"end":{"line":169,"column":63}},"54":{"start":{"line":170,"column":6},"end":{"line":170,"column":98}},"55":{"start":{"line":173,"column":4},"end":{"line":176,"column":7}},"56":{"start":{"line":178,"column":4},"end":{"line":178,"column":60}},"57":{"start":{"line":181,"column":25},"end":{"line":181,"column":55}},"58":{"start":{"line":182,"column":4},"end":{"line":190,"column":7}},"59":{"start":{"line":197,"column":4},"end":{"line":226,"column":7}},"60":{"start":{"line":198,"column":23},"end":{"line":198,"column":60}},"61":{"start":{"line":199,"column":24},"end":{"line":199,"column":54}},"62":{"start":{"line":200,"column":27},"end":{"line":200,"column":60}},"63":{"start":{"line":202,"column":19},"end":{"line":202,"column":50}},"64":{"start":{"line":203,"column":6},"end":{"line":205,"column":7}},"65":{"start":{"line":204,"column":8},"end":{"line":204,"column":60}},"66":{"start":{"line":207,"column":6},"end":{"line":209,"column":7}},"67":{"start":{"line":208,"column":8},"end":{"line":208,"column":105}},"68":{"start":{"line":211,"column":20},"end":{"line":211,"column":60}},"69":{"start":{"line":212,"column":6},"end":{"line":214,"column":7}},"70":{"start":{"line":213,"column":8},"end":{"line":213,"column":60}},"71":{"start":{"line":216,"column":6},"end":{"line":218,"column":9}},"72":{"start":{"line":221,"column":6},"end":{"line":225,"column":9}},"73":{"start":{"line":233,"column":21},"end":{"line":233,"column":55}},"74":{"start":{"line":234,"column":17},"end":{"line":234,"column":48}},"75":{"start":{"line":235,"column":4},"end":{"line":237,"column":5}},"76":{"start":{"line":236,"column":6},"end":{"line":236,"column":58}},"77":{"start":{"line":239,"column":25},"end":{"line":239,"column":55}},"78":{"start":{"line":240,"column":21},"end":{"line":240,"column":67}},"79":{"start":{"line":241,"column":4},"end":{"line":243,"column":5}},"80":{"start":{"line":242,"column":6},"end":{"line":242,"column":61}},"81":{"start":{"line":245,"column":16},"end":{"line":245,"column":42}},"82":{"start":{"line":246,"column":25},"end":{"line":246,"column":52}},"83":{"start":{"line":247,"column":22},"end":{"line":247,"column":54}},"84":{"start":{"line":249,"column":4},"end":{"line":251,"column":5}},"85":{"start":{"line":249,"column":35},"end":{"line":249,"column":76}},"86":{"start":{"line":250,"column":6},"end":{"line":250,"column":91}},"87":{"start":{"line":253,"column":4},"end":{"line":256,"column":7}},"88":{"start":{"line":258,"column":4},"end":{"line":258,"column":59}},"89":{"start":{"line":261,"column":25},"end":{"line":261,"column":55}},"90":{"start":{"line":262,"column":4},"end":{"line":266,"column":7}},"91":{"start":{"line":279,"column":21},"end":{"line":279,"column":55}},"92":{"start":{"line":280,"column":17},"end":{"line":280,"column":48}},"93":{"start":{"line":281,"column":4},"end":{"line":283,"column":5}},"94":{"start":{"line":282,"column":6},"end":{"line":282,"column":58}},"95":{"start":{"line":286,"column":34},"end":{"line":288,"column":6}},"96":{"start":{"line":291,"column":36},"end":{"line":293,"column":6}},"97":{"start":{"line":296,"column":24},"end":{"line":299,"column":6}},"98":{"start":{"line":300,"column":32},"end":{"line":300,"column":66}},"99":{"start":{"line":303,"column":26},"end":{"line":303,"column":77}},"100":{"start":{"line":304,"column":28},"end":{"line":304,"column":68}},"101":{"start":{"line":307,"column":25},"end":{"line":307,"column":75}},"102":{"start":{"line":308,"column":27},"end":{"line":308,"column":66}},"103":{"start":{"line":310,"column":4},"end":{"line":316,"column":6}},"104":{"start":{"line":326,"column":17},"end":{"line":326,"column":33}},"105":{"start":{"line":327,"column":18},"end":{"line":327,"column":36}},"106":{"start":{"line":329,"column":21},"end":{"line":329,"column":55}},"107":{"start":{"line":330,"column":29},"end":{"line":330,"column":31}},"108":{"start":{"line":331,"column":4},"end":{"line":333,"column":5}},"109":{"start":{"line":332,"column":6},"end":{"line":332,"column":72}},"110":{"start":{"line":335,"column":4},"end":{"line":340,"column":7}},"111":{"start":{"line":18,"column":0},"end":{"line":18,"column":13}},"112":{"start":{"line":344,"column":13},"end":{"line":344,"column":61}}},"fnMap":{"0":{"name":"(anonymous_0)","decl":{"start":{"line":22,"column":2},"end":{"line":22,"column":7}},"loc":{"start":{"line":34,"column":19},"end":{"line":71,"column":3}}},"1":{"name":"(anonymous_1)","decl":{"start":{"line":40,"column":43},"end":{"line":40,"column":48}},"loc":{"start":{"line":40,"column":56},"end":{"line":68,"column":5}}},"2":{"name":"(anonymous_2)","decl":{"start":{"line":76,"column":2},"end":{"line":76,"column":7}},"loc":{"start":{"line":89,"column":19},"end":{"line":124,"column":3}}},"3":{"name":"(anonymous_3)","decl":{"start":{"line":91,"column":46},"end":{"line":91,"column":51}},"loc":{"start":{"line":91,"column":59},"end":{"line":121,"column":5}}},"4":{"name":"(anonymous_4)","decl":{"start":{"line":129,"column":2},"end":{"line":129,"column":7}},"loc":{"start":{"line":129,"column":50},"end":{"line":152,"column":3}}},"5":{"name":"(anonymous_5)","decl":{"start":{"line":130,"column":46},"end":{"line":130,"column":51}},"loc":{"start":{"line":130,"column":59},"end":{"line":149,"column":5}}},"6":{"name":"(anonymous_6)","decl":{"start":{"line":157,"column":2},"end":{"line":157,"column":7}},"loc":{"start":{"line":157,"column":84},"end":{"line":191,"column":3}}},"7":{"name":"(anonymous_7)","decl":{"start":{"line":169,"column":24},"end":{"line":169,"column":25}},"loc":{"start":{"line":169,"column":36},"end":{"line":169,"column":63}}},"8":{"name":"(anonymous_8)","decl":{"start":{"line":196,"column":2},"end":{"line":196,"column":7}},"loc":{"start":{"line":196,"column":77},"end":{"line":227,"column":3}}},"9":{"name":"(anonymous_9)","decl":{"start":{"line":197,"column":30},"end":{"line":197,"column":35}},"loc":{"start":{"line":197,"column":43},"end":{"line":226,"column":5}}},"10":{"name":"(anonymous_10)","decl":{"start":{"line":232,"column":2},"end":{"line":232,"column":7}},"loc":{"start":{"line":232,"column":84},"end":{"line":267,"column":3}}},"11":{"name":"(anonymous_11)","decl":{"start":{"line":249,"column":23},"end":{"line":249,"column":24}},"loc":{"start":{"line":249,"column":35},"end":{"line":249,"column":76}}},"12":{"name":"(anonymous_12)","decl":{"start":{"line":272,"column":2},"end":{"line":272,"column":7}},"loc":{"start":{"line":272,"column":40},"end":{"line":317,"column":3}}},"13":{"name":"(anonymous_13)","decl":{"start":{"line":322,"column":2},"end":{"line":322,"column":7}},"loc":{"start":{"line":322,"column":73},"end":{"line":341,"column":3}}}},"branchMap":{"0":{"loc":{"start":{"line":36,"column":4},"end":{"line":38,"column":5}},"type":"if","locations":[{"start":{"line":36,"column":4},"end":{"line":38,"column":5}}]},"1":{"loc":{"start":{"line":53,"column":16},"end":{"line":53,"column":41}},"type":"binary-expr","locations":[{"start":{"line":53,"column":16},"end":{"line":53,"column":27}},{"start":{"line":53,"column":31},"end":{"line":53,"column":41}}]},"2":{"loc":{"start":{"line":58,"column":14},"end":{"line":58,"column":62}},"type":"cond-expr","locations":[{"start":{"line":58,"column":23},"end":{"line":58,"column":50}},{"start":{"line":58,"column":53},"end":{"line":58,"column":62}}]},"3":{"loc":{"start":{"line":96,"column":6},"end":{"line":98,"column":7}},"type":"if","locations":[{"start":{"line":96,"column":6},"end":{"line":98,"column":7}}]},"4":{"loc":{"start":{"line":101,"column":6},"end":{"line":101,"column":74}},"type":"if","locations":[{"start":{"line":101,"column":6},"end":{"line":101,"column":74}}]},"5":{"loc":{"start":{"line":102,"column":6},"end":{"line":102,"column":68}},"type":"if","locations":[{"start":{"line":102,"column":6},"end":{"line":102,"column":68}}]},"6":{"loc":{"start":{"line":104,"column":6},"end":{"line":106,"column":7}},"type":"if","locations":[{"start":{"line":104,"column":6},"end":{"line":106,"column":7}}]},"7":{"loc":{"start":{"line":104,"column":10},"end":{"line":104,"column":97}},"type":"binary-expr","locations":[{"start":{"line":104,"column":10},"end":{"line":104,"column":30}},{"start":{"line":104,"column":34},"end":{"line":104,"column":52}},{"start":{"line":104,"column":56},"end":{"line":104,"column":97}}]},"8":{"loc":{"start":{"line":112,"column":14},"end":{"line":112,"column":62}},"type":"cond-expr","locations":[{"start":{"line":112,"column":23},"end":{"line":112,"column":50}},{"start":{"line":112,"column":53},"end":{"line":112,"column":62}}]},"9":{"loc":{"start":{"line":135,"column":6},"end":{"line":137,"column":7}},"type":"if","locations":[{"start":{"line":135,"column":6},"end":{"line":137,"column":7}}]},"10":{"loc":{"start":{"line":143,"column":14},"end":{"line":143,"column":62}},"type":"cond-expr","locations":[{"start":{"line":143,"column":23},"end":{"line":143,"column":50}},{"start":{"line":143,"column":53},"end":{"line":143,"column":62}}]},"11":{"loc":{"start":{"line":160,"column":4},"end":{"line":162,"column":5}},"type":"if","locations":[{"start":{"line":160,"column":4},"end":{"line":162,"column":5}}]},"12":{"loc":{"start":{"line":166,"column":34},"end":{"line":166,"column":55}},"type":"binary-expr","locations":[{"start":{"line":166,"column":34},"end":{"line":166,"column":47}},{"start":{"line":166,"column":51},"end":{"line":166,"column":55}}]},"13":{"loc":{"start":{"line":169,"column":4},"end":{"line":171,"column":5}},"type":"if","locations":[{"start":{"line":169,"column":4},"end":{"line":171,"column":5}}]},"14":{"loc":{"start":{"line":183,"column":12},"end":{"line":183,"column":60}},"type":"cond-expr","locations":[{"start":{"line":183,"column":21},"end":{"line":183,"column":48}},{"start":{"line":183,"column":51},"end":{"line":183,"column":60}}]},"15":{"loc":{"start":{"line":203,"column":6},"end":{"line":205,"column":7}},"type":"if","locations":[{"start":{"line":203,"column":6},"end":{"line":205,"column":7}}]},"16":{"loc":{"start":{"line":207,"column":6},"end":{"line":209,"column":7}},"type":"if","locations":[{"start":{"line":207,"column":6},"end":{"line":209,"column":7}}]},"17":{"loc":{"start":{"line":207,"column":10},"end":{"line":207,"column":68}},"type":"binary-expr","locations":[{"start":{"line":207,"column":10},"end":{"line":207,"column":37}},{"start":{"line":207,"column":41},"end":{"line":207,"column":68}}]},"18":{"loc":{"start":{"line":212,"column":6},"end":{"line":214,"column":7}},"type":"if","locations":[{"start":{"line":212,"column":6},"end":{"line":214,"column":7}}]},"19":{"loc":{"start":{"line":222,"column":14},"end":{"line":222,"column":62}},"type":"cond-expr","locations":[{"start":{"line":222,"column":23},"end":{"line":222,"column":50}},{"start":{"line":222,"column":53},"end":{"line":222,"column":62}}]},"20":{"loc":{"start":{"line":235,"column":4},"end":{"line":237,"column":5}},"type":"if","locations":[{"start":{"line":235,"column":4},"end":{"line":237,"column":5}}]},"21":{"loc":{"start":{"line":241,"column":4},"end":{"line":243,"column":5}},"type":"if","locations":[{"start":{"line":241,"column":4},"end":{"line":243,"column":5}}]},"22":{"loc":{"start":{"line":247,"column":33},"end":{"line":247,"column":53}},"type":"binary-expr","locations":[{"start":{"line":247,"column":33},"end":{"line":247,"column":45}},{"start":{"line":247,"column":49},"end":{"line":247,"column":53}}]},"23":{"loc":{"start":{"line":249,"column":4},"end":{"line":251,"column":5}},"type":"if","locations":[{"start":{"line":249,"column":4},"end":{"line":251,"column":5}}]},"24":{"loc":{"start":{"line":263,"column":12},"end":{"line":263,"column":60}},"type":"cond-expr","locations":[{"start":{"line":263,"column":21},"end":{"line":263,"column":48}},{"start":{"line":263,"column":51},"end":{"line":263,"column":60}}]},"25":{"loc":{"start":{"line":281,"column":4},"end":{"line":283,"column":5}},"type":"if","locations":[{"start":{"line":281,"column":4},"end":{"line":283,"column":5}}]},"26":{"loc":{"start":{"line":300,"column":32},"end":{"line":300,"column":66}},"type":"binary-expr","locations":[{"start":{"line":300,"column":32},"end":{"line":300,"column":61}},{"start":{"line":300,"column":65},"end":{"line":300,"column":66}}]},"27":{"loc":{"start":{"line":304,"column":39},"end":{"line":304,"column":60}},"type":"binary-expr","locations":[{"start":{"line":304,"column":39},"end":{"line":304,"column":52}},{"start":{"line":304,"column":56},"end":{"line":304,"column":60}}]},"28":{"loc":{"start":{"line":308,"column":38},"end":{"line":308,"column":58}},"type":"binary-expr","locations":[{"start":{"line":308,"column":38},"end":{"line":308,"column":50}},{"start":{"line":308,"column":54},"end":{"line":308,"column":58}}]},"29":{"loc":{"start":{"line":326,"column":17},"end":{"line":326,"column":33}},"type":"binary-expr","locations":[{"start":{"line":326,"column":17},"end":{"line":326,"column":28}},{"start":{"line":326,"column":32},"end":{"line":326,"column":33}}]},"30":{"loc":{"start":{"line":327,"column":18},"end":{"line":327,"column":36}},"type":"binary-expr","locations":[{"start":{"line":327,"column":18},"end":{"line":327,"column":30}},{"start":{"line":327,"column":34},"end":{"line":327,"column":36}}]},"31":{"loc":{"start":{"line":331,"column":4},"end":{"line":333,"column":5}},"type":"if","locations":[{"start":{"line":331,"column":4},"end":{"line":333,"column":5}}]}},"s":{"0":8,"1":8,"2":8,"3":8,"4":8,"5":8,"6":8,"7":8,"8":8,"9":2,"10":1,"11":1,"12":1,"13":1,"14":1,"15":1,"16":1,"17":1,"18":1,"19":1,"20":1,"21":1,"22":1,"23":0,"24":1,"25":1,"26":0,"27":1,"28":0,"29":1,"30":0,"31":1,"32":1,"33":1,"34":1,"35":1,"36":1,"37":1,"38":1,"39":1,"40":0,"41":1,"42":1,"43":1,"44":1,"45":1,"46":1,"47":1,"48":0,"49":1,"50":1,"51":1,"52":1,"53":0,"54":0,"55":1,"56":1,"57":1,"58":1,"59":2,"60":2,"61":2,"62":2,"63":2,"64":2,"65":0,"66":2,"67":1,"68":1,"69":1,"70":0,"71":1,"72":1,"73":1,"74":1,"75":1,"76":0,"77":1,"78":1,"79":1,"80":0,"81":1,"82":1,"83":1,"84":1,"85":0,"86":0,"87":1,"88":1,"89":1,"90":1,"91":1,"92":1,"93":1,"94":0,"95":1,"96":1,"97":1,"98":1,"99":1,"100":1,"101":1,"102":1,"103":1,"104":0,"105":0,"106":0,"107":0,"108":0,"109":0,"110":0,"111":8,"112":8},"f":{"0":2,"1":1,"2":1,"3":1,"4":1,"5":1,"6":1,"7":0,"8":2,"9":2,"10":1,"11":0,"12":1,"13":0},"b":{"0":[1],"1":[1,1],"2":[1,0],"3":[0],"4":[0],"5":[0],"6":[0],"7":[1,0,0],"8":[1,0],"9":[0],"10":[1,0],"11":[0],"12":[1,1],"13":[0],"14":[1,0],"15":[0],"16":[1],"17":[2,1],"18":[0],"19":[1,0],"20":[0],"21":[0],"22":[1,1],"23":[0],"24":[1,0],"25":[0],"26":[1,0],"27":[1,0],"28":[1,0],"29":[0,0],"30":[0,0],"31":[0]}}
,"C:\\Users\\amanj\\OneDrive\\Documents\\project\\rakthayatra\\backend\\src\\services\\donation.service.ts": {"path":"C:\\Users\\amanj\\OneDrive\\Documents\\project\\rakthayatra\\backend\\src\\services\\donation.service.ts","statementMap":{"0":{"start":{"line":1,"column":0},"end":{"line":1,"column":56}},"1":{"start":{"line":2,"column":0},"end":{"line":2,"column":73}},"2":{"start":{"line":3,"column":0},"end":{"line":3,"column":67}},"3":{"start":{"line":4,"column":0},"end":{"line":4,"column":94}},"4":{"start":{"line":5,"column":0},"end":{"line":5,"column":74}},"5":{"start":{"line":6,"column":0},"end":{"line":6,"column":55}},"6":{"start":{"line":7,"column":0},"end":{"line":7,"column":69}},"7":{"start":{"line":9,"column":15},"end":{"line":9,"column":33}},"8":{"start":{"line":25,"column":4},"end":{"line":27,"column":5}},"9":{"start":{"line":26,"column":6},"end":{"line":26,"column":79}},"10":{"start":{"line":29,"column":24},"end":{"line":80,"column":6}},"11":{"start":{"line":30,"column":27},"end":{"line":30,"column":60}},"12":{"start":{"line":31,"column":24},"end":{"line":31,"column":54}},"13":{"start":{"line":32,"column":30},"end":{"line":32,"column":73}},"14":{"start":{"line":33,"column":27},"end":{"line":33,"column":60}},"15":{"start":{"line":36,"column":20},"end":{"line":36,"column":65}},"16":{"start":{"line":37,"column":6},"end":{"line":39,"column":7}},"17":{"start":{"line":38,"column":8},"end":{"line":38,"column":60}},"18":{"start":{"line":42,"column":26},"end":{"line":42,"column":82}},"19":{"start":{"line":43,"column":6},"end":{"line":55,"column":7}},"20":{"start":{"line":44,"column":8},"end":{"line":46,"column":9}},"21":{"start":{"line":45,"column":10},"end":{"line":45,"column":80}},"22":{"start":{"line":48,"column":8},"end":{"line":54,"column":9}},"23":{"start":{"line":49,"column":10},"end":{"line":53,"column":12}},"24":{"start":{"line":58,"column":23},"end":{"line":65,"column":8}},"25":{"start":{"line":68,"column":6},"end":{"line":77,"column":9}},"26":{"start":{"line":79,"column":6},"end":{"line":79,"column":22}},"27":{"start":{"line":82,"column":4},"end":{"line":82,"column":23}},"28":{"start":{"line":94,"column":22},"end":{"line":179,"column":6}},"29":{"start":{"line":95,"column":27},"end":{"line":95,"column":60}},"30":{"start":{"line":96,"column":24},"end":{"line":96,"column":54}},"31":{"start":{"line":97,"column":30},"end":{"line":97,"column":73}},"32":{"start":{"line":98,"column":27},"end":{"line":98,"column":60}},"33":{"start":{"line":101,"column":23},"end":{"line":101,"column":62}},"34":{"start":{"line":102,"column":6},"end":{"line":104,"column":7}},"35":{"start":{"line":103,"column":8},"end":{"line":103,"column":62}},"36":{"start":{"line":106,"column":6},"end":{"line":108,"column":7}},"37":{"start":{"line":107,"column":8},"end":{"line":107,"column":96}},"38":{"start":{"line":111,"column":20},"end":{"line":111,"column":69}},"39":{"start":{"line":112,"column":6},"end":{"line":114,"column":7}},"40":{"start":{"line":113,"column":8},"end":{"line":113,"column":94}},"41":{"start":{"line":117,"column":30},"end":{"line":120,"column":8}},"42":{"start":{"line":123,"column":27},"end":{"line":123,"column":37}},"43":{"start":{"line":124,"column":6},"end":{"line":126,"column":9}},"44":{"start":{"line":129,"column":31},"end":{"line":129,"column":41}},"45":{"start":{"line":130,"column":6},"end":{"line":130,"column":60}},"46":{"start":{"line":132,"column":26},"end":{"line":132,"column":86}},"47":{"start":{"line":133,"column":6},"end":{"line":145,"column":7}},"48":{"start":{"line":134,"column":8},"end":{"line":137,"column":11}},"49":{"start":{"line":139,"column":8},"end":{"line":144,"column":11}},"50":{"start":{"line":148,"column":6},"end":{"line":164,"column":7}},"51":{"start":{"line":150,"column":27},"end":{"line":150,"column":37}},"52":{"start":{"line":151,"column":8},"end":{"line":151,"column":56}},"53":{"start":{"line":154,"column":8},"end":{"line":163,"column":10}},"54":{"start":{"line":167,"column":6},"end":{"line":176,"column":9}},"55":{"start":{"line":178,"column":6},"end":{"line":178,"column":29}},"56":{"start":{"line":181,"column":4},"end":{"line":181,"column":21}},"57":{"start":{"line":188,"column":22},"end":{"line":217,"column":6}},"58":{"start":{"line":189,"column":27},"end":{"line":189,"column":60}},"59":{"start":{"line":190,"column":27},"end":{"line":190,"column":60}},"60":{"start":{"line":192,"column":23},"end":{"line":192,"column":62}},"61":{"start":{"line":193,"column":6},"end":{"line":195,"column":7}},"62":{"start":{"line":194,"column":8},"end":{"line":194,"column":62}},"63":{"start":{"line":197,"column":6},"end":{"line":199,"column":7}},"64":{"start":{"line":198,"column":8},"end":{"line":198,"column":94}},"65":{"start":{"line":202,"column":21},"end":{"line":204,"column":8}},"66":{"start":{"line":207,"column":6},"end":{"line":214,"column":9}},"67":{"start":{"line":216,"column":6},"end":{"line":216,"column":20}},"68":{"start":{"line":219,"column":4},"end":{"line":219,"column":21}},"69":{"start":{"line":229,"column":17},"end":{"line":229,"column":33}},"70":{"start":{"line":230,"column":18},"end":{"line":230,"column":36}},"71":{"start":{"line":232,"column":25},"end":{"line":232,"column":55}},"72":{"start":{"line":233,"column":4},"end":{"line":242,"column":7}},"73":{"start":{"line":255,"column":25},"end":{"line":255,"column":55}},"74":{"start":{"line":256,"column":28},"end":{"line":256,"column":68}},"75":{"start":{"line":258,"column":22},"end":{"line":258,"column":77}},"76":{"start":{"line":259,"column":22},"end":{"line":259,"column":71}},"77":{"start":{"line":259,"column":46},"end":{"line":259,"column":70}},"78":{"start":{"line":260,"column":23},"end":{"line":260,"column":76}},"79":{"start":{"line":260,"column":52},"end":{"line":260,"column":72}},"80":{"start":{"line":262,"column":24},"end":{"line":262,"column":75}},"81":{"start":{"line":264,"column":29},"end":{"line":264,"column":33}},"82":{"start":{"line":265,"column":40},"end":{"line":265,"column":44}},"83":{"start":{"line":267,"column":4},"end":{"line":275,"column":5}},"84":{"start":{"line":268,"column":6},"end":{"line":268,"column":50}},"85":{"start":{"line":269,"column":6},"end":{"line":274,"column":7}},"86":{"start":{"line":270,"column":8},"end":{"line":270,"column":66}},"87":{"start":{"line":271,"column":8},"end":{"line":273,"column":9}},"88":{"start":{"line":272,"column":10},"end":{"line":272,"column":37}},"89":{"start":{"line":277,"column":25},"end":{"line":277,"column":80}},"90":{"start":{"line":279,"column":4},"end":{"line":285,"column":6}},"91":{"start":{"line":11,"column":0},"end":{"line":11,"column":13}},"92":{"start":{"line":289,"column":13},"end":{"line":289,"column":53}}},"fnMap":{"0":{"name":"(anonymous_0)","decl":{"start":{"line":15,"column":2},"end":{"line":15,"column":7}},"loc":{"start":{"line":23,"column":19},"end":{"line":83,"column":3}}},"1":{"name":"(anonymous_1)","decl":{"start":{"line":29,"column":50},"end":{"line":29,"column":55}},"loc":{"start":{"line":29,"column":63},"end":{"line":80,"column":5}}},"2":{"name":"(anonymous_2)","decl":{"start":{"line":89,"column":2},"end":{"line":89,"column":7}},"loc":{"start":{"line":92,"column":19},"end":{"line":182,"column":3}}},"3":{"name":"(anonymous_3)","decl":{"start":{"line":94,"column":48},"end":{"line":94,"column":53}},"loc":{"start":{"line":94,"column":61},"end":{"line":179,"column":5}}},"4":{"name":"(anonymous_4)","decl":{"start":{"line":187,"column":2},"end":{"line":187,"column":7}},"loc":{"start":{"line":187,"column":58},"end":{"line":220,"column":3}}},"5":{"name":"(anonymous_5)","decl":{"start":{"line":188,"column":48},"end":{"line":188,"column":53}},"loc":{"start":{"line":188,"column":61},"end":{"line":217,"column":5}}},"6":{"name":"(anonymous_6)","decl":{"start":{"line":225,"column":2},"end":{"line":225,"column":7}},"loc":{"start":{"line":227,"column":45},"end":{"line":243,"column":3}}},"7":{"name":"(anonymous_7)","decl":{"start":{"line":248,"column":2},"end":{"line":248,"column":7}},"loc":{"start":{"line":248,"column":49},"end":{"line":286,"column":3}}},"8":{"name":"(anonymous_8)","decl":{"start":{"line":259,"column":39},"end":{"line":259,"column":40}},"loc":{"start":{"line":259,"column":46},"end":{"line":259,"column":70}}},"9":{"name":"(anonymous_9)","decl":{"start":{"line":260,"column":40},"end":{"line":260,"column":41}},"loc":{"start":{"line":260,"column":52},"end":{"line":260,"column":72}}}},"branchMap":{"0":{"loc":{"start":{"line":25,"column":4},"end":{"line":27,"column":5}},"type":"if","locations":[{"start":{"line":25,"column":4},"end":{"line":27,"column":5}}]},"1":{"loc":{"start":{"line":37,"column":6},"end":{"line":39,"column":7}},"type":"if","locations":[{"start":{"line":37,"column":6},"end":{"line":39,"column":7}}]},"2":{"loc":{"start":{"line":43,"column":6},"end":{"line":55,"column":7}},"type":"if","locations":[{"start":{"line":43,"column":6},"end":{"line":55,"column":7}}]},"3":{"loc":{"start":{"line":44,"column":8},"end":{"line":46,"column":9}},"type":"if","locations":[{"start":{"line":44,"column":8},"end":{"line":46,"column":9}}]},"4":{"loc":{"start":{"line":48,"column":8},"end":{"line":54,"column":9}},"type":"if","locations":[{"start":{"line":48,"column":8},"end":{"line":54,"column":9}}]},"5":{"loc":{"start":{"line":48,"column":12},"end":{"line":48,"column":95}},"type":"binary-expr","locations":[{"start":{"line":48,"column":12},"end":{"line":48,"column":40}},{"start":{"line":48,"column":44},"end":{"line":48,"column":95}}]},"6":{"loc":{"start":{"line":60,"column":19},"end":{"line":60,"column":87}},"type":"cond-expr","locations":[{"start":{"line":60,"column":38},"end":{"line":60,"column":75}},{"start":{"line":60,"column":78},"end":{"line":60,"column":87}}]},"7":{"loc":{"start":{"line":61,"column":22},"end":{"line":61,"column":96}},"type":"cond-expr","locations":[{"start":{"line":61,"column":44},"end":{"line":61,"column":84}},{"start":{"line":61,"column":87},"end":{"line":61,"column":96}}]},"8":{"loc":{"start":{"line":69,"column":14},"end":{"line":69,"column":62}},"type":"cond-expr","locations":[{"start":{"line":69,"column":23},"end":{"line":69,"column":50}},{"start":{"line":69,"column":53},"end":{"line":69,"column":62}}]},"9":{"loc":{"start":{"line":102,"column":6},"end":{"line":104,"column":7}},"type":"if","locations":[{"start":{"line":102,"column":6},"end":{"line":104,"column":7}}]},"10":{"loc":{"start":{"line":106,"column":6},"end":{"line":108,"column":7}},"type":"if","locations":[{"start":{"line":106,"column":6},"end":{"line":108,"column":7}}]},"11":{"loc":{"start":{"line":112,"column":6},"end":{"line":114,"column":7}},"type":"if","locations":[{"start":{"line":112,"column":6},"end":{"line":114,"column":7}}]},"12":{"loc":{"start":{"line":133,"column":6},"end":{"line":145,"column":7}},"type":"if","locations":[{"start":{"line":133,"column":6},"end":{"line":145,"column":7}},{"start":{"line":138,"column":13},"end":{"line":145,"column":7}}]},"13":{"loc":{"start":{"line":148,"column":6},"end":{"line":164,"column":7}},"type":"if","locations":[{"start":{"line":148,"column":6},"end":{"line":164,"column":7}}]},"14":{"loc":{"start":{"line":168,"column":14},"end":{"line":168,"column":62}},"type":"cond-expr","locations":[{"start":{"line":168,"column":23},"end":{"line":168,"column":50}},{"start":{"line":168,"column":53},"end":{"line":168,"column":62}}]},"15":{"loc":{"start":{"line":193,"column":6},"end":{"line":195,"column":7}},"type":"if","locations":[{"start":{"line":193,"column":6},"end":{"line":195,"column":7}}]},"16":{"loc":{"start":{"line":197,"column":6},"end":{"line":199,"column":7}},"type":"if","locations":[{"start":{"line":197,"column":6},"end":{"line":199,"column":7}}]},"17":{"loc":{"start":{"line":208,"column":14},"end":{"line":208,"column":62}},"type":"cond-expr","locations":[{"start":{"line":208,"column":23},"end":{"line":208,"column":50}},{"start":{"line":208,"column":53},"end":{"line":208,"column":62}}]},"18":{"loc":{"start":{"line":229,"column":17},"end":{"line":229,"column":33}},"type":"binary-expr","locations":[{"start":{"line":229,"column":17},"end":{"line":229,"column":28}},{"start":{"line":229,"column":32},"end":{"line":229,"column":33}}]},"19":{"loc":{"start":{"line":230,"column":18},"end":{"line":230,"column":36}},"type":"binary-expr","locations":[{"start":{"line":230,"column":18},"end":{"line":230,"column":30}},{"start":{"line":230,"column":34},"end":{"line":230,"column":36}}]},"20":{"loc":{"start":{"line":267,"column":4},"end":{"line":275,"column":5}},"type":"if","locations":[{"start":{"line":267,"column":4},"end":{"line":275,"column":5}}]},"21":{"loc":{"start":{"line":269,"column":6},"end":{"line":274,"column":7}},"type":"if","locations":[{"start":{"line":269,"column":6},"end":{"line":274,"column":7}}]},"22":{"loc":{"start":{"line":271,"column":8},"end":{"line":273,"column":9}},"type":"if","locations":[{"start":{"line":271,"column":8},"end":{"line":273,"column":9}}]},"23":{"loc":{"start":{"line":277,"column":25},"end":{"line":277,"column":80}},"type":"cond-expr","locations":[{"start":{"line":277,"column":48},"end":{"line":277,"column":73}},{"start":{"line":277,"column":76},"end":{"line":277,"column":80}}]}},"s":{"0":7,"1":7,"2":7,"3":7,"4":7,"5":7,"6":7,"7":7,"8":3,"9":0,"10":3,"11":3,"12":3,"13":3,"14":3,"15":3,"16":3,"17":0,"18":3,"19":3,"20":2,"21":1,"22":1,"23":1,"24":1,"25":1,"26":1,"27":1,"28":2,"29":2,"30":2,"31":2,"32":2,"33":2,"34":2,"35":0,"36":2,"37":0,"38":2,"39":2,"40":0,"41":2,"42":2,"43":2,"44":2,"45":2,"46":2,"47":2,"48":1,"49":1,"50":2,"51":2,"52":2,"53":2,"54":2,"55":2,"56":2,"57":1,"58":1,"59":1,"60":1,"61":1,"62":0,"63":1,"64":0,"65":1,"66":1,"67":1,"68":1,"69":0,"70":0,"71":0,"72":0,"73":1,"74":1,"75":1,"76":1,"77":1,"78":1,"79":1,"80":1,"81":1,"82":1,"83":1,"84":1,"85":1,"86":0,"87":0,"88":0,"89":1,"90":1,"91":7,"92":7},"f":{"0":3,"1":3,"2":2,"3":2,"4":1,"5":1,"6":0,"7":1,"8":1,"9":1},"b":{"0":[0],"1":[0],"2":[2],"3":[1],"4":[1],"5":[1,1],"6":[1,0],"7":[0,1],"8":[1,0],"9":[0],"10":[0],"11":[0],"12":[1,1],"13":[2],"14":[2,0],"15":[0],"16":[0],"17":[1,0],"18":[0,0],"19":[0,0],"20":[1],"21":[0],"22":[0],"23":[1,0]}}
[...]
":{"name":"(anonymous_8)","decl":{"start":{"line":201,"column":50},"end":{"line":201,"column":55}},"loc":{"start":{"line":201,"column":63},"end":{"line":234,"column":5}}},"8":{"name":"(anonymous_9)","decl":{"start":{"line":237,"column":55},"end":{"line":237,"column":56}},"loc":{"start":{"line":237,"column":62},"end":{"line":237,"column":75}}},"9":{"name":"(anonymous_10)","decl":{"start":{"line":252,"column":2},"end":{"line":252,"column":7}},"loc":{"start":{"line":258,"column":3},"end":{"line":327,"column":3}}},"10":{"name":"(anonymous_11)","decl":{"start":{"line":273,"column":39},"end":{"line":273,"column":40}},"loc":{"start":{"line":273,"column":46},"end":{"line":273,"column":80}}},"11":{"name":"(anonymous_12)","decl":{"start":{"line":276,"column":39},"end":{"line":276,"column":40}},"loc":{"start":{"line":276,"column":46},"end":{"line":276,"column":72}}},"12":{"name":"(anonymous_13)","decl":{"start":{"line":332,"column":10},"end":{"line":332,"column":15}},"loc":{"start":{"line":332,"column":51},"end":{"line":339,"column":3}}}},"branchMap":{"0":{"loc":{"start":{"line":25,"column":4},"end":{"line":27,"column":5}},"type":"if","locations":[{"start":{"line":25,"column":4},"end":{"line":27,"column":5}}]},"1":{"loc":{"start":{"line":30,"column":4},"end":{"line":32,"column":5}},"type":"if","locations":[{"start":{"line":30,"column":4},"end":{"line":32,"column":5}}]},"2":{"loc":{"start":{"line":42,"column":6},"end":{"line":44,"column":7}},"type":"if","locations":[{"start":{"line":42,"column":6},"end":{"line":44,"column":7}}]},"3":{"loc":{"start":{"line":52,"column":16},"end":{"line":52,"column":42}},"type":"binary-expr","locations":[{"start":{"line":52,"column":16},"end":{"line":52,"column":27}},{"start":{"line":52,"column":31},"end":{"line":52,"column":42}}]},"4":{"loc":{"start":{"line":57,"column":14},"end":{"line":57,"column":62}},"type":"cond-expr","locations":[{"start":{"line":57,"column":23},"end":{"line":57,"column":50}},{"start":{"line":57,"column":53},"end":{"line":57,"column":62}}]},"5":{"loc":{"start":{"line":85,"column":4},"end":{"line":87,"column":5}},"type":"if","locations":[{"start":{"line":85,"column":4},"end":{"line":87,"column":5}}]},"6":{"loc":{"start":{"line":95,"column":6},"end":{"line":97,"column":7}},"type":"if","locations":[{"start":{"line":95,"column":6},"end":{"line":97,"column":7}}]},"7":{"loc":{"start":{"line":99,"column":6},"end":{"line":101,"column":7}},"type":"if","locations":[{"start":{"line":99,"column":6},"end":{"line":101,"column":7}}]},"8":{"loc":{"start":{"line":103,"column":6},"end":{"line":105,"column":7}},"type":"if","locations":[{"start":{"line":103,"column":6},"end":{"line":105,"column":7}}]},"9":{"loc":{"start":{"line":109,"column":6},"end":{"line":133,"column":7}},"type":"if","locations":[{"start":{"line":109,"column":6},"end":{"line":133,"column":7}},{"start":{"line":114,"column":13},"end":{"line":133,"column":7}}]},"10":{"loc":{"start":{"line":137,"column":14},"end":{"line":137,"column":62}},"type":"cond-expr","locations":[{"start":{"line":137,"column":23},"end":{"line":137,"column":50}},{"start":{"line":137,"column":53},"end":{"line":137,"column":62}}]},"11":{"loc":{"start":{"line":164,"column":6},"end":{"line":166,"column":7}},"type":"if","locations":[{"start":{"line":164,"column":6},"end":{"line":166,"column":7}}]},"12":{"loc":{"start":{"line":168,"column":6},"end":{"line":170,"column":7}},"type":"if","locations":[{"start":{"line":168,"column":6},"end":{"line":170,"column":7}}]},"13":{"loc":{"start":{"line":179,"column":14},"end":{"line":179,"column":62}},"type":"cond-expr","locations":[{"start":{"line":179,"column":23},"end":{"line":179,"column":50}},{"start":{"line":179,"column":53},"end":{"line":179,"column":62}}]},"14":{"loc":{"start":{"line":222,"column":16},"end":{"line":222,"column":64}},"type":"cond-expr","locations":[{"start":{"line":222,"column":25},"end":{"line":222,"column":52}},{"start":{"line":222,"column":55},"end":{"line":222,"column":64}}]},"15":{"loc":{"start":{"line":242,"column":4},"end":{"line":244,"column":5}},"type":"if","locations":[{"start":{"line":242,"column":4},"end":{"line":244,"column":5}}]},"16":{"loc":{"start":{"line":259,"column":17},"end":{"line":259,"column":33}},"type":"binary-expr","locations":[{"start":{"line":259,"column":17},"end":{"line":259,"column":28}},{"start":{"line":259,"column":32},"end":{"line":259,"column":33}}]},"17":{"loc":{"start":{"line":260,"column":18},"end":{"line":260,"column":36}},"type":"binary-expr","locations":[{"start":{"line":260,"column":18},"end":{"line":260,"column":30}},{"start":{"line":260,"column":34},"end":{"line":260,"column":36}}]},"18":{"loc":{"start":{"line":263,"column":4},"end":{"line":291,"column":5}},"type":"if","locations":[{"start":{"line":263,"column":4},"end":{"line":291,"column":5}}]},"19":{"loc":{"start":{"line":266,"column":8},"end":{"line":287,"column":9}},"type":"if","locations":[{"start":{"line":266,"column":8},"end":{"line":287,"column":9}}]},"20":{"loc":{"start":{"line":272,"column":10},"end":{"line":274,"column":11}},"type":"if","locations":[{"start":{"line":272,"column":10},"end":{"line":274,"column":11}}]},"21":{"loc":{"start":{"line":275,"column":10},"end":{"line":277,"column":11}},"type":"if","locations":[{"start":{"line":275,"column":10},"end":{"line":277,"column":11}}]},"22":{"loc":{"start":{"line":296,"column":4},"end":{"line":298,"column":5}},"type":"if","locations":[{"start":{"line":296,"column":4},"end":{"line":298,"column":5}}]},"23":{"loc":{"start":{"line":299,"column":4},"end":{"line":301,"column":5}},"type":"if","locations":[{"start":{"line":299,"column":4},"end":{"line":301,"column":5}}]},"24":{"loc":{"start":{"line":302,"column":4},"end":{"line":304,"column":5}},"type":"if","locations":[{"start":{"line":302,"column":4},"end":{"line":304,"column":5}}]},"25":{"loc":{"start":{"line":314,"column":4},"end":{"line":324,"column":5}},"type":"if","locations":[{"start":{"line":314,"column":4},"end":{"line":324,"column":5}}]}},"s":{"0":8,"1":8,"2":8,"3":8,"4":8,"5":8,"6":8,"7":8,"8":3,"9":0,"10":3,"11":3,"12":0,"13":3,"14":3,"15":3,"16":3,"17":3,"18":3,"19":0,"20":3,"21":3,"22":3,"23":3,"24":3,"25":2,"26":0,"27":2,"28":2,"29":2,"30":2,"31":2,"32":0,"33":2,"34":0,"35":2,"36":1,"37":1,"38":0,"39":1,"40":1,"41":1,"42":1,"43":1,"44":1,"45":1,"46":1,"47":1,"48":1,"49":1,"50":1,"51":0,"52":1,"53":0,"54":1,"55":1,"56":1,"57":1,"58":1,"59":1,"60":1,"61":1,"62":1,"63":1,"64":1,"65":1,"66":1,"67":1,"68":1,"69":1,"70":1,"71":1,"72":1,"73":1,"74":1,"75":1,"76":1,"77":2,"78":2,"79":2,"80":1,"81":1,"82":1,"83":1,"84":1,"85":1,"86":1,"87":1,"88":1,"89":1,"90":1,"91":1,"92":1,"93":1,"94":1,"95":0,"96":1,"97":1,"98":1,"99":0,"100":1,"101":1,"102":1,"103":1,"104":1,"105":1,"106":0,"107":0,"108":0,"109":0,"110":1,"111":6,"112":6,"113":6,"114":0,"115":8,"116":8},"f":{"0":3,"1":3,"2":2,"3":2,"4":1,"5":1,"6":1,"7":1,"8":1,"9":2,"10":1,"11":1,"12":6},"b":{"0":[0],"1":[0],"2":[0],"3":[3,1],"4":[3,0],"5":[0],"6":[0],"7":[0],"8":[1],"9":[0,1],"10":[1,0],"11":[0],"12":[0],"13":[1,0],"14":[1,0],"15":[1],"16":[2,1],"17":[2,1],"18":[1],"19":[1],"20":[1],"21":[1],"22":[0],"23":[1],"24":[1],"25":[0]}}
,"C:\\Users\\amanj\\OneDrive\\Documents\\project\\rakthayatra\\backend\\src\\services\\medical-eligibility.service.ts": {"path":"C:\\Users\\amanj\\OneDrive\\Documents\\project\\rakthayatra\\backend\\src\\services\\medical-eligibility.service.ts","statementMap":{"0":{"start":{"line":1,"column":0},"end":{"line":1,"column":66}},"1":{"start":{"line":2,"column":0},"end":{"line":2,"column":94}},"2":{"start":{"line":3,"column":0},"end":{"line":3,"column":67}},"3":{"start":{"line":4,"column":0},"end":{"line":4,"column":74}},"4":{"start":{"line":5,"column":0},"end":{"line":5,"column":69}},"5":{"start":{"line":7,"column":15},"end":{"line":7,"column":33}},"6":{"start":{"line":26,"column":4},"end":{"line":28,"column":5}},"7":{"start":{"line":27,"column":6},"end":{"line":27,"column":79}},"8":{"start":{"line":30,"column":22},"end":{"line":149,"column":6}},"9":{"start":{"line":31,"column":30},"end":{"line":31,"column":73}},"10":{"start":{"line":32,"column":24},"end":{"line":32,"column":54}},"11":{"start":{"line":33,"column":27},"end":{"line":33,"column":60}},"12":{"start":{"line":36,"column":20},"end":{"line":36,"column":60}},"13":{"start":{"line":37,"column":6},"end":{"line":39,"column":7}},"14":{"start":{"line":38,"column":8},"end":{"line":38,"column":60}},"15":{"start":{"line":42,"column":23},"end":{"line":42,"column":27}},"16":{"start":{"line":43,"column":42},"end":{"line":43,"column":46}},"17":{"start":{"line":44,"column":32},"end":{"line":44,"column":34}},"18":{"start":{"line":47,"column":6},"end":{"line":50,"column":7}},"19":{"start":{"line":48,"column":8},"end":{"line":48,"column":27}},"20":{"start":{"line":49,"column":8},"end":{"line":49,"column":72}},"21":{"start":{"line":53,"column":6},"end":{"line":56,"column":7}},"22":{"start":{"line":54,"column":8},"end":{"line":54,"column":27}},"23":{"start":{"line":55,"column":8},"end":{"line":55,"column":51}},"24":{"start":{"line":58,"column":18},"end":{"line":58,"column":28}},"25":{"start":{"line":61,"column":6},"end":{"line":69,"column":7}},"26":{"start":{"line":62,"column":8},"end":{"line":62,"column":27}},"27":{"start":{"line":63,"column":27},"end":{"line":63,"column":37}},"28":{"start":{"line":64,"column":8},"end":{"line":64,"column":48}},"29":{"start":{"line":65,"column":8},"end":{"line":67,"column":9}},"30":{"start":{"line":66,"column":10},"end":{"line":66,"column":40}},"31":{"start":{"line":68,"column":8},"end":{"line":68,"column":83}},"32":{"start":{"line":72,"column":6},"end":{"line":80,"column":7}},"33":{"start":{"line":73,"column":8},"end":{"line":73,"column":27}},"34":{"start":{"line":74,"column":28},"end":{"line":74,"column":38}},"35":{"start":{"line":75,"column":8},"end":{"line":75,"column":49}},"36":{"start":{"line":76,"column":8},"end":{"line":78,"column":9}},"37":{"start":{"line":77,"column":10},"end":{"line":77,"column":41}},"38":{"start":{"line":79,"column":8},"end":{"line":79,"column":73}},"39":{"start":{"line":83,"column":6},"end":{"line":91,"column":7}},"40":{"start":{"line":84,"column":8},"end":{"line":84,"column":27}},"41":{"start":{"line":85,"column":30},"end":{"line":85,"column":40}},"42":{"start":{"line":86,"column":8},"end":{"line":86,"column":51}},"43":{"start":{"line":87,"column":8},"end":{"line":89,"column":9}},"44":{"start":{"line":88,"column":10},"end":{"line":88,"column":43}},"45":{"start":{"line":90,"column":8},"end":{"line":90,"column":82}},"46":{"start":{"line":94,"column":6},"end":{"line":109,"column":7}},"47":{"start":{"line":95,"column":29},"end":{"line":95,"column":61}},"48":{"start":{"line":96,"column":23},"end":{"line":96,"column":61}},"49":{"start":{"line":97,"column":25},"end":{"line":97,"column":55}},"50":{"start":{"line":99,"column":8},"end":{"line":108,"column":9}},"51":{"start":{"line":100,"column":10},"end":{"line":100,"column":29}},"52":{"start":{"line":101,"column":37},"end":{"line":101,"column":59}},"53":{"start":{"line":102,"column":10},"end":{"line":102,"column":66}},"54":{"start":{"line":104,"column":10},"end":{"line":106,"column":11}},"55":{"start":{"line":105,"column":12},"end":{"line":105,"column":50}},"56":{"start":{"line":107,"column":10},"end":{"line":107,"column":87}},"57":{"start":{"line":113,"column":23},"end":{"line":113,"column":74}},"58":{"start":{"line":115,"column":6},"end":{"line":128,"column":7}},"59":{"start":{"line":116,"column":8},"end":{"line":120,"column":11}},"60":{"start":{"line":122,"column":8},"end":{"line":127,"column":11}},"61":{"start":{"line":131,"column":6},"end":{"line":133,"column":9}},"62":{"start":{"line":136,"column":6},"end":{"line":146,"column":9}},"63":{"start":{"line":148,"column":6},"end":{"line":148,"column":20}},"64":{"start":{"line":151,"column":4},"end":{"line":151,"column":21}},"65":{"start":{"line":158,"column":28},"end":{"line":158,"column":68}},"66":{"start":{"line":159,"column":4},"end":{"line":159,"column":57}},"67":{"start":{"line":166,"column":17},"end":{"line":176,"column":6}},"68":{"start":{"line":178,"column":4},"end":{"line":183,"column":8}},"69":{"start":{"line":178,"column":30},"end":{"line":183,"column":6}},"70":{"start":{"line":17,"column":0},"end":{"line":17,"column":13}},"71":{"start":{"line":187,"column":13},"end":{"line":187,"column":73}}},"fnMap":{"0":{"name":"(anonymous_0)","decl":{"start":{"line":21,"column":2},"end":{"line":21,"column":7}},"loc":{"start":{"line":24,"column":19},"end":{"line":152,"column":3}}},"1":{"name":"(anonymous_1)","decl":{"start":{"line":30,"column":48},"end":{"line":30,"column":53}},"loc":{"start":{"line":30,"column":61},"end":{"line":149,"column":5}}},"2":{"name":"(anonymous_2)","decl":{"start":{"line":157,"column":2},"end":{"line":157,"column":7}},"loc":{"start":{"line":157,"column":50},"end":{"line":160,"column":3}}},"3":{"name":"(anonymous_3)","decl":{"start":{"line":165,"column":2},"end":{"line":165,"column":7}},"loc":{"start":{"line":165,"column":52},"end":{"line":184,"column":3}}},"4":{"name":"(anonymous_4)","decl":{"start":{"line":178,"column":20},"end":{"line":178,"column":21}},"loc":{"start":{"line":178,"column":30},"end":{"line":183,"column":6}}}},"branchMap":{"0":{"loc":{"start":{"line":26,"column":4},"end":{"line":28,"column":5}},"type":"if","locations":[{"start":{"line":26,"column":4},"end":{"line":28,"column":5}}]},"1":{"loc":{"start":{"line":37,"column":6},"end":{"line":39,"column":7}},"type":"if","locations":[{"start":{"line":37,"column":6},"end":{"line":39,"column":7}}]},"2":{"loc":{"start":{"line":47,"column":6},"end":{"line":50,"column":7}},"type":"if","locations":[{"start":{"line":47,"column":6},"end":{"line":50,"column":7}}]},"3":{"loc":{"start":{"line":53,"column":6},"end":{"line":56,"column":7}},"type":"if","locations":[{"start":{"line":53,"column":6},"end":{"line":56,"column":7}}]},"4":{"loc":{"start":{"line":61,"column":6},"end":{"line":69,"column":7}},"type":"if","locations":[{"start":{"line":61,"column":6},"end":{"line":69,"column":7}}]},"5":{"loc":{"start":{"line":65,"column":8},"end":{"line":67,"column":9}},"type":"if","locations":[{"start":{"line":65,"column":8},"end":{"line":67,"column":9}}]},"6":{"loc":{"start":{"line":65,"column":12},"end":{"line":65,"column":71}},"type":"binary-expr","locations":[{"start":{"line":65,"column":12},"end":{"line":65,"column":29}},{"start":{"line":65,"column":33},"end":{"line":65,"column":71}}]},"7":{"loc":{"start":{"line":72,"column":6},"end":{"line":80,"column":7}},"type":"if","locations":[{"start":{"line":72,"column":6},"end":{"line":80,"column":7}}]},"8":{"loc":{"start":{"line":76,"column":8},"end":{"line":78,"column":9}},"type":"if","locations":[{"start":{"line":76,"column":8},"end":{"line":78,"column":9}}]},"9":{"loc":{"start":{"line":76,"column":12},"end":{"line":76,"column":72}},"type":"binary-expr","locations":[{"start":{"line":76,"column":12},"end":{"line":76,"column":29}},{"start":{"line":76,"column":33},"end":{"line":76,"column":72}}]},"10":{"loc":{"start":{"line":83,"column":6},"end":{"line":91,"column":7}},"type":"if","locations":[{"start":{"line":83,"column":6},"end":{"line":91,"column":7}}]},"11":{"loc":{"start":{"line":87,"column":8},"end":{"line":89,"column":9}},"type":"if","locations":[{"start":{"line":87,"column":8},"end":{"line":89,"column":9}}]},"12":{"loc":{"start":{"line":87,"column":12},"end":{"line":87,"column":74}},"type":"binary-expr","locations":[{"start":{"line":87,"column":12},"end":{"line":87,"column":29}},{"start":{"line":87,"column":33},"end":{"line":87,"column":74}}]},"13":{"loc":{"start":{"line":94,"column":6},"end":{"line":109,"column":7}},"type":"if","locations":[{"start":{"line":94,"column":6},"end":{"line":109,"column":7}}]},"14":{"loc":{"start":{"line":99,"column":8},"end":{"line":108,"column":9}},"type":"if","locations":[{"start":{"line":99,"column":8},"end":{"line":108,"column":9}}]},"15":{"loc":{"start":{"line":104,"column":10},"end":{"line":106,"column":11}},"type":"if","locations":[{"start":{"line":104,"column":10},"end":{"line":106,"column":11}}]},"16":{"loc":{"start":{"line":104,"column":14},"end":{"line":104,"column":81}},"type":"binary-expr","locations":[{"start":{"line":104,"column":14},"end":{"line":104,"column":31}},{"start":{"line":104,"column":35},"end":{"line":104,"column":81}}]},"17":{"loc":{"start":{"line":115,"column":6},"end":{"line":128,"column":7}},"type":"if","locations":[{"start":{"line":115,"column":6},"end":{"line":128,"column":7}},{"start":{"line":121,"column":13},"end":{"line":128,"column":7}}]},"18":{"loc":{"start":{"line":137,"column":14},"end":{"line":137,"column":62}},"type":"cond-expr","locations":[{"start":{"line":137,"column":23},"end":{"line":137,"column":50}},{"start":{"line":137,"column":53},"end":{"line":137,"column":62}}]},"19":{"loc":{"start":{"line":180,"column":19},"end":{"line":180,"column":60}},"type":"cond-expr","locations":[{"start":{"line":180,"column":30},"end":{"line":180,"column":44}},{"start":{"line":180,"column":47},"end":{"line":180,"column":60}}]},"20":{"loc":{"start":{"line":182,"column":15},"end":{"line":182,"column":86}},"type":"cond-expr","locations":[{"start":{"line":182,"column":49},"end":{"line":182,"column":72}},{"start":{"line":182,"column":75},"end":{"line":182,"column":86}}]}},"s":{"0":8,"1":8,"2":8,"3":8,"4":8,"5":8,"6":4,"7":0,"8":4,"9":4,"10":4,"11":4,"12":4,"13":4,"14":0,"15":4,"16":4,"17":4,"18":4,"19":1,"20":1,"21":4,"22":1,"23":1,"24":4,"25":4,"26":2,"27":2,"28":2,"29":2,"30":2,"31":2,"32":4,"33":1,"34":1,"35":1,"36":1,"37":0,"38":1,"39":4,"40":1,"41":1,"42":1,"43":1,"44":1,"45":1,"46":4,"47":2,"48":2,"49":2,"50":2,"51":2,"52":2,"53":2,"54":2,"55":1,"56":2,"57":4,"58":4,"59":0,"60":4,"61":4,"62":4,"63":4,"64":4,"65":1,"66":1,"67":1,"68":1,"69":0,"70":8,"71":8},"f":{"0":4,"1":4,"2":1,"3":1,"4":0},"b":{"0":[0],"1":[0],"2":[1],"3":[1],"4":[2],"5":[2],"6":[2,0],"7":[1],"8":[0],"9":[1,1],"10":[1],"11":[1],"12":[1,1],"13":[2],"14":[2],"15":[1],"16":[2,1],"17":[0,4],"18":[3,1],"19":[0,0],"20":[0,0]}}
,"C:\\Users\\amanj\\OneDrive\\Documents\\project\\rakthayatra\\backend\\src\\utils\\crypto.ts": {"path":"C:\\Users\\amanj\\OneDrive\\Documents\\project\\rakthayatra\\backend\\src\\utils\\crypto.ts","statementMap":{"0":{"start":{"line":12,"column":0},"end":{"line":12,"column":16}},"1":{"start":{"line":16,"column":0},"end":{"line":16,"column":16}},"2":{"start":{"line":24,"column":0},"end":{"line":24,"column":16}},"3":{"start":{"line":28,"column":0},"end":{"line":28,"column":16}},"4":{"start":{"line":1,"column":0},"end":{"line":1,"column":31}},"5":{"start":{"line":2,"column":0},"end":{"line":2,"column":28}},"6":{"start":{"line":3,"column":0},"end":{"line":3,"column":36}},"7":{"start":{"line":5,"column":19},"end":{"line":5,"column":33}},"8":{"start":{"line":13,"column":2},"end":{"line":13,"column":61}},"9":{"start":{"line":17,"column":2},"end":{"line":21,"column":3}},"10":{"start":{"line":18,"column":4},"end":{"line":18,"column":57}},"11":{"start":{"line":20,"column":4},"end":{"line":20,"column":16}},"12":{"start":{"line":25,"column":2},"end":{"line":25,"column":48}},"13":{"start":{"line":30,"column":2},"end":{"line":30,"column":66}}},"fnMap":{"0":{"name":"generateAccessToken","decl":{"start":{"line":12,"column":16},"end":{"line":12,"column":35}},"loc":{"start":{"line":12,"column":57},"end":{"line":14,"column":1}}},"1":{"name":"verifyAccessToken","decl":{"start":{"line":16,"column":16},"end":{"line":16,"column":33}},"loc":{"start":{"line":16,"column":47},"end":{"line":22,"column":1}}},"2":{"name":"generateSecureToken","decl":{"start":{"line":24,"column":16},"end":{"line":24,"column":35}},"loc":{"start":{"line":24,"column":35},"end":{"line":26,"column":1}}},"3":{"name":"generateOTP","decl":{"start":{"line":28,"column":16},"end":{"line":28,"column":27}},"loc":{"start":{"line":28,"column":27},"end":{"line":31,"column":1}}}},"branchMap":{},"s":{"0":8,"1":8,"2":8,"3":8,"4":8,"5":8,"6":8,"7":8,"8":17,"9":37,"10":37,"11":1,"12":4,"13":4},"f":{"0":17,"1":37,"2":4,"3":4},"b":{}}
}
