{"C:\\Users\\amanj\\OneDrive\\Documents\\project\\rakthayatra\\backend\\src\\app.ts": {"path":"C:\\Users\\amanj\\OneDrive\\Documents\\project\\rakthayatra\\backend\\src\\app.ts","statementMap":{"0":{"start":{"line":1,"column":0},"end":{"line":1,"column":67}},"1":{"start":{"line":2,"column":0},"end":{"line":2,"column":24}},"2":{"start":{"line":3,"column":0},"end":{"line":3,"column":28}},"3":{"start":{"line":4,"column":0},"end":{"line":4,"column":43}},"4":{"start":{"line":5,"column":0},"end":{"line":5,"column":37}},"5":{"start":{"line":6,"column":0},"end":{"line":6,"column":46}},"6":{"start":{"line":7,"column":0},"end":{"line":7,"column":50}},"7":{"start":{"line":8,"column":0},"end":{"line":8,"column":56}},"8":{"start":{"line":9,"column":0},"end":{"line":9,"column":54}},"9":{"start":{"line":10,"column":0},"end":{"line":10,"column":63}},"10":{"start":{"line":11,"column":0},"end":{"line":11,"column":75}},"11":{"start":{"line":12,"column":0},"end":{"line":12,"column":63}},"12":{"start":{"line":14,"column":12},"end":{"line":14,"column":21}},"13":{"start":{"line":17,"column":0},"end":{"line":17,"column":18}},"14":{"start":{"line":18,"column":0},"end":{"line":23,"column":2}},"15":{"start":{"line":26,"column":0},"end":{"line":26,"column":24}},"16":{"start":{"line":27,"column":0},"end":{"line":27,"column":48}},"17":{"start":{"line":30,"column":22},"end":{"line":42,"column":2}},"18":{"start":{"line":43,"column":0},"end":{"line":43,"column":23}},"19":{"start":{"line":45,"column":0},"end":{"line":45,"column":33}},"20":{"start":{"line":46,"column":0},"end":{"line":46,"column":43}},"21":{"start":{"line":47,"column":0},"end":{"line":47,"column":42}},"22":{"start":{"line":48,"column":0},"end":{"line":48,"column":45}},"23":{"start":{"line":49,"column":0},"end":{"line":49,"column":54}},"24":{"start":{"line":50,"column":0},"end":{"line":50,"column":42}},"25":{"start":{"line":53,"column":0},"end":{"line":53,"column":33}},"26":{"start":{"line":56,"column":0},"end":{"line":64,"column":3}},"27":{"start":{"line":57,"column":2},"end":{"line":63,"column":5}},"28":{"start":{"line":67,"column":0},"end":{"line":77,"column":3}},"29":{"start":{"line":68,"column":2},"end":{"line":68,"column":56}},"30":{"start":{"line":70,"column":2},"end":{"line":76,"column":5}},"31":{"start":{"line":79,"column":0},"end":{"line":79,"column":19}}},"fnMap":{"0":{"name":"(anonymous_1)","decl":{"start":{"line":56,"column":8},"end":{"line":56,"column":9}},"loc":{"start":{"line":56,"column":40},"end":{"line":64,"column":1}}},"1":{"name":"(anonymous_2)","decl":{"start":{"line":67,"column":8},"end":{"line":67,"column":9}},"loc":{"start":{"line":67,"column":74},"end":{"line":77,"column":1}}}},"branchMap":{"0":{"loc":{"start":{"line":20,"column":12},"end":{"line":20,"column":86}},"type":"cond-expr","locations":[{"start":{"line":20,"column":42},"end":{"line":20,"column":80}},{"start":{"line":20,"column":83},"end":{"line":20,"column":86}}]}},"s":{"0":7,"1":7,"2":7,"3":7,"4":7,"5":7,"6":7,"7":7,"8":7,"9":7,"10":7,"11":7,"12":7,"13":7,"14":7,"15":7,"16":7,"17":7,"18":7,"19":7,"20":7,"21":7,"22":7,"23":7,"24":7,"25":7,"26":7,"27":0,"28":7,"29":0,"30":0,"31":7},"f":{"0":0,"1":0},"b":{"0":[7,0]}}
,"C:\\Users\\amanj\\OneDrive\\Documents\\project\\rakthayatra\\backend\\src\\config\\env.ts": {"path":"C:\\Users\\amanj\\OneDrive\\Documents\\project\\rakthayatra\\backend\\src\\config\\env.ts","statementMap":{"0":{"start":{"line":1,"column":0},"end":{"line":1,"column":28}},"1":{"start":{"line":2,"column":0},"end":{"line":2,"column":24}},"2":{"start":{"line":3,"column":0},"end":{"line":3,"column":24}},"3":{"start":{"line":6,"column":0},"end":{"line":6,"column":63}},"4":{"start":{"line":8,"column":18},"end":{"line":30,"column":2}},"5":{"start":{"line":11,"column":24},"end":{"line":11,"column":41}},"6":{"start":{"line":32,"column":15},"end":{"line":32,"column":47}},"7":{"start":{"line":34,"column":0},"end":{"line":38,"column":1}},"8":{"start":{"line":35,"column":2},"end":{"line":35,"column":83}},"9":{"start":{"line":36,"column":2},"end":{"line":36,"column":64}},"10":{"start":{"line":37,"column":2},"end":{"line":37,"column":18}},"11":{"start":{"line":40,"column":13},"end":{"line":40,"column":31}}},"fnMap":{"0":{"name":"(anonymous_1)","decl":{"start":{"line":11,"column":15},"end":{"line":11,"column":16}},"loc":{"start":{"line":11,"column":24},"end":{"line":11,"column":41}}}},"branchMap":{"0":{"loc":{"start":{"line":34,"column":0},"end":{"line":38,"column":1}},"type":"if","locations":[{"start":{"line":34,"column":0},"end":{"line":38,"column":1}}]}},"s":{"0":12,"1":12,"2":12,"3":12,"4":12,"5":12,"6":12,"7":12,"8":0,"9":0,"10":0,"11":12},"f":{"0":12},"b":{"0":[0]}}
,"C:\\Users\\amanj\\OneDrive\\Documents\\project\\rakthayatra\\backend\\src\\config\\logger.ts": {"path":"C:\\Users\\amanj\\OneDrive\\Documents\\project\\rakthayatra\\backend\\src\\config\\logger.ts","statementMap":{"0":{"start":{"line":1,"column":0},"end":{"line":1,"column":30}},"1":{"start":{"line":2,"column":0},"end":{"line":2,"column":24}},"2":{"start":{"line":3,"column":0},"end":{"line":3,"column":28}},"3":{"start":{"line":5,"column":18},"end":{"line":9,"column":null}},"4":{"start":{"line":12,"column":15},"end":{"line":25,"column":2}},"5":{"start":{"line":27,"column":0},"end":{"line":38,"column":1}},"6":{"start":{"line":28,"column":2},"end":{"line":37,"column":4}},"7":{"start":{"line":33,"column":10},"end":{"line":33,"column":83}},"8":{"start":{"line":40,"column":0},"end":{"line":40,"column":22}}},"fnMap":{"0":{"name":"(anonymous_1)","decl":{"start":{"line":32,"column":30},"end":{"line":32,"column":31}},"loc":{"start":{"line":32,"column":71},"end":{"line":34,"column":9}}}},"branchMap":{"0":{"loc":{"start":{"line":27,"column":0},"end":{"line":38,"column":1}},"type":"if","locations":[{"start":{"line":27,"column":0},"end":{"line":38,"column":1}}]},"1":{"loc":{"start":{"line":33,"column":55},"end":{"line":33,"column":80}},"type":"cond-expr","locations":[{"start":{"line":33,"column":63},"end":{"line":33,"column":75}},{"start":{"line":33,"column":78},"end":{"line":33,"column":80}}]}},"s":{"0":12,"1":12,"2":12,"3":12,"4":12,"5":12,"6":12,"7":79,"8":12},"f":{"0":79},"b":{"0":[12],"1":[0,79]}}
,"C:\\Users\\amanj\\OneDrive\\Documents\\project\\rakthayatra\\backend\\src\\constants\\app.constants.ts": {"path":"C:\\Users\\amanj\\OneDrive\\Documents\\project\\rakthayatra\\backend\\src\\constants\\app.constants.ts","statementMap":{"0":{"start":{"line":1,"column":0},"end":{"line":1,"column":44}},"1":{"start":{"line":3,"column":13},"end":{"line":16,"column":11}},"2":{"start":{"line":19,"column":13},"end":{"line":37,"column":2}},"3":{"start":{"line":39,"column":13},"end":{"line":43,"column":11}}},"fnMap":{},"branchMap":{},"s":{"0":13,"1":13,"2":13,"3":13},"f":{},"b":{}}
,"C:\\Users\\amanj\\OneDrive\\Documents\\project\\rakthayatra\\backend\\src\\controllers\\auth.controller.ts": {"path":"C:\\Users\\amanj\\OneDrive\\Documents\\project\\rakthayatra\\backend\\src\\controllers\\auth.controller.ts","statementMap":{"0":{"start":{"line":2,"column":0},"end":{"line":2,"column":24}},"1":{"start":{"line":3,"column":0},"end":{"line":3,"column":55}},"2":{"start":{"line":4,"column":0},"end":{"line":4,"column":38}},"3":{"start":{"line":7,"column":23},"end":{"line":18,"column":2}},"4":{"start":{"line":20,"column":20},"end":{"line":23,"column":2}},"5":{"start":{"line":25,"column":18},"end":{"line":28,"column":2}},"6":{"start":{"line":30,"column":29},"end":{"line":32,"column":2}},"7":{"start":{"line":34,"column":28},"end":{"line":43,"column":2}},"8":{"start":{"line":46,"column":20},"end":{"line":46,"column":34}},"9":{"start":{"line":47,"column":15},"end":{"line":47,"column":52}},"10":{"start":{"line":50,"column":2},"end":{"line":55,"column":5}},"11":{"start":{"line":59,"column":2},"end":{"line":63,"column":5}},"12":{"start":{"line":67,"column":39},"end":{"line":67,"column":41}},"13":{"start":{"line":68,"column":13},"end":{"line":68,"column":31}},"14":{"start":{"line":70,"column":2},"end":{"line":75,"column":3}},"15":{"start":{"line":71,"column":4},"end":{"line":74,"column":7}},"16":{"start":{"line":72,"column":20},"end":{"line":72,"column":37}},"17":{"start":{"line":73,"column":6},"end":{"line":73,"column":63}},"18":{"start":{"line":77,"column":2},"end":{"line":77,"column":20}},"19":{"start":{"line":82,"column":4},"end":{"line":129,"column":5}},"20":{"start":{"line":83,"column":19},"end":{"line":83,"column":49}},"21":{"start":{"line":84,"column":24},"end":{"line":84,"column":30}},"22":{"start":{"line":86,"column":28},"end":{"line":91,"column":null}},"23":{"start":{"line":96,"column":6},"end":{"line":96,"column":61}},"24":{"start":{"line":98,"column":6},"end":{"line":108,"column":9}},"25":{"start":{"line":110,"column":6},"end":{"line":119,"column":7}},"26":{"start":{"line":111,"column":8},"end":{"line":118,"column":11}},"27":{"start":{"line":116,"column":51},"end":{"line":116,"column":98}},"28":{"start":{"line":121,"column":6},"end":{"line":121,"column":70}},"29":{"start":{"line":122,"column":6},"end":{"line":128,"column":9}},"30":{"start":{"line":133,"column":4},"end":{"line":178,"column":5}},"31":{"start":{"line":134,"column":19},"end":{"line":134,"column":46}},"32":{"start":{"line":135,"column":24},"end":{"line":135,"column":30}},"33":{"start":{"line":137,"column":50},"end":{"line":140,"column":null}},"34":{"start":{"line":143,"column":6},"end":{"line":143,"column":47}},"35":{"start":{"line":145,"column":6},"end":{"line":157,"column":9}},"36":{"start":{"line":159,"column":6},"end":{"line":168,"column":7}},"37":{"start":{"line":160,"column":8},"end":{"line":167,"column":11}},"38":{"start":{"line":165,"column":51},"end":{"line":165,"column":98}},"39":{"start":{"line":170,"column":6},"end":{"line":170,"column":52}},"40":{"start":{"line":171,"column":6},"end":{"line":177,"column":9}},"41":{"start":{"line":182,"column":4},"end":{"line":205,"column":5}},"42":{"start":{"line":183,"column":27},"end":{"line":183,"column":56}},"43":{"start":{"line":184,"column":24},"end":{"line":184,"column":30}},"44":{"start":{"line":186,"column":6},"end":{"line":188,"column":7}},"45":{"start":{"line":187,"column":8},"end":{"line":187,"column":58}},"46":{"start":{"line":190,"column":6},"end":{"line":190,"column":35}},"47":{"start":{"line":192,"column":6},"end":{"line":195,"column":9}},"48":{"start":{"line":197,"column":6},"end":{"line":197,"column":64}},"49":{"start":{"line":198,"column":6},"end":{"line":204,"column":9}},"50":{"start":{"line":209,"column":4},"end":{"line":247,"column":5}},"51":{"start":{"line":210,"column":27},"end":{"line":210,"column":56}},"52":{"start":{"line":211,"column":24},"end":{"line":211,"column":30}},"53":{"start":{"line":213,"column":6},"end":{"line":221,"column":7}},"54":{"start":{"line":214,"column":8},"end":{"line":220,"column":11}},"55":{"start":{"line":223,"column":61},"end":{"line":225,"column":null}},"56":{"start":{"line":228,"column":6},"end":{"line":228,"column":50}},"57":{"start":{"line":230,"column":6},"end":{"line":236,"column":9}},"58":{"start":{"line":238,"column":6},"end":{"line":238,"column":35}},"59":{"start":{"line":239,"column":6},"end":{"line":239,"column":60}},"60":{"start":{"line":240,"column":6},"end":{"line":246,"column":9}},"61":{"start":{"line":251,"column":4},"end":{"line":280,"column":5}},"62":{"start":{"line":252,"column":19},"end":{"line":252,"column":44}},"63":{"start":{"line":253,"column":24},"end":{"line":253,"column":30}},"64":{"start":{"line":255,"column":6},"end":{"line":255,"column":67}},"65":{"start":{"line":257,"column":6},"end":{"line":260,"column":9}},"66":{"start":{"line":262,"column":6},"end":{"line":271,"column":7}},"67":{"start":{"line":263,"column":8},"end":{"line":270,"column":11}},"68":{"start":{"line":268,"column":51},"end":{"line":268,"column":98}},"69":{"start":{"line":273,"column":6},"end":{"line":279,"column":9}},"70":{"start":{"line":284,"column":4},"end":{"line":315,"column":5}},"71":{"start":{"line":285,"column":19},"end":{"line":285,"column":55}},"72":{"start":{"line":286,"column":18},"end":{"line":286,"column":57}},"73":{"start":{"line":288,"column":6},"end":{"line":288,"column":68}},"74":{"start":{"line":290,"column":6},"end":{"line":296,"column":9}},"75":{"start":{"line":298,"column":6},"end":{"line":306,"column":7}},"76":{"start":{"line":299,"column":8},"end":{"line":305,"column":11}},"77":{"start":{"line":308,"column":6},"end":{"line":314,"column":9}},"78":{"start":{"line":319,"column":4},"end":{"line":348,"column":5}},"79":{"start":{"line":320,"column":19},"end":{"line":320,"column":55}},"80":{"start":{"line":321,"column":25},"end":{"line":321,"column":69}},"81":{"start":{"line":323,"column":6},"end":{"line":323,"column":76}},"82":{"start":{"line":325,"column":6},"end":{"line":331,"column":9}},"83":{"start":{"line":333,"column":6},"end":{"line":341,"column":7}},"84":{"start":{"line":334,"column":8},"end":{"line":340,"column":11}},"85":{"start":{"line":344,"column":6},"end":{"line":347,"column":9}},"86":{"start":{"line":352,"column":4},"end":{"line":381,"column":5}},"87":{"start":{"line":353,"column":19},"end":{"line":353,"column":54}},"88":{"start":{"line":354,"column":24},"end":{"line":354,"column":30}},"89":{"start":{"line":356,"column":6},"end":{"line":356,"column":76}},"90":{"start":{"line":358,"column":6},"end":{"line":361,"column":9}},"91":{"start":{"line":363,"column":6},"end":{"line":372,"column":7}},"92":{"start":{"line":364,"column":8},"end":{"line":371,"column":11}},"93":{"start":{"line":369,"column":51},"end":{"line":369,"column":98}},"94":{"start":{"line":374,"column":6},"end":{"line":380,"column":9}},"95":{"start":{"line":80,"column":0},"end":{"line":80,"column":13}},"96":{"start":{"line":385,"column":13},"end":{"line":385,"column":51}}},"fnMap":{"0":{"name":"setRefreshTokenCookie","decl":{"start":{"line":49,"column":9},"end":{"line":49,"column":30}},"loc":{"start":{"line":49,"column":59},"end":{"line":56,"column":1}}},"1":{"name":"clearRefreshTokenCookie","decl":{"start":{"line":58,"column":9},"end":{"line":58,"column":32}},"loc":{"start":{"line":58,"column":46},"end":{"line":64,"column":1}}},"2":{"name":"parseCookie","decl":{"start":{"line":66,"column":9},"end":{"line":66,"column":20}},"loc":{"start":{"line":66,"column":47},"end":{"line":78,"column":1}}},"3":{"name":"(anonymous_4)","decl":{"start":{"line":71,"column":26},"end":{"line":71,"column":27}},"loc":{"start":{"line":71,"column":37},"end":{"line":74,"column":5}}},"4":{"name":"(anonymous_5)","decl":{"start":{"line":81,"column":2},"end":{"line":81,"column":7}},"loc":{"start":{"line":81,"column":44},"end":{"line":130,"column":3}}},"5":{"name":"(anonymous_6)","decl":{"start":{"line":116,"column":38},"end":{"line":116,"column":39}},"loc":{"start":{"line":116,"column":51},"end":{"line":116,"column":98}}},"6":{"name":"(anonymous_7)","decl":{"start":{"line":132,"column":2},"end":{"line":132,"column":7}},"loc":{"start":{"line":132,"column":41},"end":{"line":179,"column":3}}},"7":{"name":"(anonymous_8)","decl":{"start":{"line":165,"column":38},"end":{"line":165,"column":39}},"loc":{"start":{"line":165,"column":51},"end":{"line":165,"column":98}}},"8":{"name":"(anonymous_9)","decl":{"start":{"line":181,"column":2},"end":{"line":181,"column":7}},"loc":{"start":{"line":181,"column":42},"end":{"line":206,"column":3}}},"9":{"name":"(anonymous_10)","decl":{"start":{"line":208,"column":2},"end":{"line":208,"column":7}},"loc":{"start":{"line":208,"column":43},"end":{"line":248,"column":3}}},"10":{"name":"(anonymous_11)","decl":{"start":{"line":250,"column":2},"end":{"line":250,"column":7}},"loc":{"start":{"line":250,"column":45},"end":{"line":281,"column":3}}},"11":{"name":"(anonymous_12)","decl":{"start":{"line":268,"column":38},"end":{"line":268,"column":39}},"loc":{"start":{"line":268,"column":51},"end":{"line":268,"column":98}}},"12":{"name":"(anonymous_13)","decl":{"start":{"line":283,"column":2},"end":{"line":283,"column":7}},"loc":{"start":{"line":283,"column":45},"end":{"line":316,"column":3}}},"13":{"name":"(anonymous_14)","decl":{"start":{"line":318,"column":2},"end":{"line":318,"column":7}},"loc":{"start":{"line":318,"column":50},"end":{"line":349,"column":3}}},"14":{"name":"(anonymous_15)","decl":{"start":{"line":351,"column":2},"end":{"line":351,"column":7}},"loc":{"start":{"line":351,"column":49},"end":{"line":382,"column":3}}},"15":{"name":"(anonymous_16)","decl":{"start":{"line":369,"column":38},"end":{"line":369,"column":39}},"loc":{"start":{"line":369,"column":51},"end":{"line":369,"column":98}}}},"branchMap":{"0":{"loc":{"start":{"line":70,"column":2},"end":{"line":75,"column":3}},"type":"if","locations":[{"start":{"line":70,"column":2},"end":{"line":75,"column":3}}]},"1":{"loc":{"start":{"line":90,"column":8},"end":{"line":90,"column":26}},"type":"binary-expr","locations":[{"start":{"line":90,"column":8},"end":{"line":90,"column":20}},{"start":{"line":90,"column":24},"end":{"line":90,"column":26}}]},"2":{"loc":{"start":{"line":110,"column":6},"end":{"line":119,"column":7}},"type":"if","locations":[{"start":{"line":110,"column":6},"end":{"line":119,"column":7}}]},"3":{"loc":{"start":{"line":126,"column":19},"end":{"line":126,"column":58}},"type":"binary-expr","locations":[{"start":{"line":126,"column":19},"end":{"line":126,"column":32}},{"start":{"line":126,"column":36},"end":{"line":126,"column":58}}]},"4":{"loc":{"start":{"line":159,"column":6},"end":{"line":168,"column":7}},"type":"if","locations":[{"start":{"line":159,"column":6},"end":{"line":168,"column":7}}]},"5":{"loc":{"start":{"line":175,"column":19},"end":{"line":175,"column":64}},"type":"binary-expr","locations":[{"start":{"line":175,"column":19},"end":{"line":175,"column":32}},{"start":{"line":175,"column":36},"end":{"line":175,"column":64}}]},"6":{"loc":{"start":{"line":186,"column":6},"end":{"line":188,"column":7}},"type":"if","locations":[{"start":{"line":186,"column":6},"end":{"line":188,"column":7}}]},"7":{"loc":{"start":{"line":213,"column":6},"end":{"line":221,"column":7}},"type":"if","locations":[{"start":{"line":213,"column":6},"end":{"line":221,"column":7}}]},"8":{"loc":{"start":{"line":244,"column":19},"end":{"line":244,"column":59}},"type":"binary-expr","locations":[{"start":{"line":244,"column":19},"end":{"line":244,"column":32}},{"start":{"line":244,"column":36},"end":{"line":244,"column":59}}]},"9":{"loc":{"start":{"line":262,"column":6},"end":{"line":271,"column":7}},"type":"if","locations":[{"start":{"line":262,"column":6},"end":{"line":271,"column":7}}]},"10":{"loc":{"start":{"line":277,"column":19},"end":{"line":277,"column":62}},"type":"binary-expr","locations":[{"start":{"line":277,"column":19},"end":{"line":277,"column":32}},{"start":{"line":277,"column":36},"end":{"line":277,"column":62}}]},"11":{"loc":{"start":{"line":298,"column":6},"end":{"line":306,"column":7}},"type":"if","locations":[{"start":{"line":298,"column":6},"end":{"line":306,"column":7}}]},"12":{"loc":{"start":{"line":312,"column":19},"end":{"line":312,"column":59}},"type":"binary-expr","locations":[{"start":{"line":312,"column":19},"end":{"line":312,"column":32}},{"start":{"line":312,"column":36},"end":{"line":312,"column":59}}]},"13":{"loc":{"start":{"line":333,"column":6},"end":{"line":341,"column":7}},"type":"if","locations":[{"start":{"line":333,"column":6},"end":{"line":341,"column":7}}]},"14":{"loc":{"start":{"line":363,"column":6},"end":{"line":372,"column":7}},"type":"if","locations":[{"start":{"line":363,"column":6},"end":{"line":372,"column":7}}]},"15":{"loc":{"start":{"line":378,"column":19},"end":{"line":378,"column":60}},"type":"binary-expr","locations":[{"start":{"line":378,"column":19},"end":{"line":378,"column":32}},{"start":{"line":378,"column":36},"end":{"line":378,"column":60}}]}},"s":{"0":7,"1":7,"2":7,"3":7,"4":7,"5":7,"6":7,"7":7,"8":7,"9":7,"10":1,"11":0,"12":0,"13":0,"14":0,"15":0,"16":0,"17":0,"18":0,"19":2,"20":2,"21":1,"22":1,"23":1,"24":1,"25":1,"26":1,"27":5,"28":0,"29":0,"30":2,"31":2,"32":2,"33":2,"34":1,"35":1,"36":1,"37":0,"38":0,"39":1,"40":1,"41":0,"42":0,"43":0,"44":0,"45":0,"46":0,"47":0,"48":0,"49":0,"50":0,"51":0,"52":0,"53":0,"54":0,"55":0,"56":0,"57":0,"58":0,"59":0,"60":0,"61":1,"62":1,"63":1,"64":1,"65":1,"66":0,"67":0,"68":0,"69":0,"70":0,"71":0,"72":0,"73":0,"74":0,"75":0,"76":0,"77":0,"78":0,"79":0,"80":0,"81":0,"82":0,"83":0,"84":0,"85":0,"86":0,"87":0,"88":0,"89":0,"90":0,"91":0,"92":0,"93":0,"94":0,"95":7,"96":7},"f":{"0":1,"1":0,"2":0,"3":0,"4":2,"5":5,"6":2,"7":0,"8":0,"9":0,"10":1,"11":0,"12":0,"13":0,"14":0,"15":0},"b":{"0":[0],"1":[1,0],"2":[1],"3":[0,0],"4":[0],"5":[1,0],"6":[0],"7":[0],"8":[0,0],"9":[0],"10":[0,0],"11":[0],"12":[0,0],"13":[0],"14":[0],"15":[0,0]}}
,"C:\\Users\\amanj\\OneDrive\\Documents\\project\\rakthayatra\\backend\\src\\controllers\\blood-request.controller.ts": {"path":"C:\\Users\\amanj\\OneDrive\\Documents\\project\\rakthayatra\\backend\\src\\controllers\\blood-request.controller.ts","statementMap":{"0":{"start":{"line":2,"column":0},"end":{"line":2,"column":24}},"1":{"start":{"line":3,"column":0},"end":{"line":3,"column":72}},"2":{"start":{"line":5,"column":0},"end":{"line":5,"column":95}},"3":{"start":{"line":6,"column":0},"end":{"line":6,"column":46}},"4":{"start":{"line":7,"column":0},"end":{"line":7,"column":38}},"5":{"start":{"line":9,"column":15},"end":{"line":9,"column":33}},"6":{"start":{"line":12,"column":21},"end":{"line":20,"column":2}},"7":{"start":{"line":22,"column":21},"end":{"line":27,"column":2}},"8":{"start":{"line":25,"column":30},"end":{"line":25,"column":46}},"9":{"start":{"line":26,"column":31},"end":{"line":26,"column":48}},"10":{"start":{"line":30,"column":2},"end":{"line":39,"column":3}},"11":{"start":{"line":31,"column":4},"end":{"line":38,"column":7}},"12":{"start":{"line":36,"column":47},"end":{"line":36,"column":94}},"13":{"start":{"line":41,"column":2},"end":{"line":49,"column":3}},"14":{"start":{"line":42,"column":4},"end":{"line":48,"column":7}},"15":{"start":{"line":51,"column":2},"end":{"line":51,"column":81}},"16":{"start":{"line":52,"column":2},"end":{"line":58,"column":5}},"17":{"start":{"line":66,"column":4},"end":{"line":94,"column":5}},"18":{"start":{"line":67,"column":21},"end":{"line":67,"column":49}},"19":{"start":{"line":68,"column":26},"end":{"line":68,"column":42}},"20":{"start":{"line":69,"column":6},"end":{"line":71,"column":7}},"21":{"start":{"line":70,"column":8},"end":{"line":70,"column":73}},"22":{"start":{"line":73,"column":22},"end":{"line":84,"column":null}},"23":{"start":{"line":87,"column":6},"end":{"line":91,"column":9}},"24":{"start":{"line":93,"column":6},"end":{"line":93,"column":47}},"25":{"start":{"line":101,"column":4},"end":{"line":116,"column":5}},"26":{"start":{"line":102,"column":21},"end":{"line":102,"column":31}},"27":{"start":{"line":103,"column":6},"end":{"line":105,"column":7}},"28":{"start":{"line":104,"column":8},"end":{"line":104,"column":73}},"29":{"start":{"line":107,"column":23},"end":{"line":107,"column":102}},"30":{"start":{"line":109,"column":6},"end":{"line":113,"column":9}},"31":{"start":{"line":115,"column":6},"end":{"line":115,"column":47}},"32":{"start":{"line":123,"column":4},"end":{"line":138,"column":5}},"33":{"start":{"line":124,"column":21},"end":{"line":124,"column":31}},"34":{"start":{"line":125,"column":6},"end":{"line":127,"column":7}},"35":{"start":{"line":126,"column":8},"end":{"line":126,"column":73}},"36":{"start":{"line":129,"column":23},"end":{"line":129,"column":103}},"37":{"start":{"line":131,"column":6},"end":{"line":135,"column":9}},"38":{"start":{"line":137,"column":6},"end":{"line":137,"column":47}},"39":{"start":{"line":145,"column":4},"end":{"line":165,"column":5}},"40":{"start":{"line":146,"column":21},"end":{"line":146,"column":31}},"41":{"start":{"line":147,"column":6},"end":{"line":149,"column":7}},"42":{"start":{"line":148,"column":8},"end":{"line":148,"column":73}},"43":{"start":{"line":151,"column":26},"end":{"line":151,"column":71}},"44":{"start":{"line":152,"column":6},"end":{"line":154,"column":7}},"45":{"start":{"line":153,"column":8},"end":{"line":153,"column":75}},"46":{"start":{"line":156,"column":24},"end":{"line":156,"column":117}},"47":{"start":{"line":158,"column":6},"end":{"line":162,"column":9}},"48":{"start":{"line":164,"column":6},"end":{"line":164,"column":47}},"49":{"start":{"line":172,"column":4},"end":{"line":197,"column":5}},"50":{"start":{"line":173,"column":21},"end":{"line":173,"column":31}},"51":{"start":{"line":174,"column":6},"end":{"line":176,"column":7}},"52":{"start":{"line":175,"column":8},"end":{"line":175,"column":73}},"53":{"start":{"line":179,"column":28},"end":{"line":179,"column":83}},"54":{"start":{"line":180,"column":6},"end":{"line":182,"column":7}},"55":{"start":{"line":181,"column":8},"end":{"line":181,"column":67}},"56":{"start":{"line":184,"column":6},"end":{"line":186,"column":7}},"57":{"start":{"line":185,"column":8},"end":{"line":185,"column":93}},"58":{"start":{"line":188,"column":24},"end":{"line":188,"column":104}},"59":{"start":{"line":190,"column":6},"end":{"line":194,"column":9}},"60":{"start":{"line":196,"column":6},"end":{"line":196,"column":47}},"61":{"start":{"line":204,"column":4},"end":{"line":219,"column":5}},"62":{"start":{"line":205,"column":21},"end":{"line":205,"column":50}},"63":{"start":{"line":206,"column":21},"end":{"line":211,"column":8}},"64":{"start":{"line":213,"column":6},"end":{"line":216,"column":9}},"65":{"start":{"line":218,"column":6},"end":{"line":218,"column":47}},"66":{"start":{"line":226,"column":4},"end":{"line":236,"column":5}},"67":{"start":{"line":227,"column":22},"end":{"line":227,"column":93}},"68":{"start":{"line":229,"column":6},"end":{"line":233,"column":9}},"69":{"start":{"line":235,"column":6},"end":{"line":235,"column":47}},"70":{"start":{"line":61,"column":0},"end":{"line":61,"column":13}},"71":{"start":{"line":240,"column":13},"end":{"line":240,"column":67}}},"fnMap":{"0":{"name":"(anonymous_1)","decl":{"start":{"line":25,"column":21},"end":{"line":25,"column":22}},"loc":{"start":{"line":25,"column":30},"end":{"line":25,"column":46}}},"1":{"name":"(anonymous_2)","decl":{"start":{"line":26,"column":22},"end":{"line":26,"column":23}},"loc":{"start":{"line":26,"column":31},"end":{"line":26,"column":48}}},"2":{"name":"handleControllerError","decl":{"start":{"line":29,"column":9},"end":{"line":29,"column":30}},"loc":{"start":{"line":29,"column":56},"end":{"line":59,"column":1}}},"3":{"name":"(anonymous_4)","decl":{"start":{"line":36,"column":34},"end":{"line":36,"column":35}},"loc":{"start":{"line":36,"column":47},"end":{"line":36,"column":94}}},"4":{"name":"(anonymous_5)","decl":{"start":{"line":65,"column":2},"end":{"line":65,"column":7}},"loc":{"start":{"line":65,"column":55},"end":{"line":95,"column":3}}},"5":{"name":"(anonymous_6)","decl":{"start":{"line":100,"column":2},"end":{"line":100,"column":7}},"loc":{"start":{"line":100,"column":56},"end":{"line":117,"column":3}}},"6":{"name":"(anonymous_7)","decl":{"start":{"line":122,"column":2},"end":{"line":122,"column":7}},"loc":{"start":{"line":122,"column":55},"end":{"line":139,"column":3}}},"7":{"name":"(anonymous_8)","decl":{"start":{"line":144,"column":2},"end":{"line":144,"column":7}},"loc":{"start":{"line":144,"column":56},"end":{"line":166,"column":3}}},"8":{"name":"(anonymous_9)","decl":{"start":{"line":171,"column":2},"end":{"line":171,"column":7}},"loc":{"start":{"line":171,"column":55},"end":{"line":198,"column":3}}},"9":{"name":"(anonymous_10)","decl":{"start":{"line":203,"column":2},"end":{"line":203,"column":7}},"loc":{"start":{"line":203,"column":42},"end":{"line":220,"column":3}}},"10":{"name":"(anonymous_11)","decl":{"start":{"line":225,"column":2},"end":{"line":225,"column":7}},"loc":{"start":{"line":225,"column":67},"end":{"line":237,"column":3}}}},"branchMap":{"0":{"loc":{"start":{"line":25,"column":30},"end":{"line":25,"column":46}},"type":"binary-expr","locations":[{"start":{"line":25,"column":30},"end":{"line":25,"column":41}},{"start":{"line":25,"column":45},"end":{"line":25,"column":46}}]},"1":{"loc":{"start":{"line":26,"column":31},"end":{"line":26,"column":48}},"type":"binary-expr","locations":[{"start":{"line":26,"column":31},"end":{"line":26,"column":42}},{"start":{"line":26,"column":46},"end":{"line":26,"column":48}}]},"2":{"loc":{"start":{"line":30,"column":2},"end":{"line":39,"column":3}},"type":"if","locations":[{"start":{"line":30,"column":2},"end":{"line":39,"column":3}}]},"3":{"loc":{"start":{"line":41,"column":2},"end":{"line":49,"column":3}},"type":"if","locations":[{"start":{"line":41,"column":2},"end":{"line":49,"column":3}}]},"4":{"loc":{"start":{"line":69,"column":6},"end":{"line":71,"column":7}},"type":"if","locations":[{"start":{"line":69,"column":6},"end":{"line":71,"column":7}}]},"5":{"loc":{"start":{"line":103,"column":6},"end":{"line":105,"column":7}},"type":"if","locations":[{"start":{"line":103,"column":6},"end":{"line":105,"column":7}}]},"6":{"loc":{"start":{"line":103,"column":10},"end":{"line":103,"column":106}},"type":"binary-expr","locations":[{"start":{"line":103,"column":10},"end":{"line":103,"column":13}},{"start":{"line":103,"column":17},"end":{"line":103,"column":106}}]},"7":{"loc":{"start":{"line":125,"column":6},"end":{"line":127,"column":7}},"type":"if","locations":[{"start":{"line":125,"column":6},"end":{"line":127,"column":7}}]},"8":{"loc":{"start":{"line":125,"column":10},"end":{"line":125,"column":106}},"type":"binary-expr","locations":[{"start":{"line":125,"column":10},"end":{"line":125,"column":13}},{"start":{"line":125,"column":17},"end":{"line":125,"column":106}}]},"9":{"loc":{"start":{"line":147,"column":6},"end":{"line":149,"column":7}},"type":"if","locations":[{"start":{"line":147,"column":6},"end":{"line":149,"column":7}}]},"10":{"loc":{"start":{"line":147,"column":10},"end":{"line":147,"column":106}},"type":"binary-expr","locations":[{"start":{"line":147,"column":10},"end":{"line":147,"column":13}},{"start":{"line":147,"column":17},"end":{"line":147,"column":106}}]},"11":{"loc":{"start":{"line":151,"column":26},"end":{"line":151,"column":71}},"type":"binary-expr","locations":[{"start":{"line":151,"column":26},"end":{"line":151,"column":46}},{"start":{"line":151,"column":50},"end":{"line":151,"column":71}}]},"12":{"loc":{"start":{"line":152,"column":6},"end":{"line":154,"column":7}},"type":"if","locations":[{"start":{"line":152,"column":6},"end":{"line":154,"column":7}}]},"13":{"loc":{"start":{"line":152,"column":10},"end":{"line":152,"column":123}},"type":"binary-expr","locations":[{"start":{"line":152,"column":10},"end":{"line":152,"column":21}},{"start":{"line":152,"column":25},"end":{"line":152,"column":123}}]},"14":{"loc":{"start":{"line":174,"column":6},"end":{"line":176,"column":7}},"type":"if","locations":[{"start":{"line":174,"column":6},"end":{"line":176,"column":7}}]},"15":{"loc":{"start":{"line":174,"column":10},"end":{"line":174,"column":106}},"type":"binary-expr","locations":[{"start":{"line":174,"column":10},"end":{"line":174,"column":13}},{"start":{"line":174,"column":17},"end":{"line":174,"column":106}}]},"16":{"loc":{"start":{"line":180,"column":6},"end":{"line":182,"column":7}},"type":"if","locations":[{"start":{"line":180,"column":6},"end":{"line":182,"column":7}}]},"17":{"loc":{"start":{"line":184,"column":6},"end":{"line":186,"column":7}},"type":"if","locations":[{"start":{"line":184,"column":6},"end":{"line":186,"column":7}}]},"18":{"loc":{"start":{"line":184,"column":10},"end":{"line":184,"column":86}},"type":"binary-expr","locations":[{"start":{"line":184,"column":10},"end":{"line":184,"column":36}},{"start":{"line":184,"column":40},"end":{"line":184,"column":86}}]}},"s":{"0":7,"1":7,"2":7,"3":7,"4":7,"5":7,"6":7,"7":7,"8":0,"9":0,"10":3,"11":1,"12":1,"13":2,"14":2,"15":0,"16":0,"17":3,"18":3,"19":2,"20":2,"21":0,"22":2,"23":2,"24":1,"25":1,"26":1,"27":1,"28":0,"29":1,"30":1,"31":0,"32":0,"33":0,"34":0,"35":0,"36":0,"37":0,"38":0,"39":2,"40":2,"41":2,"42":0,"43":2,"44":2,"45":0,"46":2,"47":1,"48":1,"49":2,"50":2,"51":2,"52":0,"53":2,"54":2,"55":0,"56":2,"57":1,"58":1,"59":1,"60":1,"61":0,"62":0,"63":0,"64":0,"65":0,"66":1,"67":1,"68":1,"69":0,"70":7,"71":7},"f":{"0":0,"1":0,"2":3,"3":1,"4":3,"5":1,"6":0,"7":2,"8":2,"9":0,"10":1},"b":{"0":[0,0],"1":[0,0],"2":[1],"3":[2],"4":[0],"5":[0],"6":[1,1],"7":[0],"8":[0,0],"9":[0],"10":[2,2],"11":[2,2],"12":[0],"13":[2,0],"14":[0],"15":[2,2],"16":[0],"17":[1],"18":[2,2]}}
,"C:\\Users\\amanj\\OneDrive\\Documents\\project\\rakthayatra\\backend\\src\\controllers\\donation-camp.controller.ts": {"path":"C:\\Users\\amanj\\OneDrive\\Documents\\project\\rakthayatra\\backend\\src\\controllers\\donation-camp.controller.ts","statementMap":{"0":{"start":{"line":2,"column":0},"end":{"line":2,"column":24}},"1":{"start":{"line":3,"column":0},"end":{"line":3,"column":72}},"2":{"start":{"line":5,"column":0},"end":{"line":5,"column":95}},"3":{"start":{"line":6,"column":0},"end":{"line":6,"column":46}},"4":{"start":{"line":7,"column":0},"end":{"line":7,"column":38}},"5":{"start":{"line":9,"column":15},"end":{"line":9,"column":33}},"6":{"start":{"line":12,"column":25},"end":{"line":26,"column":2}},"7":{"start":{"line":19,"column":40},"end":{"line":19,"column":63}},"8":{"start":{"line":22,"column":38},"end":{"line":22,"column":61}},"9":{"start":{"line":28,"column":25},"end":{"line":38,"column":2}},"10":{"start":{"line":35,"column":40},"end":{"line":35,"column":63}},"11":{"start":{"line":36,"column":38},"end":{"line":36,"column":61}},"12":{"start":{"line":40,"column":24},"end":{"line":44,"column":2}},"13":{"start":{"line":46,"column":28},"end":{"line":48,"column":2}},"14":{"start":{"line":50,"column":32},"end":{"line":52,"column":2}},"15":{"start":{"line":54,"column":21},"end":{"line":58,"column":2}},"16":{"start":{"line":56,"column":30},"end":{"line":56,"column":46}},"17":{"start":{"line":57,"column":31},"end":{"line":57,"column":48}},"18":{"start":{"line":61,"column":2},"end":{"line":70,"column":3}},"19":{"start":{"line":62,"column":4},"end":{"line":69,"column":7}},"20":{"start":{"line":67,"column":47},"end":{"line":67,"column":94}},"21":{"start":{"line":72,"column":2},"end":{"line":80,"column":3}},"22":{"start":{"line":73,"column":4},"end":{"line":79,"column":7}},"23":{"start":{"line":82,"column":2},"end":{"line":82,"column":81}},"24":{"start":{"line":83,"column":2},"end":{"line":89,"column":5}},"25":{"start":{"line":97,"column":4},"end":{"line":115,"column":5}},"26":{"start":{"line":98,"column":21},"end":{"line":98,"column":53}},"27":{"start":{"line":99,"column":19},"end":{"line":105,"column":null}},"28":{"start":{"line":108,"column":6},"end":{"line":112,"column":9}},"29":{"start":{"line":114,"column":6},"end":{"line":114,"column":47}},"30":{"start":{"line":122,"column":4},"end":{"line":146,"column":5}},"31":{"start":{"line":123,"column":21},"end":{"line":123,"column":31}},"32":{"start":{"line":124,"column":6},"end":{"line":126,"column":7}},"33":{"start":{"line":125,"column":8},"end":{"line":125,"column":73}},"34":{"start":{"line":128,"column":21},"end":{"line":128,"column":53}},"35":{"start":{"line":129,"column":19},"end":{"line":136,"column":null}},"36":{"start":{"line":139,"column":6},"end":{"line":143,"column":9}},"37":{"start":{"line":145,"column":6},"end":{"line":145,"column":47}},"38":{"start":{"line":153,"column":4},"end":{"line":168,"column":5}},"39":{"start":{"line":154,"column":21},"end":{"line":154,"column":31}},"40":{"start":{"line":155,"column":6},"end":{"line":157,"column":7}},"41":{"start":{"line":156,"column":8},"end":{"line":156,"column":73}},"42":{"start":{"line":159,"column":19},"end":{"line":159,"column":77}},"43":{"start":{"line":161,"column":6},"end":{"line":165,"column":9}},"44":{"start":{"line":167,"column":6},"end":{"line":167,"column":47}},"45":{"start":{"line":175,"column":4},"end":{"line":190,"column":5}},"46":{"start":{"line":176,"column":21},"end":{"line":176,"column":31}},"47":{"start":{"line":177,"column":6},"end":{"line":179,"column":7}},"48":{"start":{"line":178,"column":8},"end":{"line":178,"column":73}},"49":{"start":{"line":181,"column":21},"end":{"line":181,"column":52}},"50":{"start":{"line":182,"column":6},"end":{"line":182,"column":80}},"51":{"start":{"line":184,"column":6},"end":{"line":187,"column":9}},"52":{"start":{"line":189,"column":6},"end":{"line":189,"column":47}},"53":{"start":{"line":197,"column":4},"end":{"line":225,"column":5}},"54":{"start":{"line":198,"column":21},"end":{"line":198,"column":31}},"55":{"start":{"line":199,"column":6},"end":{"line":201,"column":7}},"56":{"start":{"line":200,"column":8},"end":{"line":200,"column":73}},"57":{"start":{"line":203,"column":21},"end":{"line":203,"column":56}},"58":{"start":{"line":206,"column":20},"end":{"line":208,"column":8}},"59":{"start":{"line":209,"column":6},"end":{"line":211,"column":7}},"60":{"start":{"line":210,"column":8},"end":{"line":210,"column":60}},"61":{"start":{"line":213,"column":6},"end":{"line":215,"column":7}},"62":{"start":{"line":214,"column":8},"end":{"line":214,"column":89}},"63":{"start":{"line":217,"column":6},"end":{"line":217,"column":91}},"64":{"start":{"line":219,"column":6},"end":{"line":222,"column":9}},"65":{"start":{"line":224,"column":6},"end":{"line":224,"column":47}},"66":{"start":{"line":232,"column":4},"end":{"line":260,"column":5}},"67":{"start":{"line":233,"column":21},"end":{"line":233,"column":31}},"68":{"start":{"line":234,"column":6},"end":{"line":236,"column":7}},"69":{"start":{"line":235,"column":8},"end":{"line":235,"column":73}},"70":{"start":{"line":238,"column":21},"end":{"line":238,"column":60}},"71":{"start":{"line":241,"column":23},"end":{"line":243,"column":8}},"72":{"start":{"line":244,"column":6},"end":{"line":246,"column":7}},"73":{"start":{"line":245,"column":8},"end":{"line":245,"column":63}},"74":{"start":{"line":248,"column":6},"end":{"line":250,"column":7}},"75":{"start":{"line":249,"column":8},"end":{"line":249,"column":99}},"76":{"start":{"line":252,"column":6},"end":{"line":252,"column":98}},"77":{"start":{"line":254,"column":6},"end":{"line":257,"column":9}},"78":{"start":{"line":259,"column":6},"end":{"line":259,"column":47}},"79":{"start":{"line":267,"column":4},"end":{"line":281,"column":5}},"80":{"start":{"line":268,"column":21},"end":{"line":268,"column":31}},"81":{"start":{"line":269,"column":6},"end":{"line":271,"column":7}},"82":{"start":{"line":270,"column":8},"end":{"line":270,"column":73}},"83":{"start":{"line":273,"column":20},"end":{"line":273,"column":67}},"84":{"start":{"line":275,"column":6},"end":{"line":278,"column":9}},"85":{"start":{"line":280,"column":6},"end":{"line":280,"column":47}},"86":{"start":{"line":288,"column":4},"end":{"line":302,"column":5}},"87":{"start":{"line":289,"column":21},"end":{"line":289,"column":50}},"88":{"start":{"line":290,"column":21},"end":{"line":294,"column":8}},"89":{"start":{"line":296,"column":6},"end":{"line":299,"column":9}},"90":{"start":{"line":301,"column":6},"end":{"line":301,"column":47}},"91":{"start":{"line":92,"column":0},"end":{"line":92,"column":13}},"92":{"start":{"line":306,"column":13},"end":{"line":306,"column":67}}},"fnMap":{"0":{"name":"(anonymous_1)","decl":{"start":{"line":19,"column":31},"end":{"line":19,"column":32}},"loc":{"start":{"line":19,"column":40},"end":{"line":19,"column":63}}},"1":{"name":"(anonymous_2)","decl":{"start":{"line":22,"column":29},"end":{"line":22,"column":30}},"loc":{"start":{"line":22,"column":38},"end":{"line":22,"column":61}}},"2":{"name":"(anonymous_3)","decl":{"start":{"line":35,"column":31},"end":{"line":35,"column":32}},"loc":{"start":{"line":35,"column":40},"end":{"line":35,"column":63}}},"3":{"name":"(anonymous_4)","decl":{"start":{"line":36,"column":29},"end":{"line":36,"column":30}},"loc":{"start":{"line":36,"column":38},"end":{"line":36,"column":61}}},"4":{"name":"(anonymous_5)","decl":{"start":{"line":56,"column":21},"end":{"line":56,"column":22}},"loc":{"start":{"line":56,"column":30},"end":{"line":56,"column":46}}},"5":{"name":"(anonymous_6)","decl":{"start":{"line":57,"column":22},"end":{"line":57,"column":23}},"loc":{"start":{"line":57,"column":31},"end":{"line":57,"column":48}}},"6":{"name":"handleControllerError","decl":{"start":{"line":60,"column":9},"end":{"line":60,"column":30}},"loc":{"start":{"line":60,"column":56},"end":{"line":90,"column":1}}},"7":{"name":"(anonymous_8)","decl":{"start":{"line":67,"column":34},"end":{"line":67,"column":35}},"loc":{"start":{"line":67,"column":47},"end":{"line":67,"column":94}}},"8":{"name":"(anonymous_9)","decl":{"start":{"line":96,"column":2},"end":{"line":96,"column":7}},"loc":{"start":{"line":96,"column":55},"end":{"line":116,"column":3}}},"9":{"name":"(anonymous_10)","decl":{"start":{"line":121,"column":2},"end":{"line":121,"column":7}},"loc":{"start":{"line":121,"column":55},"end":{"line":147,"column":3}}},"10":{"name":"(anonymous_11)","decl":{"start":{"line":152,"column":2},"end":{"line":152,"column":7}},"loc":{"start":{"line":152,"column":55},"end":{"line":169,"column":3}}},"11":{"name":"(anonymous_12)","decl":{"start":{"line":174,"column":2},"end":{"line":174,"column":7}},"loc":{"start":{"line":174,"column":66},"end":{"line":191,"column":3}}},"12":{"name":"(anonymous_13)","decl":{"start":{"line":196,"column":2},"end":{"line":196,"column":7}},"loc":{"start":{"line":196,"column":62},"end":{"line":226,"column":3}}},"13":{"name":"(anonymous_14)","decl":{"start":{"line":231,"column":2},"end":{"line":231,"column":7}},"loc":{"start":{"line":231,"column":66},"end":{"line":261,"column":3}}},"14":{"name":"(anonymous_15)","decl":{"start":{"line":266,"column":2},"end":{"line":266,"column":7}},"loc":{"start":{"line":266,"column":44},"end":{"line":282,"column":3}}},"15":{"name":"(anonymous_16)","decl":{"start":{"line":287,"column":2},"end":{"line":287,"column":7}},"loc":{"start":{"line":287,"column":40},"end":{"line":303,"column":3}}}},"branchMap":{"0":{"loc":{"start":{"line":56,"column":30},"end":{"line":56,"column":46}},"type":"binary-expr","locations":[{"start":{"line":56,"column":30},"end":{"line":56,"column":41}},{"start":{"line":56,"column":45},"end":{"line":56,"column":46}}]},"1":{"loc":{"start":{"line":57,"column":31},"end":{"line":57,"column":48}},"type":"binary-expr","locations":[{"start":{"line":57,"column":31},"end":{"line":57,"column":42}},{"start":{"line":57,"column":46},"end":{"line":57,"column":48}}]},"2":{"loc":{"start":{"line":61,"column":2},"end":{"line":70,"column":3}},"type":"if","locations":[{"start":{"line":61,"column":2},"end":{"line":70,"column":3}}]},"3":{"loc":{"start":{"line":72,"column":2},"end":{"line":80,"column":3}},"type":"if","locations":[{"start":{"line":72,"column":2},"end":{"line":80,"column":3}}]},"4":{"loc":{"start":{"line":124,"column":6},"end":{"line":126,"column":7}},"type":"if","locations":[{"start":{"line":124,"column":6},"end":{"line":126,"column":7}}]},"5":{"loc":{"start":{"line":124,"column":10},"end":{"line":124,"column":106}},"type":"binary-expr","locations":[{"start":{"line":124,"column":10},"end":{"line":124,"column":13}},{"start":{"line":124,"column":17},"end":{"line":124,"column":106}}]},"6":{"loc":{"start":{"line":133,"column":21},"end":{"line":133,"column":78}},"type":"cond-expr","locations":[{"start":{"line":133,"column":40},"end":{"line":133,"column":66}},{"start":{"line":133,"column":69},"end":{"line":133,"column":78}}]},"7":{"loc":{"start":{"line":134,"column":19},"end":{"line":134,"column":72}},"type":"cond-expr","locations":[{"start":{"line":134,"column":36},"end":{"line":134,"column":60}},{"start":{"line":134,"column":63},"end":{"line":134,"column":72}}]},"8":{"loc":{"start":{"line":155,"column":6},"end":{"line":157,"column":7}},"type":"if","locations":[{"start":{"line":155,"column":6},"end":{"line":157,"column":7}}]},"9":{"loc":{"start":{"line":155,"column":10},"end":{"line":155,"column":106}},"type":"binary-expr","locations":[{"start":{"line":155,"column":10},"end":{"line":155,"column":13}},{"start":{"line":155,"column":17},"end":{"line":155,"column":106}}]},"10":{"loc":{"start":{"line":177,"column":6},"end":{"line":179,"column":7}},"type":"if","locations":[{"start":{"line":177,"column":6},"end":{"line":179,"column":7}}]},"11":{"loc":{"start":{"line":177,"column":10},"end":{"line":177,"column":106}},"type":"binary-expr","locations":[{"start":{"line":177,"column":10},"end":{"line":177,"column":13}},{"start":{"line":177,"column":17},"end":{"line":177,"column":106}}]},"12":{"loc":{"start":{"line":199,"column":6},"end":{"line":201,"column":7}},"type":"if","locations":[{"start":{"line":199,"column":6},"end":{"line":201,"column":7}}]},"13":{"loc":{"start":{"line":199,"column":10},"end":{"line":199,"column":106}},"type":"binary-expr","locations":[{"start":{"line":199,"column":10},"end":{"line":199,"column":13}},{"start":{"line":199,"column":17},"end":{"line":199,"column":106}}]},"14":{"loc":{"start":{"line":209,"column":6},"end":{"line":211,"column":7}},"type":"if","locations":[{"start":{"line":209,"column":6},"end":{"line":211,"column":7}}]},"15":{"loc":{"start":{"line":213,"column":6},"end":{"line":215,"column":7}},"type":"if","locations":[{"start":{"line":213,"column":6},"end":{"line":215,"column":7}}]},"16":{"loc":{"start":{"line":213,"column":10},"end":{"line":213,"column":73}},"type":"binary-expr","locations":[{"start":{"line":213,"column":10},"end":{"line":213,"column":36}},{"start":{"line":213,"column":40},"end":{"line":213,"column":73}}]},"17":{"loc":{"start":{"line":234,"column":6},"end":{"line":236,"column":7}},"type":"if","locations":[{"start":{"line":234,"column":6},"end":{"line":236,"column":7}}]},"18":{"loc":{"start":{"line":234,"column":10},"end":{"line":234,"column":106}},"type":"binary-expr","locations":[{"start":{"line":234,"column":10},"end":{"line":234,"column":13}},{"start":{"line":234,"column":17},"end":{"line":234,"column":106}}]},"19":{"loc":{"start":{"line":244,"column":6},"end":{"line":246,"column":7}},"type":"if","locations":[{"start":{"line":244,"column":6},"end":{"line":246,"column":7}}]},"20":{"loc":{"start":{"line":248,"column":6},"end":{"line":250,"column":7}},"type":"if","locations":[{"start":{"line":248,"column":6},"end":{"line":250,"column":7}}]},"21":{"loc":{"start":{"line":248,"column":10},"end":{"line":248,"column":79}},"type":"binary-expr","locations":[{"start":{"line":248,"column":10},"end":{"line":248,"column":39}},{"start":{"line":248,"column":43},"end":{"line":248,"column":79}}]},"22":{"loc":{"start":{"line":269,"column":6},"end":{"line":271,"column":7}},"type":"if","locations":[{"start":{"line":269,"column":6},"end":{"line":271,"column":7}}]},"23":{"loc":{"start":{"line":269,"column":10},"end":{"line":269,"column":106}},"type":"binary-expr","locations":[{"start":{"line":269,"column":10},"end":{"line":269,"column":13}},{"start":{"line":269,"column":17},"end":{"line":269,"column":106}}]}},"s":{"0":7,"1":7,"2":7,"3":7,"4":7,"5":7,"6":7,"7":2,"8":2,"9":7,"10":0,"11":0,"12":7,"13":7,"14":7,"15":7,"16":0,"17":0,"18":1,"19":0,"20":0,"21":1,"22":1,"23":0,"24":0,"25":2,"26":2,"27":2,"28":1,"29":1,"30":0,"31":0,"32":0,"33":0,"34":0,"35":0,"36":0,"37":0,"38":0,"39":0,"40":0,"41":0,"42":0,"43":0,"44":0,"45":1,"46":1,"47":1,"48":0,"49":1,"50":1,"51":1,"52":0,"53":1,"54":1,"55":1,"56":0,"57":1,"58":1,"59":1,"60":0,"61":1,"62":0,"63":1,"64":1,"65":0,"66":1,"67":1,"68":1,"69":0,"70":1,"71":1,"72":1,"73":0,"74":1,"75":0,"76":1,"77":1,"78":0,"79":1,"80":1,"81":1,"82":0,"83":1,"84":1,"85":0,"86":0,"87":0,"88":0,"89":0,"90":0,"91":7,"92":7},"f":{"0":2,"1":2,"2":0,"3":0,"4":0,"5":0,"6":1,"7":0,"8":2,"9":0,"10":0,"11":1,"12":1,"13":1,"14":1,"15":0},"b":{"0":[0,0],"1":[0,0],"2":[0],"3":[1],"4":[0],"5":[0,0],"6":[0,0],"7":[0,0],"8":[0],"9":[0,0],"10":[0],"11":[1,1],"12":[0],"13":[1,1],"14":[0],"15":[0],"16":[1,1],"17":[0],"18":[1,1],"19":[0],"20":[0],"21":[1,1],"22":[0],"23":[1,1]}}
,"C:\\Users\\amanj\\OneDrive\\Documents\\project\\rakthayatra\\backend\\src\\controllers\\donation.controller.ts": {"path":"C:\\Users\\amanj\\OneDrive\\Documents\\project\\rakthayatra\\backend\\src\\controllers\\donation.controller.ts","statementMap":{"0":{"start":{"line":2,"column":0},"end":{"line":2,"column":24}},"1":{"start":{"line":3,"column":0},"end":{"line":3,"column":63}},"2":{"start":{"line":5,"column":0},"end":{"line":5,"column":64}},"3":{"start":{"line":6,"column":0},"end":{"line":6,"column":38}},"4":{"start":{"line":9,"column":23},"end":{"line":22,"column":4}},"5":{"start":{"line":14,"column":45},"end":{"line":14,"column":68}},"6":{"start":{"line":19,"column":20},"end":{"line":19,"column":59}},"7":{"start":{"line":24,"column":23},"end":{"line":26,"column":2}},"8":{"start":{"line":28,"column":20},"end":{"line":31,"column":2}},"9":{"start":{"line":29,"column":30},"end":{"line":29,"column":46}},"10":{"start":{"line":30,"column":31},"end":{"line":30,"column":48}},"11":{"start":{"line":34,"column":2},"end":{"line":43,"column":3}},"12":{"start":{"line":35,"column":4},"end":{"line":42,"column":7}},"13":{"start":{"line":40,"column":47},"end":{"line":40,"column":94}},"14":{"start":{"line":45,"column":2},"end":{"line":53,"column":3}},"15":{"start":{"line":46,"column":4},"end":{"line":52,"column":7}},"16":{"start":{"line":55,"column":2},"end":{"line":55,"column":76}},"17":{"start":{"line":56,"column":2},"end":{"line":62,"column":5}},"18":{"start":{"line":70,"column":4},"end":{"line":90,"column":5}},"19":{"start":{"line":71,"column":21},"end":{"line":71,"column":51}},"20":{"start":{"line":72,"column":26},"end":{"line":80,"column":null}},"21":{"start":{"line":83,"column":6},"end":{"line":87,"column":9}},"22":{"start":{"line":89,"column":6},"end":{"line":89,"column":47}},"23":{"start":{"line":97,"column":4},"end":{"line":113,"column":5}},"24":{"start":{"line":98,"column":21},"end":{"line":98,"column":31}},"25":{"start":{"line":99,"column":6},"end":{"line":101,"column":7}},"26":{"start":{"line":100,"column":8},"end":{"line":100,"column":75}},"27":{"start":{"line":103,"column":21},"end":{"line":103,"column":51}},"28":{"start":{"line":104,"column":24},"end":{"line":104,"column":92}},"29":{"start":{"line":106,"column":6},"end":{"line":110,"column":9}},"30":{"start":{"line":112,"column":6},"end":{"line":112,"column":47}},"31":{"start":{"line":120,"column":4},"end":{"line":135,"column":5}},"32":{"start":{"line":121,"column":21},"end":{"line":121,"column":31}},"33":{"start":{"line":122,"column":6},"end":{"line":124,"column":7}},"34":{"start":{"line":123,"column":8},"end":{"line":123,"column":75}},"35":{"start":{"line":126,"column":24},"end":{"line":126,"column":82}},"36":{"start":{"line":128,"column":6},"end":{"line":132,"column":9}},"37":{"start":{"line":134,"column":6},"end":{"line":134,"column":47}},"38":{"start":{"line":142,"column":4},"end":{"line":160,"column":5}},"39":{"start":{"line":143,"column":21},"end":{"line":143,"column":31}},"40":{"start":{"line":144,"column":6},"end":{"line":146,"column":7}},"41":{"start":{"line":145,"column":8},"end":{"line":145,"column":73}},"42":{"start":{"line":148,"column":21},"end":{"line":148,"column":49}},"43":{"start":{"line":149,"column":22},"end":{"line":152,"column":8}},"44":{"start":{"line":154,"column":6},"end":{"line":157,"column":9}},"45":{"start":{"line":159,"column":6},"end":{"line":159,"column":47}},"46":{"start":{"line":167,"column":4},"end":{"line":181,"column":5}},"47":{"start":{"line":168,"column":21},"end":{"line":168,"column":31}},"48":{"start":{"line":169,"column":6},"end":{"line":171,"column":7}},"49":{"start":{"line":170,"column":8},"end":{"line":170,"column":73}},"50":{"start":{"line":173,"column":20},"end":{"line":173,"column":64}},"51":{"start":{"line":175,"column":6},"end":{"line":178,"column":9}},"52":{"start":{"line":180,"column":6},"end":{"line":180,"column":47}},"53":{"start":{"line":65,"column":0},"end":{"line":65,"column":13}},"54":{"start":{"line":185,"column":13},"end":{"line":185,"column":59}}},"fnMap":{"0":{"name":"(anonymous_1)","decl":{"start":{"line":14,"column":36},"end":{"line":14,"column":37}},"loc":{"start":{"line":14,"column":45},"end":{"line":14,"column":68}}},"1":{"name":"(anonymous_2)","decl":{"start":{"line":19,"column":10},"end":{"line":19,"column":11}},"loc":{"start":{"line":19,"column":20},"end":{"line":19,"column":59}}},"2":{"name":"(anonymous_3)","decl":{"start":{"line":29,"column":21},"end":{"line":29,"column":22}},"loc":{"start":{"line":29,"column":30},"end":{"line":29,"column":46}}},"3":{"name":"(anonymous_4)","decl":{"start":{"line":30,"column":22},"end":{"line":30,"column":23}},"loc":{"start":{"line":30,"column":31},"end":{"line":30,"column":48}}},"4":{"name":"handleControllerError","decl":{"start":{"line":33,"column":9},"end":{"line":33,"column":30}},"loc":{"start":{"line":33,"column":56},"end":{"line":63,"column":1}}},"5":{"name":"(anonymous_6)","decl":{"start":{"line":40,"column":34},"end":{"line":40,"column":35}},"loc":{"start":{"line":40,"column":47},"end":{"line":40,"column":94}}},"6":{"name":"(anonymous_7)","decl":{"start":{"line":69,"column":2},"end":{"line":69,"column":7}},"loc":{"start":{"line":69,"column":57},"end":{"line":91,"column":3}}},"7":{"name":"(anonymous_8)","decl":{"start":{"line":96,"column":2},"end":{"line":96,"column":7}},"loc":{"start":{"line":96,"column":57},"end":{"line":114,"column":3}}},"8":{"name":"(anonymous_9)","decl":{"start":{"line":119,"column":2},"end":{"line":119,"column":7}},"loc":{"start":{"line":119,"column":55},"end":{"line":136,"column":3}}},"9":{"name":"(anonymous_10)","decl":{"start":{"line":141,"column":2},"end":{"line":141,"column":7}},"loc":{"start":{"line":141,"column":59},"end":{"line":161,"column":3}}},"10":{"name":"(anonymous_11)","decl":{"start":{"line":166,"column":2},"end":{"line":166,"column":7}},"loc":{"start":{"line":166,"column":57},"end":{"line":182,"column":3}}}},"branchMap":{"0":{"loc":{"start":{"line":19,"column":20},"end":{"line":19,"column":59}},"type":"binary-expr","locations":[{"start":{"line":19,"column":20},"end":{"line":19,"column":36}},{"start":{"line":19,"column":40},"end":{"line":19,"column":59}}]},"1":{"loc":{"start":{"line":29,"column":30},"end":{"line":29,"column":46}},"type":"binary-expr","locations":[{"start":{"line":29,"column":30},"end":{"line":29,"column":41}},{"start":{"line":29,"column":45},"end":{"line":29,"column":46}}]},"2":{"loc":{"start":{"line":30,"column":31},"end":{"line":30,"column":48}},"type":"binary-expr","locations":[{"start":{"line":30,"column":31},"end":{"line":30,"column":42}},{"start":{"line":30,"column":46},"end":{"line":30,"column":48}}]},"3":{"loc":{"start":{"line":34,"column":2},"end":{"line":43,"column":3}},"type":"if","locations":[{"start":{"line":34,"column":2},"end":{"line":43,"column":3}}]},"4":{"loc":{"start":{"line":45,"column":2},"end":{"line":53,"column":3}},"type":"if","locations":[{"start":{"line":45,"column":2},"end":{"line":53,"column":3}}]},"5":{"loc":{"start":{"line":99,"column":6},"end":{"line":101,"column":7}},"type":"if","locations":[{"start":{"line":99,"column":6},"end":{"line":101,"column":7}}]},"6":{"loc":{"start":{"line":99,"column":10},"end":{"line":99,"column":106}},"type":"binary-expr","locations":[{"start":{"line":99,"column":10},"end":{"line":99,"column":13}},{"start":{"line":99,"column":17},"end":{"line":99,"column":106}}]},"7":{"loc":{"start":{"line":122,"column":6},"end":{"line":124,"column":7}},"type":"if","locations":[{"start":{"line":122,"column":6},"end":{"line":124,"column":7}}]},"8":{"loc":{"start":{"line":122,"column":10},"end":{"line":122,"column":106}},"type":"binary-expr","locations":[{"start":{"line":122,"column":10},"end":{"line":122,"column":13}},{"start":{"line":122,"column":17},"end":{"line":122,"column":106}}]},"9":{"loc":{"start":{"line":144,"column":6},"end":{"line":146,"column":7}},"type":"if","locations":[{"start":{"line":144,"column":6},"end":{"line":146,"column":7}}]},"10":{"loc":{"start":{"line":144,"column":10},"end":{"line":144,"column":106}},"type":"binary-expr","locations":[{"start":{"line":144,"column":10},"end":{"line":144,"column":13}},{"start":{"line":144,"column":17},"end":{"line":144,"column":106}}]},"11":{"loc":{"start":{"line":169,"column":6},"end":{"line":171,"column":7}},"type":"if","locations":[{"start":{"line":169,"column":6},"end":{"line":171,"column":7}}]},"12":{"loc":{"start":{"line":169,"column":10},"end":{"line":169,"column":106}},"type":"binary-expr","locations":[{"start":{"line":169,"column":10},"end":{"line":169,"column":13}},{"start":{"line":169,"column":17},"end":{"line":169,"column":106}}]}},"s":{"0":7,"1":7,"2":7,"3":7,"4":7,"5":3,"6":3,"7":7,"8":7,"9":0,"10":0,"11":2,"12":0,"13":0,"14":2,"15":2,"16":0,"17":0,"18":3,"19":3,"20":3,"21":1,"22":2,"23":2,"24":2,"25":2,"26":0,"27":2,"28":2,"29":2,"30":0,"31":1,"32":1,"33":1,"34":0,"35":1,"36":1,"37":0,"38":0,"39":0,"40":0,"41":0,"42":0,"43":0,"44":0,"45":0,"46":1,"47":1,"48":1,"49":0,"50":1,"51":1,"52":0,"53":7,"54":7},"f":{"0":3,"1":3,"2":0,"3":0,"4":2,"5":0,"6":3,"7":2,"8":1,"9":0,"10":1},"b":{"0":[3,0],"1":[0,0],"2":[0,0],"3":[0],"4":[2],"5":[0],"6":[2,2],"7":[0],"8":[1,1],"9":[0],"10":[0,0],"11":[0],"12":[1,1]}}
,"C:\\Users\\amanj\\OneDrive\\Documents\\project\\rakthayatra\\backend\\src\\controllers\\inventory.controller.ts": {"path":"C:\\Users\\amanj\\OneDrive\\Documents\\project\\rakthayatra\\backend\\src\\controllers\\inventory.controller.ts","statementMap":{"0":{"start":{"line":2,"column":0},"end":{"line":2,"column":24}},"1":{"start":{"line":3,"column":0},"end":{"line":3,"column":65}},"2":{"start":{"line":5,"column":0},"end":{"line":5,"column":64}},"3":{"start":{"line":6,"column":0},"end":{"line":6,"column":38}},"4":{"start":{"line":9,"column":23},"end":{"line":16,"column":2}},"5":{"start":{"line":13,"column":41},"end":{"line":13,"column":64}},"6":{"start":{"line":18,"column":22},"end":{"line":21,"column":2}},"7":{"start":{"line":23,"column":21},"end":{"line":29,"column":2}},"8":{"start":{"line":27,"column":30},"end":{"line":27,"column":46}},"9":{"start":{"line":28,"column":31},"end":{"line":28,"column":48}},"10":{"start":{"line":32,"column":2},"end":{"line":41,"column":3}},"11":{"start":{"line":33,"column":4},"end":{"line":40,"column":7}},"12":{"start":{"line":38,"column":47},"end":{"line":38,"column":94}},"13":{"start":{"line":43,"column":2},"end":{"line":51,"column":3}},"14":{"start":{"line":44,"column":4},"end":{"line":50,"column":7}},"15":{"start":{"line":53,"column":2},"end":{"line":53,"column":77}},"16":{"start":{"line":54,"column":2},"end":{"line":60,"column":5}},"17":{"start":{"line":68,"column":4},"end":{"line":87,"column":5}},"18":{"start":{"line":69,"column":21},"end":{"line":69,"column":51}},"19":{"start":{"line":70,"column":24},"end":{"line":77,"column":null}},"20":{"start":{"line":80,"column":6},"end":{"line":84,"column":9}},"21":{"start":{"line":86,"column":6},"end":{"line":86,"column":47}},"22":{"start":{"line":94,"column":4},"end":{"line":111,"column":5}},"23":{"start":{"line":95,"column":21},"end":{"line":95,"column":50}},"24":{"start":{"line":96,"column":23},"end":{"line":101,"column":null}},"25":{"start":{"line":104,"column":6},"end":{"line":108,"column":9}},"26":{"start":{"line":110,"column":6},"end":{"line":110,"column":47}},"27":{"start":{"line":118,"column":4},"end":{"line":133,"column":5}},"28":{"start":{"line":119,"column":21},"end":{"line":119,"column":31}},"29":{"start":{"line":120,"column":6},"end":{"line":122,"column":7}},"30":{"start":{"line":121,"column":8},"end":{"line":121,"column":75}},"31":{"start":{"line":124,"column":23},"end":{"line":124,"column":80}},"32":{"start":{"line":126,"column":6},"end":{"line":130,"column":9}},"33":{"start":{"line":132,"column":6},"end":{"line":132,"column":47}},"34":{"start":{"line":140,"column":4},"end":{"line":156,"column":5}},"35":{"start":{"line":141,"column":21},"end":{"line":141,"column":50}},"36":{"start":{"line":142,"column":21},"end":{"line":148,"column":8}},"37":{"start":{"line":150,"column":6},"end":{"line":153,"column":9}},"38":{"start":{"line":155,"column":6},"end":{"line":155,"column":47}},"39":{"start":{"line":163,"column":4},"end":{"line":173,"column":5}},"40":{"start":{"line":164,"column":22},"end":{"line":164,"column":87}},"41":{"start":{"line":166,"column":6},"end":{"line":170,"column":9}},"42":{"start":{"line":172,"column":6},"end":{"line":172,"column":47}},"43":{"start":{"line":63,"column":0},"end":{"line":63,"column":13}},"44":{"start":{"line":177,"column":13},"end":{"line":177,"column":61}}},"fnMap":{"0":{"name":"(anonymous_1)","decl":{"start":{"line":13,"column":32},"end":{"line":13,"column":33}},"loc":{"start":{"line":13,"column":41},"end":{"line":13,"column":64}}},"1":{"name":"(anonymous_2)","decl":{"start":{"line":27,"column":21},"end":{"line":27,"column":22}},"loc":{"start":{"line":27,"column":30},"end":{"line":27,"column":46}}},"2":{"name":"(anonymous_3)","decl":{"start":{"line":28,"column":22},"end":{"line":28,"column":23}},"loc":{"start":{"line":28,"column":31},"end":{"line":28,"column":48}}},"3":{"name":"handleControllerError","decl":{"start":{"line":31,"column":9},"end":{"line":31,"column":30}},"loc":{"start":{"line":31,"column":56},"end":{"line":61,"column":1}}},"4":{"name":"(anonymous_5)","decl":{"start":{"line":38,"column":34},"end":{"line":38,"column":35}},"loc":{"start":{"line":38,"column":47},"end":{"line":38,"column":94}}},"5":{"name":"(anonymous_6)","decl":{"start":{"line":67,"column":2},"end":{"line":67,"column":7}},"loc":{"start":{"line":67,"column":57},"end":{"line":88,"column":3}}},"6":{"name":"(anonymous_7)","decl":{"start":{"line":93,"column":2},"end":{"line":93,"column":7}},"loc":{"start":{"line":93,"column":56},"end":{"line":112,"column":3}}},"7":{"name":"(anonymous_8)","decl":{"start":{"line":117,"column":2},"end":{"line":117,"column":7}},"loc":{"start":{"line":117,"column":56},"end":{"line":134,"column":3}}},"8":{"name":"(anonymous_9)","decl":{"start":{"line":139,"column":2},"end":{"line":139,"column":7}},"loc":{"start":{"line":139,"column":42},"end":{"line":157,"column":3}}},"9":{"name":"(anonymous_10)","decl":{"start":{"line":162,"column":2},"end":{"line":162,"column":7}},"loc":{"start":{"line":162,"column":67},"end":{"line":174,"column":3}}}},"branchMap":{"0":{"loc":{"start":{"line":27,"column":30},"end":{"line":27,"column":46}},"type":"binary-expr","locations":[{"start":{"line":27,"column":30},"end":{"line":27,"column":41}},{"start":{"line":27,"column":45},"end":{"line":27,"column":46}}]},"1":{"loc":{"start":{"line":28,"column":31},"end":{"line":28,"column":48}},"type":"binary-expr","locations":[{"start":{"line":28,"column":31},"end":{"line":28,"column":42}},{"start":{"line":28,"column":46},"end":{"line":28,"column":48}}]},"2":{"loc":{"start":{"line":32,"column":2},"end":{"line":41,"column":3}},"type":"if","locations":[{"start":{"line":32,"column":2},"end":{"line":41,"column":3}}]},"3":{"loc":{"start":{"line":43,"column":2},"end":{"line":51,"column":3}},"type":"if","locations":[{"start":{"line":43,"column":2},"end":{"line":51,"column":3}}]},"4":{"loc":{"start":{"line":120,"column":6},"end":{"line":122,"column":7}},"type":"if","locations":[{"start":{"line":120,"column":6},"end":{"line":122,"column":7}}]},"5":{"loc":{"start":{"line":120,"column":10},"end":{"line":120,"column":106}},"type":"binary-expr","locations":[{"start":{"line":120,"column":10},"end":{"line":120,"column":13}},{"start":{"line":120,"column":17},"end":{"line":120,"column":106}}]}},"s":{"0":7,"1":7,"2":7,"3":7,"4":7,"5":2,"6":7,"7":7,"8":1,"9":1,"10":2,"11":1,"12":1,"13":1,"14":1,"15":0,"16":0,"17":2,"18":2,"19":1,"20":1,"21":1,"22":2,"23":2,"24":2,"25":1,"26":1,"27":1,"28":1,"29":1,"30":0,"31":1,"32":1,"33":0,"34":1,"35":1,"36":1,"37":1,"38":0,"39":0,"40":0,"41":0,"42":0,"43":7,"44":7},"f":{"0":2,"1":1,"2":1,"3":2,"4":1,"5":2,"6":2,"7":1,"8":1,"9":0},"b":{"0":[1,1],"1":[1,1],"2":[1],"3":[1],"4":[0],"5":[1,1]}}
,"C:\\Users\\amanj\\OneDrive\\Documents\\project\\rakthayatra\\backend\\src\\controllers\\medical-eligibility.controller.ts": {"path":"C:\\Users\\amanj\\OneDrive\\Documents\\project\\rakthayatra\\backend\\src\\controllers\\medical-eligibility.controller.ts","statementMap":{"0":{"start":{"line":2,"column":0},"end":{"line":2,"column":24}},"1":{"start":{"line":3,"column":0},"end":{"line":3,"column":84}},"2":{"start":{"line":5,"column":0},"end":{"line":5,"column":95}},"3":{"start":{"line":6,"column":0},"end":{"line":6,"column":46}},"4":{"start":{"line":7,"column":0},"end":{"line":7,"column":38}},"5":{"start":{"line":9,"column":15},"end":{"line":9,"column":33}},"6":{"start":{"line":12,"column":21},"end":{"line":19,"column":2}},"7":{"start":{"line":22,"column":2},"end":{"line":31,"column":3}},"8":{"start":{"line":23,"column":4},"end":{"line":30,"column":7}},"9":{"start":{"line":28,"column":47},"end":{"line":28,"column":94}},"10":{"start":{"line":33,"column":2},"end":{"line":41,"column":3}},"11":{"start":{"line":34,"column":4},"end":{"line":40,"column":7}},"12":{"start":{"line":43,"column":2},"end":{"line":43,"column":87}},"13":{"start":{"line":44,"column":2},"end":{"line":50,"column":5}},"14":{"start":{"line":58,"column":4},"end":{"line":92,"column":5}},"15":{"start":{"line":59,"column":21},"end":{"line":59,"column":49}},"16":{"start":{"line":62,"column":20},"end":{"line":64,"column":8}},"17":{"start":{"line":65,"column":6},"end":{"line":67,"column":7}},"18":{"start":{"line":66,"column":8},"end":{"line":66,"column":60}},"19":{"start":{"line":69,"column":6},"end":{"line":71,"column":7}},"20":{"start":{"line":70,"column":8},"end":{"line":70,"column":103}},"21":{"start":{"line":73,"column":26},"end":{"line":82,"column":null}},"22":{"start":{"line":85,"column":6},"end":{"line":89,"column":9}},"23":{"start":{"line":91,"column":6},"end":{"line":91,"column":47}},"24":{"start":{"line":99,"column":4},"end":{"line":120,"column":5}},"25":{"start":{"line":100,"column":21},"end":{"line":100,"column":31}},"26":{"start":{"line":101,"column":6},"end":{"line":103,"column":7}},"27":{"start":{"line":102,"column":8},"end":{"line":102,"column":73}},"28":{"start":{"line":105,"column":26},"end":{"line":105,"column":81}},"29":{"start":{"line":106,"column":6},"end":{"line":112,"column":7}},"30":{"start":{"line":107,"column":8},"end":{"line":111,"column":11}},"31":{"start":{"line":114,"column":6},"end":{"line":117,"column":9}},"32":{"start":{"line":119,"column":6},"end":{"line":119,"column":47}},"33":{"start":{"line":127,"column":4},"end":{"line":141,"column":5}},"34":{"start":{"line":128,"column":21},"end":{"line":128,"column":31}},"35":{"start":{"line":129,"column":6},"end":{"line":131,"column":7}},"36":{"start":{"line":130,"column":8},"end":{"line":130,"column":73}},"37":{"start":{"line":133,"column":22},"end":{"line":133,"column":79}},"38":{"start":{"line":135,"column":6},"end":{"line":138,"column":9}},"39":{"start":{"line":140,"column":6},"end":{"line":140,"column":47}},"40":{"start":{"line":53,"column":0},"end":{"line":53,"column":13}},"41":{"start":{"line":145,"column":13},"end":{"line":145,"column":79}}},"fnMap":{"0":{"name":"handleControllerError","decl":{"start":{"line":21,"column":9},"end":{"line":21,"column":30}},"loc":{"start":{"line":21,"column":56},"end":{"line":51,"column":1}}},"1":{"name":"(anonymous_2)","decl":{"start":{"line":28,"column":34},"end":{"line":28,"column":35}},"loc":{"start":{"line":28,"column":47},"end":{"line":28,"column":94}}},"2":{"name":"(anonymous_3)","decl":{"start":{"line":57,"column":2},"end":{"line":57,"column":7}},"loc":{"start":{"line":57,"column":55},"end":{"line":93,"column":3}}},"3":{"name":"(anonymous_4)","decl":{"start":{"line":98,"column":2},"end":{"line":98,"column":7}},"loc":{"start":{"line":98,"column":58},"end":{"line":121,"column":3}}},"4":{"name":"(anonymous_5)","decl":{"start":{"line":126,"column":2},"end":{"line":126,"column":7}},"loc":{"start":{"line":126,"column":59},"end":{"line":142,"column":3}}}},"branchMap":{"0":{"loc":{"start":{"line":22,"column":2},"end":{"line":31,"column":3}},"type":"if","locations":[{"start":{"line":22,"column":2},"end":{"line":31,"column":3}}]},"1":{"loc":{"start":{"line":33,"column":2},"end":{"line":41,"column":3}},"type":"if","locations":[{"start":{"line":33,"column":2},"end":{"line":41,"column":3}}]},"2":{"loc":{"start":{"line":65,"column":6},"end":{"line":67,"column":7}},"type":"if","locations":[{"start":{"line":65,"column":6},"end":{"line":67,"column":7}}]},"3":{"loc":{"start":{"line":69,"column":6},"end":{"line":71,"column":7}},"type":"if","locations":[{"start":{"line":69,"column":6},"end":{"line":71,"column":7}}]},"4":{"loc":{"start":{"line":69,"column":10},"end":{"line":69,"column":73}},"type":"binary-expr","locations":[{"start":{"line":69,"column":10},"end":{"line":69,"column":36}},{"start":{"line":69,"column":40},"end":{"line":69,"column":73}}]},"5":{"loc":{"start":{"line":101,"column":6},"end":{"line":103,"column":7}},"type":"if","locations":[{"start":{"line":101,"column":6},"end":{"line":103,"column":7}}]},"6":{"loc":{"start":{"line":101,"column":10},"end":{"line":101,"column":106}},"type":"binary-expr","locations":[{"start":{"line":101,"column":10},"end":{"line":101,"column":13}},{"start":{"line":101,"column":17},"end":{"line":101,"column":106}}]},"7":{"loc":{"start":{"line":106,"column":6},"end":{"line":112,"column":7}},"type":"if","locations":[{"start":{"line":106,"column":6},"end":{"line":112,"column":7}}]},"8":{"loc":{"start":{"line":129,"column":6},"end":{"line":131,"column":7}},"type":"if","locations":[{"start":{"line":129,"column":6},"end":{"line":131,"column":7}}]},"9":{"loc":{"start":{"line":129,"column":10},"end":{"line":129,"column":106}},"type":"binary-expr","locations":[{"start":{"line":129,"column":10},"end":{"line":129,"column":13}},{"start":{"line":129,"column":17},"end":{"line":129,"column":106}}]}},"s":{"0":7,"1":7,"2":7,"3":7,"4":7,"5":7,"6":7,"7":1,"8":0,"9":0,"10":1,"11":1,"12":0,"13":0,"14":4,"15":4,"16":4,"17":4,"18":0,"19":4,"20":1,"21":3,"22":3,"23":1,"24":1,"25":1,"26":1,"27":0,"28":1,"29":1,"30":0,"31":1,"32":0,"33":0,"34":0,"35":0,"36":0,"37":0,"38":0,"39":0,"40":7,"41":7},"f":{"0":1,"1":0,"2":4,"3":1,"4":0},"b":{"0":[0],"1":[1],"2":[0],"3":[1],"4":[4,4],"5":[0],"6":[1,1],"7":[0],"8":[0],"9":[0,0]}}
,"C:\\Users\\amanj\\OneDrive\\Documents\\project\\rakthayatra\\backend\\src\\errors\\app-error.ts": {"path":"C:\\Users\\amanj\\OneDrive\\Documents\\project\\rakthayatra\\backend\\src\\errors\\app-error.ts","statementMap":{"0":{"start":{"line":2,"column":0},"end":{"line":2,"column":57}},"1":{"start":{"line":10,"column":4},"end":{"line":10,"column":19}},"2":{"start":{"line":11,"column":4},"end":{"line":11,"column":33}},"3":{"start":{"line":12,"column":4},"end":{"line":12,"column":31}},"4":{"start":{"line":13,"column":4},"end":{"line":13,"column":35}},"5":{"start":{"line":14,"column":4},"end":{"line":14,"column":54}},"6":{"start":{"line":15,"column":4},"end":{"line":15,"column":52}},"7":{"start":{"line":4,"column":0},"end":{"line":4,"column":13}},"8":{"start":{"line":21,"column":4},"end":{"line":21,"column":68}},"9":{"start":{"line":19,"column":0},"end":{"line":19,"column":13}},"10":{"start":{"line":27,"column":4},"end":{"line":27,"column":70}},"11":{"start":{"line":25,"column":0},"end":{"line":25,"column":13}},"12":{"start":{"line":33,"column":4},"end":{"line":33,"column":64}},"13":{"start":{"line":31,"column":0},"end":{"line":31,"column":13}},"14":{"start":{"line":39,"column":4},"end":{"line":39,"column":64}},"15":{"start":{"line":37,"column":0},"end":{"line":37,"column":13}},"16":{"start":{"line":45,"column":4},"end":{"line":45,"column":62}},"17":{"start":{"line":43,"column":0},"end":{"line":43,"column":13}},"18":{"start":{"line":51,"column":4},"end":{"line":51,"column":73}},"19":{"start":{"line":49,"column":0},"end":{"line":49,"column":13}},"20":{"start":{"line":57,"column":4},"end":{"line":57,"column":88}},"21":{"start":{"line":55,"column":0},"end":{"line":55,"column":13}}},"fnMap":{"0":{"name":"(anonymous_0)","decl":{"start":{"line":9,"column":2},"end":{"line":9,"column":14}},"loc":{"start":{"line":9,"column":86},"end":{"line":16,"column":3}}},"1":{"name":"(anonymous_1)","decl":{"start":{"line":20,"column":2},"end":{"line":20,"column":14}},"loc":{"start":{"line":20,"column":61},"end":{"line":22,"column":3}}},"2":{"name":"(anonymous_2)","decl":{"start":{"line":26,"column":2},"end":{"line":26,"column":14}},"loc":{"start":{"line":26,"column":73},"end":{"line":28,"column":3}}},"3":{"name":"(anonymous_3)","decl":{"start":{"line":32,"column":2},"end":{"line":32,"column":14}},"loc":{"start":{"line":32,"column":63},"end":{"line":34,"column":3}}},"4":{"name":"(anonymous_4)","decl":{"start":{"line":38,"column":2},"end":{"line":38,"column":14}},"loc":{"start":{"line":38,"column":68},"end":{"line":40,"column":3}}},"5":{"name":"(anonymous_5)","decl":{"start":{"line":44,"column":2},"end":{"line":44,"column":14}},"loc":{"start":{"line":44,"column":67},"end":{"line":46,"column":3}}},"6":{"name":"(anonymous_6)","decl":{"start":{"line":50,"column":2},"end":{"line":50,"column":14}},"loc":{"start":{"line":50,"column":73},"end":{"line":52,"column":3}}},"7":{"name":"(anonymous_7)","decl":{"start":{"line":56,"column":2},"end":{"line":56,"column":14}},"loc":{"start":{"line":56,"column":85},"end":{"line":58,"column":3}}}},"branchMap":{"0":{"loc":{"start":{"line":13,"column":19},"end":{"line":13,"column":34}},"type":"binary-expr","locations":[{"start":{"line":13,"column":19},"end":{"line":13,"column":26}},{"start":{"line":13,"column":30},"end":{"line":13,"column":34}}]},"1":{"loc":{"start":{"line":20,"column":14},"end":{"line":20,"column":46}},"type":"default-arg","locations":[{"start":{"line":20,"column":32},"end":{"line":20,"column":46}}]},"2":{"loc":{"start":{"line":26,"column":14},"end":{"line":26,"column":58}},"type":"default-arg","locations":[{"start":{"line":26,"column":32},"end":{"line":26,"column":58}}]},"3":{"loc":{"start":{"line":32,"column":14},"end":{"line":32,"column":48}},"type":"default-arg","locations":[{"start":{"line":32,"column":32},"end":{"line":32,"column":48}}]},"4":{"loc":{"start":{"line":38,"column":14},"end":{"line":38,"column":53}},"type":"default-arg","locations":[{"start":{"line":38,"column":32},"end":{"line":38,"column":53}}]},"5":{"loc":{"start":{"line":44,"column":14},"end":{"line":44,"column":52}},"type":"default-arg","locations":[{"start":{"line":44,"column":32},"end":{"line":44,"column":52}}]},"6":{"loc":{"start":{"line":50,"column":14},"end":{"line":50,"column":58}},"type":"default-arg","locations":[{"start":{"line":50,"column":32},"end":{"line":50,"column":58}}]},"7":{"loc":{"start":{"line":56,"column":14},"end":{"line":56,"column":70}},"type":"default-arg","locations":[{"start":{"line":56,"column":32},"end":{"line":56,"column":70}}]}},"s":{"0":13,"1":16,"2":16,"3":16,"4":16,"5":16,"6":16,"7":13,"8":13,"9":13,"10":0,"11":13,"12":2,"13":13,"14":0,"15":13,"16":1,"17":13,"18":0,"19":13,"20":0,"21":13},"f":{"0":16,"1":13,"2":0,"3":2,"4":0,"5":1,"6":0,"7":0},"b":{"0":[16,16],"1":[0],"2":[0],"3":[0],"4":[0],"5":[0],"6":[0],"7":[0]}}
,"C:\\Users\\amanj\\OneDrive\\Documents\\project\\rakthayatra\\backend\\src\\middlewares\\auth.middleware.ts": {"path":"C:\\Users\\amanj\\OneDrive\\Documents\\project\\rakthayatra\\backend\\src\\middlewares\\auth.middleware.ts","statementMap":{"0":{"start":{"line":8,"column":0},"end":{"line":8,"column":16}},"1":{"start":{"line":37,"column":0},"end":{"line":37,"column":16}},"2":{"start":{"line":2,"column":0},"end":{"line":2,"column":66}},"3":{"start":{"line":9,"column":21},"end":{"line":9,"column":46}},"4":{"start":{"line":10,"column":2},"end":{"line":18,"column":3}},"5":{"start":{"line":11,"column":4},"end":{"line":17,"column":7}},"6":{"start":{"line":20,"column":16},"end":{"line":20,"column":40}},"7":{"start":{"line":21,"column":18},"end":{"line":21,"column":42}},"8":{"start":{"line":23,"column":2},"end":{"line":31,"column":3}},"9":{"start":{"line":24,"column":4},"end":{"line":30,"column":7}},"10":{"start":{"line":33,"column":2},"end":{"line":33,"column":21}},"11":{"start":{"line":34,"column":2},"end":{"line":34,"column":16}},"12":{"start":{"line":38,"column":2},"end":{"line":60,"column":4}},"13":{"start":{"line":39,"column":4},"end":{"line":47,"column":5}},"14":{"start":{"line":40,"column":6},"end":{"line":46,"column":9}},"15":{"start":{"line":49,"column":4},"end":{"line":57,"column":5}},"16":{"start":{"line":50,"column":6},"end":{"line":56,"column":9}},"17":{"start":{"line":59,"column":4},"end":{"line":59,"column":18}}},"fnMap":{"0":{"name":"authenticate","decl":{"start":{"line":8,"column":16},"end":{"line":8,"column":28}},"loc":{"start":{"line":8,"column":89},"end":{"line":35,"column":1}}},"1":{"name":"requireRoles","decl":{"start":{"line":37,"column":16},"end":{"line":37,"column":28}},"loc":{"start":{"line":37,"column":51},"end":{"line":61,"column":1}}},"2":{"name":"(anonymous_2)","decl":{"start":{"line":38,"column":9},"end":{"line":38,"column":10}},"loc":{"start":{"line":38,"column":74},"end":{"line":60,"column":3}}}},"branchMap":{"0":{"loc":{"start":{"line":10,"column":2},"end":{"line":18,"column":3}},"type":"if","locations":[{"start":{"line":10,"column":2},"end":{"line":18,"column":3}}]},"1":{"loc":{"start":{"line":10,"column":6},"end":{"line":10,"column":54}},"type":"binary-expr","locations":[{"start":{"line":10,"column":6},"end":{"line":10,"column":17}},{"start":{"line":10,"column":21},"end":{"line":10,"column":54}}]},"2":{"loc":{"start":{"line":23,"column":2},"end":{"line":31,"column":3}},"type":"if","locations":[{"start":{"line":23,"column":2},"end":{"line":31,"column":3}}]},"3":{"loc":{"start":{"line":39,"column":4},"end":{"line":47,"column":5}},"type":"if","locations":[{"start":{"line":39,"column":4},"end":{"line":47,"column":5}}]},"4":{"loc":{"start":{"line":49,"column":4},"end":{"line":57,"column":5}},"type":"if","locations":[{"start":{"line":49,"column":4},"end":{"line":57,"column":5}}]}},"s":{"0":7,"1":7,"2":7,"3":36,"4":36,"5":1,"6":35,"7":35,"8":35,"9":0,"10":35,"11":35,"12":126,"13":26,"14":0,"15":26,"16":1,"17":25},"f":{"0":36,"1":126,"2":26},"b":{"0":[1],"1":[36,35],"2":[0],"3":[0],"4":[1]}}
,"C:\\Users\\amanj\\OneDrive\\Documents\\project\\rakthayatra\\backend\\src\\repositories\\audit-log.repository.ts": {"path":"C:\\Users\\amanj\\OneDrive\\Documents\\project\\rakthayatra\\backend\\src\\repositories\\audit-log.repository.ts","statementMap":{"0":{"start":{"line":2,"column":0},"end":{"line":2,"column":68}},"1":{"start":{"line":15,"column":4},"end":{"line":15,"column":37}},"2":{"start":{"line":19,"column":4},"end":{"line":22,"column":7}},"3":{"start":{"line":26,"column":4},"end":{"line":29,"column":7}},"4":{"start":{"line":10,"column":0},"end":{"line":10,"column":13}}},"fnMap":{"0":{"name":"(anonymous_0)","decl":{"start":{"line":14,"column":2},"end":{"line":14,"column":14}},"loc":{"start":{"line":14,"column":34},"end":{"line":16,"column":3}}},"1":{"name":"(anonymous_1)","decl":{"start":{"line":18,"column":2},"end":{"line":18,"column":7}},"loc":{"start":{"line":18,"column":45},"end":{"line":23,"column":3}}},"2":{"name":"(anonymous_2)","decl":{"start":{"line":25,"column":2},"end":{"line":25,"column":7}},"loc":{"start":{"line":25,"column":45},"end":{"line":30,"column":3}}}},"branchMap":{},"s":{"0":7,"1":26,"2":0,"3":0,"4":7},"f":{"0":26,"1":0,"2":0},"b":{}}
[...]
32},"end":{"line":149,"column":3}}},"12":{"name":"(anonymous_13)","decl":{"start":{"line":152,"column":2},"end":{"line":152,"column":7}},"loc":{"start":{"line":152,"column":59},"end":{"line":154,"column":3}}},"13":{"name":"(anonymous_14)","decl":{"start":{"line":156,"column":2},"end":{"line":156,"column":7}},"loc":{"start":{"line":156,"column":28},"end":{"line":158,"column":3}}},"14":{"name":"(anonymous_15)","decl":{"start":{"line":161,"column":2},"end":{"line":161,"column":7}},"loc":{"start":{"line":161,"column":68},"end":{"line":163,"column":3}}},"15":{"name":"(anonymous_16)","decl":{"start":{"line":165,"column":2},"end":{"line":165,"column":7}},"loc":{"start":{"line":165,"column":31},"end":{"line":167,"column":3}}},"16":{"name":"(anonymous_17)","decl":{"start":{"line":170,"column":2},"end":{"line":170,"column":7}},"loc":{"start":{"line":170,"column":77},"end":{"line":172,"column":3}}},"17":{"name":"(anonymous_18)","decl":{"start":{"line":174,"column":2},"end":{"line":174,"column":7}},"loc":{"start":{"line":174,"column":35},"end":{"line":176,"column":3}}},"18":{"name":"(anonymous_19)","decl":{"start":{"line":179,"column":2},"end":{"line":179,"column":7}},"loc":{"start":{"line":179,"column":55},"end":{"line":207,"column":3}}},"19":{"name":"(anonymous_20)","decl":{"start":{"line":209,"column":2},"end":{"line":209,"column":7}},"loc":{"start":{"line":209,"column":32},"end":{"line":212,"column":3}}}},"branchMap":{"0":{"loc":{"start":{"line":12,"column":21},"end":{"line":12,"column":40}},"type":"binary-expr","locations":[{"start":{"line":12,"column":21},"end":{"line":12,"column":34}},{"start":{"line":12,"column":38},"end":{"line":12,"column":40}}]},"1":{"loc":{"start":{"line":14,"column":4},"end":{"line":39,"column":5}},"type":"if","locations":[{"start":{"line":14,"column":4},"end":{"line":39,"column":5}},{"start":{"line":17,"column":11},"end":{"line":39,"column":5}}]},"2":{"loc":{"start":{"line":50,"column":4},"end":{"line":52,"column":5}},"type":"if","locations":[{"start":{"line":50,"column":4},"end":{"line":52,"column":5}}]},"3":{"loc":{"start":{"line":65,"column":4},"end":{"line":73,"column":5}},"type":"if","locations":[{"start":{"line":65,"column":4},"end":{"line":73,"column":5}}]},"4":{"loc":{"start":{"line":67,"column":6},"end":{"line":67,"column":31}},"type":"if","locations":[{"start":{"line":67,"column":6},"end":{"line":67,"column":31}}]},"5":{"loc":{"start":{"line":68,"column":6},"end":{"line":71,"column":7}},"type":"if","locations":[{"start":{"line":68,"column":6},"end":{"line":71,"column":7}}]},"6":{"loc":{"start":{"line":68,"column":10},"end":{"line":68,"column":59}},"type":"binary-expr","locations":[{"start":{"line":68,"column":10},"end":{"line":68,"column":26}},{"start":{"line":68,"column":30},"end":{"line":68,"column":59}}]},"7":{"loc":{"start":{"line":87,"column":4},"end":{"line":91,"column":5}},"type":"if","locations":[{"start":{"line":87,"column":4},"end":{"line":91,"column":5}}]},"8":{"loc":{"start":{"line":88,"column":24},"end":{"line":88,"column":74}},"type":"cond-expr","locations":[{"start":{"line":88,"column":37},"end":{"line":88,"column":67}},{"start":{"line":88,"column":70},"end":{"line":88,"column":74}}]},"9":{"loc":{"start":{"line":94,"column":6},"end":{"line":98,"column":7}},"type":"if","locations":[{"start":{"line":94,"column":6},"end":{"line":98,"column":7}},{"start":{"line":96,"column":13},"end":{"line":98,"column":7}}]},"10":{"loc":{"start":{"line":109,"column":4},"end":{"line":112,"column":5}},"type":"if","locations":[{"start":{"line":109,"column":4},"end":{"line":112,"column":5}}]},"11":{"loc":{"start":{"line":126,"column":4},"end":{"line":129,"column":5}},"type":"if","locations":[{"start":{"line":126,"column":4},"end":{"line":129,"column":5}}]},"12":{"loc":{"start":{"line":143,"column":55},"end":{"line":143,"column":73}},"type":"default-arg","locations":[{"start":{"line":143,"column":68},"end":{"line":143,"column":73}}]},"13":{"loc":{"start":{"line":152,"column":43},"end":{"line":152,"column":59}},"type":"default-arg","locations":[{"start":{"line":152,"column":56},"end":{"line":152,"column":59}}]},"14":{"loc":{"start":{"line":161,"column":50},"end":{"line":161,"column":68}},"type":"default-arg","locations":[{"start":{"line":161,"column":63},"end":{"line":161,"column":68}}]},"15":{"loc":{"start":{"line":170,"column":60},"end":{"line":170,"column":77}},"type":"default-arg","locations":[{"start":{"line":170,"column":73},"end":{"line":170,"column":77}}]},"16":{"loc":{"start":{"line":179,"column":40},"end":{"line":179,"column":55}},"type":"default-arg","locations":[{"start":{"line":179,"column":53},"end":{"line":179,"column":55}}]},"17":{"loc":{"start":{"line":182,"column":4},"end":{"line":191,"column":5}},"type":"if","locations":[{"start":{"line":182,"column":4},"end":{"line":191,"column":5}}]},"18":{"loc":{"start":{"line":185,"column":6},"end":{"line":187,"column":7}},"type":"if","locations":[{"start":{"line":185,"column":6},"end":{"line":187,"column":7}}]},"19":{"loc":{"start":{"line":185,"column":10},"end":{"line":185,"column":72}},"type":"binary-expr","locations":[{"start":{"line":185,"column":10},"end":{"line":185,"column":16}},{"start":{"line":185,"column":21},"end":{"line":185,"column":38}},{"start":{"line":185,"column":42},"end":{"line":185,"column":71}}]},"20":{"loc":{"start":{"line":188,"column":24},"end":{"line":188,"column":77}},"type":"binary-expr","locations":[{"start":{"line":188,"column":24},"end":{"line":188,"column":41}},{"start":{"line":188,"column":46},"end":{"line":188,"column":76}}]},"21":{"loc":{"start":{"line":199,"column":6},"end":{"line":201,"column":7}},"type":"if","locations":[{"start":{"line":199,"column":6},"end":{"line":201,"column":7}}]},"22":{"loc":{"start":{"line":199,"column":10},"end":{"line":199,"column":47}},"type":"binary-expr","locations":[{"start":{"line":199,"column":10},"end":{"line":199,"column":17}},{"start":{"line":199,"column":21},"end":{"line":199,"column":31}},{"start":{"line":199,"column":35},"end":{"line":199,"column":47}}]},"23":{"loc":{"start":{"line":211,"column":11},"end":{"line":211,"column":45}},"type":"cond-expr","locations":[{"start":{"line":211,"column":19},"end":{"line":211,"column":38}},{"start":{"line":211,"column":41},"end":{"line":211,"column":45}}]}},"s":{"0":9,"1":9,"2":9,"3":9,"4":27,"5":27,"6":27,"7":27,"8":27,"9":27,"10":27,"11":0,"12":0,"13":0,"14":0,"15":0,"16":0,"17":0,"18":0,"19":0,"20":0,"21":0,"22":1,"23":1,"24":0,"25":0,"26":0,"27":0,"28":17,"29":17,"30":17,"31":6,"32":11,"33":1,"34":1,"35":10,"36":0,"37":0,"38":0,"39":0,"40":14,"41":14,"42":14,"43":14,"44":0,"45":0,"46":0,"47":0,"48":0,"49":0,"50":7,"51":7,"52":7,"53":0,"54":0,"55":0,"56":0,"57":1,"58":1,"59":1,"60":0,"61":0,"62":0,"63":0,"64":1,"65":1,"66":1,"67":1,"68":1,"69":1,"70":1,"71":1,"72":2,"73":2,"74":2,"75":2,"76":2,"77":1,"78":2,"79":2,"80":2,"81":0,"82":0,"83":0,"84":0,"85":0,"86":0,"87":0,"88":1,"89":1,"90":9,"91":9},"f":{"0":27,"1":0,"2":0,"3":0,"4":0,"5":1,"6":17,"7":14,"8":7,"9":1,"10":1,"11":1,"12":1,"13":1,"14":1,"15":1,"16":1,"17":1,"18":2,"19":1},"b":{"0":[27,27],"1":[27,0],"2":[1],"3":[17],"4":[6],"5":[1],"6":[11,8],"7":[14],"8":[8,6],"9":[0,0],"10":[7],"11":[1],"12":[1],"13":[1],"14":[1],"15":[1],"16":[0],"17":[2],"18":[1],"19":[2,1,1],"20":[2,1],"21":[0],"22":[0,0,0],"23":[1,0]}}
,"C:\\Users\\amanj\\OneDrive\\Documents\\project\\rakthayatra\\backend\\src\\services\\s3.service.ts": {"path":"C:\\Users\\amanj\\OneDrive\\Documents\\project\\rakthayatra\\backend\\src\\services\\s3.service.ts","statementMap":{"0":{"start":{"line":1,"column":0},"end":{"line":1,"column":104}},"1":{"start":{"line":2,"column":0},"end":{"line":2,"column":61}},"2":{"start":{"line":3,"column":0},"end":{"line":3,"column":36}},"3":{"start":{"line":4,"column":0},"end":{"line":4,"column":38}},"4":{"start":{"line":5,"column":0},"end":{"line":5,"column":75}},"5":{"start":{"line":6,"column":0},"end":{"line":6,"column":28}},"6":{"start":{"line":9,"column":38},"end":{"line":9,"column":42}},"7":{"start":{"line":11,"column":23},"end":{"line":11,"column":28}},"8":{"start":{"line":14,"column":42},"end":{"line":14,"column":83}},"9":{"start":{"line":15,"column":39},"end":{"line":15,"column":85}},"10":{"start":{"line":16,"column":37},"end":{"line":16,"column":52}},"11":{"start":{"line":17,"column":34},"end":{"line":17,"column":50}},"12":{"start":{"line":20,"column":4},"end":{"line":20,"column":69}},"13":{"start":{"line":22,"column":4},"end":{"line":34,"column":5}},"14":{"start":{"line":23,"column":6},"end":{"line":23,"column":113}},"15":{"start":{"line":24,"column":6},"end":{"line":24,"column":29}},"16":{"start":{"line":26,"column":6},"end":{"line":32,"column":9}},"17":{"start":{"line":33,"column":6},"end":{"line":33,"column":61}},"18":{"start":{"line":38,"column":4},"end":{"line":38,"column":27}},"19":{"start":{"line":51,"column":4},"end":{"line":51,"column":62}},"20":{"start":{"line":54,"column":26},"end":{"line":54,"column":69}},"21":{"start":{"line":55,"column":16},"end":{"line":55,"column":67}},"22":{"start":{"line":57,"column":4},"end":{"line":63,"column":5}},"23":{"start":{"line":58,"column":6},"end":{"line":58,"column":122}},"24":{"start":{"line":59,"column":6},"end":{"line":62,"column":8}},"25":{"start":{"line":65,"column":20},"end":{"line":70,"column":6}},"26":{"start":{"line":72,"column":4},"end":{"line":82,"column":5}},"27":{"start":{"line":74,"column":6},"end":{"line":74,"column":70}},"28":{"start":{"line":74,"column":40},"end":{"line":74,"column":68}},"29":{"start":{"line":76,"column":18},"end":{"line":76,"column":88}},"30":{"start":{"line":77,"column":6},"end":{"line":77,"column":51}},"31":{"start":{"line":78,"column":6},"end":{"line":78,"column":26}},"32":{"start":{"line":80,"column":6},"end":{"line":80,"column":73}},"33":{"start":{"line":81,"column":6},"end":{"line":81,"column":95}},"34":{"start":{"line":89,"column":4},"end":{"line":92,"column":5}},"35":{"start":{"line":90,"column":6},"end":{"line":90,"column":62}},"36":{"start":{"line":91,"column":6},"end":{"line":91,"column":13}},"37":{"start":{"line":94,"column":20},"end":{"line":97,"column":6}},"38":{"start":{"line":99,"column":4},"end":{"line":105,"column":5}},"39":{"start":{"line":100,"column":6},"end":{"line":100,"column":70}},"40":{"start":{"line":100,"column":40},"end":{"line":100,"column":68}},"41":{"start":{"line":101,"column":6},"end":{"line":101,"column":49}},"42":{"start":{"line":103,"column":6},"end":{"line":103,"column":75}},"43":{"start":{"line":104,"column":6},"end":{"line":104,"column":75}},"44":{"start":{"line":112,"column":4},"end":{"line":115,"column":5}},"45":{"start":{"line":113,"column":6},"end":{"line":113,"column":68}},"46":{"start":{"line":114,"column":6},"end":{"line":114,"column":121}},"47":{"start":{"line":117,"column":20},"end":{"line":120,"column":6}},"48":{"start":{"line":122,"column":4},"end":{"line":127,"column":5}},"49":{"start":{"line":124,"column":6},"end":{"line":124,"column":41}},"50":{"start":{"line":126,"column":6},"end":{"line":126,"column":84}},"51":{"start":{"line":129,"column":4},"end":{"line":135,"column":5}},"52":{"start":{"line":130,"column":18},"end":{"line":130,"column":94}},"53":{"start":{"line":131,"column":6},"end":{"line":131,"column":17}},"54":{"start":{"line":133,"column":6},"end":{"line":133,"column":87}},"55":{"start":{"line":134,"column":6},"end":{"line":134,"column":83}},"56":{"start":{"line":142,"column":4},"end":{"line":156,"column":5}},"57":{"start":{"line":143,"column":6},"end":{"line":145,"column":7}},"58":{"start":{"line":144,"column":8},"end":{"line":144,"column":100}},"59":{"start":{"line":146,"column":6},"end":{"line":148,"column":7}},"60":{"start":{"line":147,"column":8},"end":{"line":147,"column":96}},"61":{"start":{"line":150,"column":6},"end":{"line":152,"column":7}},"62":{"start":{"line":151,"column":8},"end":{"line":151,"column":94}},"63":{"start":{"line":153,"column":6},"end":{"line":155,"column":7}},"64":{"start":{"line":154,"column":8},"end":{"line":154,"column":93}},"65":{"start":{"line":163,"column":4},"end":{"line":170,"column":5}},"66":{"start":{"line":164,"column":6},"end":{"line":164,"column":24}},"67":{"start":{"line":166,"column":6},"end":{"line":166,"column":36}},"68":{"start":{"line":166,"column":24},"end":{"line":166,"column":36}},"69":{"start":{"line":167,"column":6},"end":{"line":167,"column":107}},"70":{"start":{"line":168,"column":6},"end":{"line":168,"column":65}},"71":{"start":{"line":168,"column":37},"end":{"line":168,"column":63}},"72":{"start":{"line":169,"column":6},"end":{"line":169,"column":63}},"73":{"start":{"line":8,"column":0},"end":{"line":8,"column":13}},"74":{"start":{"line":174,"column":13},"end":{"line":174,"column":41}}},"fnMap":{"0":{"name":"(anonymous_1)","decl":{"start":{"line":19,"column":2},"end":{"line":19,"column":null}},"loc":{"start":{"line":19,"column":2},"end":{"line":35,"column":3}}},"1":{"name":"(anonymous_2)","decl":{"start":{"line":37,"column":9},"end":{"line":37,"column":20}},"loc":{"start":{"line":37,"column":20},"end":{"line":39,"column":3}}},"2":{"name":"(anonymous_3)","decl":{"start":{"line":44,"column":2},"end":{"line":44,"column":7}},"loc":{"start":{"line":48,"column":48},"end":{"line":83,"column":3}}},"3":{"name":"(anonymous_4)","decl":{"start":{"line":74,"column":34},"end":{"line":74,"column":37}},"loc":{"start":{"line":74,"column":40},"end":{"line":74,"column":68}}},"4":{"name":"(anonymous_5)","decl":{"start":{"line":88,"column":2},"end":{"line":88,"column":7}},"loc":{"start":{"line":88,"column":30},"end":{"line":106,"column":3}}},"5":{"name":"(anonymous_6)","decl":{"start":{"line":100,"column":34},"end":{"line":100,"column":37}},"loc":{"start":{"line":100,"column":40},"end":{"line":100,"column":68}}},"6":{"name":"(anonymous_7)","decl":{"start":{"line":111,"column":2},"end":{"line":111,"column":7}},"loc":{"start":{"line":111,"column":65},"end":{"line":136,"column":3}}},"7":{"name":"(anonymous_8)","decl":{"start":{"line":141,"column":10},"end":{"line":141,"column":22}},"loc":{"start":{"line":141,"column":99},"end":{"line":157,"column":3}}},"8":{"name":"(anonymous_9)","decl":{"start":{"line":162,"column":10},"end":{"line":162,"column":15}},"loc":{"start":{"line":162,"column":83},"end":{"line":171,"column":3}}},"9":{"name":"(anonymous_10)","decl":{"start":{"line":168,"column":24},"end":{"line":168,"column":25}},"loc":{"start":{"line":168,"column":37},"end":{"line":168,"column":63}}}},"branchMap":{"0":{"loc":{"start":{"line":20,"column":22},"end":{"line":20,"column":68}},"type":"binary-expr","locations":[{"start":{"line":20,"column":22},"end":{"line":20,"column":39}},{"start":{"line":20,"column":43},"end":{"line":20,"column":68}}]},"1":{"loc":{"start":{"line":22,"column":4},"end":{"line":34,"column":5}},"type":"if","locations":[{"start":{"line":22,"column":4},"end":{"line":34,"column":5}},{"start":{"line":25,"column":11},"end":{"line":34,"column":5}}]},"2":{"loc":{"start":{"line":22,"column":8},"end":{"line":22,"column":79}},"type":"binary-expr","locations":[{"start":{"line":22,"column":8},"end":{"line":22,"column":30}},{"start":{"line":22,"column":34},"end":{"line":22,"column":60}},{"start":{"line":22,"column":64},"end":{"line":22,"column":79}}]},"3":{"loc":{"start":{"line":57,"column":4},"end":{"line":63,"column":5}},"type":"if","locations":[{"start":{"line":57,"column":4},"end":{"line":63,"column":5}}]},"4":{"loc":{"start":{"line":89,"column":4},"end":{"line":92,"column":5}},"type":"if","locations":[{"start":{"line":89,"column":4},"end":{"line":92,"column":5}}]},"5":{"loc":{"start":{"line":111,"column":42},"end":{"line":111,"column":65}},"type":"default-arg","locations":[{"start":{"line":111,"column":61},"end":{"line":111,"column":65}}]},"6":{"loc":{"start":{"line":112,"column":4},"end":{"line":115,"column":5}},"type":"if","locations":[{"start":{"line":112,"column":4},"end":{"line":115,"column":5}}]},"7":{"loc":{"start":{"line":142,"column":4},"end":{"line":156,"column":5}},"type":"if","locations":[{"start":{"line":142,"column":4},"end":{"line":156,"column":5}},{"start":{"line":149,"column":11},"end":{"line":156,"column":5}}]},"8":{"loc":{"start":{"line":143,"column":6},"end":{"line":145,"column":7}},"type":"if","locations":[{"start":{"line":143,"column":6},"end":{"line":145,"column":7}}]},"9":{"loc":{"start":{"line":146,"column":6},"end":{"line":148,"column":7}},"type":"if","locations":[{"start":{"line":146,"column":6},"end":{"line":148,"column":7}}]},"10":{"loc":{"start":{"line":150,"column":6},"end":{"line":152,"column":7}},"type":"if","locations":[{"start":{"line":150,"column":6},"end":{"line":152,"column":7}}]},"11":{"loc":{"start":{"line":153,"column":6},"end":{"line":155,"column":7}},"type":"if","locations":[{"start":{"line":153,"column":6},"end":{"line":155,"column":7}}]},"12":{"loc":{"start":{"line":162,"column":58},"end":{"line":162,"column":69}},"type":"default-arg","locations":[{"start":{"line":162,"column":68},"end":{"line":162,"column":69}}]},"13":{"loc":{"start":{"line":162,"column":71},"end":{"line":162,"column":83}},"type":"default-arg","locations":[{"start":{"line":162,"column":79},"end":{"line":162,"column":83}}]},"14":{"loc":{"start":{"line":166,"column":6},"end":{"line":166,"column":36}},"type":"if","locations":[{"start":{"line":166,"column":6},"end":{"line":166,"column":36}}]}},"s":{"0":1,"1":1,"2":1,"3":1,"4":1,"5":1,"6":8,"7":8,"8":8,"9":8,"10":8,"11":8,"12":8,"13":8,"14":8,"15":8,"16":0,"17":0,"18":0,"19":7,"20":4,"21":4,"22":4,"23":3,"24":3,"25":1,"26":1,"27":1,"28":3,"29":1,"30":1,"31":1,"32":0,"33":0,"34":0,"35":0,"36":0,"37":0,"38":0,"39":0,"40":0,"41":0,"42":0,"43":0,"44":0,"45":0,"46":0,"47":0,"48":0,"49":0,"50":0,"51":0,"52":0,"53":0,"54":0,"55":0,"56":7,"57":5,"58":1,"59":4,"60":1,"61":2,"62":1,"63":1,"64":0,"65":3,"66":3,"67":2,"68":0,"69":2,"70":2,"71":2,"72":2,"73":1,"74":1},"f":{"0":8,"1":0,"2":7,"3":3,"4":0,"5":0,"6":0,"7":7,"8":3,"9":2},"b":{"0":[8,8],"1":[8,0],"2":[8,0,0],"3":[3],"4":[0],"5":[0],"6":[0],"7":[5,2],"8":[1],"9":[1],"10":[1],"11":[0],"12":[1],"13":[1],"14":[0]}}
,"C:\\Users\\amanj\\OneDrive\\Documents\\project\\rakthayatra\\backend\\src\\utils\\crypto.ts": {"path":"C:\\Users\\amanj\\OneDrive\\Documents\\project\\rakthayatra\\backend\\src\\utils\\crypto.ts","statementMap":{"0":{"start":{"line":12,"column":0},"end":{"line":12,"column":16}},"1":{"start":{"line":16,"column":0},"end":{"line":16,"column":16}},"2":{"start":{"line":24,"column":0},"end":{"line":24,"column":16}},"3":{"start":{"line":28,"column":0},"end":{"line":28,"column":16}},"4":{"start":{"line":1,"column":0},"end":{"line":1,"column":31}},"5":{"start":{"line":2,"column":0},"end":{"line":2,"column":28}},"6":{"start":{"line":3,"column":0},"end":{"line":3,"column":36}},"7":{"start":{"line":5,"column":19},"end":{"line":5,"column":33}},"8":{"start":{"line":13,"column":2},"end":{"line":13,"column":61}},"9":{"start":{"line":17,"column":2},"end":{"line":21,"column":3}},"10":{"start":{"line":18,"column":4},"end":{"line":18,"column":57}},"11":{"start":{"line":20,"column":4},"end":{"line":20,"column":16}},"12":{"start":{"line":25,"column":2},"end":{"line":25,"column":48}},"13":{"start":{"line":30,"column":2},"end":{"line":30,"column":66}}},"fnMap":{"0":{"name":"generateAccessToken","decl":{"start":{"line":12,"column":16},"end":{"line":12,"column":35}},"loc":{"start":{"line":12,"column":57},"end":{"line":14,"column":1}}},"1":{"name":"verifyAccessToken","decl":{"start":{"line":16,"column":16},"end":{"line":16,"column":33}},"loc":{"start":{"line":16,"column":47},"end":{"line":22,"column":1}}},"2":{"name":"generateSecureToken","decl":{"start":{"line":24,"column":16},"end":{"line":24,"column":35}},"loc":{"start":{"line":24,"column":35},"end":{"line":26,"column":1}}},"3":{"name":"generateOTP","decl":{"start":{"line":28,"column":16},"end":{"line":28,"column":27}},"loc":{"start":{"line":28,"column":27},"end":{"line":31,"column":1}}}},"branchMap":{},"s":{"0":7,"1":7,"2":7,"3":7,"4":7,"5":7,"6":7,"7":7,"8":15,"9":35,"10":35,"11":0,"12":1,"13":1},"f":{"0":15,"1":35,"2":1,"3":1},"b":{}}
}
