TN:
SF:src\errors\app-error.ts
FN:9,(anonymous_0)
FN:20,(anonymous_1)
FN:26,(anonymous_2)
FN:32,(anonymous_3)
FN:38,(anonymous_4)
FN:44,(anonymous_5)
FN:50,(anonymous_6)
FN:56,(anonymous_7)
FNF:8
FNH:4
FNDA:16,(anonymous_0)
FNDA:13,(anonymous_1)
FNDA:0,(anonymous_2)
FNDA:2,(anonymous_3)
FNDA:0,(anonymous_4)
FNDA:1,(anonymous_5)
FNDA:0,(anonymous_6)
FNDA:0,(anonymous_7)
DA:2,13
DA:4,13
DA:10,16
DA:11,16
DA:12,16
DA:13,16
DA:14,16
DA:15,16
DA:19,13
DA:21,13
DA:25,13
DA:27,0
DA:31,13
DA:33,2
DA:37,13
DA:39,0
DA:43,13
DA:45,1
DA:49,13
DA:51,0
DA:55,13
DA:57,0
LF:22
LH:18
BRDA:13,0,0,16
BRDA:13,0,1,16
BRDA:20,1,0,0
BRDA:26,2,0,0
BRDA:32,3,0,0
BRDA:38,4,0,0
BRDA:44,5,0,0
BRDA:50,6,0,0
BRDA:56,7,0,0
BRF:9
BRH:2
end_of_record
TN:
SF:src\middlewares\auth.middleware.ts
FN:8,authenticate
FN:37,requireRoles
FN:38,(anonymous_2)
FNF:3
FNH:3
FNDA:36,authenticate
FNDA:126,requireRoles
FNDA:26,(anonymous_2)
DA:2,7
DA:8,7
DA:9,36
DA:10,36
DA:11,1
DA:20,35
DA:21,35
DA:23,35
DA:24,0
DA:33,35
DA:34,35
DA:37,7
DA:38,126
DA:39,26
DA:40,0
DA:49,26
DA:50,1
DA:59,25
LF:18
LH:16
BRDA:10,0,0,1
BRDA:10,1,0,36
BRDA:10,1,1,35
BRDA:23,2,0,0
BRDA:39,3,0,0
BRDA:49,4,0,1
BRF:6
BRH:4
end_of_record
TN:
SF:src\services\auth.service.ts
FN:9,(anonymous_1)
FN:37,(anonymous_2)
FN:120,(anonymous_3)
FN:147,(anonymous_4)
FN:169,(anonymous_5)
FN:175,(anonymous_6)
FN:192,(anonymous_7)
FN:213,(anonymous_8)
FN:239,(anonymous_9)
FN:274,(anonymous_10)
FN:287,(anonymous_11)
FN:300,(anonymous_12)
FN:311,(anonymous_13)
FNF:13
FNH:5
FNDA:1,(anonymous_1)
FNDA:1,(anonymous_2)
FNDA:2,(anonymous_3)
FNDA:1,(anonymous_4)
FNDA:0,(anonymous_5)
FNDA:0,(anonymous_6)
FNDA:0,(anonymous_7)
FNDA:0,(anonymous_8)
FNDA:1,(anonymous_9)
FNDA:0,(anonymous_10)
FNDA:0,(anonymous_11)
FNDA:0,(anonymous_12)
FNDA:0,(anonymous_13)
DA:1,7
DA:2,7
DA:3,7
DA:4,7
DA:6,7
DA:8,7
DA:17,1
DA:20,1
DA:21,0
DA:25,1
DA:28,1
DA:29,0
DA:33,1
DA:34,1
DA:37,1
DA:38,1
DA:47,1
DA:48,1
DA:49,0
DA:51,1
DA:66,0
DA:67,0
DA:68,0
DA:70,0
DA:82,0
DA:83,0
DA:84,0
DA:86,0
DA:101,1
DA:102,1
DA:105,1
DA:114,1
DA:117,1
DA:125,2
DA:130,2
DA:131,1
DA:134,1
DA:135,0
DA:138,1
DA:139,1
DA:140,0
DA:143,1
DA:144,1
DA:145,1
DA:147,1
DA:148,1
DA:156,1
DA:166,1
DA:170,0
DA:174,0
DA:175,0
DA:176,0
DA:180,0
DA:196,0
DA:201,0
DA:202,0
DA:203,0
DA:205,0
DA:209,0
DA:210,0
DA:211,0
DA:213,0
DA:214,0
DA:218,0
DA:226,0
DA:236,0
DA:240,1
DA:241,1
DA:242,0
DA:245,1
DA:247,1
DA:251,1
DA:253,1
DA:257,1
DA:263,1
DA:275,0
DA:278,0
DA:279,0
DA:282,0
DA:283,0
DA:284,0
DA:288,0
DA:291,0
DA:292,0
DA:295,0
DA:296,0
DA:297,0
DA:301,0
DA:302,0
DA:303,0
DA:306,0
DA:308,0
DA:309,0
DA:311,0
DA:312,0
DA:317,0
DA:328,7
LF:97
LH:44
BRDA:20,0,0,0
BRDA:28,1,0,0
BRDA:43,2,0,1
BRDA:43,2,1,0
BRDA:43,3,0,1
BRDA:43,3,1,0
BRDA:47,4,0,1
BRDA:47,4,1,0
BRDA:48,5,0,0
BRDA:48,6,0,1
BRDA:48,6,1,1
BRDA:48,6,2,1
BRDA:55,7,0,1
BRDA:55,7,1,0
BRDA:59,8,0,1
BRDA:59,8,1,0
BRDA:60,9,0,1
BRDA:60,9,1,0
BRDA:61,10,0,1
BRDA:61,10,1,0
BRDA:63,11,0,1
BRDA:63,11,1,0
BRDA:66,12,0,0
BRDA:66,12,1,0
BRDA:67,13,0,0
BRDA:67,14,0,0
BRDA:67,14,1,0
BRDA:67,14,2,0
BRDA:76,15,0,0
BRDA:76,15,1,0
BRDA:77,16,0,0
BRDA:77,16,1,0
BRDA:78,17,0,0
BRDA:78,17,1,0
BRDA:79,18,0,0
BRDA:79,18,1,0
BRDA:82,19,0,0
BRDA:83,20,0,0
BRDA:83,21,0,0
BRDA:83,21,1,0
BRDA:83,21,2,0
BRDA:92,22,0,0
BRDA:92,22,1,0
BRDA:93,23,0,0
BRDA:93,23,1,0
BRDA:94,24,0,0
BRDA:94,24,1,0
BRDA:95,25,0,0
BRDA:95,25,1,0
BRDA:110,26,0,1
BRDA:110,26,1,0
BRDA:130,27,0,1
BRDA:130,28,0,2
BRDA:130,28,1,1
BRDA:134,29,0,0
BRDA:139,30,0,0
BRDA:161,31,0,1
BRDA:161,31,1,0
BRDA:174,32,0,0
BRDA:185,33,0,0
BRDA:185,33,1,0
BRDA:201,34,0,0
BRDA:201,35,0,0
BRDA:201,35,1,0
BRDA:202,36,0,0
BRDA:231,37,0,0
BRDA:231,37,1,0
BRDA:241,38,0,0
BRDA:241,39,0,1
BRDA:241,39,1,1
BRDA:251,40,0,1
BRDA:253,41,0,1
BRDA:268,42,0,1
BRDA:268,42,1,0
BRDA:278,43,0,0
BRDA:291,44,0,0
BRDA:302,45,0,0
BRDA:322,46,0,0
BRDA:322,46,1,0
BRF:79
BRH:21
end_of_record
TN:
SF:src\services\blood-request.service.ts
FN:18,(anonymous_1)
FN:50,(anonymous_2)
FN:136,(anonymous_3)
FN:144,(anonymous_4)
FN:155,(anonymous_5)
FN:161,(anonymous_6)
FN:271,(anonymous_7)
FN:273,(anonymous_8)
FN:316,(anonymous_9)
FNF:9
FNH:7
FNDA:2,(anonymous_1)
FNDA:2,(anonymous_2)
FNDA:1,(anonymous_3)
FNDA:0,(anonymous_4)
FNDA:4,(anonymous_5)
FNDA:4,(anonymous_6)
FNDA:1,(anonymous_7)
FNDA:1,(anonymous_8)
FNDA:0,(anonymous_9)
DA:1,7
DA:2,7
DA:3,7
DA:4,7
DA:5,7
DA:6,7
DA:7,7
DA:8,7
DA:9,7
DA:10,7
DA:12,7
DA:14,7
DA:31,2
DA:32,0
DA:35,2
DA:36,0
DA:40,2
DA:41,2
DA:42,2
DA:44,0
DA:48,2
DA:50,2
DA:51,2
DA:52,2
DA:53,2
DA:56,2
DA:57,2
DA:58,0
DA:62,2
DA:76,2
DA:88,2
DA:89,2
DA:92,2
DA:93,2
DA:95,2
DA:96,2
DA:97,2
DA:98,2
DA:101,2
DA:117,2
DA:118,1
DA:124,1
DA:125,1
DA:130,2
DA:134,2
DA:135,1
DA:137,1
DA:144,0
DA:149,2
DA:161,4
DA:162,4
DA:163,4
DA:164,4
DA:166,4
DA:167,4
DA:168,0
DA:171,4
DA:174,4
DA:175,1
DA:176,0
DA:178,3
DA:179,2
DA:180,0
DA:184,2
DA:187,2
DA:188,0
DA:191,0
DA:192,0
DA:194,0
DA:195,0
DA:197,0
DA:198,0
DA:202,0
DA:203,0
DA:209,2
DA:216,2
DA:217,1
DA:222,1
DA:223,0
DA:227,1
DA:228,1
DA:231,1
DA:239,1
DA:240,1
DA:241,0
DA:246,3
DA:251,3
DA:262,3
DA:265,3
DA:272,1
DA:273,1
DA:274,1
DA:275,1
DA:278,1
DA:285,1
DA:286,1
DA:287,1
DA:290,1
DA:293,1
DA:303,1
DA:306,1
DA:307,1
DA:310,1
DA:322,0
DA:323,0
DA:325,0
DA:326,0
DA:327,0
DA:328,0
DA:330,0
DA:331,0
DA:334,0
DA:344,7
LF:113
LH:85
BRDA:31,0,0,0
BRDA:35,1,0,0
BRDA:35,2,0,2
BRDA:35,2,1,2
BRDA:35,2,2,2
BRDA:35,2,3,2
BRDA:41,3,0,2
BRDA:41,3,1,0
BRDA:57,4,0,0
BRDA:77,5,0,2
BRDA:77,5,1,0
BRDA:88,6,0,2
BRDA:124,7,0,1
BRDA:134,8,0,1
BRDA:167,9,0,0
BRDA:174,10,0,1
BRDA:174,10,1,3
BRDA:175,11,0,0
BRDA:178,12,0,2
BRDA:178,12,1,1
BRDA:179,13,0,0
BRDA:187,14,0,0
BRDA:187,14,1,2
BRDA:191,15,0,0
BRDA:194,16,0,0
BRDA:197,17,0,0
BRDA:202,18,0,0
BRDA:216,19,0,1
BRDA:222,20,0,0
BRDA:222,20,1,1
BRDA:239,21,0,1
BRDA:240,22,0,0
BRDA:240,23,0,1
BRDA:240,23,1,0
BRDA:252,24,0,3
BRDA:252,24,1,0
BRDA:258,25,0,3
BRDA:258,25,1,3
BRDA:294,26,0,1
BRDA:294,26,1,0
BRDA:306,27,0,1
BRDA:322,28,0,0
BRDA:322,28,1,0
BRDA:323,29,0,0
BRDA:323,29,1,0
BRDA:327,30,0,0
BRDA:330,31,0,0
BRF:47
BRH:23
end_of_record
TN:
SF:src\services\cache.service.ts
FN:4,(anonymous_0)
FN:8,(anonymous_1)
FN:12,(anonymous_2)
FNF:3
FNH:3
FNDA:3,(anonymous_0)
FNDA:2,(anonymous_1)
FNDA:1,(anonymous_2)
DA:1,8
DA:5,3
DA:9,2
DA:13,1
DA:17,8
LF:5
LH:5
BRF:0
BRH:0
end_of_record
TN:
SF:src\services\donation-camp.service.ts
FN:22,(anonymous_0)
FN:40,(anonymous_1)
FN:76,(anonymous_2)
FN:91,(anonymous_3)
FN:129,(anonymous_4)
FN:130,(anonymous_5)
FN:157,(anonymous_6)
FN:169,(anonymous_7)
FN:196,(anonymous_8)
FN:197,(anonymous_9)
FN:232,(anonymous_10)
FN:249,(anonymous_11)
FN:272,(anonymous_12)
FN:322,(anonymous_13)
FNF:14
FNH:7
FNDA:2,(anonymous_0)
FNDA:1,(anonymous_1)
FNDA:0,(anonymous_2)
FNDA:0,(anonymous_3)
FNDA:0,(anonymous_4)
FNDA:0,(anonymous_5)
FNDA:1,(anonymous_6)
FNDA:0,(anonymous_7)
FNDA:1,(anonymous_8)
FNDA:1,(anonymous_9)
FNDA:1,(anonymous_10)
FNDA:0,(anonymous_11)
FNDA:1,(anonymous_12)
FNDA:0,(anonymous_13)
DA:1,7
DA:2,7
DA:3,7
DA:4,7
DA:5,7
DA:6,7
DA:7,7
DA:9,7
DA:10,7
DA:18,7
DA:36,2
DA:37,1
DA:40,1
DA:41,1
DA:42,1
DA:44,1
DA:57,1
DA:67,1
DA:70,1
DA:91,0
DA:92,0
DA:93,0
DA:95,0
DA:96,0
DA:97,0
DA:100,0
DA:101,0
DA:102,0
DA:104,0
DA:105,0
DA:108,0
DA:111,0
DA:120,0
DA:123,0
DA:130,0
DA:131,0
DA:132,0
DA:134,0
DA:135,0
DA:136,0
DA:139,0
DA:142,0
DA:148,0
DA:151,0
DA:158,1
DA:159,1
DA:160,1
DA:161,0
DA:164,1
DA:165,1
DA:166,1
DA:169,1
DA:170,0
DA:173,1
DA:178,1
DA:181,1
DA:182,1
DA:197,1
DA:198,1
DA:199,1
DA:200,1
DA:202,1
DA:203,1
DA:204,0
DA:207,1
DA:208,0
DA:211,1
DA:212,1
DA:213,0
DA:216,1
DA:221,1
DA:233,1
DA:234,1
DA:235,1
DA:236,0
DA:239,1
DA:240,1
DA:241,1
DA:242,0
DA:245,1
DA:246,1
DA:247,1
DA:249,1
DA:250,0
DA:253,1
DA:258,1
DA:261,1
DA:262,1
DA:279,1
DA:280,1
DA:281,1
DA:282,0
DA:286,1
DA:291,1
DA:296,1
DA:300,1
DA:303,1
DA:304,1
DA:307,1
DA:308,1
DA:310,1
DA:326,0
DA:327,0
DA:329,0
DA:330,0
DA:331,0
DA:332,0
DA:335,0
DA:344,7
LF:109
LH:68
BRDA:36,0,0,1
BRDA:53,1,0,1
BRDA:53,1,1,1
BRDA:58,2,0,1
BRDA:58,2,1,0
BRDA:96,3,0,0
BRDA:101,4,0,0
BRDA:102,5,0,0
BRDA:104,6,0,0
BRDA:104,7,0,0
BRDA:104,7,1,0
BRDA:104,7,2,0
BRDA:112,8,0,0
BRDA:112,8,1,0
BRDA:135,9,0,0
BRDA:143,10,0,0
BRDA:143,10,1,0
BRDA:160,11,0,0
BRDA:166,12,0,1
BRDA:166,12,1,1
BRDA:169,13,0,0
BRDA:183,14,0,1
BRDA:183,14,1,0
BRDA:203,15,0,0
BRDA:207,16,0,0
BRDA:207,17,0,1
BRDA:207,17,1,1
BRDA:212,18,0,0
BRDA:222,19,0,1
BRDA:222,19,1,0
BRDA:235,20,0,0
BRDA:241,21,0,0
BRDA:247,22,0,1
BRDA:247,22,1,1
BRDA:249,23,0,0
BRDA:263,24,0,1
BRDA:263,24,1,0
BRDA:281,25,0,0
BRDA:300,26,0,1
BRDA:300,26,1,0
BRDA:304,27,0,1
BRDA:304,27,1,0
BRDA:308,28,0,1
BRDA:308,28,1,0
BRDA:326,29,0,0
BRDA:326,29,1,0
BRDA:327,30,0,0
BRDA:327,30,1,0
BRDA:331,31,0,0
BRF:49
BRH:16
end_of_record
TN:
SF:src\services\donation.service.ts
FN:15,(anonymous_0)
FN:29,(anonymous_1)
FN:89,(anonymous_2)
FN:94,(anonymous_3)
FN:187,(anonymous_4)
FN:188,(anonymous_5)
FN:225,(anonymous_6)
FN:248,(anonymous_7)
FN:259,(anonymous_8)
FN:260,(anonymous_9)
FNF:10
FNH:9
FNDA:3,(anonymous_0)
FNDA:3,(anonymous_1)
FNDA:2,(anonymous_2)
FNDA:2,(anonymous_3)
FNDA:1,(anonymous_4)
FNDA:1,(anonymous_5)
FNDA:0,(anonymous_6)
FNDA:1,(anonymous_7)
FNDA:1,(anonymous_8)
FNDA:1,(anonymous_9)
DA:1,7
DA:2,7
DA:3,7
DA:4,7
DA:5,7
DA:6,7
DA:7,7
DA:9,7
DA:11,7
DA:25,3
DA:26,0
DA:29,3
DA:30,3
DA:31,3
DA:32,3
DA:33,3
DA:36,3
DA:37,3
DA:38,0
DA:42,3
DA:43,3
DA:44,2
DA:45,1
DA:48,1
DA:49,1
DA:58,1
DA:68,1
DA:79,1
DA:82,1
DA:94,2
DA:95,2
DA:96,2
DA:97,2
DA:98,2
DA:101,2
DA:102,2
DA:103,0
DA:106,2
DA:107,0
DA:111,2
DA:112,2
DA:113,0
DA:117,2
DA:123,2
DA:124,2
DA:129,2
DA:130,2
DA:132,2
DA:133,2
DA:134,1
DA:139,1
DA:148,2
DA:150,2
DA:151,2
DA:154,2
DA:167,2
DA:178,2
DA:181,2
DA:188,1
DA:189,1
DA:190,1
DA:192,1
DA:193,1
DA:194,0
DA:197,1
DA:198,0
DA:202,1
DA:207,1
DA:216,1
DA:219,1
DA:229,0
DA:230,0
DA:232,0
DA:233,0
DA:255,1
DA:256,1
DA:258,1
DA:259,1
DA:260,1
DA:262,1
DA:264,1
DA:265,1
DA:267,1
DA:268,1
DA:269,1
DA:270,0
DA:271,0
DA:272,0
DA:277,1
DA:279,1
DA:289,7
LF:91
LH:77
BRDA:25,0,0,0
BRDA:37,1,0,0
BRDA:43,2,0,2
BRDA:44,3,0,1
BRDA:48,4,0,1
BRDA:48,5,0,1
BRDA:48,5,1,1
BRDA:60,6,0,1
BRDA:60,6,1,0
BRDA:61,7,0,0
BRDA:61,7,1,1
BRDA:69,8,0,1
BRDA:69,8,1,0
BRDA:102,9,0,0
BRDA:106,10,0,0
BRDA:112,11,0,0
BRDA:133,12,0,1
BRDA:133,12,1,1
BRDA:148,13,0,2
BRDA:168,14,0,2
BRDA:168,14,1,0
BRDA:193,15,0,0
BRDA:197,16,0,0
BRDA:208,17,0,1
BRDA:208,17,1,0
BRDA:229,18,0,0
BRDA:229,18,1,0
BRDA:230,19,0,0
BRDA:230,19,1,0
BRDA:267,20,0,1
BRDA:269,21,0,0
BRDA:271,22,0,0
BRDA:277,23,0,1
BRDA:277,23,1,0
BRF:34
BRH:15
end_of_record
TN:
SF:src\services\firebase.service.ts
FN:11,(anonymous_1)
FN:15,(anonymous_2)
FN:19,(anonymous_3)
FN:33,(anonymous_4)
FN:55,(anonymous_5)
FN:62,(anonymous_6)
FN:83,(anonymous_7)
FN:102,(anonymous_8)
FN:153,(anonymous_9)
FN:183,(anonymous_10)
FN:187,(anonymous_11)
FN:192,(anonymous_12)
FNF:12
FNH:6
FNDA:1,(anonymous_1)
FNDA:0,(anonymous_2)
FNDA:0,(anonymous_3)
FNDA:16,(anonymous_4)
FNDA:0,(anonymous_5)
FNDA:3,(anonymous_6)
FNDA:2,(anonymous_7)
FNDA:3,(anonymous_8)
FNDA:0,(anonymous_9)
FNDA:1,(anonymous_10)
FNDA:0,(anonymous_11)
FNDA:0,(anonymous_12)
DA:1,8
DA:2,8
DA:3,8
DA:4,8
DA:5,8
DA:6,8
DA:8,8
DA:10,8
DA:11,1
DA:15,0
DA:19,0
DA:25,8
DA:26,16
DA:31,16
DA:35,16
DA:36,16
DA:37,16
DA:39,0
DA:40,0
DA:47,0
DA:49,0
DA:50,0
DA:56,0
DA:63,3
DA:64,2
DA:67,1
DA:68,1
DA:73,1
DA:75,0
DA:76,0
DA:84,2
DA:85,1
DA:88,1
DA:89,1
DA:92,1
DA:94,0
DA:95,0
DA:110,3
DA:116,3
DA:125,3
DA:126,1
DA:127,1
DA:130,2
DA:131,2
DA:137,2
DA:138,0
DA:140,2
DA:141,2
DA:143,1
DA:144,1
DA:160,0
DA:161,0
DA:162,0
DA:165,0
DA:171,0
DA:172,0
DA:173,0
DA:175,0
DA:176,0
DA:184,1
DA:185,1
DA:187,1
DA:188,0
DA:193,0
DA:194,0
DA:196,0
DA:197,0
DA:198,0
DA:200,0
DA:202,0
DA:204,0
DA:205,0
DA:206,0
DA:208,0
DA:214,8
LF:75
LH:41
BRDA:35,0,0,16
BRDA:35,0,1,0
BRDA:35,1,0,16
BRDA:35,1,1,0
BRDA:35,1,2,0
BRDA:63,2,0,2
BRDA:63,3,0,3
BRDA:63,3,1,2
BRDA:84,4,0,1
BRDA:125,5,0,1
BRDA:134,6,0,2
BRDA:134,6,1,2
BRDA:137,7,0,0
BRDA:137,7,1,2
BRDA:160,8,0,0
BRDA:168,9,0,0
BRDA:168,9,1,0
BRDA:183,10,0,1
BRDA:194,11,0,0
BRDA:197,12,0,0
BRDA:197,12,1,0
BRDA:205,13,0,0
BRDA:205,13,1,0
BRF:23
BRH:11
end_of_record
TN:
SF:src\services\inventory.service.ts
FN:15,(anonymous_1)
FN:35,(anonymous_2)
FN:78,(anonymous_3)
FN:89,(anonymous_4)
FN:158,(anonymous_5)
FN:159,(anonymous_6)
FN:199,(anonymous_7)
FN:201,(anonymous_8)
FN:237,(anonymous_9)
FN:252,(anonymous_10)
FN:273,(anonymous_11)
FN:276,(anonymous_12)
FN:332,(anonymous_13)
FNF:13
FNH:8
FNDA:3,(anonymous_1)
FNDA:3,(anonymous_2)
FNDA:2,(anonymous_3)
FNDA:2,(anonymous_4)
FNDA:1,(anonymous_5)
FNDA:1,(anonymous_6)
FNDA:0,(anonymous_7)
FNDA:0,(anonymous_8)
FNDA:0,(anonymous_9)
FNDA:1,(anonymous_10)
FNDA:0,(anonymous_11)
FNDA:0,(anonymous_12)
FNDA:5,(anonymous_13)
DA:1,7
DA:2,7
DA:3,7
DA:4,7
DA:5,7
DA:6,7
DA:7,7
DA:9,7
DA:11,7
DA:25,3
DA:26,0
DA:29,3
DA:30,3
DA:31,0
DA:35,3
DA:36,3
DA:37,3
DA:38,3
DA:41,3
DA:42,3
DA:43,0
DA:47,3
DA:56,3
DA:67,3
DA:71,3
DA:72,3
DA:85,2
DA:86,0
DA:89,2
DA:90,2
DA:91,2
DA:94,2
DA:95,2
DA:96,0
DA:99,2
DA:100,0
DA:103,2
DA:104,1
DA:109,1
DA:111,0
DA:116,1
DA:119,1
DA:126,1
DA:136,1
DA:147,1
DA:151,1
DA:152,1
DA:159,1
DA:160,1
DA:161,1
DA:163,1
DA:164,1
DA:165,0
DA:168,1
DA:169,0
DA:173,1
DA:178,1
DA:188,1
DA:192,1
DA:193,1
DA:200,0
DA:201,0
DA:202,0
DA:203,0
DA:206,0
DA:213,0
DA:214,0
DA:215,0
DA:218,0
DA:221,0
DA:233,0
DA:237,0
DA:238,0
DA:239,0
DA:242,0
DA:243,0
DA:246,0
DA:259,1
DA:260,1
DA:263,1
DA:264,0
DA:265,0
DA:266,0
DA:267,0
DA:268,0
DA:271,0
DA:272,0
DA:273,0
DA:275,0
DA:276,0
DA:280,0
DA:281,0
DA:283,0
DA:289,0
DA:294,1
DA:295,1
DA:296,1
DA:297,0
DA:299,1
DA:300,1
DA:302,1
DA:303,1
DA:306,1
DA:314,1
DA:315,0
DA:316,0
DA:320,0
DA:322,0
DA:326,1
DA:333,5
DA:334,5
DA:335,5
DA:337,0
DA:342,7
LF:114
LH:68
BRDA:25,0,0,0
BRDA:30,1,0,0
BRDA:42,2,0,0
BRDA:52,3,0,3
BRDA:52,3,1,1
BRDA:57,4,0,3
BRDA:57,4,1,0
BRDA:85,5,0,0
BRDA:95,6,0,0
BRDA:99,7,0,0
BRDA:103,8,0,1
BRDA:109,9,0,0
BRDA:109,9,1,1
BRDA:137,10,0,1
BRDA:137,10,1,0
BRDA:164,11,0,0
BRDA:168,12,0,0
BRDA:179,13,0,1
BRDA:179,13,1,0
BRDA:222,14,0,0
BRDA:222,14,1,0
BRDA:242,15,0,0
BRDA:259,16,0,1
BRDA:259,16,1,0
BRDA:260,17,0,1
BRDA:260,17,1,0
BRDA:263,18,0,0
BRDA:266,19,0,0
BRDA:272,20,0,0
BRDA:275,21,0,0
BRDA:296,22,0,0
BRDA:299,23,0,1
BRDA:302,24,0,1
BRDA:314,25,0,0
BRF:34
BRH:11
end_of_record
TN:
SF:src\services\maps.service.ts
FN:15,(anonymous_1)
FN:27,(anonymous_2)
FN:34,(anonymous_3)
FN:83,(anonymous_4)
FN:127,(anonymous_5)
FN:145,(anonymous_6)
FN:152,(anonymous_7)
FN:191,(anonymous_8)
FN:195,(anonymous_9)
FN:196,(anonymous_10)
FN:202,(anonymous_11)
FNF:11
FNH:9
FNDA:8,(anonymous_1)
FNDA:0,(anonymous_2)
FNDA:2,(anonymous_3)
FNDA:0,(anonymous_4)
FNDA:7,(anonymous_5)
FNDA:28,(anonymous_6)
FNDA:4,(anonymous_7)
FNDA:5,(anonymous_8)
FNDA:5,(anonymous_9)
FNDA:2,(anonymous_10)
FNDA:2,(anonymous_11)
DA:1,8
DA:2,8
DA:3,8
DA:4,8
DA:5,8
DA:6,8
DA:8,8
DA:10,8
DA:13,8
DA:16,8
DA:17,8
DA:19,8
DA:20,8
DA:21,8
DA:23,0
DA:28,0
DA:35,2
DA:36,1
DA:39,1
DA:42,1
DA:43,1
DA:44,1
DA:45,1
DA:48,0
DA:49,0
DA:50,0
DA:51,0
DA:52,0
DA:55,0
DA:56,0
DA:63,0
DA:64,0
DA:67,0
DA:68,0
DA:70,0
DA:71,0
DA:72,0
DA:74,0
DA:75,0
DA:76,0
DA:84,0
DA:87,0
DA:88,0
DA:89,0
DA:90,0
DA:93,0
DA:94,0
DA:95,0
DA:96,0
DA:97,0
DA:100,0
DA:101,0
DA:108,0
DA:109,0
DA:112,0
DA:113,0
DA:114,0
DA:115,0
DA:117,0
DA:118,0
DA:119,0
DA:128,7
DA:129,7
DA:130,7
DA:133,7
DA:139,7
DA:140,7
DA:142,7
DA:146,28
DA:159,4
DA:160,1
DA:163,3
DA:165,3
DA:166,1
DA:173,2
DA:174,1
DA:180,1
DA:181,1
DA:190,3
DA:192,5
DA:193,5
DA:195,5
DA:196,2
DA:208,2
DA:211,2
DA:212,2
DA:216,8
LF:87
LH:47
BRDA:17,0,0,8
BRDA:17,0,1,8
BRDA:19,1,0,8
BRDA:19,1,1,0
BRDA:35,2,0,1
BRDA:35,3,0,2
BRDA:35,3,1,2
BRDA:43,4,0,1
BRDA:48,5,0,0
BRDA:63,6,0,0
BRDA:63,7,0,0
BRDA:63,7,1,0
BRDA:75,8,0,0
BRDA:88,9,0,0
BRDA:93,10,0,0
BRDA:108,11,0,0
BRDA:108,12,0,0
BRDA:108,12,1,0
BRDA:118,13,0,0
BRDA:159,14,0,1
BRDA:165,15,0,1
BRDA:165,15,1,2
BRDA:170,16,0,0
BRDA:170,16,1,1
BRDA:173,17,0,1
BRDA:173,17,1,1
BRDA:180,18,0,1
BRDA:208,19,0,0
BRDA:208,19,1,2
BRDA:208,20,0,1
BRDA:208,20,1,1
BRDA:212,21,0,1
BRDA:212,21,1,1
BRF:33
BRH:19
end_of_record
TN:
SF:src\services\medical-eligibility.service.ts
FN:21,(anonymous_0)
FN:30,(anonymous_1)
FN:157,(anonymous_2)
FN:165,(anonymous_3)
FN:178,(anonymous_4)
FNF:5
FNH:3
FNDA:3,(anonymous_0)
FNDA:3,(anonymous_1)
FNDA:1,(anonymous_2)
FNDA:0,(anonymous_3)
FNDA:0,(anonymous_4)
DA:1,7
DA:2,7
DA:3,7
DA:4,7
DA:5,7
DA:7,7
DA:17,7
DA:26,3
DA:27,0
DA:30,3
DA:31,3
DA:32,3
DA:33,3
DA:36,3
DA:37,3
DA:38,0
DA:42,3
DA:43,3
DA:44,3
DA:47,3
DA:48,0
DA:49,0
DA:53,3
DA:54,0
DA:55,0
DA:58,3
DA:61,3
DA:62,1
DA:63,1
DA:64,1
DA:65,1
DA:66,1
DA:68,1
DA:72,3
DA:73,0
DA:74,0
DA:75,0
DA:76,0
DA:77,0
DA:79,0
DA:83,3
DA:84,0
DA:85,0
DA:86,0
DA:87,0
DA:88,0
DA:90,0
DA:94,3
DA:95,1
DA:96,1
DA:97,1
DA:99,1
DA:100,1
DA:101,1
DA:102,1
DA:104,1
DA:105,1
DA:107,1
DA:113,3
DA:115,3
DA:116,0
DA:122,3
DA:131,3
DA:136,3
DA:148,3
DA:151,3
DA:158,1
DA:159,1
DA:166,0
DA:178,0
DA:187,7
LF:71
LH:50
BRDA:26,0,0,0
BRDA:37,1,0,0
BRDA:47,2,0,0
BRDA:53,3,0,0
BRDA:61,4,0,1
BRDA:65,5,0,1
BRDA:65,6,0,1
BRDA:65,6,1,0
BRDA:72,7,0,0
BRDA:76,8,0,0
BRDA:76,9,0,0
BRDA:76,9,1,0
BRDA:83,10,0,0
BRDA:87,11,0,0
BRDA:87,12,0,0
BRDA:87,12,1,0
BRDA:94,13,0,1
BRDA:99,14,0,1
BRDA:104,15,0,1
BRDA:104,16,0,1
BRDA:104,16,1,0
BRDA:115,17,0,0
BRDA:115,17,1,3
BRDA:137,18,0,3
BRDA:137,18,1,0
BRDA:180,19,0,0
BRDA:180,19,1,0
BRDA:182,20,0,0
BRDA:182,20,1,0
BRF:29
BRH:9
end_of_record
TN:
SF:src\services\rabbitmq.service.ts
FN:29,(anonymous_1)
FN:40,(anonymous_2)
FN:44,(anonymous_3)
FN:80,(anonymous_4)
FN:100,(anonymous_5)
FN:112,(anonymous_6)
FN:148,(anonymous_7)
FN:162,(anonymous_8)
FN:185,(anonymous_9)
FN:198,(anonymous_10)
FNF:10
FNH:6
FNDA:6,(anonymous_1)
FNDA:0,(anonymous_2)
FNDA:0,(anonymous_3)
FNDA:1,(anonymous_4)
FNDA:3,(anonymous_5)
FNDA:2,(anonymous_6)
FNDA:3,(anonymous_7)
FNDA:0,(anonymous_8)
FNDA:16,(anonymous_9)
FNDA:0,(anonymous_10)
DA:1,1
DA:2,1
DA:3,1
DA:4,1
DA:11,1
DA:12,6
DA:13,6
DA:14,6
DA:17,6
DA:19,6
DA:20,6
DA:22,6
DA:30,6
DA:32,6
DA:33,6
DA:34,6
DA:36,0
DA:41,0
DA:45,0
DA:46,0
DA:47,0
DA:50,0
DA:51,0
DA:54,0
DA:56,0
DA:57,0
DA:58,0
DA:61,0
DA:67,0
DA:70,0
DA:72,0
DA:73,0
DA:81,1
DA:82,1
DA:84,0
DA:85,0
DA:87,0
DA:89,0
DA:90,0
DA:91,0
DA:93,0
DA:101,3
DA:103,3
DA:104,3
DA:107,3
DA:108,12
DA:109,3
DA:110,3
DA:112,2
DA:113,2
DA:114,2
DA:116,1
DA:122,3
DA:125,0
DA:126,0
DA:129,0
DA:130,0
DA:134,0
DA:135,0
DA:136,0
DA:138,0
DA:140,0
DA:141,0
DA:149,3
DA:150,3
DA:151,3
DA:152,3
DA:153,3
DA:154,3
DA:157,0
DA:158,0
DA:161,0
DA:162,0
DA:163,0
DA:165,0
DA:166,0
DA:167,0
DA:168,0
DA:170,0
DA:172,0
DA:175,0
DA:177,0
DA:178,0
DA:186,16
DA:191,16
DA:192,16
DA:199,0
DA:200,0
DA:201,0
DA:202,0
DA:203,0
DA:205,0
DA:210,1
LF:93
LH:40
BRDA:30,0,0,6
BRDA:30,0,1,6
BRDA:32,1,0,6
BRDA:32,1,1,0
BRDA:81,2,0,1
BRDA:84,3,0,0
BRDA:103,4,0,3
BRDA:108,5,0,3
BRDA:109,6,0,3
BRDA:109,6,1,1
BRDA:125,7,0,0
BRDA:134,8,0,0
BRDA:149,9,0,3
BRDA:150,10,0,3
BRDA:150,10,1,3
BRDA:157,11,0,0
BRDA:163,12,0,0
BRDA:199,13,0,0
BRF:18
BRH:11
end_of_record
TN:
SF:src\services\redis.service.ts
FN:11,(anonymous_1)
FN:21,(anonymous_2)
FN:28,(anonymous_3)
FN:32,(anonymous_4)
FN:42,(anonymous_5)
FN:49,(anonymous_6)
FN:64,(anonymous_7)
FN:86,(anonymous_8)
FN:108,(anonymous_9)
FN:125,(anonymous_10)
FN:143,(anonymous_11)
FN:147,(anonymous_12)
FN:152,(anonymous_13)
FN:156,(anonymous_14)
FN:161,(anonymous_15)
FN:165,(anonymous_16)
FN:170,(anonymous_17)
FN:174,(anonymous_18)
FN:179,(anonymous_19)
FN:209,(anonymous_20)
FNF:20
FNH:16
FNDA:27,(anonymous_1)
FNDA:0,(anonymous_2)
FNDA:0,(anonymous_3)
FNDA:0,(anonymous_4)
FNDA:0,(anonymous_5)
FNDA:1,(anonymous_6)
FNDA:17,(anonymous_7)
FNDA:14,(anonymous_8)
FNDA:7,(anonymous_9)
FNDA:1,(anonymous_10)
FNDA:1,(anonymous_11)
FNDA:1,(anonymous_12)
FNDA:1,(anonymous_13)
FNDA:1,(anonymous_14)
FNDA:1,(anonymous_15)
FNDA:1,(anonymous_16)
FNDA:1,(anonymous_17)
FNDA:1,(anonymous_18)
FNDA:2,(anonymous_19)
FNDA:1,(anonymous_20)
DA:1,9
DA:2,9
DA:3,9
DA:4,9
DA:6,9
DA:7,27
DA:8,27
DA:9,27
DA:12,27
DA:14,27
DA:15,27
DA:16,27
DA:18,0
DA:19,0
DA:23,0
DA:24,0
DA:28,0
DA:29,0
DA:32,0
DA:33,0
DA:36,0
DA:37,0
DA:43,0
DA:50,1
DA:51,1
DA:53,0
DA:54,0
DA:55,0
DA:57,0
DA:65,17
DA:66,17
DA:67,17
DA:68,11
DA:69,1
DA:70,1
DA:72,10
DA:75,0
DA:76,0
DA:78,0
DA:79,0
DA:87,14
DA:88,14
DA:89,14
DA:90,14
DA:93,0
DA:94,0
DA:95,0
DA:97,0
DA:100,0
DA:101,0
DA:109,7
DA:110,7
DA:111,7
DA:114,0
DA:115,0
DA:117,0
DA:118,0
DA:126,1
DA:127,1
DA:128,1
DA:130,0
DA:131,0
DA:133,0
DA:134,0
DA:144,1
DA:148,1
DA:153,1
DA:157,1
DA:162,1
DA:166,1
DA:171,1
DA:175,1
DA:180,2
DA:182,2
DA:183,2
DA:184,2
DA:185,2
DA:186,1
DA:188,2
DA:189,2
DA:190,2
DA:193,0
DA:194,0
DA:199,0
DA:200,0
DA:202,0
DA:204,0
DA:205,0
DA:210,1
DA:211,1
DA:215,9
LF:91
LH:51
BRDA:12,0,0,27
BRDA:12,0,1,27
BRDA:14,1,0,27
BRDA:14,1,1,0
BRDA:50,2,0,1
BRDA:65,3,0,17
BRDA:67,4,0,6
BRDA:68,5,0,1
BRDA:68,6,0,11
BRDA:68,6,1,8
BRDA:87,7,0,14
BRDA:88,8,0,8
BRDA:88,8,1,6
BRDA:94,9,0,0
BRDA:94,9,1,0
BRDA:109,10,0,7
BRDA:126,11,0,1
BRDA:143,12,0,1
BRDA:152,13,0,1
BRDA:161,14,0,1
BRDA:170,15,0,1
BRDA:179,16,0,0
BRDA:182,17,0,2
BRDA:185,18,0,1
BRDA:185,19,0,2
BRDA:185,19,1,1
BRDA:185,19,2,1
BRDA:188,20,0,2
BRDA:188,20,1,1
BRDA:199,21,0,0
BRDA:199,22,0,0
BRDA:199,22,1,0
BRDA:199,22,2,0
BRDA:211,23,0,1
BRDA:211,23,1,0
BRF:35
BRH:26
end_of_record
TN:
SF:src\services\s3.service.ts
FN:19,(anonymous_1)
FN:37,(anonymous_2)
FN:44,(anonymous_3)
FN:74,(anonymous_4)
FN:88,(anonymous_5)
FN:100,(anonymous_6)
FN:111,(anonymous_7)
FN:141,(anonymous_8)
FN:162,(anonymous_9)
FN:168,(anonymous_10)
FNF:10
FNH:6
FNDA:8,(anonymous_1)
FNDA:0,(anonymous_2)
FNDA:7,(anonymous_3)
FNDA:3,(anonymous_4)
FNDA:0,(anonymous_5)
FNDA:0,(anonymous_6)
FNDA:0,(anonymous_7)
FNDA:7,(anonymous_8)
FNDA:3,(anonymous_9)
FNDA:2,(anonymous_10)
DA:1,1
DA:2,1
DA:3,1
DA:4,1
DA:5,1
DA:6,1
DA:8,1
DA:9,8
DA:11,8
DA:14,8
DA:15,8
DA:16,8
DA:17,8
DA:20,8
DA:22,8
DA:23,8
DA:24,8
DA:26,0
DA:33,0
DA:38,0
DA:51,7
DA:54,4
DA:55,4
DA:57,4
DA:58,3
DA:59,3
DA:65,1
DA:72,1
DA:74,3
DA:76,1
DA:77,1
DA:78,1
DA:80,0
DA:81,0
DA:89,0
DA:90,0
DA:91,0
DA:94,0
DA:99,0
DA:100,0
DA:101,0
DA:103,0
DA:104,0
DA:112,0
DA:113,0
DA:114,0
DA:117,0
DA:122,0
DA:124,0
DA:126,0
DA:129,0
DA:130,0
DA:131,0
DA:133,0
DA:134,0
DA:142,7
DA:143,5
DA:144,1
DA:146,4
DA:147,1
DA:150,2
DA:151,1
DA:153,1
DA:154,0
DA:163,3
DA:164,3
DA:166,2
DA:167,2
DA:168,2
DA:169,2
DA:174,1
LF:71
LH:44
BRDA:20,0,0,8
BRDA:20,0,1,8
BRDA:22,1,0,8
BRDA:22,1,1,0
BRDA:22,2,0,8
BRDA:22,2,1,0
BRDA:22,2,2,0
BRDA:57,3,0,3
BRDA:89,4,0,0
BRDA:111,5,0,0
BRDA:112,6,0,0
BRDA:142,7,0,5
BRDA:142,7,1,2
BRDA:143,8,0,1
BRDA:146,9,0,1
BRDA:150,10,0,1
BRDA:153,11,0,0
BRDA:162,12,0,1
BRDA:162,13,0,1
BRDA:166,14,0,0
BRF:20
BRH:12
end_of_record
TN:
SF:src\utils\crypto.ts
FN:12,generateAccessToken
FN:16,verifyAccessToken
FN:24,generateSecureToken
FN:28,generateOTP
FNF:4
FNH:4
FNDA:15,generateAccessToken
FNDA:35,verifyAccessToken
FNDA:1,generateSecureToken
FNDA:1,generateOTP
DA:1,7
DA:2,7
DA:3,7
DA:5,7
DA:12,7
DA:13,15
DA:16,7
DA:17,35
DA:18,35
DA:20,0
DA:24,7
DA:25,1
DA:28,7
DA:30,1
LF:14
LH:13
BRF:0
BRH:0
end_of_record
